ARM GAS  C:\Users\jespe\AppData\Local\Temp\cc3nhA6X.s 			page 1


   1              		.syntax unified
   2              		.cpu cortex-m3
   3              		.fpu softvfp
   4              		.eabi_attribute 20, 1
   5              		.eabi_attribute 21, 1
   6              		.eabi_attribute 23, 3
   7              		.eabi_attribute 24, 1
   8              		.eabi_attribute 25, 1
   9              		.eabi_attribute 26, 1
  10              		.eabi_attribute 30, 1
  11              		.eabi_attribute 34, 1
  12              		.eabi_attribute 18, 4
  13              		.thumb
  14              		.syntax unified
  15              		.file	"cymetadata.c"
  16              		.text
  17              	.Ltext0:
  18              		.cfi_sections	.debug_frame
  19              		.global	cy_metadata
  20              		.global	cy_meta_flashprotect
  21              		.global	cy_meta_wonvl
  22              		.global	cy_meta_custnvl
  23              		.global	cy_meta_configecc
  24              		.section	.cyconfigecc,"a",%progbits
  25              		.align	2
  26              		.type	cy_meta_configecc, %object
  27              		.size	cy_meta_configecc, 1036
  28              	cy_meta_configecc:
  29 0000 02       		.byte	2
  30 0001 64       		.byte	100
  31 0002 00       		.byte	0
  32 0003 40       		.byte	64
  33 0004 02       		.byte	2
  34 0005 65       		.byte	101
  35 0006 00       		.byte	0
  36 0007 40       		.byte	64
  37 0008 02       		.byte	2
  38 0009 05       		.byte	5
  39 000a 01       		.byte	1
  40 000b 40       		.byte	64
  41 000c 06       		.byte	6
  42 000d 09       		.byte	9
  43 000e 01       		.byte	1
  44 000f 40       		.byte	64
  45 0010 44       		.byte	68
  46 0011 0A       		.byte	10
  47 0012 01       		.byte	1
  48 0013 40       		.byte	64
  49 0014 27       		.byte	39
  50 0015 0B       		.byte	11
  51 0016 01       		.byte	1
  52 0017 40       		.byte	64
  53 0018 01       		.byte	1
  54 0019 17       		.byte	23
  55 001a 01       		.byte	1
  56 001b 40       		.byte	64
  57 001c 0E       		.byte	14
ARM GAS  C:\Users\jespe\AppData\Local\Temp\cc3nhA6X.s 			page 2


  58 001d 18       		.byte	24
  59 001e 01       		.byte	1
  60 001f 40       		.byte	64
  61 0020 3E       		.byte	62
  62 0021 19       		.byte	25
  63 0022 01       		.byte	1
  64 0023 40       		.byte	64
  65 0024 6A       		.byte	106
  66 0025 1A       		.byte	26
  67 0026 01       		.byte	1
  68 0027 40       		.byte	64
  69 0028 49       		.byte	73
  70 0029 1B       		.byte	27
  71 002a 01       		.byte	1
  72 002b 40       		.byte	64
  73 002c 03       		.byte	3
  74 002d 40       		.byte	64
  75 002e 01       		.byte	1
  76 002f 40       		.byte	64
  77 0030 02       		.byte	2
  78 0031 41       		.byte	65
  79 0032 01       		.byte	1
  80 0033 40       		.byte	64
  81 0034 05       		.byte	5
  82 0035 42       		.byte	66
  83 0036 01       		.byte	1
  84 0037 40       		.byte	64
  85 0038 04       		.byte	4
  86 0039 48       		.byte	72
  87 003a 01       		.byte	1
  88 003b 40       		.byte	64
  89 003c 01       		.byte	1
  90 003d 4C       		.byte	76
  91 003e 01       		.byte	1
  92 003f 40       		.byte	64
  93 0040 07       		.byte	7
  94 0041 4D       		.byte	77
  95 0042 01       		.byte	1
  96 0043 40       		.byte	64
  97 0044 04       		.byte	4
  98 0045 50       		.byte	80
  99 0046 01       		.byte	1
 100 0047 40       		.byte	64
 101 0048 01       		.byte	1
 102 0049 51       		.byte	81
 103 004a 01       		.byte	1
 104 004b 40       		.byte	64
 105 004c 8A       		.byte	-118
 106 004d 38       		.byte	56
 107 004e 8B       		.byte	-117
 108 004f 0D       		.byte	13
 109 0050 88       		.byte	-120
 110 0051 72       		.byte	114
 111 0052 8B       		.byte	-117
 112 0053 0F       		.byte	15
 113 0054 E2       		.byte	-30
 114 0055 40       		.byte	64
ARM GAS  C:\Users\jespe\AppData\Local\Temp\cc3nhA6X.s 			page 3


 115 0056 E6       		.byte	-26
 116 0057 08       		.byte	8
 117 0058 97       		.byte	-105
 118 0059 04       		.byte	4
 119 005a 99       		.byte	-103
 120 005b 04       		.byte	4
 121 005c 9D       		.byte	-99
 122 005d 12       		.byte	18
 123 005e 9F       		.byte	-97
 124 005f 01       		.byte	1
 125 0060 A6       		.byte	-90
 126 0061 18       		.byte	24
 127 0062 A7       		.byte	-89
 128 0063 08       		.byte	8
 129 0064 40       		.byte	64
 130 0065 51       		.byte	81
 131 0066 49       		.byte	73
 132 0067 FF       		.byte	-1
 133 0068 4A       		.byte	74
 134 0069 FF       		.byte	-1
 135 006a 4B       		.byte	75
 136 006b FF       		.byte	-1
 137 006c 4F       		.byte	79
 138 006d 01       		.byte	1
 139 006e 50       		.byte	80
 140 006f 18       		.byte	24
 141 0070 54       		.byte	84
 142 0071 18       		.byte	24
 143 0072 56       		.byte	86
 144 0073 04       		.byte	4
 145 0074 5A       		.byte	90
 146 0075 04       		.byte	4
 147 0076 5B       		.byte	91
 148 0077 04       		.byte	4
 149 0078 5D       		.byte	93
 150 0079 01       		.byte	1
 151 007a 5F       		.byte	95
 152 007b 01       		.byte	1
 153 007c 60       		.byte	96
 154 007d 40       		.byte	64
 155 007e 62       		.byte	98
 156 007f 40       		.byte	64
 157 0080 64       		.byte	100
 158 0081 40       		.byte	64
 159 0082 65       		.byte	101
 160 0083 40       		.byte	64
 161 0084 66       		.byte	102
 162 0085 80       		.byte	-128
 163 0086 68       		.byte	104
 164 0087 80       		.byte	-128
 165 0088 6A       		.byte	106
 166 0089 80       		.byte	-128
 167 008a 6C       		.byte	108
 168 008b 80       		.byte	-128
 169 008c 6E       		.byte	110
 170 008d 80       		.byte	-128
 171 008e 82       		.byte	-126
ARM GAS  C:\Users\jespe\AppData\Local\Temp\cc3nhA6X.s 			page 4


 172 008f 02       		.byte	2
 173 0090 84       		.byte	-124
 174 0091 02       		.byte	2
 175 0092 88       		.byte	-120
 176 0093 02       		.byte	2
 177 0094 92       		.byte	-110
 178 0095 04       		.byte	4
 179 0096 96       		.byte	-106
 180 0097 02       		.byte	2
 181 0098 97       		.byte	-105
 182 0099 01       		.byte	1
 183 009a 9A       		.byte	-102
 184 009b 04       		.byte	4
 185 009c 9E       		.byte	-98
 186 009d 01       		.byte	1
 187 009e AB       		.byte	-85
 188 009f 01       		.byte	1
 189 00a0 AE       		.byte	-82
 190 00a1 01       		.byte	1
 191 00a2 B0       		.byte	-80
 192 00a3 02       		.byte	2
 193 00a4 B4       		.byte	-76
 194 00a5 04       		.byte	4
 195 00a6 B6       		.byte	-74
 196 00a7 01       		.byte	1
 197 00a8 B7       		.byte	-73
 198 00a9 01       		.byte	1
 199 00aa B8       		.byte	-72
 200 00ab 02       		.byte	2
 201 00ac BA       		.byte	-70
 202 00ad 08       		.byte	8
 203 00ae BE       		.byte	-66
 204 00af 50       		.byte	80
 205 00b0 BF       		.byte	-65
 206 00b1 40       		.byte	64
 207 00b2 C0       		.byte	-64
 208 00b3 41       		.byte	65
 209 00b4 C5       		.byte	-59
 210 00b5 EC       		.byte	-20
 211 00b6 C6       		.byte	-58
 212 00b7 02       		.byte	2
 213 00b8 C8       		.byte	-56
 214 00b9 07       		.byte	7
 215 00ba C9       		.byte	-55
 216 00bb FF       		.byte	-1
 217 00bc CA       		.byte	-54
 218 00bd FF       		.byte	-1
 219 00be CB       		.byte	-53
 220 00bf FF       		.byte	-1
 221 00c0 CD       		.byte	-51
 222 00c1 83       		.byte	-125
 223 00c2 CE       		.byte	-50
 224 00c3 03       		.byte	3
 225 00c4 CF       		.byte	-49
 226 00c5 01       		.byte	1
 227 00c6 D0       		.byte	-48
 228 00c7 18       		.byte	24
ARM GAS  C:\Users\jespe\AppData\Local\Temp\cc3nhA6X.s 			page 5


 229 00c8 D2       		.byte	-46
 230 00c9 80       		.byte	-128
 231 00ca D4       		.byte	-44
 232 00cb 01       		.byte	1
 233 00cc D6       		.byte	-42
 234 00cd 04       		.byte	4
 235 00ce D8       		.byte	-40
 236 00cf 04       		.byte	4
 237 00d0 D9       		.byte	-39
 238 00d1 04       		.byte	4
 239 00d2 DA       		.byte	-38
 240 00d3 04       		.byte	4
 241 00d4 DB       		.byte	-37
 242 00d5 04       		.byte	4
 243 00d6 DD       		.byte	-35
 244 00d7 11       		.byte	17
 245 00d8 DF       		.byte	-33
 246 00d9 01       		.byte	1
 247 00da E0       		.byte	-32
 248 00db 40       		.byte	64
 249 00dc E2       		.byte	-30
 250 00dd 40       		.byte	64
 251 00de E4       		.byte	-28
 252 00df 40       		.byte	64
 253 00e0 E5       		.byte	-27
 254 00e1 40       		.byte	64
 255 00e2 E6       		.byte	-26
 256 00e3 80       		.byte	-128
 257 00e4 E8       		.byte	-24
 258 00e5 80       		.byte	-128
 259 00e6 EA       		.byte	-22
 260 00e7 80       		.byte	-128
 261 00e8 EC       		.byte	-20
 262 00e9 80       		.byte	-128
 263 00ea EE       		.byte	-18
 264 00eb 80       		.byte	-128
 265 00ec 05       		.byte	5
 266 00ed 16       		.byte	22
 267 00ee 0D       		.byte	13
 268 00ef 82       		.byte	-126
 269 00f0 0E       		.byte	14
 270 00f1 20       		.byte	32
 271 00f2 0F       		.byte	15
 272 00f3 04       		.byte	4
 273 00f4 17       		.byte	23
 274 00f5 40       		.byte	64
 275 00f6 1C       		.byte	28
 276 00f7 04       		.byte	4
 277 00f8 1D       		.byte	29
 278 00f9 06       		.byte	6
 279 00fa 1F       		.byte	31
 280 00fb 40       		.byte	64
 281 00fc 24       		.byte	36
 282 00fd 01       		.byte	1
 283 00fe 2F       		.byte	47
 284 00ff 08       		.byte	8
 285 0100 36       		.byte	54
ARM GAS  C:\Users\jespe\AppData\Local\Temp\cc3nhA6X.s 			page 6


 286 0101 08       		.byte	8
 287 0102 3B       		.byte	59
 288 0103 C0       		.byte	-64
 289 0104 41       		.byte	65
 290 0105 80       		.byte	-128
 291 0106 45       		.byte	69
 292 0107 80       		.byte	-128
 293 0108 46       		.byte	70
 294 0109 40       		.byte	64
 295 010a 48       		.byte	72
 296 010b 01       		.byte	1
 297 010c 4D       		.byte	77
 298 010d 04       		.byte	4
 299 010e 4F       		.byte	79
 300 010f 01       		.byte	1
 301 0110 55       		.byte	85
 302 0111 80       		.byte	-128
 303 0112 5B       		.byte	91
 304 0113 01       		.byte	1
 305 0114 5D       		.byte	93
 306 0115 04       		.byte	4
 307 0116 5F       		.byte	95
 308 0117 41       		.byte	65
 309 0118 60       		.byte	96
 310 0119 45       		.byte	69
 311 011a 66       		.byte	102
 312 011b 02       		.byte	2
 313 011c 74       		.byte	116
 314 011d 01       		.byte	1
 315 011e 76       		.byte	118
 316 011f 40       		.byte	64
 317 0120 77       		.byte	119
 318 0121 40       		.byte	64
 319 0122 86       		.byte	-122
 320 0123 02       		.byte	2
 321 0124 8C       		.byte	-116
 322 0125 40       		.byte	64
 323 0126 C0       		.byte	-64
 324 0127 70       		.byte	112
 325 0128 C2       		.byte	-62
 326 0129 F0       		.byte	-16
 327 012a C4       		.byte	-60
 328 012b 80       		.byte	-128
 329 012c CA       		.byte	-54
 330 012d 20       		.byte	32
 331 012e CC       		.byte	-52
 332 012f 40       		.byte	64
 333 0130 D0       		.byte	-48
 334 0131 98       		.byte	-104
 335 0132 D2       		.byte	-46
 336 0133 08       		.byte	8
 337 0134 D6       		.byte	-42
 338 0135 D1       		.byte	-47
 339 0136 D8       		.byte	-40
 340 0137 8D       		.byte	-115
 341 0138 E2       		.byte	-30
 342 0139 40       		.byte	64
ARM GAS  C:\Users\jespe\AppData\Local\Temp\cc3nhA6X.s 			page 7


 343 013a E4       		.byte	-28
 344 013b 01       		.byte	1
 345 013c 88       		.byte	-120
 346 013d 02       		.byte	2
 347 013e 9A       		.byte	-102
 348 013f 04       		.byte	4
 349 0140 A4       		.byte	-92
 350 0141 01       		.byte	1
 351 0142 A8       		.byte	-88
 352 0143 01       		.byte	1
 353 0144 AC       		.byte	-84
 354 0145 01       		.byte	1
 355 0146 B0       		.byte	-80
 356 0147 04       		.byte	4
 357 0148 B2       		.byte	-78
 358 0149 02       		.byte	2
 359 014a B6       		.byte	-74
 360 014b 01       		.byte	1
 361 014c BE       		.byte	-66
 362 014d 04       		.byte	4
 363 014e D6       		.byte	-42
 364 014f 08       		.byte	8
 365 0150 D8       		.byte	-40
 366 0151 04       		.byte	4
 367 0152 DB       		.byte	-37
 368 0153 04       		.byte	4
 369 0154 DD       		.byte	-35
 370 0155 10       		.byte	16
 371 0156 DF       		.byte	-33
 372 0157 01       		.byte	1
 373 0158 01       		.byte	1
 374 0159 20       		.byte	32
 375 015a 04       		.byte	4
 376 015b 01       		.byte	1
 377 015c 05       		.byte	5
 378 015d 16       		.byte	22
 379 015e 06       		.byte	6
 380 015f 02       		.byte	2
 381 0160 07       		.byte	7
 382 0161 14       		.byte	20
 383 0162 08       		.byte	8
 384 0163 20       		.byte	32
 385 0164 0C       		.byte	12
 386 0165 08       		.byte	8
 387 0166 0D       		.byte	13
 388 0167 20       		.byte	32
 389 0168 0E       		.byte	14
 390 0169 01       		.byte	1
 391 016a 10       		.byte	16
 392 016b 22       		.byte	34
 393 016c 11       		.byte	17
 394 016d 10       		.byte	16
 395 016e 14       		.byte	20
 396 016f 40       		.byte	64
 397 0170 16       		.byte	22
 398 0171 01       		.byte	1
 399 0172 17       		.byte	23
ARM GAS  C:\Users\jespe\AppData\Local\Temp\cc3nhA6X.s 			page 8


 400 0173 28       		.byte	40
 401 0174 1A       		.byte	26
 402 0175 41       		.byte	65
 403 0176 1B       		.byte	27
 404 0177 44       		.byte	68
 405 0178 1C       		.byte	28
 406 0179 11       		.byte	17
 407 017a 1D       		.byte	29
 408 017b 10       		.byte	16
 409 017c 25       		.byte	37
 410 017d 20       		.byte	32
 411 017e 26       		.byte	38
 412 017f 18       		.byte	24
 413 0180 27       		.byte	39
 414 0181 01       		.byte	1
 415 0182 2C       		.byte	44
 416 0183 08       		.byte	8
 417 0184 2E       		.byte	46
 418 0185 01       		.byte	1
 419 0186 2F       		.byte	47
 420 0187 25       		.byte	37
 421 0188 34       		.byte	52
 422 0189 40       		.byte	64
 423 018a 35       		.byte	53
 424 018b 04       		.byte	4
 425 018c 36       		.byte	54
 426 018d 90       		.byte	-112
 427 018e 37       		.byte	55
 428 018f 02       		.byte	2
 429 0190 3E       		.byte	62
 430 0191 6A       		.byte	106
 431 0192 47       		.byte	71
 432 0193 94       		.byte	-108
 433 0194 4E       		.byte	78
 434 0195 08       		.byte	8
 435 0196 4F       		.byte	79
 436 0197 84       		.byte	-124
 437 0198 57       		.byte	87
 438 0199 08       		.byte	8
 439 019a 58       		.byte	88
 440 019b 80       		.byte	-128
 441 019c 5C       		.byte	92
 442 019d 10       		.byte	16
 443 019e 6C       		.byte	108
 444 019f 22       		.byte	34
 445 01a0 6D       		.byte	109
 446 01a1 10       		.byte	16
 447 01a2 6E       		.byte	110
 448 01a3 04       		.byte	4
 449 01a4 76       		.byte	118
 450 01a5 29       		.byte	41
 451 01a6 77       		.byte	119
 452 01a7 2A       		.byte	42
 453 01a8 80       		.byte	-128
 454 01a9 80       		.byte	-128
 455 01aa 83       		.byte	-125
 456 01ab 04       		.byte	4
ARM GAS  C:\Users\jespe\AppData\Local\Temp\cc3nhA6X.s 			page 9


 457 01ac 89       		.byte	-119
 458 01ad 02       		.byte	2
 459 01ae 8B       		.byte	-117
 460 01af 20       		.byte	32
 461 01b0 8D       		.byte	-115
 462 01b1 10       		.byte	16
 463 01b2 8F       		.byte	-113
 464 01b3 01       		.byte	1
 465 01b4 97       		.byte	-105
 466 01b5 04       		.byte	4
 467 01b6 99       		.byte	-103
 468 01b7 04       		.byte	4
 469 01b8 9D       		.byte	-99
 470 01b9 12       		.byte	18
 471 01ba 9F       		.byte	-97
 472 01bb 01       		.byte	1
 473 01bc A6       		.byte	-90
 474 01bd 18       		.byte	24
 475 01be A7       		.byte	-89
 476 01bf 08       		.byte	8
 477 01c0 C0       		.byte	-64
 478 01c1 F2       		.byte	-14
 479 01c2 C2       		.byte	-62
 480 01c3 E2       		.byte	-30
 481 01c4 C4       		.byte	-60
 482 01c5 F7       		.byte	-9
 483 01c6 CA       		.byte	-54
 484 01c7 F0       		.byte	-16
 485 01c8 CC       		.byte	-52
 486 01c9 F0       		.byte	-16
 487 01ca CE       		.byte	-50
 488 01cb F0       		.byte	-16
 489 01cc D0       		.byte	-48
 490 01cd 70       		.byte	112
 491 01ce D2       		.byte	-46
 492 01cf 30       		.byte	48
 493 01d0 D6       		.byte	-42
 494 01d1 28       		.byte	40
 495 01d2 E4       		.byte	-28
 496 01d3 04       		.byte	4
 497 01d4 00       		.byte	0
 498 01d5 0C       		.byte	12
 499 01d6 02       		.byte	2
 500 01d7 71       		.byte	113
 501 01d8 04       		.byte	4
 502 01d9 10       		.byte	16
 503 01da 05       		.byte	5
 504 01db 80       		.byte	-128
 505 01dc 06       		.byte	6
 506 01dd AC       		.byte	-84
 507 01de 07       		.byte	7
 508 01df 13       		.byte	19
 509 01e0 0F       		.byte	15
 510 01e1 0C       		.byte	12
 511 01e2 10       		.byte	16
 512 01e3 09       		.byte	9
 513 01e4 12       		.byte	18
ARM GAS  C:\Users\jespe\AppData\Local\Temp\cc3nhA6X.s 			page 10


 514 01e5 D0       		.byte	-48
 515 01e6 14       		.byte	20
 516 01e7 14       		.byte	20
 517 01e8 15       		.byte	21
 518 01e9 2C       		.byte	44
 519 01ea 17       		.byte	23
 520 01eb 43       		.byte	67
 521 01ec 19       		.byte	25
 522 01ed 71       		.byte	113
 523 01ee 1A       		.byte	26
 524 01ef 03       		.byte	3
 525 01f0 1B       		.byte	27
 526 01f1 06       		.byte	6
 527 01f2 1F       		.byte	31
 528 01f3 08       		.byte	8
 529 01f4 20       		.byte	32
 530 01f5 10       		.byte	16
 531 01f6 21       		.byte	33
 532 01f7 71       		.byte	113
 533 01f8 22       		.byte	34
 534 01f9 40       		.byte	64
 535 01fa 23       		.byte	35
 536 01fb 0E       		.byte	14
 537 01fc 26       		.byte	38
 538 01fd 20       		.byte	32
 539 01fe 28       		.byte	40
 540 01ff DC       		.byte	-36
 541 0200 2A       		.byte	42
 542 0201 22       		.byte	34
 543 0202 30       		.byte	48
 544 0203 E0       		.byte	-32
 545 0204 31       		.byte	49
 546 0205 C0       		.byte	-64
 547 0206 33       		.byte	51
 548 0207 0F       		.byte	15
 549 0208 34       		.byte	52
 550 0209 1F       		.byte	31
 551 020a 35       		.byte	53
 552 020b 30       		.byte	48
 553 020c 39       		.byte	57
 554 020d 22       		.byte	34
 555 020e 3A       		.byte	58
 556 020f 02       		.byte	2
 557 0210 3B       		.byte	59
 558 0211 08       		.byte	8
 559 0212 3F       		.byte	63
 560 0213 10       		.byte	16
 561 0214 40       		.byte	64
 562 0215 02       		.byte	2
 563 0216 45       		.byte	69
 564 0217 40       		.byte	64
 565 0218 49       		.byte	73
 566 0219 FF       		.byte	-1
 567 021a 4A       		.byte	74
 568 021b 07       		.byte	7
 569 021c 4B       		.byte	75
 570 021d FF       		.byte	-1
ARM GAS  C:\Users\jespe\AppData\Local\Temp\cc3nhA6X.s 			page 11


 571 021e 4C       		.byte	76
 572 021f 40       		.byte	64
 573 0220 4D       		.byte	77
 574 0221 20       		.byte	32
 575 0222 4E       		.byte	78
 576 0223 F0       		.byte	-16
 577 0224 4F       		.byte	79
 578 0225 05       		.byte	5
 579 0226 50       		.byte	80
 580 0227 08       		.byte	8
 581 0228 58       		.byte	88
 582 0229 04       		.byte	4
 583 022a 59       		.byte	89
 584 022b 04       		.byte	4
 585 022c 5A       		.byte	90
 586 022d 04       		.byte	4
 587 022e 5F       		.byte	95
 588 022f 01       		.byte	1
 589 0230 60       		.byte	96
 590 0231 40       		.byte	64
 591 0232 61       		.byte	97
 592 0233 A8       		.byte	-88
 593 0234 62       		.byte	98
 594 0235 40       		.byte	64
 595 0236 63       		.byte	99
 596 0237 20       		.byte	32
 597 0238 80       		.byte	-128
 598 0239 13       		.byte	19
 599 023a 81       		.byte	-127
 600 023b 04       		.byte	4
 601 023c 82       		.byte	-126
 602 023d 04       		.byte	4
 603 023e 83       		.byte	-125
 604 023f 0A       		.byte	10
 605 0240 84       		.byte	-124
 606 0241 20       		.byte	32
 607 0242 85       		.byte	-123
 608 0243 0C       		.byte	12
 609 0244 86       		.byte	-122
 610 0245 C0       		.byte	-64
 611 0246 88       		.byte	-120
 612 0247 13       		.byte	19
 613 0248 89       		.byte	-119
 614 0249 0C       		.byte	12
 615 024a 8A       		.byte	-118
 616 024b 0C       		.byte	12
 617 024c 8C       		.byte	-116
 618 024d 40       		.byte	64
 619 024e 8D       		.byte	-115
 620 024f 10       		.byte	16
 621 0250 8E       		.byte	-114
 622 0251 20       		.byte	32
 623 0252 92       		.byte	-110
 624 0253 08       		.byte	8
 625 0254 94       		.byte	-108
 626 0255 0A       		.byte	10
 627 0256 96       		.byte	-106
ARM GAS  C:\Users\jespe\AppData\Local\Temp\cc3nhA6X.s 			page 12


 628 0257 14       		.byte	20
 629 0258 98       		.byte	-104
 630 0259 E0       		.byte	-32
 631 025a 9C       		.byte	-100
 632 025b 80       		.byte	-128
 633 025c 9D       		.byte	-99
 634 025d 08       		.byte	8
 635 025e 9E       		.byte	-98
 636 025f 20       		.byte	32
 637 0260 9F       		.byte	-97
 638 0261 06       		.byte	6
 639 0262 A6       		.byte	-90
 640 0263 15       		.byte	21
 641 0264 A8       		.byte	-88
 642 0265 E0       		.byte	-32
 643 0266 AB       		.byte	-85
 644 0267 01       		.byte	1
 645 0268 AC       		.byte	-84
 646 0269 03       		.byte	3
 647 026a AE       		.byte	-82
 648 026b 14       		.byte	20
 649 026c B0       		.byte	-80
 650 026d 10       		.byte	16
 651 026e B1       		.byte	-79
 652 026f 03       		.byte	3
 653 0270 B2       		.byte	-78
 654 0271 E0       		.byte	-32
 655 0272 B4       		.byte	-76
 656 0273 0F       		.byte	15
 657 0274 B5       		.byte	-75
 658 0275 10       		.byte	16
 659 0276 B7       		.byte	-73
 660 0277 0C       		.byte	12
 661 0278 BA       		.byte	-70
 662 0279 20       		.byte	32
 663 027a BE       		.byte	-66
 664 027b 01       		.byte	1
 665 027c BF       		.byte	-65
 666 027d 11       		.byte	17
 667 027e C0       		.byte	-64
 668 027f 26       		.byte	38
 669 0280 C1       		.byte	-63
 670 0281 05       		.byte	5
 671 0282 C5       		.byte	-59
 672 0283 0B       		.byte	11
 673 0284 C6       		.byte	-58
 674 0285 0E       		.byte	14
 675 0286 C7       		.byte	-57
 676 0287 C0       		.byte	-64
 677 0288 C8       		.byte	-56
 678 0289 25       		.byte	37
 679 028a C9       		.byte	-55
 680 028b FF       		.byte	-1
 681 028c CA       		.byte	-54
 682 028d FF       		.byte	-1
 683 028e CB       		.byte	-53
 684 028f FF       		.byte	-1
ARM GAS  C:\Users\jespe\AppData\Local\Temp\cc3nhA6X.s 			page 13


 685 0290 CE       		.byte	-50
 686 0291 F0       		.byte	-16
 687 0292 CF       		.byte	-49
 688 0293 44       		.byte	68
 689 0294 D0       		.byte	-48
 690 0295 0C       		.byte	12
 691 0296 D4       		.byte	-44
 692 0297 01       		.byte	1
 693 0298 D8       		.byte	-40
 694 0299 04       		.byte	4
 695 029a D9       		.byte	-39
 696 029b 04       		.byte	4
 697 029c DA       		.byte	-38
 698 029d 04       		.byte	4
 699 029e DB       		.byte	-37
 700 029f 04       		.byte	4
 701 02a0 DF       		.byte	-33
 702 02a1 01       		.byte	1
 703 02a2 E6       		.byte	-26
 704 02a3 C0       		.byte	-64
 705 02a4 EA       		.byte	-22
 706 02a5 40       		.byte	64
 707 02a6 EB       		.byte	-21
 708 02a7 02       		.byte	2
 709 02a8 01       		.byte	1
 710 02a9 02       		.byte	2
 711 02aa 03       		.byte	3
 712 02ab 10       		.byte	16
 713 02ac 05       		.byte	5
 714 02ad 15       		.byte	21
 715 02ae 06       		.byte	6
 716 02af 02       		.byte	2
 717 02b0 0A       		.byte	10
 718 02b1 28       		.byte	40
 719 02b2 0B       		.byte	11
 720 02b3 40       		.byte	64
 721 02b4 0D       		.byte	13
 722 02b5 88       		.byte	-120
 723 02b6 0E       		.byte	14
 724 02b7 04       		.byte	4
 725 02b8 0F       		.byte	15
 726 02b9 40       		.byte	64
 727 02ba 10       		.byte	16
 728 02bb 80       		.byte	-128
 729 02bc 11       		.byte	17
 730 02bd 04       		.byte	4
 731 02be 12       		.byte	18
 732 02bf 08       		.byte	8
 733 02c0 15       		.byte	21
 734 02c1 14       		.byte	20
 735 02c2 16       		.byte	22
 736 02c3 01       		.byte	1
 737 02c4 19       		.byte	25
 738 02c5 23       		.byte	35
 739 02c6 1A       		.byte	26
 740 02c7 08       		.byte	8
 741 02c8 1D       		.byte	29
ARM GAS  C:\Users\jespe\AppData\Local\Temp\cc3nhA6X.s 			page 14


 742 02c9 14       		.byte	20
 743 02ca 1E       		.byte	30
 744 02cb 40       		.byte	64
 745 02cc 1F       		.byte	31
 746 02cd 04       		.byte	4
 747 02ce 21       		.byte	33
 748 02cf 18       		.byte	24
 749 02d0 22       		.byte	34
 750 02d1 08       		.byte	8
 751 02d2 23       		.byte	35
 752 02d3 40       		.byte	64
 753 02d4 25       		.byte	37
 754 02d5 80       		.byte	-128
 755 02d6 26       		.byte	38
 756 02d7 80       		.byte	-128
 757 02d8 27       		.byte	39
 758 02d9 88       		.byte	-120
 759 02da 29       		.byte	41
 760 02db 01       		.byte	1
 761 02dc 2B       		.byte	43
 762 02dd 40       		.byte	64
 763 02de 2F       		.byte	47
 764 02df 04       		.byte	4
 765 02e0 30       		.byte	48
 766 02e1 80       		.byte	-128
 767 02e2 31       		.byte	49
 768 02e3 18       		.byte	24
 769 02e4 33       		.byte	51
 770 02e5 10       		.byte	16
 771 02e6 36       		.byte	54
 772 02e7 80       		.byte	-128
 773 02e8 38       		.byte	56
 774 02e9 08       		.byte	8
 775 02ea 39       		.byte	57
 776 02eb 04       		.byte	4
 777 02ec 3B       		.byte	59
 778 02ed 40       		.byte	64
 779 02ee 3C       		.byte	60
 780 02ef 80       		.byte	-128
 781 02f0 3D       		.byte	61
 782 02f1 10       		.byte	16
 783 02f2 3E       		.byte	62
 784 02f3 06       		.byte	6
 785 02f4 41       		.byte	65
 786 02f5 10       		.byte	16
 787 02f6 47       		.byte	71
 788 02f7 10       		.byte	16
 789 02f8 48       		.byte	72
 790 02f9 80       		.byte	-128
 791 02fa 4C       		.byte	76
 792 02fb 04       		.byte	4
 793 02fc 4E       		.byte	78
 794 02fd 10       		.byte	16
 795 02fe 4F       		.byte	79
 796 02ff 80       		.byte	-128
 797 0300 50       		.byte	80
 798 0301 04       		.byte	4
ARM GAS  C:\Users\jespe\AppData\Local\Temp\cc3nhA6X.s 			page 15


 799 0302 54       		.byte	84
 800 0303 40       		.byte	64
 801 0304 56       		.byte	86
 802 0305 01       		.byte	1
 803 0306 57       		.byte	87
 804 0307 82       		.byte	-126
 805 0308 5D       		.byte	93
 806 0309 01       		.byte	1
 807 030a 5E       		.byte	94
 808 030b 40       		.byte	64
 809 030c 5F       		.byte	95
 810 030d 18       		.byte	24
 811 030e 79       		.byte	121
 812 030f 01       		.byte	1
 813 0310 7B       		.byte	123
 814 0311 80       		.byte	-128
 815 0312 87       		.byte	-121
 816 0313 12       		.byte	18
 817 0314 88       		.byte	-120
 818 0315 20       		.byte	32
 819 0316 8A       		.byte	-118
 820 0317 02       		.byte	2
 821 0318 91       		.byte	-111
 822 0319 10       		.byte	16
 823 031a 92       		.byte	-110
 824 031b 04       		.byte	4
 825 031c 97       		.byte	-105
 826 031d 08       		.byte	8
 827 031e 9C       		.byte	-100
 828 031f 20       		.byte	32
 829 0320 9D       		.byte	-99
 830 0321 20       		.byte	32
 831 0322 9E       		.byte	-98
 832 0323 02       		.byte	2
 833 0324 9F       		.byte	-97
 834 0325 80       		.byte	-128
 835 0326 A6       		.byte	-90
 836 0327 80       		.byte	-128
 837 0328 C0       		.byte	-64
 838 0329 FC       		.byte	-4
 839 032a C2       		.byte	-62
 840 032b FE       		.byte	-2
 841 032c C4       		.byte	-60
 842 032d EE       		.byte	-18
 843 032e CA       		.byte	-54
 844 032f 21       		.byte	33
 845 0330 CC       		.byte	-52
 846 0331 1E       		.byte	30
 847 0332 CE       		.byte	-50
 848 0333 FA       		.byte	-6
 849 0334 D0       		.byte	-48
 850 0335 24       		.byte	36
 851 0336 D2       		.byte	-46
 852 0337 30       		.byte	48
 853 0338 D6       		.byte	-42
 854 0339 F0       		.byte	-16
 855 033a 33       		.byte	51
ARM GAS  C:\Users\jespe\AppData\Local\Temp\cc3nhA6X.s 			page 16


 856 033b 80       		.byte	-128
 857 033c 36       		.byte	54
 858 033d 80       		.byte	-128
 859 033e CC       		.byte	-52
 860 033f 30       		.byte	48
 861 0340 A6       		.byte	-90
 862 0341 80       		.byte	-128
 863 0342 A7       		.byte	-89
 864 0343 80       		.byte	-128
 865 0344 87       		.byte	-121
 866 0345 80       		.byte	-128
 867 0346 8E       		.byte	-114
 868 0347 80       		.byte	-128
 869 0348 A6       		.byte	-90
 870 0349 80       		.byte	-128
 871 034a A7       		.byte	-89
 872 034b 80       		.byte	-128
 873 034c E6       		.byte	-26
 874 034d 10       		.byte	16
 875 034e 25       		.byte	37
 876 034f 01       		.byte	1
 877 0350 81       		.byte	-127
 878 0351 01       		.byte	1
 879 0352 C8       		.byte	-56
 880 0353 80       		.byte	-128
 881 0354 E4       		.byte	-28
 882 0355 80       		.byte	-128
 883 0356 81       		.byte	-127
 884 0357 02       		.byte	2
 885 0358 10       		.byte	16
 886 0359 40       		.byte	64
 887 035a 75       		.byte	117
 888 035b 02       		.byte	2
 889 035c 88       		.byte	-120
 890 035d 40       		.byte	64
 891 035e 99       		.byte	-103
 892 035f 02       		.byte	2
 893 0360 C4       		.byte	-60
 894 0361 08       		.byte	8
 895 0362 DE       		.byte	-34
 896 0363 04       		.byte	4
 897 0364 E2       		.byte	-30
 898 0365 01       		.byte	1
 899 0366 00       		.byte	0
 900 0367 03       		.byte	3
 901 0368 0C       		.byte	12
 902 0369 03       		.byte	3
 903 036a 10       		.byte	16
 904 036b 03       		.byte	3
 905 036c 1C       		.byte	28
 906 036d 03       		.byte	3
 907 036e 00       		.byte	0
 908 036f 0F       		.byte	15
 909 0370 80       		.byte	-128
 910 0371 80       		.byte	-128
 911 0372 00       		.byte	0
 912 0373 00       		.byte	0
ARM GAS  C:\Users\jespe\AppData\Local\Temp\cc3nhA6X.s 			page 17


 913 0374 40       		.byte	64
 914 0375 00       		.byte	0
 915 0376 00       		.byte	0
 916 0377 00       		.byte	0
 917 0378 1F       		.byte	31
 918 0379 44       		.byte	68
 919 037a 20       		.byte	32
 920 037b 00       		.byte	0
 921 037c 3F       		.byte	63
 922 037d 08       		.byte	8
 923 037e 00       		.byte	0
 924 037f 00       		.byte	0
 925 0380 33       		.byte	51
 926 0381 18       		.byte	24
 927 0382 0C       		.byte	12
 928 0383 00       		.byte	0
 929 0384 01       		.byte	1
 930 0385 00       		.byte	0
 931 0386 00       		.byte	0
 932 0387 04       		.byte	4
 933 0388 00       		.byte	0
 934 0389 10       		.byte	16
 935 038a 00       		.byte	0
 936 038b 00       		.byte	0
 937 038c 03       		.byte	3
 938 038d FF       		.byte	-1
 939 038e 00       		.byte	0
 940 038f 00       		.byte	0
 941 0390 1C       		.byte	28
 942 0391 3C       		.byte	60
 943 0392 23       		.byte	35
 944 0393 C2       		.byte	-62
 945 0394 00       		.byte	0
 946 0395 80       		.byte	-128
 947 0396 23       		.byte	35
 948 0397 00       		.byte	0
 949 0398 02       		.byte	2
 950 0399 00       		.byte	0
 951 039a 00       		.byte	0
 952 039b E3       		.byte	-29
 953 039c 04       		.byte	4
 954 039d 1C       		.byte	28
 955 039e 00       		.byte	0
 956 039f E1       		.byte	-31
 957 03a0 0C       		.byte	12
 958 03a1 C0       		.byte	-64
 959 03a2 00       		.byte	0
 960 03a3 00       		.byte	0
 961 03a4 08       		.byte	8
 962 03a5 E7       		.byte	-25
 963 03a6 00       		.byte	0
 964 03a7 18       		.byte	24
 965 03a8 00       		.byte	0
 966 03a9 00       		.byte	0
 967 03aa 10       		.byte	16
 968 03ab 38       		.byte	56
 969 03ac 0F       		.byte	15
ARM GAS  C:\Users\jespe\AppData\Local\Temp\cc3nhA6X.s 			page 18


 970 03ad 1F       		.byte	31
 971 03ae 2C       		.byte	44
 972 03af C0       		.byte	-64
 973 03b0 00       		.byte	0
 974 03b1 00       		.byte	0
 975 03b2 A0       		.byte	-96
 976 03b3 20       		.byte	32
 977 03b4 00       		.byte	0
 978 03b5 00       		.byte	0
 979 03b6 04       		.byte	4
 980 03b7 00       		.byte	0
 981 03b8 35       		.byte	53
 982 03b9 02       		.byte	2
 983 03ba 06       		.byte	6
 984 03bb 00       		.byte	0
 985 03bc 01       		.byte	1
 986 03bd 0E       		.byte	14
 987 03be 00       		.byte	0
 988 03bf 0C       		.byte	12
 989 03c0 11       		.byte	17
 990 03c1 FF       		.byte	-1
 991 03c2 FF       		.byte	-1
 992 03c3 FF       		.byte	-1
 993 03c4 62       		.byte	98
 994 03c5 A0       		.byte	-96
 995 03c6 F0       		.byte	-16
 996 03c7 41       		.byte	65
 997 03c8 0C       		.byte	12
 998 03c9 00       		.byte	0
 999 03ca 00       		.byte	0
 1000 03cb 00       		.byte	0
 1001 03cc 00       		.byte	0
 1002 03cd 00       		.byte	0
 1003 03ce 02       		.byte	2
 1004 03cf 11       		.byte	17
 1005 03d0 04       		.byte	4
 1006 03d1 04       		.byte	4
 1007 03d2 04       		.byte	4
 1008 03d3 04       		.byte	4
 1009 03d4 00       		.byte	0
 1010 03d5 00       		.byte	0
 1011 03d6 00       		.byte	0
 1012 03d7 01       		.byte	1
 1013 03d8 00       		.byte	0
 1014 03d9 00       		.byte	0
 1015 03da 00       		.byte	0
 1016 03db 00       		.byte	0
 1017 03dc 00       		.byte	0
 1018 03dd 00       		.byte	0
 1019 03de 40       		.byte	64
 1020 03df 02       		.byte	2
 1021 03e0 00       		.byte	0
 1022 03e1 10       		.byte	16
 1023 03e2 30       		.byte	48
 1024 03e3 10       		.byte	16
 1025 03e4 00       		.byte	0
 1026 03e5 10       		.byte	16
ARM GAS  C:\Users\jespe\AppData\Local\Temp\cc3nhA6X.s 			page 19


 1027 03e6 10       		.byte	16
 1028 03e7 12       		.byte	18
 1029 03e8 00       		.byte	0
 1030 03e9 00       		.byte	0
 1031 03ea 00       		.byte	0
 1032 03eb 00       		.byte	0
 1033 03ec 00       		.byte	0
 1034 03ed 00       		.byte	0
 1035 03ee 00       		.byte	0
 1036 03ef 00       		.byte	0
 1037 03f0 00       		.byte	0
 1038 03f1 00       		.byte	0
 1039 03f2 00       		.byte	0
 1040 03f3 00       		.byte	0
 1041 03f4 00       		.byte	0
 1042 03f5 00       		.byte	0
 1043 03f6 00       		.byte	0
 1044 03f7 00       		.byte	0
 1045 03f8 80       		.byte	-128
 1046 03f9 00       		.byte	0
 1047 03fa 40       		.byte	64
 1048 03fb 80       		.byte	-128
 1049 03fc 80       		.byte	-128
 1050 03fd 00       		.byte	0
 1051 03fe 80       		.byte	-128
 1052 03ff 00       		.byte	0
 1053 0400 00       		.byte	0
 1054 0401 00       		.byte	0
 1055 0402 00       		.byte	0
 1056 0403 00       		.byte	0
 1057 0404 00       		.byte	0
 1058 0405 0B       		.byte	11
 1059 0406 0B       		.byte	11
 1060 0407 00       		.byte	0
 1061 0408 00       		.byte	0
 1062 0409 00       		.byte	0
 1063 040a 00       		.byte	0
 1064 040b 00       		.byte	0
 1065              		.section	.cywolatch,"a",%progbits
 1066              		.align	2
 1067              		.type	cy_meta_wonvl, %object
 1068              		.size	cy_meta_wonvl, 4
 1069              	cy_meta_wonvl:
 1070 0000 BC       		.byte	-68
 1071 0001 90       		.byte	-112
 1072 0002 AC       		.byte	-84
 1073 0003 AF       		.byte	-81
 1074              		.section	.cycustnvl,"a",%progbits
 1075              		.align	2
 1076              		.type	cy_meta_custnvl, %object
 1077              		.size	cy_meta_custnvl, 4
 1078              	cy_meta_custnvl:
 1079 0000 00       		.byte	0
 1080 0001 00       		.byte	0
 1081 0002 40       		.byte	64
 1082 0003 05       		.byte	5
 1083              		.section	.cymeta,"a",%progbits
ARM GAS  C:\Users\jespe\AppData\Local\Temp\cc3nhA6X.s 			page 20


 1084              		.align	2
 1085              		.type	cy_metadata, %object
 1086              		.size	cy_metadata, 12
 1087              	cy_metadata:
 1088 0000 00       		.byte	0
 1089 0001 01       		.byte	1
 1090 0002 2E       		.byte	46
 1091 0003 16       		.byte	22
 1092 0004 10       		.byte	16
 1093 0005 69       		.byte	105
 1094 0006 00       		.byte	0
 1095 0007 01       		.byte	1
 1096 0008 00       		.byte	0
 1097 0009 00       		.byte	0
 1098 000a 00       		.byte	0
 1099 000b 00       		.byte	0
 1100              		.section	.cyflashprotect,"a",%progbits
 1101              		.align	2
 1102              		.type	cy_meta_flashprotect, %object
 1103              		.size	cy_meta_flashprotect, 256
 1104              	cy_meta_flashprotect:
 1105 0000 00000000 		.space	256
 1105      00000000 
 1105      00000000 
 1105      00000000 
 1105      00000000 
 1106              		.text
 1107              	.Letext0:
 1108              		.file 1 "c:\\program files (x86)\\cypress\\psoc creator\\4.2\\psoc creator\\import\\gnu\\arm\\5.4.
 1109              		.file 2 "c:\\program files (x86)\\cypress\\psoc creator\\4.2\\psoc creator\\import\\gnu\\arm\\5.4.
 1110              		.file 3 "Generated_Source\\PSoC5\\cymetadata.c"
 1111              		.section	.debug_info,"",%progbits
 1112              	.Ldebug_info0:
 1113 0000 31010000 		.4byte	0x131
 1114 0004 0400     		.2byte	0x4
 1115 0006 00000000 		.4byte	.Ldebug_abbrev0
 1116 000a 04       		.byte	0x4
 1117 000b 01       		.uleb128 0x1
 1118 000c 24000000 		.4byte	.LASF17
 1119 0010 0C       		.byte	0xc
 1120 0011 B7010000 		.4byte	.LASF18
 1121 0015 5F010000 		.4byte	.LASF19
 1122 0019 00000000 		.4byte	.Ldebug_line0
 1123 001d 02       		.uleb128 0x2
 1124 001e 01       		.byte	0x1
 1125 001f 06       		.byte	0x6
 1126 0020 AB010000 		.4byte	.LASF0
 1127 0024 03       		.uleb128 0x3
 1128 0025 00000000 		.4byte	.LASF9
 1129 0029 01       		.byte	0x1
 1130 002a 1D       		.byte	0x1d
 1131 002b 2F000000 		.4byte	0x2f
 1132 002f 02       		.uleb128 0x2
 1133 0030 01       		.byte	0x1
 1134 0031 08       		.byte	0x8
 1135 0032 16000000 		.4byte	.LASF1
 1136 0036 02       		.uleb128 0x2
ARM GAS  C:\Users\jespe\AppData\Local\Temp\cc3nhA6X.s 			page 21


 1137 0037 02       		.byte	0x2
 1138 0038 05       		.byte	0x5
 1139 0039 98010000 		.4byte	.LASF2
 1140 003d 02       		.uleb128 0x2
 1141 003e 02       		.byte	0x2
 1142 003f 07       		.byte	0x7
 1143 0040 C4000000 		.4byte	.LASF3
 1144 0044 02       		.uleb128 0x2
 1145 0045 04       		.byte	0x4
 1146 0046 05       		.byte	0x5
 1147 0047 A2010000 		.4byte	.LASF4
 1148 004b 02       		.uleb128 0x2
 1149 004c 04       		.byte	0x4
 1150 004d 07       		.byte	0x7
 1151 004e B2000000 		.4byte	.LASF5
 1152 0052 02       		.uleb128 0x2
 1153 0053 08       		.byte	0x8
 1154 0054 05       		.byte	0x5
 1155 0055 51010000 		.4byte	.LASF6
 1156 0059 02       		.uleb128 0x2
 1157 005a 08       		.byte	0x8
 1158 005b 07       		.byte	0x7
 1159 005c 06010000 		.4byte	.LASF7
 1160 0060 04       		.uleb128 0x4
 1161 0061 04       		.byte	0x4
 1162 0062 05       		.byte	0x5
 1163 0063 696E7400 		.ascii	"int\000"
 1164 0067 02       		.uleb128 0x2
 1165 0068 04       		.byte	0x4
 1166 0069 07       		.byte	0x7
 1167 006a F9000000 		.4byte	.LASF8
 1168 006e 03       		.uleb128 0x3
 1169 006f 1D010000 		.4byte	.LASF10
 1170 0073 02       		.byte	0x2
 1171 0074 18       		.byte	0x18
 1172 0075 24000000 		.4byte	0x24
 1173 0079 05       		.uleb128 0x5
 1174 007a 91000000 		.4byte	0x91
 1175 007e 8A000000 		.4byte	0x8a
 1176 0082 06       		.uleb128 0x6
 1177 0083 8A000000 		.4byte	0x8a
 1178 0087 0B04     		.2byte	0x40b
 1179 0089 00       		.byte	0
 1180 008a 02       		.uleb128 0x2
 1181 008b 04       		.byte	0x4
 1182 008c 07       		.byte	0x7
 1183 008d 48010000 		.4byte	.LASF11
 1184 0091 07       		.uleb128 0x7
 1185 0092 6E000000 		.4byte	0x6e
 1186 0096 08       		.uleb128 0x8
 1187 0097 E7000000 		.4byte	.LASF12
 1188 009b 03       		.byte	0x3
 1189 009c 1F       		.byte	0x1f
 1190 009d A7000000 		.4byte	0xa7
 1191 00a1 05       		.uleb128 0x5
 1192 00a2 03       		.byte	0x3
 1193 00a3 00000000 		.4byte	cy_meta_configecc
ARM GAS  C:\Users\jespe\AppData\Local\Temp\cc3nhA6X.s 			page 22


 1194 00a7 07       		.uleb128 0x7
 1195 00a8 79000000 		.4byte	0x79
 1196 00ac 05       		.uleb128 0x5
 1197 00ad 91000000 		.4byte	0x91
 1198 00b1 BC000000 		.4byte	0xbc
 1199 00b5 09       		.uleb128 0x9
 1200 00b6 8A000000 		.4byte	0x8a
 1201 00ba 03       		.byte	0x3
 1202 00bb 00       		.byte	0
 1203 00bc 08       		.uleb128 0x8
 1204 00bd D7000000 		.4byte	.LASF13
 1205 00c1 03       		.byte	0x3
 1206 00c2 AE       		.byte	0xae
 1207 00c3 CD000000 		.4byte	0xcd
 1208 00c7 05       		.uleb128 0x5
 1209 00c8 03       		.byte	0x3
 1210 00c9 00000000 		.4byte	cy_meta_custnvl
 1211 00cd 07       		.uleb128 0x7
 1212 00ce AC000000 		.4byte	0xac
 1213 00d2 08       		.uleb128 0x8
 1214 00d3 3A010000 		.4byte	.LASF14
 1215 00d7 03       		.byte	0x3
 1216 00d8 BC       		.byte	0xbc
 1217 00d9 E3000000 		.4byte	0xe3
 1218 00dd 05       		.uleb128 0x5
 1219 00de 03       		.byte	0x3
 1220 00df 00000000 		.4byte	cy_meta_wonvl
 1221 00e3 07       		.uleb128 0x7
 1222 00e4 AC000000 		.4byte	0xac
 1223 00e8 05       		.uleb128 0x5
 1224 00e9 91000000 		.4byte	0x91
 1225 00ed F8000000 		.4byte	0xf8
 1226 00f1 09       		.uleb128 0x9
 1227 00f2 8A000000 		.4byte	0x8a
 1228 00f6 FF       		.byte	0xff
 1229 00f7 00       		.byte	0
 1230 00f8 08       		.uleb128 0x8
 1231 00f9 25010000 		.4byte	.LASF15
 1232 00fd 03       		.byte	0x3
 1233 00fe CA       		.byte	0xca
 1234 00ff 09010000 		.4byte	0x109
 1235 0103 05       		.uleb128 0x5
 1236 0104 03       		.byte	0x3
 1237 0105 00000000 		.4byte	cy_meta_flashprotect
 1238 0109 07       		.uleb128 0x7
 1239 010a E8000000 		.4byte	0xe8
 1240 010e 05       		.uleb128 0x5
 1241 010f 91000000 		.4byte	0x91
 1242 0113 1E010000 		.4byte	0x11e
 1243 0117 09       		.uleb128 0x9
 1244 0118 8A000000 		.4byte	0x8a
 1245 011c 0B       		.byte	0xb
 1246 011d 00       		.byte	0
 1247 011e 08       		.uleb128 0x8
 1248 011f 0A000000 		.4byte	.LASF16
 1249 0123 03       		.byte	0x3
 1250 0124 F7       		.byte	0xf7
ARM GAS  C:\Users\jespe\AppData\Local\Temp\cc3nhA6X.s 			page 23


 1251 0125 2F010000 		.4byte	0x12f
 1252 0129 05       		.uleb128 0x5
 1253 012a 03       		.byte	0x3
 1254 012b 00000000 		.4byte	cy_metadata
 1255 012f 07       		.uleb128 0x7
 1256 0130 0E010000 		.4byte	0x10e
 1257 0134 00       		.byte	0
 1258              		.section	.debug_abbrev,"",%progbits
 1259              	.Ldebug_abbrev0:
 1260 0000 01       		.uleb128 0x1
 1261 0001 11       		.uleb128 0x11
 1262 0002 01       		.byte	0x1
 1263 0003 25       		.uleb128 0x25
 1264 0004 0E       		.uleb128 0xe
 1265 0005 13       		.uleb128 0x13
 1266 0006 0B       		.uleb128 0xb
 1267 0007 03       		.uleb128 0x3
 1268 0008 0E       		.uleb128 0xe
 1269 0009 1B       		.uleb128 0x1b
 1270 000a 0E       		.uleb128 0xe
 1271 000b 10       		.uleb128 0x10
 1272 000c 17       		.uleb128 0x17
 1273 000d 00       		.byte	0
 1274 000e 00       		.byte	0
 1275 000f 02       		.uleb128 0x2
 1276 0010 24       		.uleb128 0x24
 1277 0011 00       		.byte	0
 1278 0012 0B       		.uleb128 0xb
 1279 0013 0B       		.uleb128 0xb
 1280 0014 3E       		.uleb128 0x3e
 1281 0015 0B       		.uleb128 0xb
 1282 0016 03       		.uleb128 0x3
 1283 0017 0E       		.uleb128 0xe
 1284 0018 00       		.byte	0
 1285 0019 00       		.byte	0
 1286 001a 03       		.uleb128 0x3
 1287 001b 16       		.uleb128 0x16
 1288 001c 00       		.byte	0
 1289 001d 03       		.uleb128 0x3
 1290 001e 0E       		.uleb128 0xe
 1291 001f 3A       		.uleb128 0x3a
 1292 0020 0B       		.uleb128 0xb
 1293 0021 3B       		.uleb128 0x3b
 1294 0022 0B       		.uleb128 0xb
 1295 0023 49       		.uleb128 0x49
 1296 0024 13       		.uleb128 0x13
 1297 0025 00       		.byte	0
 1298 0026 00       		.byte	0
 1299 0027 04       		.uleb128 0x4
 1300 0028 24       		.uleb128 0x24
 1301 0029 00       		.byte	0
 1302 002a 0B       		.uleb128 0xb
 1303 002b 0B       		.uleb128 0xb
 1304 002c 3E       		.uleb128 0x3e
 1305 002d 0B       		.uleb128 0xb
 1306 002e 03       		.uleb128 0x3
 1307 002f 08       		.uleb128 0x8
ARM GAS  C:\Users\jespe\AppData\Local\Temp\cc3nhA6X.s 			page 24


 1308 0030 00       		.byte	0
 1309 0031 00       		.byte	0
 1310 0032 05       		.uleb128 0x5
 1311 0033 01       		.uleb128 0x1
 1312 0034 01       		.byte	0x1
 1313 0035 49       		.uleb128 0x49
 1314 0036 13       		.uleb128 0x13
 1315 0037 01       		.uleb128 0x1
 1316 0038 13       		.uleb128 0x13
 1317 0039 00       		.byte	0
 1318 003a 00       		.byte	0
 1319 003b 06       		.uleb128 0x6
 1320 003c 21       		.uleb128 0x21
 1321 003d 00       		.byte	0
 1322 003e 49       		.uleb128 0x49
 1323 003f 13       		.uleb128 0x13
 1324 0040 2F       		.uleb128 0x2f
 1325 0041 05       		.uleb128 0x5
 1326 0042 00       		.byte	0
 1327 0043 00       		.byte	0
 1328 0044 07       		.uleb128 0x7
 1329 0045 26       		.uleb128 0x26
 1330 0046 00       		.byte	0
 1331 0047 49       		.uleb128 0x49
 1332 0048 13       		.uleb128 0x13
 1333 0049 00       		.byte	0
 1334 004a 00       		.byte	0
 1335 004b 08       		.uleb128 0x8
 1336 004c 34       		.uleb128 0x34
 1337 004d 00       		.byte	0
 1338 004e 03       		.uleb128 0x3
 1339 004f 0E       		.uleb128 0xe
 1340 0050 3A       		.uleb128 0x3a
 1341 0051 0B       		.uleb128 0xb
 1342 0052 3B       		.uleb128 0x3b
 1343 0053 0B       		.uleb128 0xb
 1344 0054 49       		.uleb128 0x49
 1345 0055 13       		.uleb128 0x13
 1346 0056 3F       		.uleb128 0x3f
 1347 0057 19       		.uleb128 0x19
 1348 0058 02       		.uleb128 0x2
 1349 0059 18       		.uleb128 0x18
 1350 005a 00       		.byte	0
 1351 005b 00       		.byte	0
 1352 005c 09       		.uleb128 0x9
 1353 005d 21       		.uleb128 0x21
 1354 005e 00       		.byte	0
 1355 005f 49       		.uleb128 0x49
 1356 0060 13       		.uleb128 0x13
 1357 0061 2F       		.uleb128 0x2f
 1358 0062 0B       		.uleb128 0xb
 1359 0063 00       		.byte	0
 1360 0064 00       		.byte	0
 1361 0065 00       		.byte	0
 1362              		.section	.debug_aranges,"",%progbits
 1363 0000 14000000 		.4byte	0x14
 1364 0004 0200     		.2byte	0x2
ARM GAS  C:\Users\jespe\AppData\Local\Temp\cc3nhA6X.s 			page 25


 1365 0006 00000000 		.4byte	.Ldebug_info0
 1366 000a 04       		.byte	0x4
 1367 000b 00       		.byte	0
 1368 000c 0000     		.2byte	0
 1369 000e 0000     		.2byte	0
 1370 0010 00000000 		.4byte	0
 1371 0014 00000000 		.4byte	0
 1372              		.section	.debug_line,"",%progbits
 1373              	.Ldebug_line0:
 1374 0000 3D010000 		.section	.debug_str,"MS",%progbits,1
 1374      02003701 
 1374      00000201 
 1374      FB0E0D00 
 1374      01010101 
 1375              	.LASF9:
 1376 0000 5F5F7569 		.ascii	"__uint8_t\000"
 1376      6E74385F 
 1376      7400
 1377              	.LASF16:
 1378 000a 63795F6D 		.ascii	"cy_metadata\000"
 1378      65746164 
 1378      61746100 
 1379              	.LASF1:
 1380 0016 756E7369 		.ascii	"unsigned char\000"
 1380      676E6564 
 1380      20636861 
 1380      7200
 1381              	.LASF17:
 1382 0024 474E5520 		.ascii	"GNU C11 5.4.1 20160609 (release) [ARM/embedded-5-br"
 1382      43313120 
 1382      352E342E 
 1382      31203230 
 1382      31363036 
 1383 0057 616E6368 		.ascii	"anch revision 237715] -mcpu=cortex-m3 -mthumb -g -O"
 1383      20726576 
 1383      6973696F 
 1383      6E203233 
 1383      37373135 
 1384 008a 67202D66 		.ascii	"g -ffunction-sections -ffat-lto-objects\000"
 1384      66756E63 
 1384      74696F6E 
 1384      2D736563 
 1384      74696F6E 
 1385              	.LASF5:
 1386 00b2 6C6F6E67 		.ascii	"long unsigned int\000"
 1386      20756E73 
 1386      69676E65 
 1386      6420696E 
 1386      7400
 1387              	.LASF3:
 1388 00c4 73686F72 		.ascii	"short unsigned int\000"
 1388      7420756E 
 1388      7369676E 
 1388      65642069 
 1388      6E7400
 1389              	.LASF13:
 1390 00d7 63795F6D 		.ascii	"cy_meta_custnvl\000"
ARM GAS  C:\Users\jespe\AppData\Local\Temp\cc3nhA6X.s 			page 26


 1390      6574615F 
 1390      63757374 
 1390      6E766C00 
 1391              	.LASF12:
 1392 00e7 63795F6D 		.ascii	"cy_meta_configecc\000"
 1392      6574615F 
 1392      636F6E66 
 1392      69676563 
 1392      6300
 1393              	.LASF8:
 1394 00f9 756E7369 		.ascii	"unsigned int\000"
 1394      676E6564 
 1394      20696E74 
 1394      00
 1395              	.LASF7:
 1396 0106 6C6F6E67 		.ascii	"long long unsigned int\000"
 1396      206C6F6E 
 1396      6720756E 
 1396      7369676E 
 1396      65642069 
 1397              	.LASF10:
 1398 011d 75696E74 		.ascii	"uint8_t\000"
 1398      385F7400 
 1399              	.LASF15:
 1400 0125 63795F6D 		.ascii	"cy_meta_flashprotect\000"
 1400      6574615F 
 1400      666C6173 
 1400      6870726F 
 1400      74656374 
 1401              	.LASF14:
 1402 013a 63795F6D 		.ascii	"cy_meta_wonvl\000"
 1402      6574615F 
 1402      776F6E76 
 1402      6C00
 1403              	.LASF11:
 1404 0148 73697A65 		.ascii	"sizetype\000"
 1404      74797065 
 1404      00
 1405              	.LASF6:
 1406 0151 6C6F6E67 		.ascii	"long long int\000"
 1406      206C6F6E 
 1406      6720696E 
 1406      7400
 1407              	.LASF19:
 1408 015f 433A5C55 		.ascii	"C:\\Users\\jespe\\Downloads\\DC-Motor-PWM\\DC-Motor"
 1408      73657273 
 1408      5C6A6573 
 1408      70655C44 
 1408      6F776E6C 
 1409 018d 2D50574D 		.ascii	"-PWM.cydsn\000"
 1409      2E637964 
 1409      736E00
 1410              	.LASF2:
 1411 0198 73686F72 		.ascii	"short int\000"
 1411      7420696E 
 1411      7400
 1412              	.LASF4:
ARM GAS  C:\Users\jespe\AppData\Local\Temp\cc3nhA6X.s 			page 27


 1413 01a2 6C6F6E67 		.ascii	"long int\000"
 1413      20696E74 
 1413      00
 1414              	.LASF0:
 1415 01ab 7369676E 		.ascii	"signed char\000"
 1415      65642063 
 1415      68617200 
 1416              	.LASF18:
 1417 01b7 47656E65 		.ascii	"Generated_Source\\PSoC5\\cymetadata.c\000"
 1417      72617465 
 1417      645F536F 
 1417      75726365 
 1417      5C50536F 
 1418              		.ident	"GCC: (GNU Tools for ARM Embedded Processors) 5.4.1 20160609 (release) [ARM/embedded-5-bran
