ARM GAS  C:\Users\magnu\AppData\Local\Temp\cc4FTokg.s 			page 1


   1              		.syntax unified
   2              		.cpu cortex-m3
   3              		.fpu softvfp
   4              		.eabi_attribute 20, 1
   5              		.eabi_attribute 21, 1
   6              		.eabi_attribute 23, 3
   7              		.eabi_attribute 24, 1
   8              		.eabi_attribute 25, 1
   9              		.eabi_attribute 26, 1
  10              		.eabi_attribute 30, 1
  11              		.eabi_attribute 34, 1
  12              		.eabi_attribute 18, 4
  13              		.thumb
  14              		.syntax unified
  15              		.file	"main.c"
  16              		.text
  17              	.Ltext0:
  18              		.cfi_sections	.debug_frame
  19              		.global	__aeabi_f2d
  20              		.global	__aeabi_f2uiz
  21              		.section	.text.main,"ax",%progbits
  22              		.align	2
  23              		.global	main
  24              		.thumb
  25              		.thumb_func
  26              		.type	main, %function
  27              	main:
  28              	.LFB64:
  29              		.file 1 "main.c"
   1:main.c        **** /* ========================================
   2:main.c        ****  *
   3:main.c        ****  * Copyright YOUR COMPANY, THE YEAR
   4:main.c        ****  * All Rights Reserved
   5:main.c        ****  * UNPUBLISHED, LICENSED SOFTWARE.
   6:main.c        ****  *
   7:main.c        ****  * CONFIDENTIAL AND PROPRIETARY INFORMATION
   8:main.c        ****  * WHICH IS THE PROPERTY OF your company.
   9:main.c        ****  *
  10:main.c        ****  * ========================================
  11:main.c        **** */
  12:main.c        **** #include "project.h"
  13:main.c        **** #include "Loadcell.h"
  14:main.c        **** #include "Timer.h"
  15:main.c        **** #include <stdio.h>
  16:main.c        **** 
  17:main.c        **** CY_ISR_PROTO(ISR_UART_rx_handler);
  18:main.c        **** void handleByteReceived(uint8_t byteReceived);
  19:main.c        **** char uartBuffer[256];
  20:main.c        **** int UCstate=0;
  21:main.c        **** 
  22:main.c        **** int main(void)
  23:main.c        **** {
  30              		.loc 1 23 0
  31              		.cfi_startproc
  32              		@ args = 0, pretend = 0, frame = 0
  33              		@ frame_needed = 0, uses_anonymous_args = 0
  34 0000 2DE9F043 		push	{r4, r5, r6, r7, r8, r9, lr}
ARM GAS  C:\Users\magnu\AppData\Local\Temp\cc4FTokg.s 			page 2


  35              		.cfi_def_cfa_offset 28
  36              		.cfi_offset 4, -28
  37              		.cfi_offset 5, -24
  38              		.cfi_offset 6, -20
  39              		.cfi_offset 7, -16
  40              		.cfi_offset 8, -12
  41              		.cfi_offset 9, -8
  42              		.cfi_offset 14, -4
  43 0004 83B0     		sub	sp, sp, #12
  44              		.cfi_def_cfa_offset 40
  24:main.c        ****     CyGlobalIntEnable; /* Enable global interrupts. */
  45              		.loc 1 24 0
  46              		.syntax unified
  47              	@ 24 "main.c" 1
  48 0006 62B6     		CPSIE   i
  49              	@ 0 "" 2
  25:main.c        ****     
  26:main.c        **** 
  27:main.c        ****     /* Place your initialization/startup code here (e.g. MyInst_Start()) */
  28:main.c        ****     
  29:main.c        ****     isr_uart_rx_StartEx(ISR_UART_rx_handler);
  50              		.loc 1 29 0
  51              		.thumb
  52              		.syntax unified
  53 0008 7748     		ldr	r0, .L15
  54 000a FFF7FEFF 		bl	isr_uart_rx_StartEx
  55              	.LVL0:
  30:main.c        ****     UART_1_Start();
  56              		.loc 1 30 0
  57 000e FFF7FEFF 		bl	UART_1_Start
  58              	.LVL1:
  31:main.c        ****     
  32:main.c        ****     initTimer();
  59              		.loc 1 32 0
  60 0012 FFF7FEFF 		bl	initTimer
  61              	.LVL2:
  33:main.c        ****     initLoadcell();
  62              		.loc 1 33 0
  63 0016 FFF7FEFF 		bl	initLoadcell
  64              	.LVL3:
  34:main.c        ****     UART_1_PutString("Scale application started\r\n");
  65              		.loc 1 34 0
  66 001a 7448     		ldr	r0, .L15+4
  67 001c FFF7FEFF 		bl	UART_1_PutString
  68              	.LVL4:
  69              	.L5:
  35:main.c        ****     
  36:main.c        ****     int repeats = 50;
  37:main.c        ****     float startoffset = 164.5;
  38:main.c        ****     float factor = 4.672;
  39:main.c        ****     int preload=0;
  40:main.c        ****     uint16_t Result_gram;
  41:main.c        ****     uint16_t gameReady=0;
  42:main.c        ****     uint16_t timestop=0;
  43:main.c        ****     uint16_t dnf=0;
  44:main.c        ****     uint32_t tid=0;
  45:main.c        ****     
ARM GAS  C:\Users\magnu\AppData\Local\Temp\cc4FTokg.s 			page 3


  46:main.c        **** 
  47:main.c        ****     //float zerodriftOffset = readWeight( repeats,startoffset,  factor, preload);
  48:main.c        ****     //snprintf(uartBuffer,sizeof(uartBuffer),"Read value (g) %f\r\n ", zerodriftOffset);
  49:main.c        ****     //UART_1_PutString(uartBuffer);
  50:main.c        ****     
  51:main.c        ****     
  52:main.c        ****     //offset_Zerodrift_calibrate( repeats,  startoffset,  factor, preload);
  53:main.c        ****     
  54:main.c        ****     
  55:main.c        ****     //zerodriftOffset = readWeight( repeats,startoffset,  factor, preload);
  56:main.c        ****     //snprintf(uartBuffer,sizeof(uartBuffer),"Read value (g) %f\r\n", zerodriftOffset);
  57:main.c        ****     
  58:main.c        ****     //UART_1_PutString(uartBuffer);
  59:main.c        ****     
  60:main.c        ****     
  61:main.c        ****     //wait_for_weight( startoffset,  factor, preload);
  62:main.c        ****     
  63:main.c        ****     //CyDelay(500);
  64:main.c        ****     //zerodriftOffset = readWeight( repeats,startoffset,  factor, preload);
  65:main.c        ****     //snprintf(uartBuffer,sizeof(uartBuffer),"Read value (g) %f\r\n", zerodriftOffset);
  66:main.c        ****     
  67:main.c        ****     //UART_1_PutString(uartBuffer);
  68:main.c        ****     
  69:main.c        ****     
  70:main.c        ****     for(;;)
  71:main.c        ****     {
  72:main.c        ****            //UC1 Game preperation
  73:main.c        ****     //Øl fjernet
  74:main.c        ****     if(UCstate==1)
  70              		.loc 1 74 0
  71 0020 734B     		ldr	r3, .L15+8
  72 0022 1B68     		ldr	r3, [r3]
  73 0024 012B     		cmp	r3, #1
  74 0026 1ED1     		bne	.L2
  75:main.c        ****     {
  76:main.c        ****     offset_Zerodrift_calibrate( repeats,  startoffset,  factor, preload);
  75              		.loc 1 76 0
  76 0028 724D     		ldr	r5, .L15+12
  77 002a 734C     		ldr	r4, .L15+16
  78 002c 0023     		movs	r3, #0
  79 002e 2A46     		mov	r2, r5
  80 0030 2146     		mov	r1, r4
  81 0032 3220     		movs	r0, #50
  82 0034 FFF7FEFF 		bl	offset_Zerodrift_calibrate
  83              	.LVL5:
  84              	.LBB2:
  77:main.c        ****     {
  78:main.c        ****     float zerodriftOffset = readWeight( repeats,startoffset,  factor, preload);
  85              		.loc 1 78 0
  86 0038 0023     		movs	r3, #0
  87 003a 2A46     		mov	r2, r5
  88 003c 2146     		mov	r1, r4
  89 003e 3220     		movs	r0, #50
  90 0040 FFF7FEFF 		bl	readWeight
  91              	.LVL6:
  79:main.c        ****     snprintf(uartBuffer,sizeof(uartBuffer),"Read value (g) %f\r\n ", zerodriftOffset);
  92              		.loc 1 79 0
ARM GAS  C:\Users\magnu\AppData\Local\Temp\cc4FTokg.s 			page 4


  93 0044 6D4C     		ldr	r4, .L15+20
  94 0046 FFF7FEFF 		bl	__aeabi_f2d
  95              	.LVL7:
  96 004a CDE90001 		strd	r0, [sp]
  97 004e 6C4A     		ldr	r2, .L15+24
  98 0050 4FF48071 		mov	r1, #256
  99 0054 2046     		mov	r0, r4
 100 0056 FFF7FEFF 		bl	snprintf
 101              	.LVL8:
  80:main.c        ****     UART_1_PutString(uartBuffer);
 102              		.loc 1 80 0
 103 005a 2046     		mov	r0, r4
 104 005c FFF7FEFF 		bl	UART_1_PutString
 105              	.LVL9:
 106              	.LBE2:
  81:main.c        ****     
  82:main.c        ****     }
  83:main.c        ****     UCstate=0;
 107              		.loc 1 83 0
 108 0060 0022     		movs	r2, #0
 109 0062 634B     		ldr	r3, .L15+8
 110 0064 1A60     		str	r2, [r3]
 111              	.L2:
  84:main.c        ****     }
  85:main.c        ****     
  86:main.c        ****     
  87:main.c        ****     
  88:main.c        ****     //der er sat en genstand på platform
  89:main.c        ****     if(UCstate==2)
 112              		.loc 1 89 0
 113 0066 624B     		ldr	r3, .L15+8
 114 0068 1B68     		ldr	r3, [r3]
 115 006a 022B     		cmp	r3, #2
 116 006c 32D1     		bne	.L3
  90:main.c        ****     {
  91:main.c        ****     wait_for_weight(startoffset, factor,preload);//venter på der bliver plasseret en øl
 117              		.loc 1 91 0
 118 006e 614D     		ldr	r5, .L15+12
 119 0070 614C     		ldr	r4, .L15+16
 120 0072 0022     		movs	r2, #0
 121 0074 2946     		mov	r1, r5
 122 0076 2046     		mov	r0, r4
 123 0078 FFF7FEFF 		bl	wait_for_weight
 124              	.LVL10:
  92:main.c        ****     CyDelay(3000); //delay så flasken flader til ro
 125              		.loc 1 92 0
 126 007c 40F6B830 		movw	r0, #3000
 127 0080 FFF7FEFF 		bl	CyDelay
 128              	.LVL11:
  93:main.c        ****     Result_gram = readWeight( repeats,startoffset, factor, preload);
 129              		.loc 1 93 0
 130 0084 0023     		movs	r3, #0
 131 0086 2A46     		mov	r2, r5
 132 0088 2146     		mov	r1, r4
 133 008a 3220     		movs	r0, #50
 134 008c FFF7FEFF 		bl	readWeight
 135              	.LVL12:
ARM GAS  C:\Users\magnu\AppData\Local\Temp\cc4FTokg.s 			page 5


 136 0090 FFF7FEFF 		bl	__aeabi_f2uiz
 137              	.LVL13:
 138 0094 84B2     		uxth	r4, r0
 139              	.LVL14:
  94:main.c        ****     {
  95:main.c        ****     
  96:main.c        ****     snprintf(uartBuffer,sizeof(uartBuffer),"Read value (g) %d\r\n ", Result_gram);
 140              		.loc 1 96 0
 141 0096 594D     		ldr	r5, .L15+20
 142 0098 2346     		mov	r3, r4
 143 009a 5A4A     		ldr	r2, .L15+28
 144 009c 4FF48071 		mov	r1, #256
 145 00a0 2846     		mov	r0, r5
 146 00a2 FFF7FEFF 		bl	snprintf
 147              	.LVL15:
  97:main.c        ****     UART_1_PutString(uartBuffer);
 148              		.loc 1 97 0
 149 00a6 2846     		mov	r0, r5
 150 00a8 FFF7FEFF 		bl	UART_1_PutString
 151              	.LVL16:
  98:main.c        ****     
  99:main.c        ****     }
 100:main.c        ****     if(Result_gram>650)
 152              		.loc 1 100 0
 153 00ac 40F28A23 		movw	r3, #650
 154 00b0 9C42     		cmp	r4, r3
 155 00b2 01D9     		bls	.L11
 101:main.c        ****     gameReady=1;
 156              		.loc 1 101 0
 157 00b4 0123     		movs	r3, #1
 158 00b6 00E0     		b	.L4
 159              	.L11:
 102:main.c        ****     else
 103:main.c        ****     gameReady=0;
 160              		.loc 1 103 0
 161 00b8 0023     		movs	r3, #0
 162              	.L4:
 163              	.LVL17:
 104:main.c        ****     {
 105:main.c        ****     snprintf(uartBuffer,sizeof(uartBuffer),"gameReady (g) %d\r\n ", gameReady);
 164              		.loc 1 105 0
 165 00ba 504C     		ldr	r4, .L15+20
 166              	.LVL18:
 167 00bc 524A     		ldr	r2, .L15+32
 168 00be 4FF48071 		mov	r1, #256
 169 00c2 2046     		mov	r0, r4
 170 00c4 FFF7FEFF 		bl	snprintf
 171              	.LVL19:
 106:main.c        ****     UART_1_PutString(uartBuffer);
 172              		.loc 1 106 0
 173 00c8 2046     		mov	r0, r4
 174 00ca FFF7FEFF 		bl	UART_1_PutString
 175              	.LVL20:
 107:main.c        ****     }
 108:main.c        ****     UCstate=0;
 176              		.loc 1 108 0
 177 00ce 0022     		movs	r2, #0
ARM GAS  C:\Users\magnu\AppData\Local\Temp\cc4FTokg.s 			page 6


 178 00d0 474B     		ldr	r3, .L15+8
 179 00d2 1A60     		str	r2, [r3]
 180              	.L3:
 109:main.c        ****     }
 110:main.c        ****      
 111:main.c        ****     //send signal til RPI, Hvis GameReady er 1 så er øllen godkendt
 112:main.c        ****     
 113:main.c        ****     
 114:main.c        ****     
 115:main.c        ****     //UC2 play game
 116:main.c        ****     
 117:main.c        ****     //Dermodtages GO signal
 118:main.c        ****     
 119:main.c        ****     if(UCstate==3)
 181              		.loc 1 119 0
 182 00d4 464B     		ldr	r3, .L15+8
 183 00d6 1B68     		ldr	r3, [r3]
 184 00d8 032B     		cmp	r3, #3
 185 00da A1D1     		bne	.L5
 186              	.LBB3:
 120:main.c        ****     {
 121:main.c        ****     Result_gram = readWeight(repeats,startoffset, factor, preload);
 187              		.loc 1 121 0
 188 00dc 0023     		movs	r3, #0
 189 00de 454A     		ldr	r2, .L15+12
 190 00e0 4549     		ldr	r1, .L15+16
 191 00e2 3220     		movs	r0, #50
 192 00e4 FFF7FEFF 		bl	readWeight
 193              	.LVL21:
 194 00e8 FFF7FEFF 		bl	__aeabi_f2uiz
 195              	.LVL22:
 196 00ec 84B2     		uxth	r4, r0
 197              	.LVL23:
 122:main.c        ****     {
 123:main.c        ****     
 124:main.c        ****     snprintf(uartBuffer,sizeof(uartBuffer),"Read value (g) %d\r\n ", Result_gram);
 198              		.loc 1 124 0
 199 00ee 434D     		ldr	r5, .L15+20
 200 00f0 2346     		mov	r3, r4
 201 00f2 444A     		ldr	r2, .L15+28
 202 00f4 4FF48071 		mov	r1, #256
 203 00f8 2846     		mov	r0, r5
 204 00fa FFF7FEFF 		bl	snprintf
 205              	.LVL24:
 125:main.c        ****     UART_1_PutString(uartBuffer);
 206              		.loc 1 125 0
 207 00fe 2846     		mov	r0, r5
 208 0100 FFF7FEFF 		bl	UART_1_PutString
 209              	.LVL25:
 126:main.c        ****     
 127:main.c        ****     }
 128:main.c        ****     if(Result_gram<10)
 210              		.loc 1 128 0
 211 0104 092C     		cmp	r4, #9
 212 0106 01D8     		bhi	.L12
 129:main.c        ****         dnf=1;
 213              		.loc 1 129 0
ARM GAS  C:\Users\magnu\AppData\Local\Temp\cc4FTokg.s 			page 7


 214 0108 0126     		movs	r6, #1
 215 010a 00E0     		b	.L6
 216              	.L12:
 130:main.c        ****     else
 131:main.c        ****         dnf=0;
 217              		.loc 1 131 0
 218 010c 0026     		movs	r6, #0
 219              	.L6:
 220              	.LVL26:
 132:main.c        ****     {
 133:main.c        ****     snprintf(uartBuffer,sizeof(uartBuffer),"Dnf (g) %d\r\n ", dnf);
 221              		.loc 1 133 0
 222 010e 3B4D     		ldr	r5, .L15+20
 223 0110 3346     		mov	r3, r6
 224 0112 3E4A     		ldr	r2, .L15+36
 225 0114 4FF48071 		mov	r1, #256
 226 0118 2846     		mov	r0, r5
 227 011a FFF7FEFF 		bl	snprintf
 228              	.LVL27:
 134:main.c        ****     UART_1_PutString(uartBuffer);
 229              		.loc 1 134 0
 230 011e 2846     		mov	r0, r5
 231 0120 FFF7FEFF 		bl	UART_1_PutString
 232              	.LVL28:
 135:main.c        ****     }
 136:main.c        ****     startTidsTagning();//timer startes
 233              		.loc 1 136 0
 234 0124 FFF7FEFF 		bl	startTidsTagning
 235              	.LVL29:
 137:main.c        ****     
 138:main.c        ****     while(Result_gram>10)
 236              		.loc 1 138 0
 237 0128 08E0     		b	.L7
 238              	.L8:
 139:main.c        ****     Result_gram = readWeight(repeats,startoffset, factor, preload);
 239              		.loc 1 139 0
 240 012a 0023     		movs	r3, #0
 241 012c 314A     		ldr	r2, .L15+12
 242 012e 3249     		ldr	r1, .L15+16
 243 0130 3220     		movs	r0, #50
 244 0132 FFF7FEFF 		bl	readWeight
 245              	.LVL30:
 246 0136 FFF7FEFF 		bl	__aeabi_f2uiz
 247              	.LVL31:
 248 013a 84B2     		uxth	r4, r0
 249              	.LVL32:
 250              	.L7:
 138:main.c        ****     Result_gram = readWeight(repeats,startoffset, factor, preload);
 251              		.loc 1 138 0
 252 013c 0A2C     		cmp	r4, #10
 253 013e F4D8     		bhi	.L8
 140:main.c        ****     
 141:main.c        ****     
 142:main.c        ****     wait_for_weight(startoffset, factor,preload);//venter på der bliver plasseret en øl
 254              		.loc 1 142 0
 255 0140 DFF8B080 		ldr	r8, .L15+12
 256 0144 2C4F     		ldr	r7, .L15+16
ARM GAS  C:\Users\magnu\AppData\Local\Temp\cc4FTokg.s 			page 8


 257 0146 0022     		movs	r2, #0
 258 0148 4146     		mov	r1, r8
 259 014a 3846     		mov	r0, r7
 260 014c FFF7FEFF 		bl	wait_for_weight
 261              	.LVL33:
 143:main.c        ****     timestop=1;
 144:main.c        ****     tid = stopTidsTagning();
 262              		.loc 1 144 0
 263 0150 FFF7FEFF 		bl	stopTidsTagning
 264              	.LVL34:
 265 0154 0346     		mov	r3, r0
 266              	.LVL35:
 145:main.c        ****     int roundedNum = (tid + 50) / 100 * 100;
 267              		.loc 1 145 0
 268 0156 00F13202 		add	r2, r0, #50
 269 015a 2D49     		ldr	r1, .L15+40
 270 015c A1FB0212 		umull	r1, r2, r1, r2
 271 0160 5209     		lsrs	r2, r2, #5
 272 0162 6425     		movs	r5, #100
 273 0164 05FB02F5 		mul	r5, r5, r2
 274              	.LVL36:
 146:main.c        ****     {
 147:main.c        ****     snprintf(uartBuffer,sizeof(uartBuffer),"tid (g) %d\r\n ", tid);
 275              		.loc 1 147 0
 276 0168 DFF8A890 		ldr	r9, .L15+44
 277 016c 234C     		ldr	r4, .L15+20
 278              	.LVL37:
 279 016e 4A46     		mov	r2, r9
 280 0170 4FF48071 		mov	r1, #256
 281 0174 2046     		mov	r0, r4
 282              	.LVL38:
 283 0176 FFF7FEFF 		bl	snprintf
 284              	.LVL39:
 148:main.c        ****     UART_1_PutString(uartBuffer);
 285              		.loc 1 148 0
 286 017a 2046     		mov	r0, r4
 287 017c FFF7FEFF 		bl	UART_1_PutString
 288              	.LVL40:
 149:main.c        ****     snprintf(uartBuffer,sizeof(uartBuffer),"tid (g) %d\r\n ", roundedNum);
 289              		.loc 1 149 0
 290 0180 2B46     		mov	r3, r5
 291 0182 4A46     		mov	r2, r9
 292 0184 4FF48071 		mov	r1, #256
 293 0188 2046     		mov	r0, r4
 294 018a FFF7FEFF 		bl	snprintf
 295              	.LVL41:
 150:main.c        ****     UART_1_PutString(uartBuffer);
 296              		.loc 1 150 0
 297 018e 2046     		mov	r0, r4
 298 0190 FFF7FEFF 		bl	UART_1_PutString
 299              	.LVL42:
 151:main.c        ****     }
 152:main.c        ****     //tid sendes
 153:main.c        ****     CyDelay(5000);
 300              		.loc 1 153 0
 301 0194 41F28830 		movw	r0, #5000
 302 0198 FFF7FEFF 		bl	CyDelay
ARM GAS  C:\Users\magnu\AppData\Local\Temp\cc4FTokg.s 			page 9


 303              	.LVL43:
 154:main.c        ****     Result_gram = readWeight(repeats,startoffset, factor, preload);
 304              		.loc 1 154 0
 305 019c 0023     		movs	r3, #0
 306 019e 4246     		mov	r2, r8
 307 01a0 3946     		mov	r1, r7
 308 01a2 3220     		movs	r0, #50
 309 01a4 FFF7FEFF 		bl	readWeight
 310              	.LVL44:
 311 01a8 FFF7FEFF 		bl	__aeabi_f2uiz
 312              	.LVL45:
 313 01ac 85B2     		uxth	r5, r0
 314              	.LVL46:
 155:main.c        ****     {
 156:main.c        ****     
 157:main.c        ****     snprintf(uartBuffer,sizeof(uartBuffer),"Read value (g) %d\r\n ", Result_gram);
 315              		.loc 1 157 0
 316 01ae 2B46     		mov	r3, r5
 317 01b0 144A     		ldr	r2, .L15+28
 318 01b2 4FF48071 		mov	r1, #256
 319 01b6 2046     		mov	r0, r4
 320 01b8 FFF7FEFF 		bl	snprintf
 321              	.LVL47:
 158:main.c        ****     UART_1_PutString(uartBuffer);
 322              		.loc 1 158 0
 323 01bc 2046     		mov	r0, r4
 324 01be FFF7FEFF 		bl	UART_1_PutString
 325              	.LVL48:
 159:main.c        ****     
 160:main.c        ****     }
 161:main.c        ****     if(Result_gram>310)
 326              		.loc 1 161 0
 327 01c2 B5F59B7F 		cmp	r5, #310
 328 01c6 00D9     		bls	.L9
 162:main.c        ****         dnf=1;
 329              		.loc 1 162 0
 330 01c8 0126     		movs	r6, #1
 331              	.LVL49:
 332              	.L9:
 163:main.c        ****     //dnf value sendes
 164:main.c        ****     {
 165:main.c        ****     snprintf(uartBuffer,sizeof(uartBuffer),"Dnf (g) %d\r\n ", dnf);
 333              		.loc 1 165 0
 334 01ca 0C4C     		ldr	r4, .L15+20
 335 01cc 3346     		mov	r3, r6
 336 01ce 0F4A     		ldr	r2, .L15+36
 337 01d0 4FF48071 		mov	r1, #256
 338 01d4 2046     		mov	r0, r4
 339 01d6 FFF7FEFF 		bl	snprintf
 340              	.LVL50:
 166:main.c        ****     UART_1_PutString(uartBuffer);
 341              		.loc 1 166 0
 342 01da 2046     		mov	r0, r4
 343 01dc FFF7FEFF 		bl	UART_1_PutString
 344              	.LVL51:
 167:main.c        ****     }
 168:main.c        ****     UCstate=0;
ARM GAS  C:\Users\magnu\AppData\Local\Temp\cc4FTokg.s 			page 10


 345              		.loc 1 168 0
 346 01e0 0022     		movs	r2, #0
 347 01e2 034B     		ldr	r3, .L15+8
 348 01e4 1A60     		str	r2, [r3]
 349 01e6 1BE7     		b	.L5
 350              	.L16:
 351              		.align	2
 352              	.L15:
 353 01e8 00000000 		.word	ISR_UART_rx_handler
 354 01ec 00000000 		.word	.LC0
 355 01f0 00000000 		.word	.LANCHOR0
 356 01f4 06819540 		.word	1083539718
 357 01f8 00802443 		.word	1126465536
 358 01fc 00000000 		.word	uartBuffer
 359 0200 1C000000 		.word	.LC1
 360 0204 34000000 		.word	.LC2
 361 0208 4C000000 		.word	.LC3
 362 020c 60000000 		.word	.LC4
 363 0210 1F85EB51 		.word	1374389535
 364 0214 70000000 		.word	.LC5
 365              	.LBE3:
 366              		.cfi_endproc
 367              	.LFE64:
 368              		.size	main, .-main
 369              		.section	.text.handleByteReceived,"ax",%progbits
 370              		.align	2
 371              		.global	handleByteReceived
 372              		.thumb
 373              		.thumb_func
 374              		.type	handleByteReceived, %function
 375              	handleByteReceived:
 376              	.LFB65:
 169:main.c        ****     }
 170:main.c        ****     
 171:main.c        ****     }
 172:main.c        ****     
 173:main.c        **** }
 174:main.c        **** 
 175:main.c        **** void handleByteReceived(uint8_t byteReceived)
 176:main.c        **** {
 377              		.loc 1 176 0
 378              		.cfi_startproc
 379              		@ args = 0, pretend = 0, frame = 0
 380              		@ frame_needed = 0, uses_anonymous_args = 0
 381              		@ link register save eliminated.
 382              	.LVL52:
 177:main.c        ****     switch(byteReceived)
 383              		.loc 1 177 0
 384 0000 3138     		subs	r0, r0, #49
 385              	.LVL53:
 386 0002 0328     		cmp	r0, #3
 387 0004 12D8     		bhi	.L17
 388 0006 DFE800F0 		tbb	[pc, r0]
 389              	.L20:
 390 000a 02       		.byte	(.L19-.L20)/2
 391 000b 06       		.byte	(.L21-.L20)/2
 392 000c 0A       		.byte	(.L22-.L20)/2
ARM GAS  C:\Users\magnu\AppData\Local\Temp\cc4FTokg.s 			page 11


 393 000d 0E       		.byte	(.L23-.L20)/2
 394              		.p2align 1
 395              	.L19:
 178:main.c        ****     {
 179:main.c        ****         case '1' :
 180:main.c        ****         {
 181:main.c        ****             UCstate=1;
 396              		.loc 1 181 0
 397 000e 0122     		movs	r2, #1
 398 0010 074B     		ldr	r3, .L24
 399 0012 1A60     		str	r2, [r3]
 182:main.c        ****         }
 183:main.c        ****         break;
 400              		.loc 1 183 0
 401 0014 7047     		bx	lr
 402              	.L21:
 184:main.c        ****         case '2' :
 185:main.c        ****         {
 186:main.c        ****             UCstate=2;
 403              		.loc 1 186 0
 404 0016 0222     		movs	r2, #2
 405 0018 054B     		ldr	r3, .L24
 406 001a 1A60     		str	r2, [r3]
 187:main.c        ****         }
 188:main.c        ****         break;
 407              		.loc 1 188 0
 408 001c 7047     		bx	lr
 409              	.L22:
 189:main.c        ****         case '3' :
 190:main.c        ****         {
 191:main.c        ****             UCstate=3;
 410              		.loc 1 191 0
 411 001e 0322     		movs	r2, #3
 412 0020 034B     		ldr	r3, .L24
 413 0022 1A60     		str	r2, [r3]
 192:main.c        ****         }
 193:main.c        ****         break;
 414              		.loc 1 193 0
 415 0024 7047     		bx	lr
 416              	.L23:
 194:main.c        ****         case '4' :
 195:main.c        ****         {
 196:main.c        ****             UCstate=2;
 417              		.loc 1 196 0
 418 0026 0222     		movs	r2, #2
 419 0028 014B     		ldr	r3, .L24
 420 002a 1A60     		str	r2, [r3]
 421              	.L17:
 422 002c 7047     		bx	lr
 423              	.L25:
 424 002e 00BF     		.align	2
 425              	.L24:
 426 0030 00000000 		.word	.LANCHOR0
 427              		.cfi_endproc
 428              	.LFE65:
 429              		.size	handleByteReceived, .-handleByteReceived
 430              		.section	.text.ISR_UART_rx_handler,"ax",%progbits
ARM GAS  C:\Users\magnu\AppData\Local\Temp\cc4FTokg.s 			page 12


 431              		.align	2
 432              		.global	ISR_UART_rx_handler
 433              		.thumb
 434              		.thumb_func
 435              		.type	ISR_UART_rx_handler, %function
 436              	ISR_UART_rx_handler:
 437              	.LFB66:
 197:main.c        ****         }
 198:main.c        ****         break;
 199:main.c        ****         default :
 200:main.c        ****         {
 201:main.c        ****             // nothing
 202:main.c        ****         }
 203:main.c        ****         break;
 204:main.c        ****     }
 205:main.c        **** }
 206:main.c        **** 
 207:main.c        **** CY_ISR(ISR_UART_rx_handler)
 208:main.c        **** {
 438              		.loc 1 208 0
 439              		.cfi_startproc
 440              		@ args = 0, pretend = 0, frame = 0
 441              		@ frame_needed = 0, uses_anonymous_args = 0
 442 0000 38B5     		push	{r3, r4, r5, lr}
 443              		.cfi_def_cfa_offset 16
 444              		.cfi_offset 3, -16
 445              		.cfi_offset 4, -12
 446              		.cfi_offset 5, -8
 447              		.cfi_offset 14, -4
 209:main.c        ****     
 210:main.c        ****     uint8_t bytesToRead = UART_1_GetRxBufferSize();
 448              		.loc 1 210 0
 449 0002 FFF7FEFF 		bl	UART_1_GetRxBufferSize
 450              	.LVL54:
 451 0006 0446     		mov	r4, r0
 452              	.LVL55:
 211:main.c        ****     while (bytesToRead > 0)
 453              		.loc 1 211 0
 454 0008 09E0     		b	.L27
 455              	.L28:
 456              	.LBB4:
 212:main.c        ****     {
 213:main.c        ****         uint8_t byteReceived = UART_1_ReadRxData();
 457              		.loc 1 213 0
 458 000a FFF7FEFF 		bl	UART_1_ReadRxData
 459              	.LVL56:
 460 000e 0546     		mov	r5, r0
 461              	.LVL57:
 214:main.c        ****         UART_1_WriteTxData(byteReceived); // echo back
 462              		.loc 1 214 0
 463 0010 FFF7FEFF 		bl	UART_1_WriteTxData
 464              	.LVL58:
 215:main.c        ****         
 216:main.c        ****         handleByteReceived(byteReceived);
 465              		.loc 1 216 0
 466 0014 2846     		mov	r0, r5
 467 0016 FFF7FEFF 		bl	handleByteReceived
ARM GAS  C:\Users\magnu\AppData\Local\Temp\cc4FTokg.s 			page 13


 468              	.LVL59:
 217:main.c        ****         
 218:main.c        ****         bytesToRead--;
 469              		.loc 1 218 0
 470 001a 013C     		subs	r4, r4, #1
 471              	.LVL60:
 472 001c E4B2     		uxtb	r4, r4
 473              	.LVL61:
 474              	.L27:
 475              	.LBE4:
 211:main.c        ****     {
 476              		.loc 1 211 0
 477 001e 002C     		cmp	r4, #0
 478 0020 F3D1     		bne	.L28
 219:main.c        ****     }
 220:main.c        **** }
 479              		.loc 1 220 0
 480 0022 38BD     		pop	{r3, r4, r5, pc}
 481              		.cfi_endproc
 482              	.LFE66:
 483              		.size	ISR_UART_rx_handler, .-ISR_UART_rx_handler
 484              		.global	UCstate
 485              		.comm	uartBuffer,256,4
 486              		.section	.rodata.str1.4,"aMS",%progbits,1
 487              		.align	2
 488              	.LC0:
 489 0000 5363616C 		.ascii	"Scale application started\015\012\000"
 489      65206170 
 489      706C6963 
 489      6174696F 
 489      6E207374 
 490              	.LC1:
 491 001c 52656164 		.ascii	"Read value (g) %f\015\012 \000"
 491      2076616C 
 491      75652028 
 491      67292025 
 491      660D0A20 
 492 0031 000000   		.space	3
 493              	.LC2:
 494 0034 52656164 		.ascii	"Read value (g) %d\015\012 \000"
 494      2076616C 
 494      75652028 
 494      67292025 
 494      640D0A20 
 495 0049 000000   		.space	3
 496              	.LC3:
 497 004c 67616D65 		.ascii	"gameReady (g) %d\015\012 \000"
 497      52656164 
 497      79202867 
 497      29202564 
 497      0D0A2000 
 498              	.LC4:
 499 0060 446E6620 		.ascii	"Dnf (g) %d\015\012 \000"
 499      28672920 
 499      25640D0A 
 499      2000
 500 006e 0000     		.space	2
ARM GAS  C:\Users\magnu\AppData\Local\Temp\cc4FTokg.s 			page 14


 501              	.LC5:
 502 0070 74696420 		.ascii	"tid (g) %d\015\012 \000"
 502      28672920 
 502      25640D0A 
 502      2000
 503              		.bss
 504              		.align	2
 505              		.set	.LANCHOR0,. + 0
 506              		.type	UCstate, %object
 507              		.size	UCstate, 4
 508              	UCstate:
 509 0000 00000000 		.space	4
 510              		.text
 511              	.Letext0:
 512              		.file 2 "c:\\program files (x86)\\cypress\\psoc creator\\4.4\\psoc creator\\import\\gnu\\arm\\5.4.
 513              		.file 3 "c:\\program files (x86)\\cypress\\psoc creator\\4.4\\psoc creator\\import\\gnu\\arm\\5.4.
 514              		.file 4 "Generated_Source\\PSoC5/core_cm3.h"
 515              		.file 5 "Loadcell.h"
 516              		.file 6 "c:\\program files (x86)\\cypress\\psoc creator\\4.4\\psoc creator\\import\\gnu\\arm\\5.4.
 517              		.file 7 "Generated_Source\\PSoC5/UART_1.h"
 518              		.file 8 "Timer.h"
 519              		.file 9 "Generated_Source\\PSoC5/CyLib.h"
 520              		.file 10 "Generated_Source\\PSoC5/isr_uart_rx.h"
 521              		.section	.debug_info,"",%progbits
 522              	.Ldebug_info0:
 523 0000 DE060000 		.4byte	0x6de
 524 0004 0400     		.2byte	0x4
 525 0006 00000000 		.4byte	.Ldebug_abbrev0
 526 000a 04       		.byte	0x4
 527 000b 01       		.uleb128 0x1
 528 000c EF000000 		.4byte	.LASF53
 529 0010 0C       		.byte	0xc
 530 0011 1C030000 		.4byte	.LASF54
 531 0015 E5010000 		.4byte	.LASF55
 532 0019 00000000 		.4byte	.Ldebug_ranges0+0
 533 001d 00000000 		.4byte	0
 534 0021 00000000 		.4byte	.Ldebug_line0
 535 0025 02       		.uleb128 0x2
 536 0026 04       		.byte	0x4
 537 0027 04       		.byte	0x4
 538 0028 CE000000 		.4byte	.LASF0
 539 002c 02       		.uleb128 0x2
 540 002d 01       		.byte	0x1
 541 002e 06       		.byte	0x6
 542 002f 7A030000 		.4byte	.LASF1
 543 0033 03       		.uleb128 0x3
 544 0034 29000000 		.4byte	.LASF4
 545 0038 02       		.byte	0x2
 546 0039 1D       		.byte	0x1d
 547 003a 3E000000 		.4byte	0x3e
 548 003e 02       		.uleb128 0x2
 549 003f 01       		.byte	0x1
 550 0040 08       		.byte	0x8
 551 0041 E1000000 		.4byte	.LASF2
 552 0045 02       		.uleb128 0x2
 553 0046 02       		.byte	0x2
 554 0047 05       		.byte	0x5
ARM GAS  C:\Users\magnu\AppData\Local\Temp\cc4FTokg.s 			page 15


 555 0048 28030000 		.4byte	.LASF3
 556 004c 03       		.uleb128 0x3
 557 004d 66020000 		.4byte	.LASF5
 558 0051 02       		.byte	0x2
 559 0052 2B       		.byte	0x2b
 560 0053 57000000 		.4byte	0x57
 561 0057 02       		.uleb128 0x2
 562 0058 02       		.byte	0x2
 563 0059 07       		.byte	0x7
 564 005a 78000000 		.4byte	.LASF6
 565 005e 03       		.uleb128 0x3
 566 005f 59000000 		.4byte	.LASF7
 567 0063 02       		.byte	0x2
 568 0064 3F       		.byte	0x3f
 569 0065 69000000 		.4byte	0x69
 570 0069 02       		.uleb128 0x2
 571 006a 04       		.byte	0x4
 572 006b 05       		.byte	0x5
 573 006c 5D030000 		.4byte	.LASF8
 574 0070 03       		.uleb128 0x3
 575 0071 88020000 		.4byte	.LASF9
 576 0075 02       		.byte	0x2
 577 0076 41       		.byte	0x41
 578 0077 7B000000 		.4byte	0x7b
 579 007b 02       		.uleb128 0x2
 580 007c 04       		.byte	0x4
 581 007d 07       		.byte	0x7
 582 007e A4010000 		.4byte	.LASF10
 583 0082 02       		.uleb128 0x2
 584 0083 08       		.byte	0x8
 585 0084 05       		.byte	0x5
 586 0085 0E030000 		.4byte	.LASF11
 587 0089 02       		.uleb128 0x2
 588 008a 08       		.byte	0x8
 589 008b 07       		.byte	0x7
 590 008c B9020000 		.4byte	.LASF12
 591 0090 04       		.uleb128 0x4
 592 0091 04       		.byte	0x4
 593 0092 05       		.byte	0x5
 594 0093 696E7400 		.ascii	"int\000"
 595 0097 02       		.uleb128 0x2
 596 0098 04       		.byte	0x4
 597 0099 07       		.byte	0x7
 598 009a AC020000 		.4byte	.LASF13
 599 009e 03       		.uleb128 0x3
 600 009f 8B000000 		.4byte	.LASF14
 601 00a3 03       		.byte	0x3
 602 00a4 18       		.byte	0x18
 603 00a5 33000000 		.4byte	0x33
 604 00a9 03       		.uleb128 0x3
 605 00aa 32030000 		.4byte	.LASF15
 606 00ae 03       		.byte	0x3
 607 00af 24       		.byte	0x24
 608 00b0 4C000000 		.4byte	0x4c
 609 00b4 03       		.uleb128 0x3
 610 00b5 F3020000 		.4byte	.LASF16
 611 00b9 03       		.byte	0x3
ARM GAS  C:\Users\magnu\AppData\Local\Temp\cc4FTokg.s 			page 16


 612 00ba 2C       		.byte	0x2c
 613 00bb 5E000000 		.4byte	0x5e
 614 00bf 03       		.uleb128 0x3
 615 00c0 54030000 		.4byte	.LASF17
 616 00c4 03       		.byte	0x3
 617 00c5 30       		.byte	0x30
 618 00c6 70000000 		.4byte	0x70
 619 00ca 02       		.uleb128 0x2
 620 00cb 08       		.byte	0x8
 621 00cc 04       		.byte	0x4
 622 00cd 71020000 		.4byte	.LASF18
 623 00d1 02       		.uleb128 0x2
 624 00d2 01       		.byte	0x1
 625 00d3 08       		.byte	0x8
 626 00d4 23030000 		.4byte	.LASF19
 627 00d8 02       		.uleb128 0x2
 628 00d9 08       		.byte	0x8
 629 00da 04       		.byte	0x4
 630 00db 6E030000 		.4byte	.LASF20
 631 00df 02       		.uleb128 0x2
 632 00e0 04       		.byte	0x4
 633 00e1 07       		.byte	0x7
 634 00e2 FB020000 		.4byte	.LASF21
 635 00e6 05       		.uleb128 0x5
 636 00e7 A7020000 		.4byte	.LASF56
 637 00eb 01       		.byte	0x1
 638 00ec 16       		.byte	0x16
 639 00ed 90000000 		.4byte	0x90
 640 00f1 00000000 		.4byte	.LFB64
 641 00f5 18020000 		.4byte	.LFE64-.LFB64
 642 00f9 01       		.uleb128 0x1
 643 00fa 9C       		.byte	0x9c
 644 00fb 5C050000 		.4byte	0x55c
 645 00ff 06       		.uleb128 0x6
 646 0100 66030000 		.4byte	.LASF22
 647 0104 01       		.byte	0x1
 648 0105 24       		.byte	0x24
 649 0106 90000000 		.4byte	0x90
 650 010a 32       		.byte	0x32
 651 010b 07       		.uleb128 0x7
 652 010c D0020000 		.4byte	.LASF23
 653 0110 01       		.byte	0x1
 654 0111 25       		.byte	0x25
 655 0112 25000000 		.4byte	0x25
 656 0116 04       		.byte	0x4
 657 0117 00802443 		.4byte	0x43248000
 658 011b 07       		.uleb128 0x7
 659 011c 93020000 		.4byte	.LASF24
 660 0120 01       		.byte	0x1
 661 0121 26       		.byte	0x26
 662 0122 25000000 		.4byte	0x25
 663 0126 04       		.byte	0x4
 664 0127 06819540 		.4byte	0x40958106
 665 012b 06       		.uleb128 0x6
 666 012c 21000000 		.4byte	.LASF25
 667 0130 01       		.byte	0x1
 668 0131 27       		.byte	0x27
ARM GAS  C:\Users\magnu\AppData\Local\Temp\cc4FTokg.s 			page 17


 669 0132 90000000 		.4byte	0x90
 670 0136 00       		.byte	0
 671 0137 08       		.uleb128 0x8
 672 0138 63000000 		.4byte	.LASF26
 673 013c 01       		.byte	0x1
 674 013d 28       		.byte	0x28
 675 013e A9000000 		.4byte	0xa9
 676 0142 00000000 		.4byte	.LLST0
 677 0146 08       		.uleb128 0x8
 678 0147 04030000 		.4byte	.LASF27
 679 014b 01       		.byte	0x1
 680 014c 29       		.byte	0x29
 681 014d A9000000 		.4byte	0xa9
 682 0151 29000000 		.4byte	.LLST1
 683 0155 08       		.uleb128 0x8
 684 0156 93000000 		.4byte	.LASF28
 685 015a 01       		.byte	0x1
 686 015b 2A       		.byte	0x2a
 687 015c A9000000 		.4byte	0xa9
 688 0160 3C000000 		.4byte	.LLST2
 689 0164 09       		.uleb128 0x9
 690 0165 646E6600 		.ascii	"dnf\000"
 691 0169 01       		.byte	0x1
 692 016a 2B       		.byte	0x2b
 693 016b A9000000 		.4byte	0xa9
 694 016f 50000000 		.4byte	.LLST3
 695 0173 09       		.uleb128 0x9
 696 0174 74696400 		.ascii	"tid\000"
 697 0178 01       		.byte	0x1
 698 0179 2C       		.byte	0x2c
 699 017a BF000000 		.4byte	0xbf
 700 017e 63000000 		.4byte	.LLST4
 701 0182 0A       		.uleb128 0xa
 702 0183 38000000 		.4byte	.LBB2
 703 0187 28000000 		.4byte	.LBE2-.LBB2
 704 018b FA010000 		.4byte	0x1fa
 705 018f 08       		.uleb128 0x8
 706 0190 B3000000 		.4byte	.LASF29
 707 0194 01       		.byte	0x1
 708 0195 4E       		.byte	0x4e
 709 0196 25000000 		.4byte	0x25
 710 019a 81000000 		.4byte	.LLST5
 711 019e 0B       		.uleb128 0xb
 712 019f 44000000 		.4byte	.LVL6
 713 01a3 3C060000 		.4byte	0x63c
 714 01a7 C5010000 		.4byte	0x1c5
 715 01ab 0C       		.uleb128 0xc
 716 01ac 01       		.uleb128 0x1
 717 01ad 50       		.byte	0x50
 718 01ae 02       		.uleb128 0x2
 719 01af 08       		.byte	0x8
 720 01b0 32       		.byte	0x32
 721 01b1 0C       		.uleb128 0xc
 722 01b2 01       		.uleb128 0x1
 723 01b3 51       		.byte	0x51
 724 01b4 03       		.uleb128 0x3
 725 01b5 F5       		.byte	0xf5
ARM GAS  C:\Users\magnu\AppData\Local\Temp\cc4FTokg.s 			page 18


 726 01b6 04       		.uleb128 0x4
 727 01b7 25       		.uleb128 0x25
 728 01b8 0C       		.uleb128 0xc
 729 01b9 01       		.uleb128 0x1
 730 01ba 52       		.byte	0x52
 731 01bb 03       		.uleb128 0x3
 732 01bc F5       		.byte	0xf5
 733 01bd 05       		.uleb128 0x5
 734 01be 25       		.uleb128 0x25
 735 01bf 0C       		.uleb128 0xc
 736 01c0 01       		.uleb128 0x1
 737 01c1 53       		.byte	0x53
 738 01c2 01       		.uleb128 0x1
 739 01c3 30       		.byte	0x30
 740 01c4 00       		.byte	0
 741 01c5 0B       		.uleb128 0xb
 742 01c6 5A000000 		.4byte	.LVL8
 743 01ca 47060000 		.4byte	0x647
 744 01ce E9010000 		.4byte	0x1e9
 745 01d2 0C       		.uleb128 0xc
 746 01d3 01       		.uleb128 0x1
 747 01d4 50       		.byte	0x50
 748 01d5 02       		.uleb128 0x2
 749 01d6 74       		.byte	0x74
 750 01d7 00       		.sleb128 0
 751 01d8 0C       		.uleb128 0xc
 752 01d9 01       		.uleb128 0x1
 753 01da 51       		.byte	0x51
 754 01db 03       		.uleb128 0x3
 755 01dc 0A       		.byte	0xa
 756 01dd 0001     		.2byte	0x100
 757 01df 0C       		.uleb128 0xc
 758 01e0 01       		.uleb128 0x1
 759 01e1 52       		.byte	0x52
 760 01e2 05       		.uleb128 0x5
 761 01e3 03       		.byte	0x3
 762 01e4 1C000000 		.4byte	.LC1
 763 01e8 00       		.byte	0
 764 01e9 0D       		.uleb128 0xd
 765 01ea 60000000 		.4byte	.LVL9
 766 01ee 52060000 		.4byte	0x652
 767 01f2 0C       		.uleb128 0xc
 768 01f3 01       		.uleb128 0x1
 769 01f4 50       		.byte	0x50
 770 01f5 02       		.uleb128 0x2
 771 01f6 74       		.byte	0x74
 772 01f7 00       		.sleb128 0
 773 01f8 00       		.byte	0
 774 01f9 00       		.byte	0
 775 01fa 0A       		.uleb128 0xa
 776 01fb DC000000 		.4byte	.LBB3
 777 01ff 3C010000 		.4byte	.LBE3-.LBB3
 778 0203 1C040000 		.4byte	0x41c
 779 0207 08       		.uleb128 0x8
 780 0208 C3000000 		.4byte	.LASF30
 781 020c 01       		.byte	0x1
 782 020d 91       		.byte	0x91
ARM GAS  C:\Users\magnu\AppData\Local\Temp\cc4FTokg.s 			page 19


 783 020e 90000000 		.4byte	0x90
 784 0212 94000000 		.4byte	.LLST6
 785 0216 0B       		.uleb128 0xb
 786 0217 E8000000 		.4byte	.LVL21
 787 021b 3C060000 		.4byte	0x63c
 788 021f 2F020000 		.4byte	0x22f
 789 0223 0C       		.uleb128 0xc
 790 0224 01       		.uleb128 0x1
 791 0225 50       		.byte	0x50
 792 0226 02       		.uleb128 0x2
 793 0227 08       		.byte	0x8
 794 0228 32       		.byte	0x32
 795 0229 0C       		.uleb128 0xc
 796 022a 01       		.uleb128 0x1
 797 022b 53       		.byte	0x53
 798 022c 01       		.uleb128 0x1
 799 022d 30       		.byte	0x30
 800 022e 00       		.byte	0
 801 022f 0B       		.uleb128 0xb
 802 0230 FE000000 		.4byte	.LVL24
 803 0234 47060000 		.4byte	0x647
 804 0238 59020000 		.4byte	0x259
 805 023c 0C       		.uleb128 0xc
 806 023d 01       		.uleb128 0x1
 807 023e 50       		.byte	0x50
 808 023f 02       		.uleb128 0x2
 809 0240 75       		.byte	0x75
 810 0241 00       		.sleb128 0
 811 0242 0C       		.uleb128 0xc
 812 0243 01       		.uleb128 0x1
 813 0244 51       		.byte	0x51
 814 0245 03       		.uleb128 0x3
 815 0246 0A       		.byte	0xa
 816 0247 0001     		.2byte	0x100
 817 0249 0C       		.uleb128 0xc
 818 024a 01       		.uleb128 0x1
 819 024b 52       		.byte	0x52
 820 024c 05       		.uleb128 0x5
 821 024d 03       		.byte	0x3
 822 024e 34000000 		.4byte	.LC2
 823 0252 0C       		.uleb128 0xc
 824 0253 01       		.uleb128 0x1
 825 0254 53       		.byte	0x53
 826 0255 02       		.uleb128 0x2
 827 0256 74       		.byte	0x74
 828 0257 00       		.sleb128 0
 829 0258 00       		.byte	0
 830 0259 0B       		.uleb128 0xb
 831 025a 04010000 		.4byte	.LVL25
 832 025e 52060000 		.4byte	0x652
 833 0262 6D020000 		.4byte	0x26d
 834 0266 0C       		.uleb128 0xc
 835 0267 01       		.uleb128 0x1
 836 0268 50       		.byte	0x50
 837 0269 02       		.uleb128 0x2
 838 026a 75       		.byte	0x75
 839 026b 00       		.sleb128 0
ARM GAS  C:\Users\magnu\AppData\Local\Temp\cc4FTokg.s 			page 20


 840 026c 00       		.byte	0
 841 026d 0B       		.uleb128 0xb
 842 026e 1E010000 		.4byte	.LVL27
 843 0272 47060000 		.4byte	0x647
 844 0276 97020000 		.4byte	0x297
 845 027a 0C       		.uleb128 0xc
 846 027b 01       		.uleb128 0x1
 847 027c 50       		.byte	0x50
 848 027d 02       		.uleb128 0x2
 849 027e 75       		.byte	0x75
 850 027f 00       		.sleb128 0
 851 0280 0C       		.uleb128 0xc
 852 0281 01       		.uleb128 0x1
 853 0282 51       		.byte	0x51
 854 0283 03       		.uleb128 0x3
 855 0284 0A       		.byte	0xa
 856 0285 0001     		.2byte	0x100
 857 0287 0C       		.uleb128 0xc
 858 0288 01       		.uleb128 0x1
 859 0289 52       		.byte	0x52
 860 028a 05       		.uleb128 0x5
 861 028b 03       		.byte	0x3
 862 028c 60000000 		.4byte	.LC4
 863 0290 0C       		.uleb128 0xc
 864 0291 01       		.uleb128 0x1
 865 0292 53       		.byte	0x53
 866 0293 02       		.uleb128 0x2
 867 0294 76       		.byte	0x76
 868 0295 00       		.sleb128 0
 869 0296 00       		.byte	0
 870 0297 0B       		.uleb128 0xb
 871 0298 24010000 		.4byte	.LVL28
 872 029c 52060000 		.4byte	0x652
 873 02a0 AB020000 		.4byte	0x2ab
 874 02a4 0C       		.uleb128 0xc
 875 02a5 01       		.uleb128 0x1
 876 02a6 50       		.byte	0x50
 877 02a7 02       		.uleb128 0x2
 878 02a8 75       		.byte	0x75
 879 02a9 00       		.sleb128 0
 880 02aa 00       		.byte	0
 881 02ab 0E       		.uleb128 0xe
 882 02ac 28010000 		.4byte	.LVL29
 883 02b0 5D060000 		.4byte	0x65d
 884 02b4 0B       		.uleb128 0xb
 885 02b5 36010000 		.4byte	.LVL30
 886 02b9 3C060000 		.4byte	0x63c
 887 02bd CD020000 		.4byte	0x2cd
 888 02c1 0C       		.uleb128 0xc
 889 02c2 01       		.uleb128 0x1
 890 02c3 50       		.byte	0x50
 891 02c4 02       		.uleb128 0x2
 892 02c5 08       		.byte	0x8
 893 02c6 32       		.byte	0x32
 894 02c7 0C       		.uleb128 0xc
 895 02c8 01       		.uleb128 0x1
 896 02c9 53       		.byte	0x53
ARM GAS  C:\Users\magnu\AppData\Local\Temp\cc4FTokg.s 			page 21


 897 02ca 01       		.uleb128 0x1
 898 02cb 30       		.byte	0x30
 899 02cc 00       		.byte	0
 900 02cd 0B       		.uleb128 0xb
 901 02ce 50010000 		.4byte	.LVL33
 902 02d2 68060000 		.4byte	0x668
 903 02d6 EE020000 		.4byte	0x2ee
 904 02da 0C       		.uleb128 0xc
 905 02db 01       		.uleb128 0x1
 906 02dc 50       		.byte	0x50
 907 02dd 03       		.uleb128 0x3
 908 02de F5       		.byte	0xf5
 909 02df 07       		.uleb128 0x7
 910 02e0 25       		.uleb128 0x25
 911 02e1 0C       		.uleb128 0xc
 912 02e2 01       		.uleb128 0x1
 913 02e3 51       		.byte	0x51
 914 02e4 03       		.uleb128 0x3
 915 02e5 F5       		.byte	0xf5
 916 02e6 08       		.uleb128 0x8
 917 02e7 25       		.uleb128 0x25
 918 02e8 0C       		.uleb128 0xc
 919 02e9 01       		.uleb128 0x1
 920 02ea 52       		.byte	0x52
 921 02eb 01       		.uleb128 0x1
 922 02ec 30       		.byte	0x30
 923 02ed 00       		.byte	0
 924 02ee 0E       		.uleb128 0xe
 925 02ef 54010000 		.4byte	.LVL34
 926 02f3 73060000 		.4byte	0x673
 927 02f7 0B       		.uleb128 0xb
 928 02f8 7A010000 		.4byte	.LVL39
 929 02fc 47060000 		.4byte	0x647
 930 0300 18030000 		.4byte	0x318
 931 0304 0C       		.uleb128 0xc
 932 0305 01       		.uleb128 0x1
 933 0306 50       		.byte	0x50
 934 0307 02       		.uleb128 0x2
 935 0308 74       		.byte	0x74
 936 0309 00       		.sleb128 0
 937 030a 0C       		.uleb128 0xc
 938 030b 01       		.uleb128 0x1
 939 030c 51       		.byte	0x51
 940 030d 03       		.uleb128 0x3
 941 030e 0A       		.byte	0xa
 942 030f 0001     		.2byte	0x100
 943 0311 0C       		.uleb128 0xc
 944 0312 01       		.uleb128 0x1
 945 0313 52       		.byte	0x52
 946 0314 02       		.uleb128 0x2
 947 0315 79       		.byte	0x79
 948 0316 00       		.sleb128 0
 949 0317 00       		.byte	0
 950 0318 0B       		.uleb128 0xb
 951 0319 80010000 		.4byte	.LVL40
 952 031d 52060000 		.4byte	0x652
 953 0321 2C030000 		.4byte	0x32c
ARM GAS  C:\Users\magnu\AppData\Local\Temp\cc4FTokg.s 			page 22


 954 0325 0C       		.uleb128 0xc
 955 0326 01       		.uleb128 0x1
 956 0327 50       		.byte	0x50
 957 0328 02       		.uleb128 0x2
 958 0329 74       		.byte	0x74
 959 032a 00       		.sleb128 0
 960 032b 00       		.byte	0
 961 032c 0B       		.uleb128 0xb
 962 032d 8E010000 		.4byte	.LVL41
 963 0331 47060000 		.4byte	0x647
 964 0335 53030000 		.4byte	0x353
 965 0339 0C       		.uleb128 0xc
 966 033a 01       		.uleb128 0x1
 967 033b 50       		.byte	0x50
 968 033c 02       		.uleb128 0x2
 969 033d 74       		.byte	0x74
 970 033e 00       		.sleb128 0
 971 033f 0C       		.uleb128 0xc
 972 0340 01       		.uleb128 0x1
 973 0341 51       		.byte	0x51
 974 0342 03       		.uleb128 0x3
 975 0343 0A       		.byte	0xa
 976 0344 0001     		.2byte	0x100
 977 0346 0C       		.uleb128 0xc
 978 0347 01       		.uleb128 0x1
 979 0348 52       		.byte	0x52
 980 0349 02       		.uleb128 0x2
 981 034a 79       		.byte	0x79
 982 034b 00       		.sleb128 0
 983 034c 0C       		.uleb128 0xc
 984 034d 01       		.uleb128 0x1
 985 034e 53       		.byte	0x53
 986 034f 02       		.uleb128 0x2
 987 0350 75       		.byte	0x75
 988 0351 00       		.sleb128 0
 989 0352 00       		.byte	0
 990 0353 0B       		.uleb128 0xb
 991 0354 94010000 		.4byte	.LVL42
 992 0358 52060000 		.4byte	0x652
 993 035c 67030000 		.4byte	0x367
 994 0360 0C       		.uleb128 0xc
 995 0361 01       		.uleb128 0x1
 996 0362 50       		.byte	0x50
 997 0363 02       		.uleb128 0x2
 998 0364 74       		.byte	0x74
 999 0365 00       		.sleb128 0
 1000 0366 00       		.byte	0
 1001 0367 0B       		.uleb128 0xb
 1002 0368 9C010000 		.4byte	.LVL43
 1003 036c 7E060000 		.4byte	0x67e
 1004 0370 7C030000 		.4byte	0x37c
 1005 0374 0C       		.uleb128 0xc
 1006 0375 01       		.uleb128 0x1
 1007 0376 50       		.byte	0x50
 1008 0377 03       		.uleb128 0x3
 1009 0378 0A       		.byte	0xa
 1010 0379 8813     		.2byte	0x1388
ARM GAS  C:\Users\magnu\AppData\Local\Temp\cc4FTokg.s 			page 23


 1011 037b 00       		.byte	0
 1012 037c 0B       		.uleb128 0xb
 1013 037d A8010000 		.4byte	.LVL44
 1014 0381 3C060000 		.4byte	0x63c
 1015 0385 A3030000 		.4byte	0x3a3
 1016 0389 0C       		.uleb128 0xc
 1017 038a 01       		.uleb128 0x1
 1018 038b 50       		.byte	0x50
 1019 038c 02       		.uleb128 0x2
 1020 038d 08       		.byte	0x8
 1021 038e 32       		.byte	0x32
 1022 038f 0C       		.uleb128 0xc
 1023 0390 01       		.uleb128 0x1
 1024 0391 51       		.byte	0x51
 1025 0392 03       		.uleb128 0x3
 1026 0393 F5       		.byte	0xf5
 1027 0394 07       		.uleb128 0x7
 1028 0395 25       		.uleb128 0x25
 1029 0396 0C       		.uleb128 0xc
 1030 0397 01       		.uleb128 0x1
 1031 0398 52       		.byte	0x52
 1032 0399 03       		.uleb128 0x3
 1033 039a F5       		.byte	0xf5
 1034 039b 08       		.uleb128 0x8
 1035 039c 25       		.uleb128 0x25
 1036 039d 0C       		.uleb128 0xc
 1037 039e 01       		.uleb128 0x1
 1038 039f 53       		.byte	0x53
 1039 03a0 01       		.uleb128 0x1
 1040 03a1 30       		.byte	0x30
 1041 03a2 00       		.byte	0
 1042 03a3 0B       		.uleb128 0xb
 1043 03a4 BC010000 		.4byte	.LVL47
 1044 03a8 47060000 		.4byte	0x647
 1045 03ac CD030000 		.4byte	0x3cd
 1046 03b0 0C       		.uleb128 0xc
 1047 03b1 01       		.uleb128 0x1
 1048 03b2 50       		.byte	0x50
 1049 03b3 02       		.uleb128 0x2
 1050 03b4 74       		.byte	0x74
 1051 03b5 00       		.sleb128 0
 1052 03b6 0C       		.uleb128 0xc
 1053 03b7 01       		.uleb128 0x1
 1054 03b8 51       		.byte	0x51
 1055 03b9 03       		.uleb128 0x3
 1056 03ba 0A       		.byte	0xa
 1057 03bb 0001     		.2byte	0x100
 1058 03bd 0C       		.uleb128 0xc
 1059 03be 01       		.uleb128 0x1
 1060 03bf 52       		.byte	0x52
 1061 03c0 05       		.uleb128 0x5
 1062 03c1 03       		.byte	0x3
 1063 03c2 34000000 		.4byte	.LC2
 1064 03c6 0C       		.uleb128 0xc
 1065 03c7 01       		.uleb128 0x1
 1066 03c8 53       		.byte	0x53
 1067 03c9 02       		.uleb128 0x2
ARM GAS  C:\Users\magnu\AppData\Local\Temp\cc4FTokg.s 			page 24


 1068 03ca 75       		.byte	0x75
 1069 03cb 00       		.sleb128 0
 1070 03cc 00       		.byte	0
 1071 03cd 0B       		.uleb128 0xb
 1072 03ce C2010000 		.4byte	.LVL48
 1073 03d2 52060000 		.4byte	0x652
 1074 03d6 E1030000 		.4byte	0x3e1
 1075 03da 0C       		.uleb128 0xc
 1076 03db 01       		.uleb128 0x1
 1077 03dc 50       		.byte	0x50
 1078 03dd 02       		.uleb128 0x2
 1079 03de 74       		.byte	0x74
 1080 03df 00       		.sleb128 0
 1081 03e0 00       		.byte	0
 1082 03e1 0B       		.uleb128 0xb
 1083 03e2 DA010000 		.4byte	.LVL50
 1084 03e6 47060000 		.4byte	0x647
 1085 03ea 0B040000 		.4byte	0x40b
 1086 03ee 0C       		.uleb128 0xc
 1087 03ef 01       		.uleb128 0x1
 1088 03f0 50       		.byte	0x50
 1089 03f1 02       		.uleb128 0x2
 1090 03f2 74       		.byte	0x74
 1091 03f3 00       		.sleb128 0
 1092 03f4 0C       		.uleb128 0xc
 1093 03f5 01       		.uleb128 0x1
 1094 03f6 51       		.byte	0x51
 1095 03f7 03       		.uleb128 0x3
 1096 03f8 0A       		.byte	0xa
 1097 03f9 0001     		.2byte	0x100
 1098 03fb 0C       		.uleb128 0xc
 1099 03fc 01       		.uleb128 0x1
 1100 03fd 52       		.byte	0x52
 1101 03fe 05       		.uleb128 0x5
 1102 03ff 03       		.byte	0x3
 1103 0400 60000000 		.4byte	.LC4
 1104 0404 0C       		.uleb128 0xc
 1105 0405 01       		.uleb128 0x1
 1106 0406 53       		.byte	0x53
 1107 0407 02       		.uleb128 0x2
 1108 0408 76       		.byte	0x76
 1109 0409 00       		.sleb128 0
 1110 040a 00       		.byte	0
 1111 040b 0D       		.uleb128 0xd
 1112 040c E0010000 		.4byte	.LVL51
 1113 0410 52060000 		.4byte	0x652
 1114 0414 0C       		.uleb128 0xc
 1115 0415 01       		.uleb128 0x1
 1116 0416 50       		.byte	0x50
 1117 0417 02       		.uleb128 0x2
 1118 0418 74       		.byte	0x74
 1119 0419 00       		.sleb128 0
 1120 041a 00       		.byte	0
 1121 041b 00       		.byte	0
 1122 041c 0B       		.uleb128 0xb
 1123 041d 0E000000 		.4byte	.LVL0
 1124 0421 89060000 		.4byte	0x689
ARM GAS  C:\Users\magnu\AppData\Local\Temp\cc4FTokg.s 			page 25


 1125 0425 33040000 		.4byte	0x433
 1126 0429 0C       		.uleb128 0xc
 1127 042a 01       		.uleb128 0x1
 1128 042b 50       		.byte	0x50
 1129 042c 05       		.uleb128 0x5
 1130 042d 03       		.byte	0x3
 1131 042e 00000000 		.4byte	ISR_UART_rx_handler
 1132 0432 00       		.byte	0
 1133 0433 0E       		.uleb128 0xe
 1134 0434 12000000 		.4byte	.LVL1
 1135 0438 94060000 		.4byte	0x694
 1136 043c 0E       		.uleb128 0xe
 1137 043d 16000000 		.4byte	.LVL2
 1138 0441 9F060000 		.4byte	0x69f
 1139 0445 0E       		.uleb128 0xe
 1140 0446 1A000000 		.4byte	.LVL3
 1141 044a AA060000 		.4byte	0x6aa
 1142 044e 0B       		.uleb128 0xb
 1143 044f 20000000 		.4byte	.LVL4
 1144 0453 52060000 		.4byte	0x652
 1145 0457 65040000 		.4byte	0x465
 1146 045b 0C       		.uleb128 0xc
 1147 045c 01       		.uleb128 0x1
 1148 045d 50       		.byte	0x50
 1149 045e 05       		.uleb128 0x5
 1150 045f 03       		.byte	0x3
 1151 0460 00000000 		.4byte	.LC0
 1152 0464 00       		.byte	0
 1153 0465 0B       		.uleb128 0xb
 1154 0466 38000000 		.4byte	.LVL5
 1155 046a B5060000 		.4byte	0x6b5
 1156 046e 8C040000 		.4byte	0x48c
 1157 0472 0C       		.uleb128 0xc
 1158 0473 01       		.uleb128 0x1
 1159 0474 50       		.byte	0x50
 1160 0475 02       		.uleb128 0x2
 1161 0476 08       		.byte	0x8
 1162 0477 32       		.byte	0x32
 1163 0478 0C       		.uleb128 0xc
 1164 0479 01       		.uleb128 0x1
 1165 047a 51       		.byte	0x51
 1166 047b 03       		.uleb128 0x3
 1167 047c F5       		.byte	0xf5
 1168 047d 04       		.uleb128 0x4
 1169 047e 25       		.uleb128 0x25
 1170 047f 0C       		.uleb128 0xc
 1171 0480 01       		.uleb128 0x1
 1172 0481 52       		.byte	0x52
 1173 0482 03       		.uleb128 0x3
 1174 0483 F5       		.byte	0xf5
 1175 0484 05       		.uleb128 0x5
 1176 0485 25       		.uleb128 0x25
 1177 0486 0C       		.uleb128 0xc
 1178 0487 01       		.uleb128 0x1
 1179 0488 53       		.byte	0x53
 1180 0489 01       		.uleb128 0x1
 1181 048a 30       		.byte	0x30
ARM GAS  C:\Users\magnu\AppData\Local\Temp\cc4FTokg.s 			page 26


 1182 048b 00       		.byte	0
 1183 048c 0B       		.uleb128 0xb
 1184 048d 7C000000 		.4byte	.LVL10
 1185 0491 68060000 		.4byte	0x668
 1186 0495 AD040000 		.4byte	0x4ad
 1187 0499 0C       		.uleb128 0xc
 1188 049a 01       		.uleb128 0x1
 1189 049b 50       		.byte	0x50
 1190 049c 03       		.uleb128 0x3
 1191 049d F5       		.byte	0xf5
 1192 049e 04       		.uleb128 0x4
 1193 049f 25       		.uleb128 0x25
 1194 04a0 0C       		.uleb128 0xc
 1195 04a1 01       		.uleb128 0x1
 1196 04a2 51       		.byte	0x51
 1197 04a3 03       		.uleb128 0x3
 1198 04a4 F5       		.byte	0xf5
 1199 04a5 05       		.uleb128 0x5
 1200 04a6 25       		.uleb128 0x25
 1201 04a7 0C       		.uleb128 0xc
 1202 04a8 01       		.uleb128 0x1
 1203 04a9 52       		.byte	0x52
 1204 04aa 01       		.uleb128 0x1
 1205 04ab 30       		.byte	0x30
 1206 04ac 00       		.byte	0
 1207 04ad 0B       		.uleb128 0xb
 1208 04ae 84000000 		.4byte	.LVL11
 1209 04b2 7E060000 		.4byte	0x67e
 1210 04b6 C2040000 		.4byte	0x4c2
 1211 04ba 0C       		.uleb128 0xc
 1212 04bb 01       		.uleb128 0x1
 1213 04bc 50       		.byte	0x50
 1214 04bd 03       		.uleb128 0x3
 1215 04be 0A       		.byte	0xa
 1216 04bf B80B     		.2byte	0xbb8
 1217 04c1 00       		.byte	0
 1218 04c2 0B       		.uleb128 0xb
 1219 04c3 90000000 		.4byte	.LVL12
 1220 04c7 3C060000 		.4byte	0x63c
 1221 04cb E9040000 		.4byte	0x4e9
 1222 04cf 0C       		.uleb128 0xc
 1223 04d0 01       		.uleb128 0x1
 1224 04d1 50       		.byte	0x50
 1225 04d2 02       		.uleb128 0x2
 1226 04d3 08       		.byte	0x8
 1227 04d4 32       		.byte	0x32
 1228 04d5 0C       		.uleb128 0xc
 1229 04d6 01       		.uleb128 0x1
 1230 04d7 51       		.byte	0x51
 1231 04d8 03       		.uleb128 0x3
 1232 04d9 F5       		.byte	0xf5
 1233 04da 04       		.uleb128 0x4
 1234 04db 25       		.uleb128 0x25
 1235 04dc 0C       		.uleb128 0xc
 1236 04dd 01       		.uleb128 0x1
 1237 04de 52       		.byte	0x52
 1238 04df 03       		.uleb128 0x3
ARM GAS  C:\Users\magnu\AppData\Local\Temp\cc4FTokg.s 			page 27


 1239 04e0 F5       		.byte	0xf5
 1240 04e1 05       		.uleb128 0x5
 1241 04e2 25       		.uleb128 0x25
 1242 04e3 0C       		.uleb128 0xc
 1243 04e4 01       		.uleb128 0x1
 1244 04e5 53       		.byte	0x53
 1245 04e6 01       		.uleb128 0x1
 1246 04e7 30       		.byte	0x30
 1247 04e8 00       		.byte	0
 1248 04e9 0B       		.uleb128 0xb
 1249 04ea A6000000 		.4byte	.LVL15
 1250 04ee 47060000 		.4byte	0x647
 1251 04f2 13050000 		.4byte	0x513
 1252 04f6 0C       		.uleb128 0xc
 1253 04f7 01       		.uleb128 0x1
 1254 04f8 50       		.byte	0x50
 1255 04f9 02       		.uleb128 0x2
 1256 04fa 75       		.byte	0x75
 1257 04fb 00       		.sleb128 0
 1258 04fc 0C       		.uleb128 0xc
 1259 04fd 01       		.uleb128 0x1
 1260 04fe 51       		.byte	0x51
 1261 04ff 03       		.uleb128 0x3
 1262 0500 0A       		.byte	0xa
 1263 0501 0001     		.2byte	0x100
 1264 0503 0C       		.uleb128 0xc
 1265 0504 01       		.uleb128 0x1
 1266 0505 52       		.byte	0x52
 1267 0506 05       		.uleb128 0x5
 1268 0507 03       		.byte	0x3
 1269 0508 34000000 		.4byte	.LC2
 1270 050c 0C       		.uleb128 0xc
 1271 050d 01       		.uleb128 0x1
 1272 050e 53       		.byte	0x53
 1273 050f 02       		.uleb128 0x2
 1274 0510 74       		.byte	0x74
 1275 0511 00       		.sleb128 0
 1276 0512 00       		.byte	0
 1277 0513 0B       		.uleb128 0xb
 1278 0514 AC000000 		.4byte	.LVL16
 1279 0518 52060000 		.4byte	0x652
 1280 051c 27050000 		.4byte	0x527
 1281 0520 0C       		.uleb128 0xc
 1282 0521 01       		.uleb128 0x1
 1283 0522 50       		.byte	0x50
 1284 0523 02       		.uleb128 0x2
 1285 0524 75       		.byte	0x75
 1286 0525 00       		.sleb128 0
 1287 0526 00       		.byte	0
 1288 0527 0B       		.uleb128 0xb
 1289 0528 C8000000 		.4byte	.LVL19
 1290 052c 47060000 		.4byte	0x647
 1291 0530 4B050000 		.4byte	0x54b
 1292 0534 0C       		.uleb128 0xc
 1293 0535 01       		.uleb128 0x1
 1294 0536 50       		.byte	0x50
 1295 0537 02       		.uleb128 0x2
ARM GAS  C:\Users\magnu\AppData\Local\Temp\cc4FTokg.s 			page 28


 1296 0538 75       		.byte	0x75
 1297 0539 00       		.sleb128 0
 1298 053a 0C       		.uleb128 0xc
 1299 053b 01       		.uleb128 0x1
 1300 053c 51       		.byte	0x51
 1301 053d 03       		.uleb128 0x3
 1302 053e 0A       		.byte	0xa
 1303 053f 0001     		.2byte	0x100
 1304 0541 0C       		.uleb128 0xc
 1305 0542 01       		.uleb128 0x1
 1306 0543 52       		.byte	0x52
 1307 0544 05       		.uleb128 0x5
 1308 0545 03       		.byte	0x3
 1309 0546 4C000000 		.4byte	.LC3
 1310 054a 00       		.byte	0
 1311 054b 0D       		.uleb128 0xd
 1312 054c CE000000 		.4byte	.LVL20
 1313 0550 52060000 		.4byte	0x652
 1314 0554 0C       		.uleb128 0xc
 1315 0555 01       		.uleb128 0x1
 1316 0556 50       		.byte	0x50
 1317 0557 02       		.uleb128 0x2
 1318 0558 75       		.byte	0x75
 1319 0559 00       		.sleb128 0
 1320 055a 00       		.byte	0
 1321 055b 00       		.byte	0
 1322 055c 0F       		.uleb128 0xf
 1323 055d C8010000 		.4byte	.LASF31
 1324 0561 01       		.byte	0x1
 1325 0562 AF       		.byte	0xaf
 1326 0563 00000000 		.4byte	.LFB65
 1327 0567 34000000 		.4byte	.LFE65-.LFB65
 1328 056b 01       		.uleb128 0x1
 1329 056c 9C       		.byte	0x9c
 1330 056d 81050000 		.4byte	0x581
 1331 0571 10       		.uleb128 0x10
 1332 0572 D4000000 		.4byte	.LASF34
 1333 0576 01       		.byte	0x1
 1334 0577 AF       		.byte	0xaf
 1335 0578 9E000000 		.4byte	0x9e
 1336 057c A7000000 		.4byte	.LLST7
 1337 0580 00       		.byte	0
 1338 0581 0F       		.uleb128 0xf
 1339 0582 90010000 		.4byte	.LASF32
 1340 0586 01       		.byte	0x1
 1341 0587 CF       		.byte	0xcf
 1342 0588 00000000 		.4byte	.LFB66
 1343 058c 24000000 		.4byte	.LFE66-.LFB66
 1344 0590 01       		.uleb128 0x1
 1345 0591 9C       		.byte	0x9c
 1346 0592 F9050000 		.4byte	0x5f9
 1347 0596 08       		.uleb128 0x8
 1348 0597 9C000000 		.4byte	.LASF33
 1349 059b 01       		.byte	0x1
 1350 059c D2       		.byte	0xd2
 1351 059d 9E000000 		.4byte	0x9e
 1352 05a1 C8000000 		.4byte	.LLST8
ARM GAS  C:\Users\magnu\AppData\Local\Temp\cc4FTokg.s 			page 29


 1353 05a5 0A       		.uleb128 0xa
 1354 05a6 0A000000 		.4byte	.LBB4
 1355 05aa 14000000 		.4byte	.LBE4-.LBB4
 1356 05ae EF050000 		.4byte	0x5ef
 1357 05b2 08       		.uleb128 0x8
 1358 05b3 D4000000 		.4byte	.LASF34
 1359 05b7 01       		.byte	0x1
 1360 05b8 D5       		.byte	0xd5
 1361 05b9 9E000000 		.4byte	0x9e
 1362 05bd E6000000 		.4byte	.LLST9
 1363 05c1 0E       		.uleb128 0xe
 1364 05c2 0E000000 		.4byte	.LVL56
 1365 05c6 C0060000 		.4byte	0x6c0
 1366 05ca 0B       		.uleb128 0xb
 1367 05cb 14000000 		.4byte	.LVL58
 1368 05cf CB060000 		.4byte	0x6cb
 1369 05d3 DE050000 		.4byte	0x5de
 1370 05d7 0C       		.uleb128 0xc
 1371 05d8 01       		.uleb128 0x1
 1372 05d9 50       		.byte	0x50
 1373 05da 02       		.uleb128 0x2
 1374 05db 75       		.byte	0x75
 1375 05dc 00       		.sleb128 0
 1376 05dd 00       		.byte	0
 1377 05de 0D       		.uleb128 0xd
 1378 05df 1A000000 		.4byte	.LVL59
 1379 05e3 5C050000 		.4byte	0x55c
 1380 05e7 0C       		.uleb128 0xc
 1381 05e8 01       		.uleb128 0x1
 1382 05e9 50       		.byte	0x50
 1383 05ea 02       		.uleb128 0x2
 1384 05eb 75       		.byte	0x75
 1385 05ec 00       		.sleb128 0
 1386 05ed 00       		.byte	0
 1387 05ee 00       		.byte	0
 1388 05ef 0E       		.uleb128 0xe
 1389 05f0 06000000 		.4byte	.LVL54
 1390 05f4 D6060000 		.4byte	0x6d6
 1391 05f8 00       		.byte	0
 1392 05f9 11       		.uleb128 0x11
 1393 05fa 59020000 		.4byte	.LASF35
 1394 05fe 04       		.byte	0x4
 1395 05ff 1207     		.2byte	0x712
 1396 0601 05060000 		.4byte	0x605
 1397 0605 12       		.uleb128 0x12
 1398 0606 B4000000 		.4byte	0xb4
 1399 060a 13       		.uleb128 0x13
 1400 060b D1000000 		.4byte	0xd1
 1401 060f 1A060000 		.4byte	0x61a
 1402 0613 14       		.uleb128 0x14
 1403 0614 DF000000 		.4byte	0xdf
 1404 0618 FF       		.byte	0xff
 1405 0619 00       		.byte	0
 1406 061a 15       		.uleb128 0x15
 1407 061b 4E000000 		.4byte	.LASF36
 1408 061f 01       		.byte	0x1
 1409 0620 13       		.byte	0x13
ARM GAS  C:\Users\magnu\AppData\Local\Temp\cc4FTokg.s 			page 30


 1410 0621 0A060000 		.4byte	0x60a
 1411 0625 05       		.uleb128 0x5
 1412 0626 03       		.byte	0x3
 1413 0627 00000000 		.4byte	uartBuffer
 1414 062b 15       		.uleb128 0x15
 1415 062c 3B030000 		.4byte	.LASF37
 1416 0630 01       		.byte	0x1
 1417 0631 14       		.byte	0x14
 1418 0632 90000000 		.4byte	0x90
 1419 0636 05       		.uleb128 0x5
 1420 0637 03       		.byte	0x3
 1421 0638 00000000 		.4byte	UCstate
 1422 063c 16       		.uleb128 0x16
 1423 063d A8000000 		.4byte	.LASF38
 1424 0641 A8000000 		.4byte	.LASF38
 1425 0645 05       		.byte	0x5
 1426 0646 05       		.byte	0x5
 1427 0647 16       		.uleb128 0x16
 1428 0648 6F000000 		.4byte	.LASF39
 1429 064c 6F000000 		.4byte	.LASF39
 1430 0650 06       		.byte	0x6
 1431 0651 FD       		.byte	0xfd
 1432 0652 16       		.uleb128 0x16
 1433 0653 86030000 		.4byte	.LASF40
 1434 0657 86030000 		.4byte	.LASF40
 1435 065b 07       		.byte	0x7
 1436 065c 8B       		.byte	0x8b
 1437 065d 16       		.uleb128 0x16
 1438 065e 43030000 		.4byte	.LASF41
 1439 0662 43030000 		.4byte	.LASF41
 1440 0666 08       		.byte	0x8
 1441 0667 10       		.byte	0x10
 1442 0668 16       		.uleb128 0x16
 1443 0669 9F030000 		.4byte	.LASF42
 1444 066d 9F030000 		.4byte	.LASF42
 1445 0671 05       		.byte	0x5
 1446 0672 04       		.byte	0x4
 1447 0673 16       		.uleb128 0x16
 1448 0674 78020000 		.4byte	.LASF43
 1449 0678 78020000 		.4byte	.LASF43
 1450 067c 08       		.byte	0x8
 1451 067d 11       		.byte	0x11
 1452 067e 16       		.uleb128 0x16
 1453 067f 97030000 		.4byte	.LASF44
 1454 0683 97030000 		.4byte	.LASF44
 1455 0687 09       		.byte	0x9
 1456 0688 76       		.byte	0x76
 1457 0689 16       		.uleb128 0x16
 1458 068a 00000000 		.4byte	.LASF45
 1459 068e 00000000 		.4byte	.LASF45
 1460 0692 0A       		.byte	0xa
 1461 0693 18       		.byte	0x18
 1462 0694 16       		.uleb128 0x16
 1463 0695 14000000 		.4byte	.LASF46
 1464 0699 14000000 		.4byte	.LASF46
 1465 069d 07       		.byte	0x7
 1466 069e 54       		.byte	0x54
ARM GAS  C:\Users\magnu\AppData\Local\Temp\cc4FTokg.s 			page 31


 1467 069f 16       		.uleb128 0x16
 1468 06a0 DB010000 		.4byte	.LASF47
 1469 06a4 DB010000 		.4byte	.LASF47
 1470 06a8 08       		.byte	0x8
 1471 06a9 12       		.byte	0x12
 1472 06aa 16       		.uleb128 0x16
 1473 06ab 9A020000 		.4byte	.LASF48
 1474 06af 9A020000 		.4byte	.LASF48
 1475 06b3 05       		.byte	0x5
 1476 06b4 06       		.byte	0x6
 1477 06b5 16       		.uleb128 0x16
 1478 06b6 33000000 		.4byte	.LASF49
 1479 06ba 33000000 		.4byte	.LASF49
 1480 06be 05       		.byte	0x5
 1481 06bf 03       		.byte	0x3
 1482 06c0 16       		.uleb128 0x16
 1483 06c1 B6010000 		.4byte	.LASF50
 1484 06c5 B6010000 		.4byte	.LASF50
 1485 06c9 07       		.byte	0x7
 1486 06ca 6F       		.byte	0x6f
 1487 06cb 16       		.uleb128 0x16
 1488 06cc 7D010000 		.4byte	.LASF51
 1489 06d0 7D010000 		.4byte	.LASF51
 1490 06d4 07       		.byte	0x7
 1491 06d5 88       		.byte	0x88
 1492 06d6 16       		.uleb128 0x16
 1493 06d7 DC020000 		.4byte	.LASF52
 1494 06db DC020000 		.4byte	.LASF52
 1495 06df 07       		.byte	0x7
 1496 06e0 73       		.byte	0x73
 1497 06e1 00       		.byte	0
 1498              		.section	.debug_abbrev,"",%progbits
 1499              	.Ldebug_abbrev0:
 1500 0000 01       		.uleb128 0x1
 1501 0001 11       		.uleb128 0x11
 1502 0002 01       		.byte	0x1
 1503 0003 25       		.uleb128 0x25
 1504 0004 0E       		.uleb128 0xe
 1505 0005 13       		.uleb128 0x13
 1506 0006 0B       		.uleb128 0xb
 1507 0007 03       		.uleb128 0x3
 1508 0008 0E       		.uleb128 0xe
 1509 0009 1B       		.uleb128 0x1b
 1510 000a 0E       		.uleb128 0xe
 1511 000b 55       		.uleb128 0x55
 1512 000c 17       		.uleb128 0x17
 1513 000d 11       		.uleb128 0x11
 1514 000e 01       		.uleb128 0x1
 1515 000f 10       		.uleb128 0x10
 1516 0010 17       		.uleb128 0x17
 1517 0011 00       		.byte	0
 1518 0012 00       		.byte	0
 1519 0013 02       		.uleb128 0x2
 1520 0014 24       		.uleb128 0x24
 1521 0015 00       		.byte	0
 1522 0016 0B       		.uleb128 0xb
 1523 0017 0B       		.uleb128 0xb
ARM GAS  C:\Users\magnu\AppData\Local\Temp\cc4FTokg.s 			page 32


 1524 0018 3E       		.uleb128 0x3e
 1525 0019 0B       		.uleb128 0xb
 1526 001a 03       		.uleb128 0x3
 1527 001b 0E       		.uleb128 0xe
 1528 001c 00       		.byte	0
 1529 001d 00       		.byte	0
 1530 001e 03       		.uleb128 0x3
 1531 001f 16       		.uleb128 0x16
 1532 0020 00       		.byte	0
 1533 0021 03       		.uleb128 0x3
 1534 0022 0E       		.uleb128 0xe
 1535 0023 3A       		.uleb128 0x3a
 1536 0024 0B       		.uleb128 0xb
 1537 0025 3B       		.uleb128 0x3b
 1538 0026 0B       		.uleb128 0xb
 1539 0027 49       		.uleb128 0x49
 1540 0028 13       		.uleb128 0x13
 1541 0029 00       		.byte	0
 1542 002a 00       		.byte	0
 1543 002b 04       		.uleb128 0x4
 1544 002c 24       		.uleb128 0x24
 1545 002d 00       		.byte	0
 1546 002e 0B       		.uleb128 0xb
 1547 002f 0B       		.uleb128 0xb
 1548 0030 3E       		.uleb128 0x3e
 1549 0031 0B       		.uleb128 0xb
 1550 0032 03       		.uleb128 0x3
 1551 0033 08       		.uleb128 0x8
 1552 0034 00       		.byte	0
 1553 0035 00       		.byte	0
 1554 0036 05       		.uleb128 0x5
 1555 0037 2E       		.uleb128 0x2e
 1556 0038 01       		.byte	0x1
 1557 0039 3F       		.uleb128 0x3f
 1558 003a 19       		.uleb128 0x19
 1559 003b 03       		.uleb128 0x3
 1560 003c 0E       		.uleb128 0xe
 1561 003d 3A       		.uleb128 0x3a
 1562 003e 0B       		.uleb128 0xb
 1563 003f 3B       		.uleb128 0x3b
 1564 0040 0B       		.uleb128 0xb
 1565 0041 27       		.uleb128 0x27
 1566 0042 19       		.uleb128 0x19
 1567 0043 49       		.uleb128 0x49
 1568 0044 13       		.uleb128 0x13
 1569 0045 8701     		.uleb128 0x87
 1570 0047 19       		.uleb128 0x19
 1571 0048 11       		.uleb128 0x11
 1572 0049 01       		.uleb128 0x1
 1573 004a 12       		.uleb128 0x12
 1574 004b 06       		.uleb128 0x6
 1575 004c 40       		.uleb128 0x40
 1576 004d 18       		.uleb128 0x18
 1577 004e 9642     		.uleb128 0x2116
 1578 0050 19       		.uleb128 0x19
 1579 0051 01       		.uleb128 0x1
 1580 0052 13       		.uleb128 0x13
ARM GAS  C:\Users\magnu\AppData\Local\Temp\cc4FTokg.s 			page 33


 1581 0053 00       		.byte	0
 1582 0054 00       		.byte	0
 1583 0055 06       		.uleb128 0x6
 1584 0056 34       		.uleb128 0x34
 1585 0057 00       		.byte	0
 1586 0058 03       		.uleb128 0x3
 1587 0059 0E       		.uleb128 0xe
 1588 005a 3A       		.uleb128 0x3a
 1589 005b 0B       		.uleb128 0xb
 1590 005c 3B       		.uleb128 0x3b
 1591 005d 0B       		.uleb128 0xb
 1592 005e 49       		.uleb128 0x49
 1593 005f 13       		.uleb128 0x13
 1594 0060 1C       		.uleb128 0x1c
 1595 0061 0B       		.uleb128 0xb
 1596 0062 00       		.byte	0
 1597 0063 00       		.byte	0
 1598 0064 07       		.uleb128 0x7
 1599 0065 34       		.uleb128 0x34
 1600 0066 00       		.byte	0
 1601 0067 03       		.uleb128 0x3
 1602 0068 0E       		.uleb128 0xe
 1603 0069 3A       		.uleb128 0x3a
 1604 006a 0B       		.uleb128 0xb
 1605 006b 3B       		.uleb128 0x3b
 1606 006c 0B       		.uleb128 0xb
 1607 006d 49       		.uleb128 0x49
 1608 006e 13       		.uleb128 0x13
 1609 006f 1C       		.uleb128 0x1c
 1610 0070 0A       		.uleb128 0xa
 1611 0071 00       		.byte	0
 1612 0072 00       		.byte	0
 1613 0073 08       		.uleb128 0x8
 1614 0074 34       		.uleb128 0x34
 1615 0075 00       		.byte	0
 1616 0076 03       		.uleb128 0x3
 1617 0077 0E       		.uleb128 0xe
 1618 0078 3A       		.uleb128 0x3a
 1619 0079 0B       		.uleb128 0xb
 1620 007a 3B       		.uleb128 0x3b
 1621 007b 0B       		.uleb128 0xb
 1622 007c 49       		.uleb128 0x49
 1623 007d 13       		.uleb128 0x13
 1624 007e 02       		.uleb128 0x2
 1625 007f 17       		.uleb128 0x17
 1626 0080 00       		.byte	0
 1627 0081 00       		.byte	0
 1628 0082 09       		.uleb128 0x9
 1629 0083 34       		.uleb128 0x34
 1630 0084 00       		.byte	0
 1631 0085 03       		.uleb128 0x3
 1632 0086 08       		.uleb128 0x8
 1633 0087 3A       		.uleb128 0x3a
 1634 0088 0B       		.uleb128 0xb
 1635 0089 3B       		.uleb128 0x3b
 1636 008a 0B       		.uleb128 0xb
 1637 008b 49       		.uleb128 0x49
ARM GAS  C:\Users\magnu\AppData\Local\Temp\cc4FTokg.s 			page 34


 1638 008c 13       		.uleb128 0x13
 1639 008d 02       		.uleb128 0x2
 1640 008e 17       		.uleb128 0x17
 1641 008f 00       		.byte	0
 1642 0090 00       		.byte	0
 1643 0091 0A       		.uleb128 0xa
 1644 0092 0B       		.uleb128 0xb
 1645 0093 01       		.byte	0x1
 1646 0094 11       		.uleb128 0x11
 1647 0095 01       		.uleb128 0x1
 1648 0096 12       		.uleb128 0x12
 1649 0097 06       		.uleb128 0x6
 1650 0098 01       		.uleb128 0x1
 1651 0099 13       		.uleb128 0x13
 1652 009a 00       		.byte	0
 1653 009b 00       		.byte	0
 1654 009c 0B       		.uleb128 0xb
 1655 009d 898201   		.uleb128 0x4109
 1656 00a0 01       		.byte	0x1
 1657 00a1 11       		.uleb128 0x11
 1658 00a2 01       		.uleb128 0x1
 1659 00a3 31       		.uleb128 0x31
 1660 00a4 13       		.uleb128 0x13
 1661 00a5 01       		.uleb128 0x1
 1662 00a6 13       		.uleb128 0x13
 1663 00a7 00       		.byte	0
 1664 00a8 00       		.byte	0
 1665 00a9 0C       		.uleb128 0xc
 1666 00aa 8A8201   		.uleb128 0x410a
 1667 00ad 00       		.byte	0
 1668 00ae 02       		.uleb128 0x2
 1669 00af 18       		.uleb128 0x18
 1670 00b0 9142     		.uleb128 0x2111
 1671 00b2 18       		.uleb128 0x18
 1672 00b3 00       		.byte	0
 1673 00b4 00       		.byte	0
 1674 00b5 0D       		.uleb128 0xd
 1675 00b6 898201   		.uleb128 0x4109
 1676 00b9 01       		.byte	0x1
 1677 00ba 11       		.uleb128 0x11
 1678 00bb 01       		.uleb128 0x1
 1679 00bc 31       		.uleb128 0x31
 1680 00bd 13       		.uleb128 0x13
 1681 00be 00       		.byte	0
 1682 00bf 00       		.byte	0
 1683 00c0 0E       		.uleb128 0xe
 1684 00c1 898201   		.uleb128 0x4109
 1685 00c4 00       		.byte	0
 1686 00c5 11       		.uleb128 0x11
 1687 00c6 01       		.uleb128 0x1
 1688 00c7 31       		.uleb128 0x31
 1689 00c8 13       		.uleb128 0x13
 1690 00c9 00       		.byte	0
 1691 00ca 00       		.byte	0
 1692 00cb 0F       		.uleb128 0xf
 1693 00cc 2E       		.uleb128 0x2e
 1694 00cd 01       		.byte	0x1
ARM GAS  C:\Users\magnu\AppData\Local\Temp\cc4FTokg.s 			page 35


 1695 00ce 3F       		.uleb128 0x3f
 1696 00cf 19       		.uleb128 0x19
 1697 00d0 03       		.uleb128 0x3
 1698 00d1 0E       		.uleb128 0xe
 1699 00d2 3A       		.uleb128 0x3a
 1700 00d3 0B       		.uleb128 0xb
 1701 00d4 3B       		.uleb128 0x3b
 1702 00d5 0B       		.uleb128 0xb
 1703 00d6 27       		.uleb128 0x27
 1704 00d7 19       		.uleb128 0x19
 1705 00d8 11       		.uleb128 0x11
 1706 00d9 01       		.uleb128 0x1
 1707 00da 12       		.uleb128 0x12
 1708 00db 06       		.uleb128 0x6
 1709 00dc 40       		.uleb128 0x40
 1710 00dd 18       		.uleb128 0x18
 1711 00de 9742     		.uleb128 0x2117
 1712 00e0 19       		.uleb128 0x19
 1713 00e1 01       		.uleb128 0x1
 1714 00e2 13       		.uleb128 0x13
 1715 00e3 00       		.byte	0
 1716 00e4 00       		.byte	0
 1717 00e5 10       		.uleb128 0x10
 1718 00e6 05       		.uleb128 0x5
 1719 00e7 00       		.byte	0
 1720 00e8 03       		.uleb128 0x3
 1721 00e9 0E       		.uleb128 0xe
 1722 00ea 3A       		.uleb128 0x3a
 1723 00eb 0B       		.uleb128 0xb
 1724 00ec 3B       		.uleb128 0x3b
 1725 00ed 0B       		.uleb128 0xb
 1726 00ee 49       		.uleb128 0x49
 1727 00ef 13       		.uleb128 0x13
 1728 00f0 02       		.uleb128 0x2
 1729 00f1 17       		.uleb128 0x17
 1730 00f2 00       		.byte	0
 1731 00f3 00       		.byte	0
 1732 00f4 11       		.uleb128 0x11
 1733 00f5 34       		.uleb128 0x34
 1734 00f6 00       		.byte	0
 1735 00f7 03       		.uleb128 0x3
 1736 00f8 0E       		.uleb128 0xe
 1737 00f9 3A       		.uleb128 0x3a
 1738 00fa 0B       		.uleb128 0xb
 1739 00fb 3B       		.uleb128 0x3b
 1740 00fc 05       		.uleb128 0x5
 1741 00fd 49       		.uleb128 0x49
 1742 00fe 13       		.uleb128 0x13
 1743 00ff 3F       		.uleb128 0x3f
 1744 0100 19       		.uleb128 0x19
 1745 0101 3C       		.uleb128 0x3c
 1746 0102 19       		.uleb128 0x19
 1747 0103 00       		.byte	0
 1748 0104 00       		.byte	0
 1749 0105 12       		.uleb128 0x12
 1750 0106 35       		.uleb128 0x35
 1751 0107 00       		.byte	0
ARM GAS  C:\Users\magnu\AppData\Local\Temp\cc4FTokg.s 			page 36


 1752 0108 49       		.uleb128 0x49
 1753 0109 13       		.uleb128 0x13
 1754 010a 00       		.byte	0
 1755 010b 00       		.byte	0
 1756 010c 13       		.uleb128 0x13
 1757 010d 01       		.uleb128 0x1
 1758 010e 01       		.byte	0x1
 1759 010f 49       		.uleb128 0x49
 1760 0110 13       		.uleb128 0x13
 1761 0111 01       		.uleb128 0x1
 1762 0112 13       		.uleb128 0x13
 1763 0113 00       		.byte	0
 1764 0114 00       		.byte	0
 1765 0115 14       		.uleb128 0x14
 1766 0116 21       		.uleb128 0x21
 1767 0117 00       		.byte	0
 1768 0118 49       		.uleb128 0x49
 1769 0119 13       		.uleb128 0x13
 1770 011a 2F       		.uleb128 0x2f
 1771 011b 0B       		.uleb128 0xb
 1772 011c 00       		.byte	0
 1773 011d 00       		.byte	0
 1774 011e 15       		.uleb128 0x15
 1775 011f 34       		.uleb128 0x34
 1776 0120 00       		.byte	0
 1777 0121 03       		.uleb128 0x3
 1778 0122 0E       		.uleb128 0xe
 1779 0123 3A       		.uleb128 0x3a
 1780 0124 0B       		.uleb128 0xb
 1781 0125 3B       		.uleb128 0x3b
 1782 0126 0B       		.uleb128 0xb
 1783 0127 49       		.uleb128 0x49
 1784 0128 13       		.uleb128 0x13
 1785 0129 3F       		.uleb128 0x3f
 1786 012a 19       		.uleb128 0x19
 1787 012b 02       		.uleb128 0x2
 1788 012c 18       		.uleb128 0x18
 1789 012d 00       		.byte	0
 1790 012e 00       		.byte	0
 1791 012f 16       		.uleb128 0x16
 1792 0130 2E       		.uleb128 0x2e
 1793 0131 00       		.byte	0
 1794 0132 3F       		.uleb128 0x3f
 1795 0133 19       		.uleb128 0x19
 1796 0134 3C       		.uleb128 0x3c
 1797 0135 19       		.uleb128 0x19
 1798 0136 6E       		.uleb128 0x6e
 1799 0137 0E       		.uleb128 0xe
 1800 0138 03       		.uleb128 0x3
 1801 0139 0E       		.uleb128 0xe
 1802 013a 3A       		.uleb128 0x3a
 1803 013b 0B       		.uleb128 0xb
 1804 013c 3B       		.uleb128 0x3b
 1805 013d 0B       		.uleb128 0xb
 1806 013e 00       		.byte	0
 1807 013f 00       		.byte	0
 1808 0140 00       		.byte	0
ARM GAS  C:\Users\magnu\AppData\Local\Temp\cc4FTokg.s 			page 37


 1809              		.section	.debug_loc,"",%progbits
 1810              	.Ldebug_loc0:
 1811              	.LLST0:
 1812 0000 96000000 		.4byte	.LVL14
 1813 0004 BC000000 		.4byte	.LVL18
 1814 0008 0100     		.2byte	0x1
 1815 000a 54       		.byte	0x54
 1816 000b EE000000 		.4byte	.LVL23
 1817 000f 6E010000 		.4byte	.LVL37
 1818 0013 0100     		.2byte	0x1
 1819 0015 54       		.byte	0x54
 1820 0016 AE010000 		.4byte	.LVL46
 1821 001a 18020000 		.4byte	.LFE64
 1822 001e 0100     		.2byte	0x1
 1823 0020 55       		.byte	0x55
 1824 0021 00000000 		.4byte	0
 1825 0025 00000000 		.4byte	0
 1826              	.LLST1:
 1827 0029 BA000000 		.4byte	.LVL17
 1828 002d C7000000 		.4byte	.LVL19-1
 1829 0031 0100     		.2byte	0x1
 1830 0033 53       		.byte	0x53
 1831 0034 00000000 		.4byte	0
 1832 0038 00000000 		.4byte	0
 1833              	.LLST2:
 1834 003c 50010000 		.4byte	.LVL33
 1835 0040 18020000 		.4byte	.LFE64
 1836 0044 0200     		.2byte	0x2
 1837 0046 31       		.byte	0x31
 1838 0047 9F       		.byte	0x9f
 1839 0048 00000000 		.4byte	0
 1840 004c 00000000 		.4byte	0
 1841              	.LLST3:
 1842 0050 0E010000 		.4byte	.LVL26
 1843 0054 18020000 		.4byte	.LFE64
 1844 0058 0100     		.2byte	0x1
 1845 005a 56       		.byte	0x56
 1846 005b 00000000 		.4byte	0
 1847 005f 00000000 		.4byte	0
 1848              	.LLST4:
 1849 0063 56010000 		.4byte	.LVL35
 1850 0067 76010000 		.4byte	.LVL38
 1851 006b 0100     		.2byte	0x1
 1852 006d 50       		.byte	0x50
 1853 006e 76010000 		.4byte	.LVL38
 1854 0072 79010000 		.4byte	.LVL39-1
 1855 0076 0100     		.2byte	0x1
 1856 0078 53       		.byte	0x53
 1857 0079 00000000 		.4byte	0
 1858 007d 00000000 		.4byte	0
 1859              	.LLST5:
 1860 0081 44000000 		.4byte	.LVL6
 1861 0085 49000000 		.4byte	.LVL7-1
 1862 0089 0100     		.2byte	0x1
 1863 008b 50       		.byte	0x50
 1864 008c 00000000 		.4byte	0
 1865 0090 00000000 		.4byte	0
ARM GAS  C:\Users\magnu\AppData\Local\Temp\cc4FTokg.s 			page 38


 1866              	.LLST6:
 1867 0094 68010000 		.4byte	.LVL36
 1868 0098 AE010000 		.4byte	.LVL46
 1869 009c 0100     		.2byte	0x1
 1870 009e 55       		.byte	0x55
 1871 009f 00000000 		.4byte	0
 1872 00a3 00000000 		.4byte	0
 1873              	.LLST7:
 1874 00a7 00000000 		.4byte	.LVL52
 1875 00ab 02000000 		.4byte	.LVL53
 1876 00af 0100     		.2byte	0x1
 1877 00b1 50       		.byte	0x50
 1878 00b2 02000000 		.4byte	.LVL53
 1879 00b6 34000000 		.4byte	.LFE65
 1880 00ba 0400     		.2byte	0x4
 1881 00bc F3       		.byte	0xf3
 1882 00bd 01       		.uleb128 0x1
 1883 00be 50       		.byte	0x50
 1884 00bf 9F       		.byte	0x9f
 1885 00c0 00000000 		.4byte	0
 1886 00c4 00000000 		.4byte	0
 1887              	.LLST8:
 1888 00c8 08000000 		.4byte	.LVL55
 1889 00cc 1C000000 		.4byte	.LVL60
 1890 00d0 0100     		.2byte	0x1
 1891 00d2 54       		.byte	0x54
 1892 00d3 1E000000 		.4byte	.LVL61
 1893 00d7 24000000 		.4byte	.LFE66
 1894 00db 0100     		.2byte	0x1
 1895 00dd 54       		.byte	0x54
 1896 00de 00000000 		.4byte	0
 1897 00e2 00000000 		.4byte	0
 1898              	.LLST9:
 1899 00e6 10000000 		.4byte	.LVL57
 1900 00ea 1E000000 		.4byte	.LVL61
 1901 00ee 0100     		.2byte	0x1
 1902 00f0 55       		.byte	0x55
 1903 00f1 00000000 		.4byte	0
 1904 00f5 00000000 		.4byte	0
 1905              		.section	.debug_aranges,"",%progbits
 1906 0000 2C000000 		.4byte	0x2c
 1907 0004 0200     		.2byte	0x2
 1908 0006 00000000 		.4byte	.Ldebug_info0
 1909 000a 04       		.byte	0x4
 1910 000b 00       		.byte	0
 1911 000c 0000     		.2byte	0
 1912 000e 0000     		.2byte	0
 1913 0010 00000000 		.4byte	.LFB64
 1914 0014 18020000 		.4byte	.LFE64-.LFB64
 1915 0018 00000000 		.4byte	.LFB65
 1916 001c 34000000 		.4byte	.LFE65-.LFB65
 1917 0020 00000000 		.4byte	.LFB66
 1918 0024 24000000 		.4byte	.LFE66-.LFB66
 1919 0028 00000000 		.4byte	0
 1920 002c 00000000 		.4byte	0
 1921              		.section	.debug_ranges,"",%progbits
 1922              	.Ldebug_ranges0:
ARM GAS  C:\Users\magnu\AppData\Local\Temp\cc4FTokg.s 			page 39


 1923 0000 00000000 		.4byte	.LFB64
 1924 0004 18020000 		.4byte	.LFE64
 1925 0008 00000000 		.4byte	.LFB65
 1926 000c 34000000 		.4byte	.LFE65
 1927 0010 00000000 		.4byte	.LFB66
 1928 0014 24000000 		.4byte	.LFE66
 1929 0018 00000000 		.4byte	0
 1930 001c 00000000 		.4byte	0
 1931              		.section	.debug_line,"",%progbits
 1932              	.Ldebug_line0:
 1933 0000 75020000 		.section	.debug_str,"MS",%progbits,1
 1933      0200F301 
 1933      00000201 
 1933      FB0E0D00 
 1933      01010101 
 1934              	.LASF45:
 1935 0000 6973725F 		.ascii	"isr_uart_rx_StartEx\000"
 1935      75617274 
 1935      5F72785F 
 1935      53746172 
 1935      74457800 
 1936              	.LASF46:
 1937 0014 55415254 		.ascii	"UART_1_Start\000"
 1937      5F315F53 
 1937      74617274 
 1937      00
 1938              	.LASF25:
 1939 0021 7072656C 		.ascii	"preload\000"
 1939      6F616400 
 1940              	.LASF4:
 1941 0029 5F5F7569 		.ascii	"__uint8_t\000"
 1941      6E74385F 
 1941      7400
 1942              	.LASF49:
 1943 0033 6F666673 		.ascii	"offset_Zerodrift_calibrate\000"
 1943      65745F5A 
 1943      65726F64 
 1943      72696674 
 1943      5F63616C 
 1944              	.LASF36:
 1945 004e 75617274 		.ascii	"uartBuffer\000"
 1945      42756666 
 1945      657200
 1946              	.LASF7:
 1947 0059 5F5F696E 		.ascii	"__int32_t\000"
 1947      7433325F 
 1947      7400
 1948              	.LASF26:
 1949 0063 52657375 		.ascii	"Result_gram\000"
 1949      6C745F67 
 1949      72616D00 
 1950              	.LASF39:
 1951 006f 736E7072 		.ascii	"snprintf\000"
 1951      696E7466 
 1951      00
 1952              	.LASF6:
 1953 0078 73686F72 		.ascii	"short unsigned int\000"
ARM GAS  C:\Users\magnu\AppData\Local\Temp\cc4FTokg.s 			page 40


 1953      7420756E 
 1953      7369676E 
 1953      65642069 
 1953      6E7400
 1954              	.LASF14:
 1955 008b 75696E74 		.ascii	"uint8_t\000"
 1955      385F7400 
 1956              	.LASF28:
 1957 0093 74696D65 		.ascii	"timestop\000"
 1957      73746F70 
 1957      00
 1958              	.LASF33:
 1959 009c 62797465 		.ascii	"bytesToRead\000"
 1959      73546F52 
 1959      65616400 
 1960              	.LASF38:
 1961 00a8 72656164 		.ascii	"readWeight\000"
 1961      57656967 
 1961      687400
 1962              	.LASF29:
 1963 00b3 7A65726F 		.ascii	"zerodriftOffset\000"
 1963      64726966 
 1963      744F6666 
 1963      73657400 
 1964              	.LASF30:
 1965 00c3 726F756E 		.ascii	"roundedNum\000"
 1965      6465644E 
 1965      756D00
 1966              	.LASF0:
 1967 00ce 666C6F61 		.ascii	"float\000"
 1967      7400
 1968              	.LASF34:
 1969 00d4 62797465 		.ascii	"byteReceived\000"
 1969      52656365 
 1969      69766564 
 1969      00
 1970              	.LASF2:
 1971 00e1 756E7369 		.ascii	"unsigned char\000"
 1971      676E6564 
 1971      20636861 
 1971      7200
 1972              	.LASF53:
 1973 00ef 474E5520 		.ascii	"GNU C11 5.4.1 20160609 (release) [ARM/embedded-5-br"
 1973      43313120 
 1973      352E342E 
 1973      31203230 
 1973      31363036 
 1974 0122 616E6368 		.ascii	"anch revision 237715] -mcpu=cortex-m3 -mthumb -g -O"
 1974      20726576 
 1974      6973696F 
 1974      6E203233 
 1974      37373135 
 1975 0155 67202D66 		.ascii	"g -ffunction-sections -ffat-lto-objects\000"
 1975      66756E63 
 1975      74696F6E 
 1975      2D736563 
 1975      74696F6E 
ARM GAS  C:\Users\magnu\AppData\Local\Temp\cc4FTokg.s 			page 41


 1976              	.LASF51:
 1977 017d 55415254 		.ascii	"UART_1_WriteTxData\000"
 1977      5F315F57 
 1977      72697465 
 1977      54784461 
 1977      746100
 1978              	.LASF32:
 1979 0190 4953525F 		.ascii	"ISR_UART_rx_handler\000"
 1979      55415254 
 1979      5F72785F 
 1979      68616E64 
 1979      6C657200 
 1980              	.LASF10:
 1981 01a4 6C6F6E67 		.ascii	"long unsigned int\000"
 1981      20756E73 
 1981      69676E65 
 1981      6420696E 
 1981      7400
 1982              	.LASF50:
 1983 01b6 55415254 		.ascii	"UART_1_ReadRxData\000"
 1983      5F315F52 
 1983      65616452 
 1983      78446174 
 1983      6100
 1984              	.LASF31:
 1985 01c8 68616E64 		.ascii	"handleByteReceived\000"
 1985      6C654279 
 1985      74655265 
 1985      63656976 
 1985      656400
 1986              	.LASF47:
 1987 01db 696E6974 		.ascii	"initTimer\000"
 1987      54696D65 
 1987      7200
 1988              	.LASF55:
 1989 01e5 433A5C55 		.ascii	"C:\\Users\\magnu\\OneDrive - Aarhus universitet\\Pr"
 1989      73657273 
 1989      5C6D6167 
 1989      6E755C4F 
 1989      6E654472 
 1990 0214 6F6A656B 		.ascii	"ojekt3 bilag\\Scale.cywrk.Archive02\\Kode til til l"
 1990      74332062 
 1990      696C6167 
 1990      5C536361 
 1990      6C652E63 
 1991 0245 6F616463 		.ascii	"oadcell\\Scale.cydsn\000"
 1991      656C6C5C 
 1991      5363616C 
 1991      652E6379 
 1991      64736E00 
 1992              	.LASF35:
 1993 0259 49544D5F 		.ascii	"ITM_RxBuffer\000"
 1993      52784275 
 1993      66666572 
 1993      00
 1994              	.LASF5:
 1995 0266 5F5F7569 		.ascii	"__uint16_t\000"
ARM GAS  C:\Users\magnu\AppData\Local\Temp\cc4FTokg.s 			page 42


 1995      6E743136 
 1995      5F7400
 1996              	.LASF18:
 1997 0271 646F7562 		.ascii	"double\000"
 1997      6C6500
 1998              	.LASF43:
 1999 0278 73746F70 		.ascii	"stopTidsTagning\000"
 1999      54696473 
 1999      5461676E 
 1999      696E6700 
 2000              	.LASF9:
 2001 0288 5F5F7569 		.ascii	"__uint32_t\000"
 2001      6E743332 
 2001      5F7400
 2002              	.LASF24:
 2003 0293 66616374 		.ascii	"factor\000"
 2003      6F7200
 2004              	.LASF48:
 2005 029a 696E6974 		.ascii	"initLoadcell\000"
 2005      4C6F6164 
 2005      63656C6C 
 2005      00
 2006              	.LASF56:
 2007 02a7 6D61696E 		.ascii	"main\000"
 2007      00
 2008              	.LASF13:
 2009 02ac 756E7369 		.ascii	"unsigned int\000"
 2009      676E6564 
 2009      20696E74 
 2009      00
 2010              	.LASF12:
 2011 02b9 6C6F6E67 		.ascii	"long long unsigned int\000"
 2011      206C6F6E 
 2011      6720756E 
 2011      7369676E 
 2011      65642069 
 2012              	.LASF23:
 2013 02d0 73746172 		.ascii	"startoffset\000"
 2013      746F6666 
 2013      73657400 
 2014              	.LASF52:
 2015 02dc 55415254 		.ascii	"UART_1_GetRxBufferSize\000"
 2015      5F315F47 
 2015      65745278 
 2015      42756666 
 2015      65725369 
 2016              	.LASF16:
 2017 02f3 696E7433 		.ascii	"int32_t\000"
 2017      325F7400 
 2018              	.LASF21:
 2019 02fb 73697A65 		.ascii	"sizetype\000"
 2019      74797065 
 2019      00
 2020              	.LASF27:
 2021 0304 67616D65 		.ascii	"gameReady\000"
 2021      52656164 
 2021      7900
ARM GAS  C:\Users\magnu\AppData\Local\Temp\cc4FTokg.s 			page 43


 2022              	.LASF11:
 2023 030e 6C6F6E67 		.ascii	"long long int\000"
 2023      206C6F6E 
 2023      6720696E 
 2023      7400
 2024              	.LASF54:
 2025 031c 6D61696E 		.ascii	"main.c\000"
 2025      2E6300
 2026              	.LASF19:
 2027 0323 63686172 		.ascii	"char\000"
 2027      00
 2028              	.LASF3:
 2029 0328 73686F72 		.ascii	"short int\000"
 2029      7420696E 
 2029      7400
 2030              	.LASF15:
 2031 0332 75696E74 		.ascii	"uint16_t\000"
 2031      31365F74 
 2031      00
 2032              	.LASF37:
 2033 033b 55437374 		.ascii	"UCstate\000"
 2033      61746500 
 2034              	.LASF41:
 2035 0343 73746172 		.ascii	"startTidsTagning\000"
 2035      74546964 
 2035      73546167 
 2035      6E696E67 
 2035      00
 2036              	.LASF17:
 2037 0354 75696E74 		.ascii	"uint32_t\000"
 2037      33325F74 
 2037      00
 2038              	.LASF8:
 2039 035d 6C6F6E67 		.ascii	"long int\000"
 2039      20696E74 
 2039      00
 2040              	.LASF22:
 2041 0366 72657065 		.ascii	"repeats\000"
 2041      61747300 
 2042              	.LASF20:
 2043 036e 6C6F6E67 		.ascii	"long double\000"
 2043      20646F75 
 2043      626C6500 
 2044              	.LASF1:
 2045 037a 7369676E 		.ascii	"signed char\000"
 2045      65642063 
 2045      68617200 
 2046              	.LASF40:
 2047 0386 55415254 		.ascii	"UART_1_PutString\000"
 2047      5F315F50 
 2047      75745374 
 2047      72696E67 
 2047      00
 2048              	.LASF44:
 2049 0397 43794465 		.ascii	"CyDelay\000"
 2049      6C617900 
 2050              	.LASF42:
ARM GAS  C:\Users\magnu\AppData\Local\Temp\cc4FTokg.s 			page 44


 2051 039f 77616974 		.ascii	"wait_for_weight\000"
 2051      5F666F72 
 2051      5F776569 
 2051      67687400 
 2052              		.ident	"GCC: (GNU Tools for ARM Embedded Processors) 5.4.1 20160609 (release) [ARM/embedded-5-bran
