ARM GAS  C:\Users\magnu\AppData\Local\Temp\ccEGpXHo.s 			page 1


   1              		.syntax unified
   2              		.cpu cortex-m3
   3              		.fpu softvfp
   4              		.eabi_attribute 20, 1
   5              		.eabi_attribute 21, 1
   6              		.eabi_attribute 23, 3
   7              		.eabi_attribute 24, 1
   8              		.eabi_attribute 25, 1
   9              		.eabi_attribute 26, 1
  10              		.eabi_attribute 30, 1
  11              		.eabi_attribute 34, 1
  12              		.eabi_attribute 18, 4
  13              		.thumb
  14              		.syntax unified
  15              		.file	"Timer.c"
  16              		.text
  17              	.Ltext0:
  18              		.cfi_sections	.debug_frame
  19              		.section	.text.initTimer,"ax",%progbits
  20              		.align	2
  21              		.global	initTimer
  22              		.thumb
  23              		.thumb_func
  24              		.type	initTimer, %function
  25              	initTimer:
  26              	.LFB64:
  27              		.file 1 "Timer.c"
   1:Timer.c       **** /* ========================================
   2:Timer.c       ****  *
   3:Timer.c       ****  * Copyright YOUR COMPANY, THE YEAR
   4:Timer.c       ****  * All Rights Reserved
   5:Timer.c       ****  * UNPUBLISHED, LICENSED SOFTWARE.
   6:Timer.c       ****  *
   7:Timer.c       ****  * CONFIDENTIAL AND PROPRIETARY INFORMATION
   8:Timer.c       ****  * WHICH IS THE PROPERTY OF your company.
   9:Timer.c       ****  *
  10:Timer.c       ****  * ========================================
  11:Timer.c       **** */
  12:Timer.c       **** #include "project.h"
  13:Timer.c       **** #include "Timer.h"
  14:Timer.c       **** #include <stdio.h>
  15:Timer.c       **** 
  16:Timer.c       **** volatile uint16 startCount = 0;
  17:Timer.c       **** volatile uint16 stopCount = 0;
  18:Timer.c       **** static char outputBuffer[256];
  19:Timer.c       **** uint32 counter=0;
  20:Timer.c       **** 
  21:Timer.c       **** const uint32 tick_period_ms = 10;
  22:Timer.c       **** uint32 start_counter = 0;
  23:Timer.c       **** uint32 stop_counter=0;
  24:Timer.c       **** uint32 time_interval_ticks = 0;
  25:Timer.c       **** uint32 time_interval_ms=0;
  26:Timer.c       **** 
  27:Timer.c       **** 
  28:Timer.c       **** void initTimer(void)
  29:Timer.c       **** {
  28              		.loc 1 29 0
ARM GAS  C:\Users\magnu\AppData\Local\Temp\ccEGpXHo.s 			page 2


  29              		.cfi_startproc
  30              		@ args = 0, pretend = 0, frame = 0
  31              		@ frame_needed = 0, uses_anonymous_args = 0
  32              		@ link register save eliminated.
  33 0000 7047     		bx	lr
  34              		.cfi_endproc
  35              	.LFE64:
  36              		.size	initTimer, .-initTimer
  37 0002 00BF     		.section	.text.startTidsTagning,"ax",%progbits
  38              		.align	2
  39              		.global	startTidsTagning
  40              		.thumb
  41              		.thumb_func
  42              		.type	startTidsTagning, %function
  43              	startTidsTagning:
  44              	.LFB65:
  30:Timer.c       ****     
  31:Timer.c       ****     
  32:Timer.c       **** }
  33:Timer.c       **** 
  34:Timer.c       **** void startTidsTagning()
  35:Timer.c       **** {
  45              		.loc 1 35 0
  46              		.cfi_startproc
  47              		@ args = 0, pretend = 0, frame = 0
  48              		@ frame_needed = 0, uses_anonymous_args = 0
  49              		.loc 1 35 0
  50 0000 08B5     		push	{r3, lr}
  51              		.cfi_def_cfa_offset 8
  52              		.cfi_offset 3, -8
  53              		.cfi_offset 14, -4
  36:Timer.c       ****     
  37:Timer.c       ****     Timer_1_Start();
  54              		.loc 1 37 0
  55 0002 FFF7FEFF 		bl	Timer_1_Start
  56              	.LVL0:
  38:Timer.c       ****     start_counter = Timer_1_ReadCounter();
  57              		.loc 1 38 0
  58 0006 FFF7FEFF 		bl	Timer_1_ReadCounter
  59              	.LVL1:
  60 000a 014B     		ldr	r3, .L4
  61 000c 1860     		str	r0, [r3]
  62 000e 08BD     		pop	{r3, pc}
  63              	.L5:
  64              		.align	2
  65              	.L4:
  66 0010 00000000 		.word	.LANCHOR0
  67              		.cfi_endproc
  68              	.LFE65:
  69              		.size	startTidsTagning, .-startTidsTagning
  70              		.section	.text.stopTidsTagning,"ax",%progbits
  71              		.align	2
  72              		.global	stopTidsTagning
  73              		.thumb
  74              		.thumb_func
  75              		.type	stopTidsTagning, %function
  76              	stopTidsTagning:
ARM GAS  C:\Users\magnu\AppData\Local\Temp\ccEGpXHo.s 			page 3


  77              	.LFB66:
  39:Timer.c       **** }
  40:Timer.c       **** uint32 stopTidsTagning()
  41:Timer.c       **** {
  78              		.loc 1 41 0
  79              		.cfi_startproc
  80              		@ args = 0, pretend = 0, frame = 0
  81              		@ frame_needed = 0, uses_anonymous_args = 0
  82 0000 10B5     		push	{r4, lr}
  83              		.cfi_def_cfa_offset 8
  84              		.cfi_offset 4, -8
  85              		.cfi_offset 14, -4
  42:Timer.c       ****     
  43:Timer.c       ****     stop_counter = Timer_1_ReadCounter();
  86              		.loc 1 43 0
  87 0002 FFF7FEFF 		bl	Timer_1_ReadCounter
  88              	.LVL2:
  89 0006 074C     		ldr	r4, .L8
  90 0008 6060     		str	r0, [r4, #4]
  44:Timer.c       **** 
  45:Timer.c       ****     // Beregn tidsintervallet i ticks
  46:Timer.c       ****     time_interval_ticks = start_counter - stop_counter;
  91              		.loc 1 46 0
  92 000a 2368     		ldr	r3, [r4]
  93 000c 181A     		subs	r0, r3, r0
  94 000e A060     		str	r0, [r4, #8]
  47:Timer.c       **** 
  48:Timer.c       ****     // Konverter tidsintervallet til tid i millisekunder
  49:Timer.c       ****     time_interval_ms = time_interval_ticks/100;
  95              		.loc 1 49 0
  96 0010 054B     		ldr	r3, .L8+4
  97 0012 A3FB0030 		umull	r3, r0, r3, r0
  98 0016 4009     		lsrs	r0, r0, #5
  99 0018 E060     		str	r0, [r4, #12]
  50:Timer.c       ****         
  51:Timer.c       **** 
  52:Timer.c       ****     Timer_1_Stop();
 100              		.loc 1 52 0
 101 001a FFF7FEFF 		bl	Timer_1_Stop
 102              	.LVL3:
  53:Timer.c       ****     
  54:Timer.c       ****     return time_interval_ms;
  55:Timer.c       **** }
 103              		.loc 1 55 0
 104 001e E068     		ldr	r0, [r4, #12]
 105 0020 10BD     		pop	{r4, pc}
 106              	.L9:
 107 0022 00BF     		.align	2
 108              	.L8:
 109 0024 00000000 		.word	.LANCHOR0
 110 0028 1F85EB51 		.word	1374389535
 111              		.cfi_endproc
 112              	.LFE66:
 113              		.size	stopTidsTagning, .-stopTidsTagning
 114              		.global	time_interval_ms
 115              		.global	time_interval_ticks
 116              		.global	stop_counter
ARM GAS  C:\Users\magnu\AppData\Local\Temp\ccEGpXHo.s 			page 4


 117              		.global	start_counter
 118              		.global	tick_period_ms
 119              		.global	counter
 120              		.global	stopCount
 121              		.global	startCount
 122              		.section	.rodata
 123              		.align	2
 124              		.type	tick_period_ms, %object
 125              		.size	tick_period_ms, 4
 126              	tick_period_ms:
 127 0000 0A000000 		.word	10
 128              		.bss
 129              		.align	2
 130              		.set	.LANCHOR0,. + 0
 131              		.type	start_counter, %object
 132              		.size	start_counter, 4
 133              	start_counter:
 134 0000 00000000 		.space	4
 135              		.type	stop_counter, %object
 136              		.size	stop_counter, 4
 137              	stop_counter:
 138 0004 00000000 		.space	4
 139              		.type	time_interval_ticks, %object
 140              		.size	time_interval_ticks, 4
 141              	time_interval_ticks:
 142 0008 00000000 		.space	4
 143              		.type	time_interval_ms, %object
 144              		.size	time_interval_ms, 4
 145              	time_interval_ms:
 146 000c 00000000 		.space	4
 147              		.type	counter, %object
 148              		.size	counter, 4
 149              	counter:
 150 0010 00000000 		.space	4
 151              		.type	stopCount, %object
 152              		.size	stopCount, 2
 153              	stopCount:
 154 0014 0000     		.space	2
 155              		.type	startCount, %object
 156              		.size	startCount, 2
 157              	startCount:
 158 0016 0000     		.space	2
 159              		.text
 160              	.Letext0:
 161              		.file 2 "c:\\program files (x86)\\cypress\\psoc creator\\4.4\\psoc creator\\import\\gnu\\arm\\5.4.
 162              		.file 3 "c:\\program files (x86)\\cypress\\psoc creator\\4.4\\psoc creator\\import\\gnu\\arm\\5.4.
 163              		.file 4 "Generated_Source\\PSoC5/cytypes.h"
 164              		.file 5 "Generated_Source\\PSoC5/core_cm3.h"
 165              		.file 6 "Generated_Source\\PSoC5/Timer_1.h"
 166              		.section	.debug_info,"",%progbits
 167              	.Ldebug_info0:
 168 0000 FD010000 		.4byte	0x1fd
 169 0004 0400     		.2byte	0x4
 170 0006 00000000 		.4byte	.Ldebug_abbrev0
 171 000a 04       		.byte	0x4
 172 000b 01       		.uleb128 0x1
 173 000c 69000000 		.4byte	.LASF30
ARM GAS  C:\Users\magnu\AppData\Local\Temp\ccEGpXHo.s 			page 5


 174 0010 0C       		.byte	0xc
 175 0011 C8010000 		.4byte	.LASF31
 176 0015 47010000 		.4byte	.LASF32
 177 0019 00000000 		.4byte	.Ldebug_ranges0+0
 178 001d 00000000 		.4byte	0
 179 0021 00000000 		.4byte	.Ldebug_line0
 180 0025 02       		.uleb128 0x2
 181 0026 01       		.byte	0x1
 182 0027 06       		.byte	0x6
 183 0028 9C020000 		.4byte	.LASF0
 184 002c 02       		.uleb128 0x2
 185 002d 01       		.byte	0x1
 186 002e 08       		.byte	0x8
 187 002f 5B000000 		.4byte	.LASF1
 188 0033 02       		.uleb128 0x2
 189 0034 02       		.byte	0x2
 190 0035 05       		.byte	0x5
 191 0036 6C020000 		.4byte	.LASF2
 192 003a 02       		.uleb128 0x2
 193 003b 02       		.byte	0x2
 194 003c 07       		.byte	0x7
 195 003d 2A010000 		.4byte	.LASF3
 196 0041 03       		.uleb128 0x3
 197 0042 29000000 		.4byte	.LASF9
 198 0046 02       		.byte	0x2
 199 0047 3F       		.byte	0x3f
 200 0048 4C000000 		.4byte	0x4c
 201 004c 02       		.uleb128 0x2
 202 004d 04       		.byte	0x4
 203 004e 05       		.byte	0x5
 204 004f 87020000 		.4byte	.LASF4
 205 0053 02       		.uleb128 0x2
 206 0054 04       		.byte	0x4
 207 0055 07       		.byte	0x7
 208 0056 18010000 		.4byte	.LASF5
 209 005a 02       		.uleb128 0x2
 210 005b 08       		.byte	0x8
 211 005c 05       		.byte	0x5
 212 005d 37020000 		.4byte	.LASF6
 213 0061 02       		.uleb128 0x2
 214 0062 08       		.byte	0x8
 215 0063 07       		.byte	0x7
 216 0064 0F020000 		.4byte	.LASF7
 217 0068 04       		.uleb128 0x4
 218 0069 04       		.byte	0x4
 219 006a 05       		.byte	0x5
 220 006b 696E7400 		.ascii	"int\000"
 221 006f 02       		.uleb128 0x2
 222 0070 04       		.byte	0x4
 223 0071 07       		.byte	0x7
 224 0072 02020000 		.4byte	.LASF8
 225 0076 03       		.uleb128 0x3
 226 0077 26020000 		.4byte	.LASF10
 227 007b 03       		.byte	0x3
 228 007c 2C       		.byte	0x2c
 229 007d 41000000 		.4byte	0x41
 230 0081 05       		.uleb128 0x5
ARM GAS  C:\Users\magnu\AppData\Local\Temp\ccEGpXHo.s 			page 6


 231 0082 F4010000 		.4byte	.LASF11
 232 0086 04       		.byte	0x4
 233 0087 EA01     		.2byte	0x1ea
 234 0089 3A000000 		.4byte	0x3a
 235 008d 05       		.uleb128 0x5
 236 008e FB010000 		.4byte	.LASF12
 237 0092 04       		.byte	0x4
 238 0093 EB01     		.2byte	0x1eb
 239 0095 53000000 		.4byte	0x53
 240 0099 02       		.uleb128 0x2
 241 009a 04       		.byte	0x4
 242 009b 04       		.byte	0x4
 243 009c 4D000000 		.4byte	.LASF13
 244 00a0 02       		.uleb128 0x2
 245 00a1 08       		.byte	0x8
 246 00a2 04       		.byte	0x4
 247 00a3 D0010000 		.4byte	.LASF14
 248 00a7 02       		.uleb128 0x2
 249 00a8 01       		.byte	0x1
 250 00a9 08       		.byte	0x8
 251 00aa 45020000 		.4byte	.LASF15
 252 00ae 06       		.uleb128 0x6
 253 00af 81000000 		.4byte	0x81
 254 00b3 02       		.uleb128 0x2
 255 00b4 08       		.byte	0x8
 256 00b5 04       		.byte	0x4
 257 00b6 90020000 		.4byte	.LASF16
 258 00ba 02       		.uleb128 0x2
 259 00bb 04       		.byte	0x4
 260 00bc 07       		.byte	0x7
 261 00bd 2E020000 		.4byte	.LASF17
 262 00c1 07       		.uleb128 0x7
 263 00c2 3D010000 		.4byte	.LASF33
 264 00c6 01       		.byte	0x1
 265 00c7 1C       		.byte	0x1c
 266 00c8 00000000 		.4byte	.LFB64
 267 00cc 02000000 		.4byte	.LFE64-.LFB64
 268 00d0 01       		.uleb128 0x1
 269 00d1 9C       		.byte	0x9c
 270 00d2 08       		.uleb128 0x8
 271 00d3 76020000 		.4byte	.LASF34
 272 00d7 01       		.byte	0x1
 273 00d8 22       		.byte	0x22
 274 00d9 00000000 		.4byte	.LFB65
 275 00dd 14000000 		.4byte	.LFE65-.LFB65
 276 00e1 01       		.uleb128 0x1
 277 00e2 9C       		.byte	0x9c
 278 00e3 FA000000 		.4byte	0xfa
 279 00e7 09       		.uleb128 0x9
 280 00e8 06000000 		.4byte	.LVL0
 281 00ec DF010000 		.4byte	0x1df
 282 00f0 09       		.uleb128 0x9
 283 00f1 0A000000 		.4byte	.LVL1
 284 00f5 EA010000 		.4byte	0x1ea
 285 00f9 00       		.byte	0
 286 00fa 0A       		.uleb128 0xa
 287 00fb E4010000 		.4byte	.LASF35
ARM GAS  C:\Users\magnu\AppData\Local\Temp\ccEGpXHo.s 			page 7


 288 00ff 01       		.byte	0x1
 289 0100 28       		.byte	0x28
 290 0101 8D000000 		.4byte	0x8d
 291 0105 00000000 		.4byte	.LFB66
 292 0109 2C000000 		.4byte	.LFE66-.LFB66
 293 010d 01       		.uleb128 0x1
 294 010e 9C       		.byte	0x9c
 295 010f 26010000 		.4byte	0x126
 296 0113 09       		.uleb128 0x9
 297 0114 06000000 		.4byte	.LVL2
 298 0118 EA010000 		.4byte	0x1ea
 299 011c 09       		.uleb128 0x9
 300 011d 1E000000 		.4byte	.LVL3
 301 0121 F5010000 		.4byte	0x1f5
 302 0125 00       		.byte	0
 303 0126 0B       		.uleb128 0xb
 304 0127 A7000000 		.4byte	0xa7
 305 012b 36010000 		.4byte	0x136
 306 012f 0C       		.uleb128 0xc
 307 0130 BA000000 		.4byte	0xba
 308 0134 FF       		.byte	0xff
 309 0135 00       		.byte	0
 310 0136 0D       		.uleb128 0xd
 311 0137 F7000000 		.4byte	.LASF36
 312 013b 01       		.byte	0x1
 313 013c 12       		.byte	0x12
 314 013d 26010000 		.4byte	0x126
 315 0141 0E       		.uleb128 0xe
 316 0142 BB010000 		.4byte	.LASF18
 317 0146 05       		.byte	0x5
 318 0147 1207     		.2byte	0x712
 319 0149 4D010000 		.4byte	0x14d
 320 014d 06       		.uleb128 0x6
 321 014e 76000000 		.4byte	0x76
 322 0152 0F       		.uleb128 0xf
 323 0153 42000000 		.4byte	.LASF19
 324 0157 01       		.byte	0x1
 325 0158 10       		.byte	0x10
 326 0159 AE000000 		.4byte	0xae
 327 015d 05       		.uleb128 0x5
 328 015e 03       		.byte	0x3
 329 015f 00000000 		.4byte	startCount
 330 0163 0F       		.uleb128 0xf
 331 0164 00000000 		.4byte	.LASF20
 332 0168 01       		.byte	0x1
 333 0169 11       		.byte	0x11
 334 016a AE000000 		.4byte	0xae
 335 016e 05       		.uleb128 0x5
 336 016f 03       		.byte	0x3
 337 0170 00000000 		.4byte	stopCount
 338 0174 0F       		.uleb128 0xf
 339 0175 53000000 		.4byte	.LASF21
 340 0179 01       		.byte	0x1
 341 017a 13       		.byte	0x13
 342 017b 8D000000 		.4byte	0x8d
 343 017f 05       		.uleb128 0x5
 344 0180 03       		.byte	0x3
ARM GAS  C:\Users\magnu\AppData\Local\Temp\ccEGpXHo.s 			page 8


 345 0181 00000000 		.4byte	counter
 346 0185 0F       		.uleb128 0xf
 347 0186 33000000 		.4byte	.LASF22
 348 018a 01       		.byte	0x1
 349 018b 15       		.byte	0x15
 350 018c 96010000 		.4byte	0x196
 351 0190 05       		.uleb128 0x5
 352 0191 03       		.byte	0x3
 353 0192 00000000 		.4byte	tick_period_ms
 354 0196 10       		.uleb128 0x10
 355 0197 8D000000 		.4byte	0x8d
 356 019b 0F       		.uleb128 0xf
 357 019c 5E020000 		.4byte	.LASF23
 358 01a0 01       		.byte	0x1
 359 01a1 16       		.byte	0x16
 360 01a2 8D000000 		.4byte	0x8d
 361 01a6 05       		.uleb128 0x5
 362 01a7 03       		.byte	0x3
 363 01a8 00000000 		.4byte	start_counter
 364 01ac 0F       		.uleb128 0xf
 365 01ad D7010000 		.4byte	.LASF24
 366 01b1 01       		.byte	0x1
 367 01b2 17       		.byte	0x17
 368 01b3 8D000000 		.4byte	0x8d
 369 01b7 05       		.uleb128 0x5
 370 01b8 03       		.byte	0x3
 371 01b9 00000000 		.4byte	stop_counter
 372 01bd 0F       		.uleb128 0xf
 373 01be 04010000 		.4byte	.LASF25
 374 01c2 01       		.byte	0x1
 375 01c3 18       		.byte	0x18
 376 01c4 8D000000 		.4byte	0x8d
 377 01c8 05       		.uleb128 0x5
 378 01c9 03       		.byte	0x3
 379 01ca 00000000 		.4byte	time_interval_ticks
 380 01ce 0F       		.uleb128 0xf
 381 01cf 18000000 		.4byte	.LASF26
 382 01d3 01       		.byte	0x1
 383 01d4 19       		.byte	0x19
 384 01d5 8D000000 		.4byte	0x8d
 385 01d9 05       		.uleb128 0x5
 386 01da 03       		.byte	0x3
 387 01db 00000000 		.4byte	time_interval_ms
 388 01df 11       		.uleb128 0x11
 389 01e0 0A000000 		.4byte	.LASF27
 390 01e4 0A000000 		.4byte	.LASF27
 391 01e8 06       		.byte	0x6
 392 01e9 5A       		.byte	0x5a
 393 01ea 11       		.uleb128 0x11
 394 01eb 4A020000 		.4byte	.LASF28
 395 01ef 4A020000 		.4byte	.LASF28
 396 01f3 06       		.byte	0x6
 397 01f4 69       		.byte	0x69
 398 01f5 11       		.uleb128 0x11
 399 01f6 A8020000 		.4byte	.LASF29
 400 01fa A8020000 		.4byte	.LASF29
 401 01fe 06       		.byte	0x6
ARM GAS  C:\Users\magnu\AppData\Local\Temp\ccEGpXHo.s 			page 9


 402 01ff 5B       		.byte	0x5b
 403 0200 00       		.byte	0
 404              		.section	.debug_abbrev,"",%progbits
 405              	.Ldebug_abbrev0:
 406 0000 01       		.uleb128 0x1
 407 0001 11       		.uleb128 0x11
 408 0002 01       		.byte	0x1
 409 0003 25       		.uleb128 0x25
 410 0004 0E       		.uleb128 0xe
 411 0005 13       		.uleb128 0x13
 412 0006 0B       		.uleb128 0xb
 413 0007 03       		.uleb128 0x3
 414 0008 0E       		.uleb128 0xe
 415 0009 1B       		.uleb128 0x1b
 416 000a 0E       		.uleb128 0xe
 417 000b 55       		.uleb128 0x55
 418 000c 17       		.uleb128 0x17
 419 000d 11       		.uleb128 0x11
 420 000e 01       		.uleb128 0x1
 421 000f 10       		.uleb128 0x10
 422 0010 17       		.uleb128 0x17
 423 0011 00       		.byte	0
 424 0012 00       		.byte	0
 425 0013 02       		.uleb128 0x2
 426 0014 24       		.uleb128 0x24
 427 0015 00       		.byte	0
 428 0016 0B       		.uleb128 0xb
 429 0017 0B       		.uleb128 0xb
 430 0018 3E       		.uleb128 0x3e
 431 0019 0B       		.uleb128 0xb
 432 001a 03       		.uleb128 0x3
 433 001b 0E       		.uleb128 0xe
 434 001c 00       		.byte	0
 435 001d 00       		.byte	0
 436 001e 03       		.uleb128 0x3
 437 001f 16       		.uleb128 0x16
 438 0020 00       		.byte	0
 439 0021 03       		.uleb128 0x3
 440 0022 0E       		.uleb128 0xe
 441 0023 3A       		.uleb128 0x3a
 442 0024 0B       		.uleb128 0xb
 443 0025 3B       		.uleb128 0x3b
 444 0026 0B       		.uleb128 0xb
 445 0027 49       		.uleb128 0x49
 446 0028 13       		.uleb128 0x13
 447 0029 00       		.byte	0
 448 002a 00       		.byte	0
 449 002b 04       		.uleb128 0x4
 450 002c 24       		.uleb128 0x24
 451 002d 00       		.byte	0
 452 002e 0B       		.uleb128 0xb
 453 002f 0B       		.uleb128 0xb
 454 0030 3E       		.uleb128 0x3e
 455 0031 0B       		.uleb128 0xb
 456 0032 03       		.uleb128 0x3
 457 0033 08       		.uleb128 0x8
 458 0034 00       		.byte	0
ARM GAS  C:\Users\magnu\AppData\Local\Temp\ccEGpXHo.s 			page 10


 459 0035 00       		.byte	0
 460 0036 05       		.uleb128 0x5
 461 0037 16       		.uleb128 0x16
 462 0038 00       		.byte	0
 463 0039 03       		.uleb128 0x3
 464 003a 0E       		.uleb128 0xe
 465 003b 3A       		.uleb128 0x3a
 466 003c 0B       		.uleb128 0xb
 467 003d 3B       		.uleb128 0x3b
 468 003e 05       		.uleb128 0x5
 469 003f 49       		.uleb128 0x49
 470 0040 13       		.uleb128 0x13
 471 0041 00       		.byte	0
 472 0042 00       		.byte	0
 473 0043 06       		.uleb128 0x6
 474 0044 35       		.uleb128 0x35
 475 0045 00       		.byte	0
 476 0046 49       		.uleb128 0x49
 477 0047 13       		.uleb128 0x13
 478 0048 00       		.byte	0
 479 0049 00       		.byte	0
 480 004a 07       		.uleb128 0x7
 481 004b 2E       		.uleb128 0x2e
 482 004c 00       		.byte	0
 483 004d 3F       		.uleb128 0x3f
 484 004e 19       		.uleb128 0x19
 485 004f 03       		.uleb128 0x3
 486 0050 0E       		.uleb128 0xe
 487 0051 3A       		.uleb128 0x3a
 488 0052 0B       		.uleb128 0xb
 489 0053 3B       		.uleb128 0x3b
 490 0054 0B       		.uleb128 0xb
 491 0055 27       		.uleb128 0x27
 492 0056 19       		.uleb128 0x19
 493 0057 11       		.uleb128 0x11
 494 0058 01       		.uleb128 0x1
 495 0059 12       		.uleb128 0x12
 496 005a 06       		.uleb128 0x6
 497 005b 40       		.uleb128 0x40
 498 005c 18       		.uleb128 0x18
 499 005d 9742     		.uleb128 0x2117
 500 005f 19       		.uleb128 0x19
 501 0060 00       		.byte	0
 502 0061 00       		.byte	0
 503 0062 08       		.uleb128 0x8
 504 0063 2E       		.uleb128 0x2e
 505 0064 01       		.byte	0x1
 506 0065 3F       		.uleb128 0x3f
 507 0066 19       		.uleb128 0x19
 508 0067 03       		.uleb128 0x3
 509 0068 0E       		.uleb128 0xe
 510 0069 3A       		.uleb128 0x3a
 511 006a 0B       		.uleb128 0xb
 512 006b 3B       		.uleb128 0x3b
 513 006c 0B       		.uleb128 0xb
 514 006d 27       		.uleb128 0x27
 515 006e 19       		.uleb128 0x19
ARM GAS  C:\Users\magnu\AppData\Local\Temp\ccEGpXHo.s 			page 11


 516 006f 11       		.uleb128 0x11
 517 0070 01       		.uleb128 0x1
 518 0071 12       		.uleb128 0x12
 519 0072 06       		.uleb128 0x6
 520 0073 40       		.uleb128 0x40
 521 0074 18       		.uleb128 0x18
 522 0075 9742     		.uleb128 0x2117
 523 0077 19       		.uleb128 0x19
 524 0078 01       		.uleb128 0x1
 525 0079 13       		.uleb128 0x13
 526 007a 00       		.byte	0
 527 007b 00       		.byte	0
 528 007c 09       		.uleb128 0x9
 529 007d 898201   		.uleb128 0x4109
 530 0080 00       		.byte	0
 531 0081 11       		.uleb128 0x11
 532 0082 01       		.uleb128 0x1
 533 0083 31       		.uleb128 0x31
 534 0084 13       		.uleb128 0x13
 535 0085 00       		.byte	0
 536 0086 00       		.byte	0
 537 0087 0A       		.uleb128 0xa
 538 0088 2E       		.uleb128 0x2e
 539 0089 01       		.byte	0x1
 540 008a 3F       		.uleb128 0x3f
 541 008b 19       		.uleb128 0x19
 542 008c 03       		.uleb128 0x3
 543 008d 0E       		.uleb128 0xe
 544 008e 3A       		.uleb128 0x3a
 545 008f 0B       		.uleb128 0xb
 546 0090 3B       		.uleb128 0x3b
 547 0091 0B       		.uleb128 0xb
 548 0092 27       		.uleb128 0x27
 549 0093 19       		.uleb128 0x19
 550 0094 49       		.uleb128 0x49
 551 0095 13       		.uleb128 0x13
 552 0096 11       		.uleb128 0x11
 553 0097 01       		.uleb128 0x1
 554 0098 12       		.uleb128 0x12
 555 0099 06       		.uleb128 0x6
 556 009a 40       		.uleb128 0x40
 557 009b 18       		.uleb128 0x18
 558 009c 9742     		.uleb128 0x2117
 559 009e 19       		.uleb128 0x19
 560 009f 01       		.uleb128 0x1
 561 00a0 13       		.uleb128 0x13
 562 00a1 00       		.byte	0
 563 00a2 00       		.byte	0
 564 00a3 0B       		.uleb128 0xb
 565 00a4 01       		.uleb128 0x1
 566 00a5 01       		.byte	0x1
 567 00a6 49       		.uleb128 0x49
 568 00a7 13       		.uleb128 0x13
 569 00a8 01       		.uleb128 0x1
 570 00a9 13       		.uleb128 0x13
 571 00aa 00       		.byte	0
 572 00ab 00       		.byte	0
ARM GAS  C:\Users\magnu\AppData\Local\Temp\ccEGpXHo.s 			page 12


 573 00ac 0C       		.uleb128 0xc
 574 00ad 21       		.uleb128 0x21
 575 00ae 00       		.byte	0
 576 00af 49       		.uleb128 0x49
 577 00b0 13       		.uleb128 0x13
 578 00b1 2F       		.uleb128 0x2f
 579 00b2 0B       		.uleb128 0xb
 580 00b3 00       		.byte	0
 581 00b4 00       		.byte	0
 582 00b5 0D       		.uleb128 0xd
 583 00b6 34       		.uleb128 0x34
 584 00b7 00       		.byte	0
 585 00b8 03       		.uleb128 0x3
 586 00b9 0E       		.uleb128 0xe
 587 00ba 3A       		.uleb128 0x3a
 588 00bb 0B       		.uleb128 0xb
 589 00bc 3B       		.uleb128 0x3b
 590 00bd 0B       		.uleb128 0xb
 591 00be 49       		.uleb128 0x49
 592 00bf 13       		.uleb128 0x13
 593 00c0 00       		.byte	0
 594 00c1 00       		.byte	0
 595 00c2 0E       		.uleb128 0xe
 596 00c3 34       		.uleb128 0x34
 597 00c4 00       		.byte	0
 598 00c5 03       		.uleb128 0x3
 599 00c6 0E       		.uleb128 0xe
 600 00c7 3A       		.uleb128 0x3a
 601 00c8 0B       		.uleb128 0xb
 602 00c9 3B       		.uleb128 0x3b
 603 00ca 05       		.uleb128 0x5
 604 00cb 49       		.uleb128 0x49
 605 00cc 13       		.uleb128 0x13
 606 00cd 3F       		.uleb128 0x3f
 607 00ce 19       		.uleb128 0x19
 608 00cf 3C       		.uleb128 0x3c
 609 00d0 19       		.uleb128 0x19
 610 00d1 00       		.byte	0
 611 00d2 00       		.byte	0
 612 00d3 0F       		.uleb128 0xf
 613 00d4 34       		.uleb128 0x34
 614 00d5 00       		.byte	0
 615 00d6 03       		.uleb128 0x3
 616 00d7 0E       		.uleb128 0xe
 617 00d8 3A       		.uleb128 0x3a
 618 00d9 0B       		.uleb128 0xb
 619 00da 3B       		.uleb128 0x3b
 620 00db 0B       		.uleb128 0xb
 621 00dc 49       		.uleb128 0x49
 622 00dd 13       		.uleb128 0x13
 623 00de 3F       		.uleb128 0x3f
 624 00df 19       		.uleb128 0x19
 625 00e0 02       		.uleb128 0x2
 626 00e1 18       		.uleb128 0x18
 627 00e2 00       		.byte	0
 628 00e3 00       		.byte	0
 629 00e4 10       		.uleb128 0x10
ARM GAS  C:\Users\magnu\AppData\Local\Temp\ccEGpXHo.s 			page 13


 630 00e5 26       		.uleb128 0x26
 631 00e6 00       		.byte	0
 632 00e7 49       		.uleb128 0x49
 633 00e8 13       		.uleb128 0x13
 634 00e9 00       		.byte	0
 635 00ea 00       		.byte	0
 636 00eb 11       		.uleb128 0x11
 637 00ec 2E       		.uleb128 0x2e
 638 00ed 00       		.byte	0
 639 00ee 3F       		.uleb128 0x3f
 640 00ef 19       		.uleb128 0x19
 641 00f0 3C       		.uleb128 0x3c
 642 00f1 19       		.uleb128 0x19
 643 00f2 6E       		.uleb128 0x6e
 644 00f3 0E       		.uleb128 0xe
 645 00f4 03       		.uleb128 0x3
 646 00f5 0E       		.uleb128 0xe
 647 00f6 3A       		.uleb128 0x3a
 648 00f7 0B       		.uleb128 0xb
 649 00f8 3B       		.uleb128 0x3b
 650 00f9 0B       		.uleb128 0xb
 651 00fa 00       		.byte	0
 652 00fb 00       		.byte	0
 653 00fc 00       		.byte	0
 654              		.section	.debug_aranges,"",%progbits
 655 0000 2C000000 		.4byte	0x2c
 656 0004 0200     		.2byte	0x2
 657 0006 00000000 		.4byte	.Ldebug_info0
 658 000a 04       		.byte	0x4
 659 000b 00       		.byte	0
 660 000c 0000     		.2byte	0
 661 000e 0000     		.2byte	0
 662 0010 00000000 		.4byte	.LFB64
 663 0014 02000000 		.4byte	.LFE64-.LFB64
 664 0018 00000000 		.4byte	.LFB65
 665 001c 14000000 		.4byte	.LFE65-.LFB65
 666 0020 00000000 		.4byte	.LFB66
 667 0024 2C000000 		.4byte	.LFE66-.LFB66
 668 0028 00000000 		.4byte	0
 669 002c 00000000 		.4byte	0
 670              		.section	.debug_ranges,"",%progbits
 671              	.Ldebug_ranges0:
 672 0000 00000000 		.4byte	.LFB64
 673 0004 02000000 		.4byte	.LFE64
 674 0008 00000000 		.4byte	.LFB65
 675 000c 14000000 		.4byte	.LFE65
 676 0010 00000000 		.4byte	.LFB66
 677 0014 2C000000 		.4byte	.LFE66
 678 0018 00000000 		.4byte	0
 679 001c 00000000 		.4byte	0
 680              		.section	.debug_line,"",%progbits
 681              	.Ldebug_line0:
 682 0000 95010000 		.section	.debug_str,"MS",%progbits,1
 682      02005A01 
 682      00000201 
 682      FB0E0D00 
 682      01010101 
ARM GAS  C:\Users\magnu\AppData\Local\Temp\ccEGpXHo.s 			page 14


 683              	.LASF20:
 684 0000 73746F70 		.ascii	"stopCount\000"
 684      436F756E 
 684      7400
 685              	.LASF27:
 686 000a 54696D65 		.ascii	"Timer_1_Start\000"
 686      725F315F 
 686      53746172 
 686      7400
 687              	.LASF26:
 688 0018 74696D65 		.ascii	"time_interval_ms\000"
 688      5F696E74 
 688      65727661 
 688      6C5F6D73 
 688      00
 689              	.LASF9:
 690 0029 5F5F696E 		.ascii	"__int32_t\000"
 690      7433325F 
 690      7400
 691              	.LASF22:
 692 0033 7469636B 		.ascii	"tick_period_ms\000"
 692      5F706572 
 692      696F645F 
 692      6D7300
 693              	.LASF19:
 694 0042 73746172 		.ascii	"startCount\000"
 694      74436F75 
 694      6E7400
 695              	.LASF13:
 696 004d 666C6F61 		.ascii	"float\000"
 696      7400
 697              	.LASF21:
 698 0053 636F756E 		.ascii	"counter\000"
 698      74657200 
 699              	.LASF1:
 700 005b 756E7369 		.ascii	"unsigned char\000"
 700      676E6564 
 700      20636861 
 700      7200
 701              	.LASF30:
 702 0069 474E5520 		.ascii	"GNU C11 5.4.1 20160609 (release) [ARM/embedded-5-br"
 702      43313120 
 702      352E342E 
 702      31203230 
 702      31363036 
 703 009c 616E6368 		.ascii	"anch revision 237715] -mcpu=cortex-m3 -mthumb -g -O"
 703      20726576 
 703      6973696F 
 703      6E203233 
 703      37373135 
 704 00cf 67202D66 		.ascii	"g -ffunction-sections -ffat-lto-objects\000"
 704      66756E63 
 704      74696F6E 
 704      2D736563 
 704      74696F6E 
 705              	.LASF36:
 706 00f7 6F757470 		.ascii	"outputBuffer\000"
ARM GAS  C:\Users\magnu\AppData\Local\Temp\ccEGpXHo.s 			page 15


 706      75744275 
 706      66666572 
 706      00
 707              	.LASF25:
 708 0104 74696D65 		.ascii	"time_interval_ticks\000"
 708      5F696E74 
 708      65727661 
 708      6C5F7469 
 708      636B7300 
 709              	.LASF5:
 710 0118 6C6F6E67 		.ascii	"long unsigned int\000"
 710      20756E73 
 710      69676E65 
 710      6420696E 
 710      7400
 711              	.LASF3:
 712 012a 73686F72 		.ascii	"short unsigned int\000"
 712      7420756E 
 712      7369676E 
 712      65642069 
 712      6E7400
 713              	.LASF33:
 714 013d 696E6974 		.ascii	"initTimer\000"
 714      54696D65 
 714      7200
 715              	.LASF32:
 716 0147 433A5C55 		.ascii	"C:\\Users\\magnu\\OneDrive - Aarhus universitet\\Pr"
 716      73657273 
 716      5C6D6167 
 716      6E755C4F 
 716      6E654472 
 717 0176 6F6A656B 		.ascii	"ojekt3 bilag\\Scale.cywrk.Archive02\\Kode til til l"
 717      74332062 
 717      696C6167 
 717      5C536361 
 717      6C652E63 
 718 01a7 6F616463 		.ascii	"oadcell\\Scale.cydsn\000"
 718      656C6C5C 
 718      5363616C 
 718      652E6379 
 718      64736E00 
 719              	.LASF18:
 720 01bb 49544D5F 		.ascii	"ITM_RxBuffer\000"
 720      52784275 
 720      66666572 
 720      00
 721              	.LASF31:
 722 01c8 54696D65 		.ascii	"Timer.c\000"
 722      722E6300 
 723              	.LASF14:
 724 01d0 646F7562 		.ascii	"double\000"
 724      6C6500
 725              	.LASF24:
 726 01d7 73746F70 		.ascii	"stop_counter\000"
 726      5F636F75 
 726      6E746572 
 726      00
ARM GAS  C:\Users\magnu\AppData\Local\Temp\ccEGpXHo.s 			page 16


 727              	.LASF35:
 728 01e4 73746F70 		.ascii	"stopTidsTagning\000"
 728      54696473 
 728      5461676E 
 728      696E6700 
 729              	.LASF11:
 730 01f4 75696E74 		.ascii	"uint16\000"
 730      313600
 731              	.LASF12:
 732 01fb 75696E74 		.ascii	"uint32\000"
 732      333200
 733              	.LASF8:
 734 0202 756E7369 		.ascii	"unsigned int\000"
 734      676E6564 
 734      20696E74 
 734      00
 735              	.LASF7:
 736 020f 6C6F6E67 		.ascii	"long long unsigned int\000"
 736      206C6F6E 
 736      6720756E 
 736      7369676E 
 736      65642069 
 737              	.LASF10:
 738 0226 696E7433 		.ascii	"int32_t\000"
 738      325F7400 
 739              	.LASF17:
 740 022e 73697A65 		.ascii	"sizetype\000"
 740      74797065 
 740      00
 741              	.LASF6:
 742 0237 6C6F6E67 		.ascii	"long long int\000"
 742      206C6F6E 
 742      6720696E 
 742      7400
 743              	.LASF15:
 744 0245 63686172 		.ascii	"char\000"
 744      00
 745              	.LASF28:
 746 024a 54696D65 		.ascii	"Timer_1_ReadCounter\000"
 746      725F315F 
 746      52656164 
 746      436F756E 
 746      74657200 
 747              	.LASF23:
 748 025e 73746172 		.ascii	"start_counter\000"
 748      745F636F 
 748      756E7465 
 748      7200
 749              	.LASF2:
 750 026c 73686F72 		.ascii	"short int\000"
 750      7420696E 
 750      7400
 751              	.LASF34:
 752 0276 73746172 		.ascii	"startTidsTagning\000"
 752      74546964 
 752      73546167 
 752      6E696E67 
ARM GAS  C:\Users\magnu\AppData\Local\Temp\ccEGpXHo.s 			page 17


 752      00
 753              	.LASF4:
 754 0287 6C6F6E67 		.ascii	"long int\000"
 754      20696E74 
 754      00
 755              	.LASF16:
 756 0290 6C6F6E67 		.ascii	"long double\000"
 756      20646F75 
 756      626C6500 
 757              	.LASF0:
 758 029c 7369676E 		.ascii	"signed char\000"
 758      65642063 
 758      68617200 
 759              	.LASF29:
 760 02a8 54696D65 		.ascii	"Timer_1_Stop\000"
 760      725F315F 
 760      53746F70 
 760      00
 761              		.ident	"GCC: (GNU Tools for ARM Embedded Processors) 5.4.1 20160609 (release) [ARM/embedded-5-bran
