ARM GAS  C:\Users\jespe\AppData\Local\Temp\ccaYfUXG.s 			page 1


   1              		.syntax unified
   2              		.cpu cortex-m3
   3              		.fpu softvfp
   4              		.eabi_attribute 20, 1
   5              		.eabi_attribute 21, 1
   6              		.eabi_attribute 23, 3
   7              		.eabi_attribute 24, 1
   8              		.eabi_attribute 25, 1
   9              		.eabi_attribute 26, 1
  10              		.eabi_attribute 30, 1
  11              		.eabi_attribute 34, 1
  12              		.eabi_attribute 18, 4
  13              		.thumb
  14              		.syntax unified
  15              		.file	"cymetadata.c"
  16              		.text
  17              	.Ltext0:
  18              		.cfi_sections	.debug_frame
  19              		.global	cy_metadata
  20              		.global	cy_meta_flashprotect
  21              		.global	cy_meta_wonvl
  22              		.global	cy_meta_custnvl
  23              		.global	cy_meta_configecc
  24              		.section	.cyconfigecc,"a",%progbits
  25              		.align	2
  26              		.type	cy_meta_configecc, %object
  27              		.size	cy_meta_configecc, 992
  28              	cy_meta_configecc:
  29 0000 03       		.byte	3
  30 0001 52       		.byte	82
  31 0002 00       		.byte	0
  32 0003 40       		.byte	64
  33 0004 01       		.byte	1
  34 0005 64       		.byte	100
  35 0006 00       		.byte	0
  36 0007 40       		.byte	64
  37 0008 04       		.byte	4
  38 0009 65       		.byte	101
  39 000a 00       		.byte	0
  40 000b 40       		.byte	64
  41 000c 01       		.byte	1
  42 000d 07       		.byte	7
  43 000e 01       		.byte	1
  44 000f 40       		.byte	64
  45 0010 2F       		.byte	47
  46 0011 08       		.byte	8
  47 0012 01       		.byte	1
  48 0013 40       		.byte	64
  49 0014 24       		.byte	36
  50 0015 09       		.byte	9
  51 0016 01       		.byte	1
  52 0017 40       		.byte	64
  53 0018 30       		.byte	48
  54 0019 14       		.byte	20
  55 001a 01       		.byte	1
  56 001b 40       		.byte	64
  57 001c 20       		.byte	32
ARM GAS  C:\Users\jespe\AppData\Local\Temp\ccaYfUXG.s 			page 2


  58 001d 15       		.byte	21
  59 001e 01       		.byte	1
  60 001f 40       		.byte	64
  61 0020 47       		.byte	71
  62 0021 18       		.byte	24
  63 0022 01       		.byte	1
  64 0023 40       		.byte	64
  65 0024 33       		.byte	51
  66 0025 19       		.byte	25
  67 0026 01       		.byte	1
  68 0027 40       		.byte	64
  69 0028 35       		.byte	53
  70 0029 1A       		.byte	26
  71 002a 01       		.byte	1
  72 002b 40       		.byte	64
  73 002c 20       		.byte	32
  74 002d 1B       		.byte	27
  75 002e 01       		.byte	1
  76 002f 40       		.byte	64
  77 0030 03       		.byte	3
  78 0031 40       		.byte	64
  79 0032 01       		.byte	1
  80 0033 40       		.byte	64
  81 0034 01       		.byte	1
  82 0035 41       		.byte	65
  83 0036 01       		.byte	1
  84 0037 40       		.byte	64
  85 0038 01       		.byte	1
  86 0039 42       		.byte	66
  87 003a 01       		.byte	1
  88 003b 40       		.byte	64
  89 003c 03       		.byte	3
  90 003d 43       		.byte	67
  91 003e 01       		.byte	1
  92 003f 40       		.byte	64
  93 0040 03       		.byte	3
  94 0041 46       		.byte	70
  95 0042 01       		.byte	1
  96 0043 40       		.byte	64
  97 0044 02       		.byte	2
  98 0045 47       		.byte	71
  99 0046 01       		.byte	1
 100 0047 40       		.byte	64
 101 0048 01       		.byte	1
 102 0049 48       		.byte	72
 103 004a 01       		.byte	1
 104 004b 40       		.byte	64
 105 004c 09       		.byte	9
 106 004d 49       		.byte	73
 107 004e 01       		.byte	1
 108 004f 40       		.byte	64
 109 0050 0E       		.byte	14
 110 0051 4C       		.byte	76
 111 0052 01       		.byte	1
 112 0053 40       		.byte	64
 113 0054 04       		.byte	4
 114 0055 4D       		.byte	77
ARM GAS  C:\Users\jespe\AppData\Local\Temp\ccaYfUXG.s 			page 3


 115 0056 01       		.byte	1
 116 0057 40       		.byte	64
 117 0058 05       		.byte	5
 118 0059 50       		.byte	80
 119 005a 01       		.byte	1
 120 005b 40       		.byte	64
 121 005c 01       		.byte	1
 122 005d 51       		.byte	81
 123 005e 01       		.byte	1
 124 005f 40       		.byte	64
 125 0060 08       		.byte	8
 126 0061 40       		.byte	64
 127 0062 0B       		.byte	11
 128 0063 40       		.byte	64
 129 0064 19       		.byte	25
 130 0065 10       		.byte	16
 131 0066 88       		.byte	-120
 132 0067 78       		.byte	120
 133 0068 85       		.byte	-123
 134 0069 0F       		.byte	15
 135 006a 88       		.byte	-120
 136 006b 47       		.byte	71
 137 006c 89       		.byte	-119
 138 006d 07       		.byte	7
 139 006e 8B       		.byte	-117
 140 006f 0D       		.byte	13
 141 0070 E6       		.byte	-26
 142 0071 02       		.byte	2
 143 0072 54       		.byte	84
 144 0073 20       		.byte	32
 145 0074 56       		.byte	86
 146 0075 04       		.byte	4
 147 0076 5B       		.byte	91
 148 0077 04       		.byte	4
 149 0078 5F       		.byte	95
 150 0079 01       		.byte	1
 151 007a 8E       		.byte	-114
 152 007b 01       		.byte	1
 153 007c 90       		.byte	-112
 154 007d 02       		.byte	2
 155 007e 95       		.byte	-107
 156 007f 01       		.byte	1
 157 0080 96       		.byte	-106
 158 0081 06       		.byte	6
 159 0082 9A       		.byte	-102
 160 0083 01       		.byte	1
 161 0084 9C       		.byte	-100
 162 0085 08       		.byte	8
 163 0086 A0       		.byte	-96
 164 0087 01       		.byte	1
 165 0088 A4       		.byte	-92
 166 0089 01       		.byte	1
 167 008a A8       		.byte	-88
 168 008b 01       		.byte	1
 169 008c B0       		.byte	-80
 170 008d 04       		.byte	4
 171 008e B1       		.byte	-79
ARM GAS  C:\Users\jespe\AppData\Local\Temp\ccaYfUXG.s 			page 4


 172 008f 01       		.byte	1
 173 0090 B2       		.byte	-78
 174 0091 02       		.byte	2
 175 0092 B4       		.byte	-76
 176 0093 01       		.byte	1
 177 0094 B6       		.byte	-74
 178 0095 08       		.byte	8
 179 0096 BE       		.byte	-66
 180 0097 54       		.byte	84
 181 0098 BF       		.byte	-65
 182 0099 01       		.byte	1
 183 009a C0       		.byte	-64
 184 009b 02       		.byte	2
 185 009c C1       		.byte	-63
 186 009d 04       		.byte	4
 187 009e C2       		.byte	-62
 188 009f 20       		.byte	32
 189 00a0 C4       		.byte	-60
 190 00a1 01       		.byte	1
 191 00a2 C5       		.byte	-59
 192 00a3 CE       		.byte	-50
 193 00a4 C6       		.byte	-58
 194 00a5 BF       		.byte	-65
 195 00a6 C7       		.byte	-57
 196 00a7 0D       		.byte	13
 197 00a8 C8       		.byte	-56
 198 00a9 1F       		.byte	31
 199 00aa C9       		.byte	-55
 200 00ab FF       		.byte	-1
 201 00ac CA       		.byte	-54
 202 00ad FF       		.byte	-1
 203 00ae CB       		.byte	-53
 204 00af FF       		.byte	-1
 205 00b0 CC       		.byte	-52
 206 00b1 22       		.byte	34
 207 00b2 CE       		.byte	-50
 208 00b3 F0       		.byte	-16
 209 00b4 CF       		.byte	-49
 210 00b5 0C       		.byte	12
 211 00b6 D0       		.byte	-48
 212 00b7 8C       		.byte	-116
 213 00b8 D1       		.byte	-47
 214 00b9 10       		.byte	16
 215 00ba D6       		.byte	-42
 216 00bb 08       		.byte	8
 217 00bc D8       		.byte	-40
 218 00bd 04       		.byte	4
 219 00be D9       		.byte	-39
 220 00bf 04       		.byte	4
 221 00c0 DA       		.byte	-38
 222 00c1 24       		.byte	36
 223 00c2 DB       		.byte	-37
 224 00c3 04       		.byte	4
 225 00c4 DD       		.byte	-35
 226 00c5 08       		.byte	8
 227 00c6 DF       		.byte	-33
 228 00c7 01       		.byte	1
ARM GAS  C:\Users\jespe\AppData\Local\Temp\ccaYfUXG.s 			page 5


 229 00c8 E8       		.byte	-24
 230 00c9 40       		.byte	64
 231 00ca E9       		.byte	-23
 232 00cb 01       		.byte	1
 233 00cc EA       		.byte	-22
 234 00cd C0       		.byte	-64
 235 00ce EB       		.byte	-21
 236 00cf 01       		.byte	1
 237 00d0 01       		.byte	1
 238 00d1 40       		.byte	64
 239 00d2 08       		.byte	8
 240 00d3 08       		.byte	8
 241 00d4 09       		.byte	9
 242 00d5 80       		.byte	-128
 243 00d6 0A       		.byte	10
 244 00d7 41       		.byte	65
 245 00d8 0B       		.byte	11
 246 00d9 08       		.byte	8
 247 00da 10       		.byte	16
 248 00db A8       		.byte	-88
 249 00dc 19       		.byte	25
 250 00dd A0       		.byte	-96
 251 00de 1A       		.byte	26
 252 00df 40       		.byte	64
 253 00e0 1B       		.byte	27
 254 00e1 04       		.byte	4
 255 00e2 20       		.byte	32
 256 00e3 C0       		.byte	-64
 257 00e4 33       		.byte	51
 258 00e5 08       		.byte	8
 259 00e6 3F       		.byte	63
 260 00e7 0C       		.byte	12
 261 00e8 40       		.byte	64
 262 00e9 45       		.byte	69
 263 00ea 49       		.byte	73
 264 00eb 02       		.byte	2
 265 00ec 4A       		.byte	74
 266 00ed 10       		.byte	16
 267 00ee 50       		.byte	80
 268 00ef 04       		.byte	4
 269 00f0 51       		.byte	81
 270 00f1 A0       		.byte	-96
 271 00f2 53       		.byte	83
 272 00f3 04       		.byte	4
 273 00f4 58       		.byte	88
 274 00f5 80       		.byte	-128
 275 00f6 59       		.byte	89
 276 00f7 20       		.byte	32
 277 00f8 5A       		.byte	90
 278 00f9 08       		.byte	8
 279 00fa 5E       		.byte	94
 280 00fb 01       		.byte	1
 281 00fc 60       		.byte	96
 282 00fd 08       		.byte	8
 283 00fe 62       		.byte	98
 284 00ff 44       		.byte	68
 285 0100 65       		.byte	101
ARM GAS  C:\Users\jespe\AppData\Local\Temp\ccaYfUXG.s 			page 6


 286 0101 80       		.byte	-128
 287 0102 67       		.byte	103
 288 0103 54       		.byte	84
 289 0104 7A       		.byte	122
 290 0105 02       		.byte	2
 291 0106 87       		.byte	-121
 292 0107 40       		.byte	64
 293 0108 C0       		.byte	-64
 294 0109 01       		.byte	1
 295 010a C2       		.byte	-62
 296 010b 0F       		.byte	15
 297 010c C4       		.byte	-60
 298 010d 0E       		.byte	14
 299 010e CC       		.byte	-52
 300 010f 02       		.byte	2
 301 0110 D0       		.byte	-48
 302 0111 0D       		.byte	13
 303 0112 D6       		.byte	-42
 304 0113 8E       		.byte	-114
 305 0114 D8       		.byte	-40
 306 0115 FE       		.byte	-2
 307 0116 DE       		.byte	-34
 308 0117 08       		.byte	8
 309 0118 82       		.byte	-126
 310 0119 02       		.byte	2
 311 011a 83       		.byte	-125
 312 011b 0E       		.byte	14
 313 011c 86       		.byte	-122
 314 011d 05       		.byte	5
 315 011e 87       		.byte	-121
 316 011f 01       		.byte	1
 317 0120 8A       		.byte	-118
 318 0121 09       		.byte	9
 319 0122 91       		.byte	-111
 320 0123 08       		.byte	8
 321 0124 96       		.byte	-106
 322 0125 04       		.byte	4
 323 0126 97       		.byte	-105
 324 0127 02       		.byte	2
 325 0128 AD       		.byte	-83
 326 0129 01       		.byte	1
 327 012a B0       		.byte	-80
 328 012b 08       		.byte	8
 329 012c B1       		.byte	-79
 330 012d 01       		.byte	1
 331 012e B2       		.byte	-78
 332 012f 02       		.byte	2
 333 0130 B3       		.byte	-77
 334 0131 02       		.byte	2
 335 0132 B4       		.byte	-76
 336 0133 04       		.byte	4
 337 0134 B5       		.byte	-75
 338 0135 08       		.byte	8
 339 0136 B6       		.byte	-74
 340 0137 01       		.byte	1
 341 0138 B7       		.byte	-73
 342 0139 04       		.byte	4
ARM GAS  C:\Users\jespe\AppData\Local\Temp\ccaYfUXG.s 			page 7


 343 013a BE       		.byte	-66
 344 013b 10       		.byte	16
 345 013c C0       		.byte	-64
 346 013d 30       		.byte	48
 347 013e C1       		.byte	-63
 348 013f 06       		.byte	6
 349 0140 C5       		.byte	-59
 350 0141 D0       		.byte	-48
 351 0142 C6       		.byte	-58
 352 0143 20       		.byte	32
 353 0144 C7       		.byte	-57
 354 0145 51       		.byte	81
 355 0146 C8       		.byte	-56
 356 0147 3A       		.byte	58
 357 0148 C9       		.byte	-55
 358 0149 FF       		.byte	-1
 359 014a CA       		.byte	-54
 360 014b FF       		.byte	-1
 361 014c CB       		.byte	-53
 362 014d FF       		.byte	-1
 363 014e CD       		.byte	-51
 364 014f A0       		.byte	-96
 365 0150 CF       		.byte	-49
 366 0151 04       		.byte	4
 367 0152 D0       		.byte	-48
 368 0153 18       		.byte	24
 369 0154 D2       		.byte	-46
 370 0155 80       		.byte	-128
 371 0156 D4       		.byte	-44
 372 0157 07       		.byte	7
 373 0158 D8       		.byte	-40
 374 0159 04       		.byte	4
 375 015a D9       		.byte	-39
 376 015b 04       		.byte	4
 377 015c DA       		.byte	-38
 378 015d 04       		.byte	4
 379 015e DB       		.byte	-37
 380 015f 04       		.byte	4
 381 0160 DC       		.byte	-36
 382 0161 11       		.byte	17
 383 0162 DD       		.byte	-35
 384 0163 11       		.byte	17
 385 0164 DF       		.byte	-33
 386 0165 01       		.byte	1
 387 0166 E0       		.byte	-32
 388 0167 40       		.byte	64
 389 0168 E2       		.byte	-30
 390 0169 C0       		.byte	-64
 391 016a E4       		.byte	-28
 392 016b 40       		.byte	64
 393 016c E5       		.byte	-27
 394 016d 40       		.byte	64
 395 016e E6       		.byte	-26
 396 016f C0       		.byte	-64
 397 0170 E8       		.byte	-24
 398 0171 C0       		.byte	-64
 399 0172 EA       		.byte	-22
ARM GAS  C:\Users\jespe\AppData\Local\Temp\ccaYfUXG.s 			page 8


 400 0173 C0       		.byte	-64
 401 0174 EC       		.byte	-20
 402 0175 C0       		.byte	-64
 403 0176 EE       		.byte	-18
 404 0177 C0       		.byte	-64
 405 0178 05       		.byte	5
 406 0179 04       		.byte	4
 407 017a 06       		.byte	6
 408 017b 88       		.byte	-120
 409 017c 0F       		.byte	15
 410 017d 20       		.byte	32
 411 017e 1D       		.byte	29
 412 017f 8C       		.byte	-116
 413 0180 1E       		.byte	30
 414 0181 48       		.byte	72
 415 0182 24       		.byte	36
 416 0183 60       		.byte	96
 417 0184 26       		.byte	38
 418 0185 10       		.byte	16
 419 0186 27       		.byte	39
 420 0187 01       		.byte	1
 421 0188 2E       		.byte	46
 422 0189 40       		.byte	64
 423 018a 35       		.byte	53
 424 018b 04       		.byte	4
 425 018c 37       		.byte	55
 426 018d 01       		.byte	1
 427 018e 3E       		.byte	62
 428 018f 0A       		.byte	10
 429 0190 45       		.byte	69
 430 0191 08       		.byte	8
 431 0192 4F       		.byte	79
 432 0193 21       		.byte	33
 433 0194 56       		.byte	86
 434 0195 0A       		.byte	10
 435 0196 57       		.byte	87
 436 0197 10       		.byte	16
 437 0198 5C       		.byte	92
 438 0199 40       		.byte	64
 439 019a 5E       		.byte	94
 440 019b 28       		.byte	40
 441 019c 5F       		.byte	95
 442 019d 01       		.byte	1
 443 019e 76       		.byte	118
 444 019f 80       		.byte	-128
 445 01a0 80       		.byte	-128
 446 01a1 10       		.byte	16
 447 01a2 89       		.byte	-119
 448 01a3 80       		.byte	-128
 449 01a4 C0       		.byte	-64
 450 01a5 70       		.byte	112
 451 01a6 C2       		.byte	-62
 452 01a7 20       		.byte	32
 453 01a8 CA       		.byte	-54
 454 01a9 10       		.byte	16
 455 01aa CC       		.byte	-52
 456 01ab C0       		.byte	-64
ARM GAS  C:\Users\jespe\AppData\Local\Temp\ccaYfUXG.s 			page 9


 457 01ac CE       		.byte	-50
 458 01ad C0       		.byte	-64
 459 01ae D0       		.byte	-48
 460 01af 40       		.byte	64
 461 01b0 D2       		.byte	-46
 462 01b1 20       		.byte	32
 463 01b2 D6       		.byte	-42
 464 01b3 F0       		.byte	-16
 465 01b4 E2       		.byte	-30
 466 01b5 20       		.byte	32
 467 01b6 EE       		.byte	-18
 468 01b7 08       		.byte	8
 469 01b8 40       		.byte	64
 470 01b9 13       		.byte	19
 471 01ba 49       		.byte	73
 472 01bb FF       		.byte	-1
 473 01bc 4A       		.byte	74
 474 01bd FF       		.byte	-1
 475 01be 4B       		.byte	75
 476 01bf FF       		.byte	-1
 477 01c0 4F       		.byte	79
 478 01c1 01       		.byte	1
 479 01c2 50       		.byte	80
 480 01c3 18       		.byte	24
 481 01c4 54       		.byte	84
 482 01c5 41       		.byte	65
 483 01c6 5A       		.byte	90
 484 01c7 04       		.byte	4
 485 01c8 5B       		.byte	91
 486 01c9 04       		.byte	4
 487 01ca 5D       		.byte	93
 488 01cb 01       		.byte	1
 489 01cc 5F       		.byte	95
 490 01cd 01       		.byte	1
 491 01ce 60       		.byte	96
 492 01cf 40       		.byte	64
 493 01d0 62       		.byte	98
 494 01d1 40       		.byte	64
 495 01d2 64       		.byte	100
 496 01d3 40       		.byte	64
 497 01d4 65       		.byte	101
 498 01d5 40       		.byte	64
 499 01d6 66       		.byte	102
 500 01d7 80       		.byte	-128
 501 01d8 68       		.byte	104
 502 01d9 80       		.byte	-128
 503 01da 6A       		.byte	106
 504 01db 80       		.byte	-128
 505 01dc 6C       		.byte	108
 506 01dd 80       		.byte	-128
 507 01de 6E       		.byte	110
 508 01df 80       		.byte	-128
 509 01e0 84       		.byte	-124
 510 01e1 80       		.byte	-128
 511 01e2 87       		.byte	-121
 512 01e3 01       		.byte	1
 513 01e4 89       		.byte	-119
ARM GAS  C:\Users\jespe\AppData\Local\Temp\ccaYfUXG.s 			page 10


 514 01e5 05       		.byte	5
 515 01e6 8A       		.byte	-118
 516 01e7 1E       		.byte	30
 517 01e8 8C       		.byte	-116
 518 01e9 10       		.byte	16
 519 01ea 8E       		.byte	-114
 520 01eb 41       		.byte	65
 521 01ec 96       		.byte	-106
 522 01ed 21       		.byte	33
 523 01ee 9A       		.byte	-102
 524 01ef 80       		.byte	-128
 525 01f0 A0       		.byte	-96
 526 01f1 41       		.byte	65
 527 01f2 A2       		.byte	-94
 528 01f3 02       		.byte	2
 529 01f4 A4       		.byte	-92
 530 01f5 41       		.byte	65
 531 01f6 A6       		.byte	-90
 532 01f7 04       		.byte	4
 533 01f8 A8       		.byte	-88
 534 01f9 41       		.byte	65
 535 01fa AA       		.byte	-86
 536 01fb 08       		.byte	8
 537 01fc AF       		.byte	-81
 538 01fd 07       		.byte	7
 539 01fe B0       		.byte	-80
 540 01ff 80       		.byte	-128
 541 0200 B2       		.byte	-78
 542 0201 20       		.byte	32
 543 0202 B3       		.byte	-77
 544 0203 04       		.byte	4
 545 0204 B4       		.byte	-76
 546 0205 40       		.byte	64
 547 0206 B5       		.byte	-75
 548 0207 02       		.byte	2
 549 0208 B6       		.byte	-74
 550 0209 1F       		.byte	31
 551 020a B7       		.byte	-73
 552 020b 01       		.byte	1
 553 020c BE       		.byte	-66
 554 020d 51       		.byte	81
 555 020e BF       		.byte	-65
 556 020f 44       		.byte	68
 557 0210 C0       		.byte	-64
 558 0211 13       		.byte	19
 559 0212 C9       		.byte	-55
 560 0213 FF       		.byte	-1
 561 0214 CA       		.byte	-54
 562 0215 FF       		.byte	-1
 563 0216 CB       		.byte	-53
 564 0217 FF       		.byte	-1
 565 0218 CD       		.byte	-51
 566 0219 83       		.byte	-125
 567 021a CE       		.byte	-50
 568 021b 03       		.byte	3
 569 021c CF       		.byte	-49
 570 021d 01       		.byte	1
ARM GAS  C:\Users\jespe\AppData\Local\Temp\ccaYfUXG.s 			page 11


 571 021e D0       		.byte	-48
 572 021f 18       		.byte	24
 573 0220 D6       		.byte	-42
 574 0221 02       		.byte	2
 575 0222 D7       		.byte	-41
 576 0223 2C       		.byte	44
 577 0224 D8       		.byte	-40
 578 0225 04       		.byte	4
 579 0226 D9       		.byte	-39
 580 0227 04       		.byte	4
 581 0228 DA       		.byte	-38
 582 0229 04       		.byte	4
 583 022a DB       		.byte	-37
 584 022b 24       		.byte	36
 585 022c DC       		.byte	-36
 586 022d 08       		.byte	8
 587 022e DD       		.byte	-35
 588 022f 81       		.byte	-127
 589 0230 DE       		.byte	-34
 590 0231 08       		.byte	8
 591 0232 DF       		.byte	-33
 592 0233 01       		.byte	1
 593 0234 E0       		.byte	-32
 594 0235 40       		.byte	64
 595 0236 E2       		.byte	-30
 596 0237 40       		.byte	64
 597 0238 E4       		.byte	-28
 598 0239 40       		.byte	64
 599 023a E5       		.byte	-27
 600 023b 40       		.byte	64
 601 023c E6       		.byte	-26
 602 023d 80       		.byte	-128
 603 023e E8       		.byte	-24
 604 023f 80       		.byte	-128
 605 0240 EA       		.byte	-22
 606 0241 80       		.byte	-128
 607 0242 EC       		.byte	-20
 608 0243 80       		.byte	-128
 609 0244 EE       		.byte	-18
 610 0245 80       		.byte	-128
 611 0246 00       		.byte	0
 612 0247 10       		.byte	16
 613 0248 01       		.byte	1
 614 0249 40       		.byte	64
 615 024a 02       		.byte	2
 616 024b 20       		.byte	32
 617 024c 09       		.byte	9
 618 024d 20       		.byte	32
 619 024e 0A       		.byte	10
 620 024f 20       		.byte	32
 621 0250 10       		.byte	16
 622 0251 A8       		.byte	-88
 623 0252 18       		.byte	24
 624 0253 95       		.byte	-107
 625 0254 21       		.byte	33
 626 0255 10       		.byte	16
 627 0256 22       		.byte	34
ARM GAS  C:\Users\jespe\AppData\Local\Temp\ccaYfUXG.s 			page 12


 628 0257 80       		.byte	-128
 629 0258 23       		.byte	35
 630 0259 10       		.byte	16
 631 025a 28       		.byte	40
 632 025b 02       		.byte	2
 633 025c 36       		.byte	54
 634 025d C0       		.byte	-64
 635 025e 39       		.byte	57
 636 025f 24       		.byte	36
 637 0260 3A       		.byte	58
 638 0261 04       		.byte	4
 639 0262 41       		.byte	65
 640 0263 08       		.byte	8
 641 0264 43       		.byte	67
 642 0265 40       		.byte	64
 643 0266 45       		.byte	69
 644 0267 08       		.byte	8
 645 0268 46       		.byte	70
 646 0269 10       		.byte	16
 647 026a 47       		.byte	71
 648 026b 40       		.byte	64
 649 026c 5D       		.byte	93
 650 026d 04       		.byte	4
 651 026e 5E       		.byte	94
 652 026f A0       		.byte	-96
 653 0270 60       		.byte	96
 654 0271 40       		.byte	64
 655 0272 67       		.byte	103
 656 0273 10       		.byte	16
 657 0274 68       		.byte	104
 658 0275 A8       		.byte	-88
 659 0276 69       		.byte	105
 660 0277 40       		.byte	64
 661 0278 7A       		.byte	122
 662 0279 22       		.byte	34
 663 027a 82       		.byte	-126
 664 027b 10       		.byte	16
 665 027c 90       		.byte	-112
 666 027d 40       		.byte	64
 667 027e 94       		.byte	-108
 668 027f 05       		.byte	5
 669 0280 95       		.byte	-107
 670 0281 40       		.byte	64
 671 0282 9A       		.byte	-102
 672 0283 04       		.byte	4
 673 0284 A1       		.byte	-95
 674 0285 20       		.byte	32
 675 0286 A2       		.byte	-94
 676 0287 30       		.byte	48
 677 0288 A4       		.byte	-92
 678 0289 A8       		.byte	-88
 679 028a A6       		.byte	-90
 680 028b 02       		.byte	2
 681 028c A8       		.byte	-88
 682 028d 84       		.byte	-124
 683 028e AC       		.byte	-84
 684 028f 40       		.byte	64
ARM GAS  C:\Users\jespe\AppData\Local\Temp\ccaYfUXG.s 			page 13


 685 0290 B1       		.byte	-79
 686 0291 02       		.byte	2
 687 0292 B2       		.byte	-78
 688 0293 64       		.byte	100
 689 0294 B3       		.byte	-77
 690 0295 18       		.byte	24
 691 0296 C0       		.byte	-64
 692 0297 07       		.byte	7
 693 0298 C2       		.byte	-62
 694 0299 06       		.byte	6
 695 029a C4       		.byte	-60
 696 029b 0E       		.byte	14
 697 029c CA       		.byte	-54
 698 029d 08       		.byte	8
 699 029e CE       		.byte	-50
 700 029f 06       		.byte	6
 701 02a0 D0       		.byte	-48
 702 02a1 5A       		.byte	90
 703 02a2 D6       		.byte	-42
 704 02a3 70       		.byte	112
 705 02a4 D8       		.byte	-40
 706 02a5 41       		.byte	65
 707 02a6 DE       		.byte	-34
 708 02a7 0A       		.byte	10
 709 02a8 E6       		.byte	-26
 710 02a9 04       		.byte	4
 711 02aa E8       		.byte	-24
 712 02ab 02       		.byte	2
 713 02ac 40       		.byte	64
 714 02ad 12       		.byte	18
 715 02ae 49       		.byte	73
 716 02af FF       		.byte	-1
 717 02b0 4A       		.byte	74
 718 02b1 FF       		.byte	-1
 719 02b2 4B       		.byte	75
 720 02b3 FF       		.byte	-1
 721 02b4 4D       		.byte	77
 722 02b5 83       		.byte	-125
 723 02b6 4E       		.byte	78
 724 02b7 03       		.byte	3
 725 02b8 4F       		.byte	79
 726 02b9 01       		.byte	1
 727 02ba 50       		.byte	80
 728 02bb 18       		.byte	24
 729 02bc 56       		.byte	86
 730 02bd 08       		.byte	8
 731 02be 5A       		.byte	90
 732 02bf 04       		.byte	4
 733 02c0 5B       		.byte	91
 734 02c1 04       		.byte	4
 735 02c2 5D       		.byte	93
 736 02c3 01       		.byte	1
 737 02c4 5F       		.byte	95
 738 02c5 01       		.byte	1
 739 02c6 60       		.byte	96
 740 02c7 40       		.byte	64
 741 02c8 62       		.byte	98
ARM GAS  C:\Users\jespe\AppData\Local\Temp\ccaYfUXG.s 			page 14


 742 02c9 40       		.byte	64
 743 02ca 64       		.byte	100
 744 02cb 40       		.byte	64
 745 02cc 65       		.byte	101
 746 02cd 40       		.byte	64
 747 02ce 66       		.byte	102
 748 02cf 80       		.byte	-128
 749 02d0 68       		.byte	104
 750 02d1 80       		.byte	-128
 751 02d2 6A       		.byte	106
 752 02d3 80       		.byte	-128
 753 02d4 6C       		.byte	108
 754 02d5 80       		.byte	-128
 755 02d6 6E       		.byte	110
 756 02d7 80       		.byte	-128
 757 02d8 86       		.byte	-122
 758 02d9 01       		.byte	1
 759 02da AE       		.byte	-82
 760 02db 01       		.byte	1
 761 02dc B0       		.byte	-80
 762 02dd 01       		.byte	1
 763 02de BE       		.byte	-66
 764 02df 01       		.byte	1
 765 02e0 C0       		.byte	-64
 766 02e1 12       		.byte	18
 767 02e2 C5       		.byte	-59
 768 02e3 EC       		.byte	-20
 769 02e4 C6       		.byte	-58
 770 02e5 20       		.byte	32
 771 02e6 C8       		.byte	-56
 772 02e7 0B       		.byte	11
 773 02e8 C9       		.byte	-55
 774 02e9 FF       		.byte	-1
 775 02ea CA       		.byte	-54
 776 02eb FF       		.byte	-1
 777 02ec CB       		.byte	-53
 778 02ed FF       		.byte	-1
 779 02ee CD       		.byte	-51
 780 02ef 83       		.byte	-125
 781 02f0 CE       		.byte	-50
 782 02f1 03       		.byte	3
 783 02f2 CF       		.byte	-49
 784 02f3 01       		.byte	1
 785 02f4 D0       		.byte	-48
 786 02f5 18       		.byte	24
 787 02f6 D2       		.byte	-46
 788 02f7 80       		.byte	-128
 789 02f8 D4       		.byte	-44
 790 02f9 01       		.byte	1
 791 02fa D8       		.byte	-40
 792 02fb 04       		.byte	4
 793 02fc DA       		.byte	-38
 794 02fd 04       		.byte	4
 795 02fe DB       		.byte	-37
 796 02ff 04       		.byte	4
 797 0300 DD       		.byte	-35
 798 0301 11       		.byte	17
ARM GAS  C:\Users\jespe\AppData\Local\Temp\ccaYfUXG.s 			page 15


 799 0302 DF       		.byte	-33
 800 0303 01       		.byte	1
 801 0304 E0       		.byte	-32
 802 0305 40       		.byte	64
 803 0306 E2       		.byte	-30
 804 0307 40       		.byte	64
 805 0308 E4       		.byte	-28
 806 0309 40       		.byte	64
 807 030a E5       		.byte	-27
 808 030b 40       		.byte	64
 809 030c E6       		.byte	-26
 810 030d 80       		.byte	-128
 811 030e E8       		.byte	-24
 812 030f 80       		.byte	-128
 813 0310 EA       		.byte	-22
 814 0311 80       		.byte	-128
 815 0312 EC       		.byte	-20
 816 0313 80       		.byte	-128
 817 0314 EE       		.byte	-18
 818 0315 80       		.byte	-128
 819 0316 06       		.byte	6
 820 0317 10       		.byte	16
 821 0318 17       		.byte	23
 822 0319 40       		.byte	64
 823 031a 1E       		.byte	30
 824 031b 80       		.byte	-128
 825 031c 41       		.byte	65
 826 031d 20       		.byte	32
 827 031e 43       		.byte	67
 828 031f 40       		.byte	64
 829 0320 45       		.byte	69
 830 0321 20       		.byte	32
 831 0322 47       		.byte	71
 832 0323 40       		.byte	64
 833 0324 4D       		.byte	77
 834 0325 04       		.byte	4
 835 0326 4F       		.byte	79
 836 0327 01       		.byte	1
 837 0328 55       		.byte	85
 838 0329 20       		.byte	32
 839 032a 56       		.byte	86
 840 032b 10       		.byte	16
 841 032c 5A       		.byte	90
 842 032d 40       		.byte	64
 843 032e 5D       		.byte	93
 844 032f 04       		.byte	4
 845 0330 5E       		.byte	94
 846 0331 80       		.byte	-128
 847 0332 5F       		.byte	95
 848 0333 01       		.byte	1
 849 0334 60       		.byte	96
 850 0335 02       		.byte	2
 851 0336 77       		.byte	119
 852 0337 40       		.byte	64
 853 0338 80       		.byte	-128
 854 0339 04       		.byte	4
 855 033a 82       		.byte	-126
ARM GAS  C:\Users\jespe\AppData\Local\Temp\ccaYfUXG.s 			page 16


 856 033b 40       		.byte	64
 857 033c 90       		.byte	-112
 858 033d 04       		.byte	4
 859 033e 9C       		.byte	-100
 860 033f 02       		.byte	2
 861 0340 9E       		.byte	-98
 862 0341 10       		.byte	16
 863 0342 9F       		.byte	-97
 864 0343 40       		.byte	64
 865 0344 AA       		.byte	-86
 866 0345 02       		.byte	2
 867 0346 B4       		.byte	-76
 868 0347 40       		.byte	64
 869 0348 C0       		.byte	-64
 870 0349 20       		.byte	32
 871 034a C4       		.byte	-60
 872 034b 80       		.byte	-128
 873 034c D0       		.byte	-48
 874 034d 3C       		.byte	60
 875 034e D6       		.byte	-42
 876 034f D8       		.byte	-40
 877 0350 D8       		.byte	-40
 878 0351 08       		.byte	8
 879 0352 EA       		.byte	-22
 880 0353 01       		.byte	1
 881 0354 EE       		.byte	-18
 882 0355 08       		.byte	8
 883 0356 32       		.byte	50
 884 0357 20       		.byte	32
 885 0358 36       		.byte	54
 886 0359 80       		.byte	-128
 887 035a CC       		.byte	-52
 888 035b 30       		.byte	48
 889 035c A6       		.byte	-90
 890 035d A0       		.byte	-96
 891 035e A6       		.byte	-90
 892 035f A0       		.byte	-96
 893 0360 86       		.byte	-122
 894 0361 20       		.byte	32
 895 0362 A6       		.byte	-90
 896 0363 A0       		.byte	-96
 897 0364 E6       		.byte	-26
 898 0365 40       		.byte	64
 899 0366 00       		.byte	0
 900 0367 08       		.byte	8
 901 0368 06       		.byte	6
 902 0369 80       		.byte	-128
 903 036a C0       		.byte	-64
 904 036b 0C       		.byte	12
 905 036c 9A       		.byte	-102
 906 036d 80       		.byte	-128
 907 036e A0       		.byte	-96
 908 036f 04       		.byte	4
 909 0370 A6       		.byte	-90
 910 0371 80       		.byte	-128
 911 0372 53       		.byte	83
 912 0373 10       		.byte	16
ARM GAS  C:\Users\jespe\AppData\Local\Temp\ccaYfUXG.s 			page 17


 913 0374 62       		.byte	98
 914 0375 08       		.byte	8
 915 0376 82       		.byte	-126
 916 0377 08       		.byte	8
 917 0378 8B       		.byte	-117
 918 0379 10       		.byte	16
 919 037a AE       		.byte	-82
 920 037b 80       		.byte	-128
 921 037c D4       		.byte	-44
 922 037d 20       		.byte	32
 923 037e D8       		.byte	-40
 924 037f 40       		.byte	64
 925 0380 E2       		.byte	-30
 926 0381 20       		.byte	32
 927 0382 EE       		.byte	-18
 928 0383 10       		.byte	16
 929 0384 0E       		.byte	14
 930 0385 08       		.byte	8
 931 0386 1F       		.byte	31
 932 0387 80       		.byte	-128
 933 0388 5C       		.byte	92
 934 0389 01       		.byte	1
 935 038a 73       		.byte	115
 936 038b 04       		.byte	4
 937 038c 82       		.byte	-126
 938 038d 04       		.byte	4
 939 038e 93       		.byte	-109
 940 038f 04       		.byte	4
 941 0390 9A       		.byte	-102
 942 0391 80       		.byte	-128
 943 0392 AF       		.byte	-81
 944 0393 04       		.byte	4
 945 0394 B0       		.byte	-80
 946 0395 04       		.byte	4
 947 0396 C2       		.byte	-62
 948 0397 01       		.byte	1
 949 0398 C6       		.byte	-58
 950 0399 01       		.byte	1
 951 039a D6       		.byte	-42
 952 039b 01       		.byte	1
 953 039c DC       		.byte	-36
 954 039d 04       		.byte	4
 955 039e EA       		.byte	-22
 956 039f 04       		.byte	4
 957 03a0 AA       		.byte	-86
 958 03a1 80       		.byte	-128
 959 03a2 AF       		.byte	-81
 960 03a3 80       		.byte	-128
 961 03a4 B4       		.byte	-76
 962 03a5 01       		.byte	1
 963 03a6 EC       		.byte	-20
 964 03a7 08       		.byte	8
 965 03a8 00       		.byte	0
 966 03a9 01       		.byte	1
 967 03aa 0C       		.byte	12
 968 03ab 01       		.byte	1
 969 03ac 10       		.byte	16
ARM GAS  C:\Users\jespe\AppData\Local\Temp\ccaYfUXG.s 			page 18


 970 03ad 03       		.byte	3
 971 03ae 1A       		.byte	26
 972 03af 02       		.byte	2
 973 03b0 1C       		.byte	28
 974 03b1 03       		.byte	3
 975 03b2 00       		.byte	0
 976 03b3 0F       		.byte	15
 977 03b4 00       		.byte	0
 978 03b5 00       		.byte	0
 979 03b6 00       		.byte	0
 980 03b7 00       		.byte	0
 981 03b8 00       		.byte	0
 982 03b9 00       		.byte	0
 983 03ba 05       		.byte	5
 984 03bb 00       		.byte	0
 985 03bc 30       		.byte	48
 986 03bd 00       		.byte	0
 987 03be 00       		.byte	0
 988 03bf 00       		.byte	0
 989 03c0 00       		.byte	0
 990 03c1 00       		.byte	0
 991 03c2 00       		.byte	0
 992 03c3 01       		.byte	1
 993 03c4 80       		.byte	-128
 994 03c5 4B       		.byte	75
 995 03c6 4B       		.byte	75
 996 03c7 00       		.byte	0
 997 03c8 40       		.byte	64
 998 03c9 40       		.byte	64
 999 03ca 00       		.byte	0
 1000 03cb 01       		.byte	1
 1001 03cc 00       		.byte	0
 1002 03cd 78       		.byte	120
 1003 03ce 78       		.byte	120
 1004 03cf 00       		.byte	0
 1005 03d0 00       		.byte	0
 1006 03d1 00       		.byte	0
 1007 03d2 00       		.byte	0
 1008 03d3 00       		.byte	0
 1009 03d4 00       		.byte	0
 1010 03d5 18       		.byte	24
 1011 03d6 18       		.byte	24
 1012 03d7 00       		.byte	0
 1013 03d8 18       		.byte	24
 1014 03d9 00       		.byte	0
 1015 03da 00       		.byte	0
 1016 03db 00       		.byte	0
 1017 03dc 0C       		.byte	12
 1018 03dd 00       		.byte	0
 1019 03de 18       		.byte	24
 1020 03df 01       		.byte	1
 1021              		.section	.cywolatch,"a",%progbits
 1022              		.align	2
 1023              		.type	cy_meta_wonvl, %object
 1024              		.size	cy_meta_wonvl, 4
 1025              	cy_meta_wonvl:
 1026 0000 BC       		.byte	-68
ARM GAS  C:\Users\jespe\AppData\Local\Temp\ccaYfUXG.s 			page 19


 1027 0001 90       		.byte	-112
 1028 0002 AC       		.byte	-84
 1029 0003 AF       		.byte	-81
 1030              		.section	.cycustnvl,"a",%progbits
 1031              		.align	2
 1032              		.type	cy_meta_custnvl, %object
 1033              		.size	cy_meta_custnvl, 4
 1034              	cy_meta_custnvl:
 1035 0000 00       		.byte	0
 1036 0001 00       		.byte	0
 1037 0002 40       		.byte	64
 1038 0003 05       		.byte	5
 1039              		.section	.cymeta,"a",%progbits
 1040              		.align	2
 1041              		.type	cy_metadata, %object
 1042              		.size	cy_metadata, 12
 1043              	cy_metadata:
 1044 0000 00       		.byte	0
 1045 0001 01       		.byte	1
 1046 0002 2E       		.byte	46
 1047 0003 16       		.byte	22
 1048 0004 10       		.byte	16
 1049 0005 69       		.byte	105
 1050 0006 00       		.byte	0
 1051 0007 01       		.byte	1
 1052 0008 00       		.byte	0
 1053 0009 00       		.byte	0
 1054 000a 00       		.byte	0
 1055 000b 00       		.byte	0
 1056              		.section	.cyflashprotect,"a",%progbits
 1057              		.align	2
 1058              		.type	cy_meta_flashprotect, %object
 1059              		.size	cy_meta_flashprotect, 256
 1060              	cy_meta_flashprotect:
 1061 0000 00000000 		.space	256
 1061      00000000 
 1061      00000000 
 1061      00000000 
 1061      00000000 
 1062              		.text
 1063              	.Letext0:
 1064              		.file 1 "c:\\program files (x86)\\cypress\\psoc creator\\4.2\\psoc creator\\import\\gnu\\arm\\5.4.
 1065              		.file 2 "c:\\program files (x86)\\cypress\\psoc creator\\4.2\\psoc creator\\import\\gnu\\arm\\5.4.
 1066              		.file 3 "Generated_Source\\PSoC5\\cymetadata.c"
 1067              		.section	.debug_info,"",%progbits
 1068              	.Ldebug_info0:
 1069 0000 31010000 		.4byte	0x131
 1070 0004 0400     		.2byte	0x4
 1071 0006 00000000 		.4byte	.Ldebug_abbrev0
 1072 000a 04       		.byte	0x4
 1073 000b 01       		.uleb128 0x1
 1074 000c 24000000 		.4byte	.LASF17
 1075 0010 0C       		.byte	0xc
 1076 0011 D3010000 		.4byte	.LASF18
 1077 0015 3A010000 		.4byte	.LASF19
 1078 0019 00000000 		.4byte	.Ldebug_line0
 1079 001d 02       		.uleb128 0x2
ARM GAS  C:\Users\jespe\AppData\Local\Temp\ccaYfUXG.s 			page 20


 1080 001e 01       		.byte	0x1
 1081 001f 06       		.byte	0x6
 1082 0020 C7010000 		.4byte	.LASF0
 1083 0024 03       		.uleb128 0x3
 1084 0025 00000000 		.4byte	.LASF9
 1085 0029 01       		.byte	0x1
 1086 002a 1D       		.byte	0x1d
 1087 002b 2F000000 		.4byte	0x2f
 1088 002f 02       		.uleb128 0x2
 1089 0030 01       		.byte	0x1
 1090 0031 08       		.byte	0x8
 1091 0032 16000000 		.4byte	.LASF1
 1092 0036 02       		.uleb128 0x2
 1093 0037 02       		.byte	0x2
 1094 0038 05       		.byte	0x5
 1095 0039 B4010000 		.4byte	.LASF2
 1096 003d 02       		.uleb128 0x2
 1097 003e 02       		.byte	0x2
 1098 003f 07       		.byte	0x7
 1099 0040 C4000000 		.4byte	.LASF3
 1100 0044 02       		.uleb128 0x2
 1101 0045 04       		.byte	0x4
 1102 0046 05       		.byte	0x5
 1103 0047 BE010000 		.4byte	.LASF4
 1104 004b 02       		.uleb128 0x2
 1105 004c 04       		.byte	0x4
 1106 004d 07       		.byte	0x7
 1107 004e B2000000 		.4byte	.LASF5
 1108 0052 02       		.uleb128 0x2
 1109 0053 08       		.byte	0x8
 1110 0054 05       		.byte	0x5
 1111 0055 A6010000 		.4byte	.LASF6
 1112 0059 02       		.uleb128 0x2
 1113 005a 08       		.byte	0x8
 1114 005b 07       		.byte	0x7
 1115 005c 06010000 		.4byte	.LASF7
 1116 0060 04       		.uleb128 0x4
 1117 0061 04       		.byte	0x4
 1118 0062 05       		.byte	0x5
 1119 0063 696E7400 		.ascii	"int\000"
 1120 0067 02       		.uleb128 0x2
 1121 0068 04       		.byte	0x4
 1122 0069 07       		.byte	0x7
 1123 006a F9000000 		.4byte	.LASF8
 1124 006e 03       		.uleb128 0x3
 1125 006f 1D010000 		.4byte	.LASF10
 1126 0073 02       		.byte	0x2
 1127 0074 18       		.byte	0x18
 1128 0075 24000000 		.4byte	0x24
 1129 0079 05       		.uleb128 0x5
 1130 007a 91000000 		.4byte	0x91
 1131 007e 8A000000 		.4byte	0x8a
 1132 0082 06       		.uleb128 0x6
 1133 0083 8A000000 		.4byte	0x8a
 1134 0087 DF03     		.2byte	0x3df
 1135 0089 00       		.byte	0
 1136 008a 02       		.uleb128 0x2
ARM GAS  C:\Users\jespe\AppData\Local\Temp\ccaYfUXG.s 			page 21


 1137 008b 04       		.byte	0x4
 1138 008c 07       		.byte	0x7
 1139 008d 9D010000 		.4byte	.LASF11
 1140 0091 07       		.uleb128 0x7
 1141 0092 6E000000 		.4byte	0x6e
 1142 0096 08       		.uleb128 0x8
 1143 0097 E7000000 		.4byte	.LASF12
 1144 009b 03       		.byte	0x3
 1145 009c 1F       		.byte	0x1f
 1146 009d A7000000 		.4byte	0xa7
 1147 00a1 05       		.uleb128 0x5
 1148 00a2 03       		.byte	0x3
 1149 00a3 00000000 		.4byte	cy_meta_configecc
 1150 00a7 07       		.uleb128 0x7
 1151 00a8 79000000 		.4byte	0x79
 1152 00ac 05       		.uleb128 0x5
 1153 00ad 91000000 		.4byte	0x91
 1154 00b1 BC000000 		.4byte	0xbc
 1155 00b5 09       		.uleb128 0x9
 1156 00b6 8A000000 		.4byte	0x8a
 1157 00ba 03       		.byte	0x3
 1158 00bb 00       		.byte	0
 1159 00bc 08       		.uleb128 0x8
 1160 00bd D7000000 		.4byte	.LASF13
 1161 00c1 03       		.byte	0x3
 1162 00c2 A8       		.byte	0xa8
 1163 00c3 CD000000 		.4byte	0xcd
 1164 00c7 05       		.uleb128 0x5
 1165 00c8 03       		.byte	0x3
 1166 00c9 00000000 		.4byte	cy_meta_custnvl
 1167 00cd 07       		.uleb128 0x7
 1168 00ce AC000000 		.4byte	0xac
 1169 00d2 08       		.uleb128 0x8
 1170 00d3 8F010000 		.4byte	.LASF14
 1171 00d7 03       		.byte	0x3
 1172 00d8 B6       		.byte	0xb6
 1173 00d9 E3000000 		.4byte	0xe3
 1174 00dd 05       		.uleb128 0x5
 1175 00de 03       		.byte	0x3
 1176 00df 00000000 		.4byte	cy_meta_wonvl
 1177 00e3 07       		.uleb128 0x7
 1178 00e4 AC000000 		.4byte	0xac
 1179 00e8 05       		.uleb128 0x5
 1180 00e9 91000000 		.4byte	0x91
 1181 00ed F8000000 		.4byte	0xf8
 1182 00f1 09       		.uleb128 0x9
 1183 00f2 8A000000 		.4byte	0x8a
 1184 00f6 FF       		.byte	0xff
 1185 00f7 00       		.byte	0
 1186 00f8 08       		.uleb128 0x8
 1187 00f9 25010000 		.4byte	.LASF15
 1188 00fd 03       		.byte	0x3
 1189 00fe C4       		.byte	0xc4
 1190 00ff 09010000 		.4byte	0x109
 1191 0103 05       		.uleb128 0x5
 1192 0104 03       		.byte	0x3
 1193 0105 00000000 		.4byte	cy_meta_flashprotect
ARM GAS  C:\Users\jespe\AppData\Local\Temp\ccaYfUXG.s 			page 22


 1194 0109 07       		.uleb128 0x7
 1195 010a E8000000 		.4byte	0xe8
 1196 010e 05       		.uleb128 0x5
 1197 010f 91000000 		.4byte	0x91
 1198 0113 1E010000 		.4byte	0x11e
 1199 0117 09       		.uleb128 0x9
 1200 0118 8A000000 		.4byte	0x8a
 1201 011c 0B       		.byte	0xb
 1202 011d 00       		.byte	0
 1203 011e 08       		.uleb128 0x8
 1204 011f 0A000000 		.4byte	.LASF16
 1205 0123 03       		.byte	0x3
 1206 0124 F1       		.byte	0xf1
 1207 0125 2F010000 		.4byte	0x12f
 1208 0129 05       		.uleb128 0x5
 1209 012a 03       		.byte	0x3
 1210 012b 00000000 		.4byte	cy_metadata
 1211 012f 07       		.uleb128 0x7
 1212 0130 0E010000 		.4byte	0x10e
 1213 0134 00       		.byte	0
 1214              		.section	.debug_abbrev,"",%progbits
 1215              	.Ldebug_abbrev0:
 1216 0000 01       		.uleb128 0x1
 1217 0001 11       		.uleb128 0x11
 1218 0002 01       		.byte	0x1
 1219 0003 25       		.uleb128 0x25
 1220 0004 0E       		.uleb128 0xe
 1221 0005 13       		.uleb128 0x13
 1222 0006 0B       		.uleb128 0xb
 1223 0007 03       		.uleb128 0x3
 1224 0008 0E       		.uleb128 0xe
 1225 0009 1B       		.uleb128 0x1b
 1226 000a 0E       		.uleb128 0xe
 1227 000b 10       		.uleb128 0x10
 1228 000c 17       		.uleb128 0x17
 1229 000d 00       		.byte	0
 1230 000e 00       		.byte	0
 1231 000f 02       		.uleb128 0x2
 1232 0010 24       		.uleb128 0x24
 1233 0011 00       		.byte	0
 1234 0012 0B       		.uleb128 0xb
 1235 0013 0B       		.uleb128 0xb
 1236 0014 3E       		.uleb128 0x3e
 1237 0015 0B       		.uleb128 0xb
 1238 0016 03       		.uleb128 0x3
 1239 0017 0E       		.uleb128 0xe
 1240 0018 00       		.byte	0
 1241 0019 00       		.byte	0
 1242 001a 03       		.uleb128 0x3
 1243 001b 16       		.uleb128 0x16
 1244 001c 00       		.byte	0
 1245 001d 03       		.uleb128 0x3
 1246 001e 0E       		.uleb128 0xe
 1247 001f 3A       		.uleb128 0x3a
 1248 0020 0B       		.uleb128 0xb
 1249 0021 3B       		.uleb128 0x3b
 1250 0022 0B       		.uleb128 0xb
ARM GAS  C:\Users\jespe\AppData\Local\Temp\ccaYfUXG.s 			page 23


 1251 0023 49       		.uleb128 0x49
 1252 0024 13       		.uleb128 0x13
 1253 0025 00       		.byte	0
 1254 0026 00       		.byte	0
 1255 0027 04       		.uleb128 0x4
 1256 0028 24       		.uleb128 0x24
 1257 0029 00       		.byte	0
 1258 002a 0B       		.uleb128 0xb
 1259 002b 0B       		.uleb128 0xb
 1260 002c 3E       		.uleb128 0x3e
 1261 002d 0B       		.uleb128 0xb
 1262 002e 03       		.uleb128 0x3
 1263 002f 08       		.uleb128 0x8
 1264 0030 00       		.byte	0
 1265 0031 00       		.byte	0
 1266 0032 05       		.uleb128 0x5
 1267 0033 01       		.uleb128 0x1
 1268 0034 01       		.byte	0x1
 1269 0035 49       		.uleb128 0x49
 1270 0036 13       		.uleb128 0x13
 1271 0037 01       		.uleb128 0x1
 1272 0038 13       		.uleb128 0x13
 1273 0039 00       		.byte	0
 1274 003a 00       		.byte	0
 1275 003b 06       		.uleb128 0x6
 1276 003c 21       		.uleb128 0x21
 1277 003d 00       		.byte	0
 1278 003e 49       		.uleb128 0x49
 1279 003f 13       		.uleb128 0x13
 1280 0040 2F       		.uleb128 0x2f
 1281 0041 05       		.uleb128 0x5
 1282 0042 00       		.byte	0
 1283 0043 00       		.byte	0
 1284 0044 07       		.uleb128 0x7
 1285 0045 26       		.uleb128 0x26
 1286 0046 00       		.byte	0
 1287 0047 49       		.uleb128 0x49
 1288 0048 13       		.uleb128 0x13
 1289 0049 00       		.byte	0
 1290 004a 00       		.byte	0
 1291 004b 08       		.uleb128 0x8
 1292 004c 34       		.uleb128 0x34
 1293 004d 00       		.byte	0
 1294 004e 03       		.uleb128 0x3
 1295 004f 0E       		.uleb128 0xe
 1296 0050 3A       		.uleb128 0x3a
 1297 0051 0B       		.uleb128 0xb
 1298 0052 3B       		.uleb128 0x3b
 1299 0053 0B       		.uleb128 0xb
 1300 0054 49       		.uleb128 0x49
 1301 0055 13       		.uleb128 0x13
 1302 0056 3F       		.uleb128 0x3f
 1303 0057 19       		.uleb128 0x19
 1304 0058 02       		.uleb128 0x2
 1305 0059 18       		.uleb128 0x18
 1306 005a 00       		.byte	0
 1307 005b 00       		.byte	0
ARM GAS  C:\Users\jespe\AppData\Local\Temp\ccaYfUXG.s 			page 24


 1308 005c 09       		.uleb128 0x9
 1309 005d 21       		.uleb128 0x21
 1310 005e 00       		.byte	0
 1311 005f 49       		.uleb128 0x49
 1312 0060 13       		.uleb128 0x13
 1313 0061 2F       		.uleb128 0x2f
 1314 0062 0B       		.uleb128 0xb
 1315 0063 00       		.byte	0
 1316 0064 00       		.byte	0
 1317 0065 00       		.byte	0
 1318              		.section	.debug_aranges,"",%progbits
 1319 0000 14000000 		.4byte	0x14
 1320 0004 0200     		.2byte	0x2
 1321 0006 00000000 		.4byte	.Ldebug_info0
 1322 000a 04       		.byte	0x4
 1323 000b 00       		.byte	0
 1324 000c 0000     		.2byte	0
 1325 000e 0000     		.2byte	0
 1326 0010 00000000 		.4byte	0
 1327 0014 00000000 		.4byte	0
 1328              		.section	.debug_line,"",%progbits
 1329              	.Ldebug_line0:
 1330 0000 3D010000 		.section	.debug_str,"MS",%progbits,1
 1330      02003701 
 1330      00000201 
 1330      FB0E0D00 
 1330      01010101 
 1331              	.LASF9:
 1332 0000 5F5F7569 		.ascii	"__uint8_t\000"
 1332      6E74385F 
 1332      7400
 1333              	.LASF16:
 1334 000a 63795F6D 		.ascii	"cy_metadata\000"
 1334      65746164 
 1334      61746100 
 1335              	.LASF1:
 1336 0016 756E7369 		.ascii	"unsigned char\000"
 1336      676E6564 
 1336      20636861 
 1336      7200
 1337              	.LASF17:
 1338 0024 474E5520 		.ascii	"GNU C11 5.4.1 20160609 (release) [ARM/embedded-5-br"
 1338      43313120 
 1338      352E342E 
 1338      31203230 
 1338      31363036 
 1339 0057 616E6368 		.ascii	"anch revision 237715] -mcpu=cortex-m3 -mthumb -g -O"
 1339      20726576 
 1339      6973696F 
 1339      6E203233 
 1339      37373135 
 1340 008a 67202D66 		.ascii	"g -ffunction-sections -ffat-lto-objects\000"
 1340      66756E63 
 1340      74696F6E 
 1340      2D736563 
 1340      74696F6E 
 1341              	.LASF5:
ARM GAS  C:\Users\jespe\AppData\Local\Temp\ccaYfUXG.s 			page 25


 1342 00b2 6C6F6E67 		.ascii	"long unsigned int\000"
 1342      20756E73 
 1342      69676E65 
 1342      6420696E 
 1342      7400
 1343              	.LASF3:
 1344 00c4 73686F72 		.ascii	"short unsigned int\000"
 1344      7420756E 
 1344      7369676E 
 1344      65642069 
 1344      6E7400
 1345              	.LASF13:
 1346 00d7 63795F6D 		.ascii	"cy_meta_custnvl\000"
 1346      6574615F 
 1346      63757374 
 1346      6E766C00 
 1347              	.LASF12:
 1348 00e7 63795F6D 		.ascii	"cy_meta_configecc\000"
 1348      6574615F 
 1348      636F6E66 
 1348      69676563 
 1348      6300
 1349              	.LASF8:
 1350 00f9 756E7369 		.ascii	"unsigned int\000"
 1350      676E6564 
 1350      20696E74 
 1350      00
 1351              	.LASF7:
 1352 0106 6C6F6E67 		.ascii	"long long unsigned int\000"
 1352      206C6F6E 
 1352      6720756E 
 1352      7369676E 
 1352      65642069 
 1353              	.LASF10:
 1354 011d 75696E74 		.ascii	"uint8_t\000"
 1354      385F7400 
 1355              	.LASF15:
 1356 0125 63795F6D 		.ascii	"cy_meta_flashprotect\000"
 1356      6574615F 
 1356      666C6173 
 1356      6870726F 
 1356      74656374 
 1357              	.LASF19:
 1358 013a 433A5C55 		.ascii	"C:\\Users\\jespe\\OneDrive\\Dokumenter\\GitHub\\B-C"
 1358      73657273 
 1358      5C6A6573 
 1358      70655C4F 
 1358      6E654472 
 1359 0167 41435C53 		.ascii	"AC\\SPI_virker\\SPI_virker\\Design01.cydsn\000"
 1359      50495F76 
 1359      69726B65 
 1359      725C5350 
 1359      495F7669 
 1360              	.LASF14:
 1361 018f 63795F6D 		.ascii	"cy_meta_wonvl\000"
 1361      6574615F 
 1361      776F6E76 
ARM GAS  C:\Users\jespe\AppData\Local\Temp\ccaYfUXG.s 			page 26


 1361      6C00
 1362              	.LASF11:
 1363 019d 73697A65 		.ascii	"sizetype\000"
 1363      74797065 
 1363      00
 1364              	.LASF6:
 1365 01a6 6C6F6E67 		.ascii	"long long int\000"
 1365      206C6F6E 
 1365      6720696E 
 1365      7400
 1366              	.LASF2:
 1367 01b4 73686F72 		.ascii	"short int\000"
 1367      7420696E 
 1367      7400
 1368              	.LASF4:
 1369 01be 6C6F6E67 		.ascii	"long int\000"
 1369      20696E74 
 1369      00
 1370              	.LASF0:
 1371 01c7 7369676E 		.ascii	"signed char\000"
 1371      65642063 
 1371      68617200 
 1372              	.LASF18:
 1373 01d3 47656E65 		.ascii	"Generated_Source\\PSoC5\\cymetadata.c\000"
 1373      72617465 
 1373      645F536F 
 1373      75726365 
 1373      5C50536F 
 1374              		.ident	"GCC: (GNU Tools for ARM Embedded Processors) 5.4.1 20160609 (release) [ARM/embedded-5-bran
