ARM GAS  C:\Users\jespe\AppData\Local\Temp\ccTy8y9B.s 			page 1


   1              		.syntax unified
   2              		.cpu cortex-m3
   3              		.fpu softvfp
   4              		.eabi_attribute 20, 1
   5              		.eabi_attribute 21, 1
   6              		.eabi_attribute 23, 3
   7              		.eabi_attribute 24, 1
   8              		.eabi_attribute 25, 1
   9              		.eabi_attribute 26, 1
  10              		.eabi_attribute 30, 1
  11              		.eabi_attribute 34, 1
  12              		.eabi_attribute 18, 4
  13              		.thumb
  14              		.syntax unified
  15              		.file	"main.c"
  16              		.text
  17              	.Ltext0:
  18              		.cfi_sections	.debug_frame
  19              		.global	__aeabi_f2uiz
  20              		.section	.text.main,"ax",%progbits
  21              		.align	2
  22              		.global	main
  23              		.thumb
  24              		.thumb_func
  25              		.type	main, %function
  26              	main:
  27              	.LFB64:
  28              		.file 1 "main.c"
   1:main.c        **** #include "project.h"
   2:main.c        **** 
   3:main.c        **** #include "Loadcell.h"
   4:main.c        **** #include "Timer.h"
   5:main.c        **** #include "FlagMotor.h"
   6:main.c        **** #include "led.h"
   7:main.c        **** #include "spi_Slave.h"
   8:main.c        **** 
   9:main.c        **** 
  10:main.c        **** #include <stdio.h>
  11:main.c        **** 
  12:main.c        **** 
  13:main.c        **** CY_ISR_PROTO(ISR_SPI_rx_handler);
  14:main.c        **** void handleByteReceived(uint8_t byteReceived);
  15:main.c        **** static int UCstate=0;
  16:main.c        **** uint8_t receivedData = 0;
  17:main.c        **** uint32 roundedNum = 0;
  18:main.c        **** uint32_t hardcode_tid = 6300;
  19:main.c        **** 
  20:main.c        **** uint32 tid=0;
  21:main.c        **** uint8_t minutter = 0;
  22:main.c        **** uint8_t sekunder = 0;
  23:main.c        **** uint8_t milliSekunder = 0;
  24:main.c        **** uint8_t spilleterslut = 0;
  25:main.c        **** 
  26:main.c        **** //uint8_t roundNum(uint8_t num) { 
  27:main.c        **** //       int temp = 0;
  28:main.c        **** //        
  29:main.c        **** //        temp = num % 100;
ARM GAS  C:\Users\jespe\AppData\Local\Temp\ccTy8y9B.s 			page 2


  30:main.c        **** //        
  31:main.c        **** //        return num - temp;
  32:main.c        **** //    }
  33:main.c        **** 
  34:main.c        **** int main(void)
  35:main.c        **** {
  29              		.loc 1 35 0
  30              		.cfi_startproc
  31              		@ args = 0, pretend = 0, frame = 0
  32              		@ frame_needed = 0, uses_anonymous_args = 0
  33 0000 38B5     		push	{r3, r4, r5, lr}
  34              		.cfi_def_cfa_offset 16
  35              		.cfi_offset 3, -16
  36              		.cfi_offset 4, -12
  37              		.cfi_offset 5, -8
  38              		.cfi_offset 14, -4
  36:main.c        ****     CyGlobalIntEnable; /* Enable global interrupts. */
  39              		.loc 1 36 0
  40              		.syntax unified
  41              	@ 36 "main.c" 1
  42 0002 62B6     		CPSIE   i
  43              	@ 0 "" 2
  37:main.c        ****     SPI_RX_ISR_StartEx(ISR_SPI_rx_handler);
  44              		.loc 1 37 0
  45              		.thumb
  46              		.syntax unified
  47 0004 3D48     		ldr	r0, .L10
  48 0006 FFF7FEFF 		bl	SPI_RX_ISR_StartEx
  49              	.LVL0:
  38:main.c        **** 
  39:main.c        ****     // Initialize SPI
  40:main.c        ****     InitializeSPI(); // Make sure this function is correctly configuring the SPI module
  50              		.loc 1 40 0
  51 000a FFF7FEFF 		bl	InitializeSPI
  52              	.LVL1:
  41:main.c        ****     
  42:main.c        ****     
  43:main.c        ****     //Initiering
  44:main.c        ****     initLoadcell();
  53              		.loc 1 44 0
  54 000e FFF7FEFF 		bl	initLoadcell
  55              	.LVL2:
  45:main.c        ****     
  46:main.c        ****     //Variable definationer
  47:main.c        ****     int repeats = 50;
  48:main.c        ****     float startoffset = 164.5;
  49:main.c        ****     float factor = 4.672;
  50:main.c        ****     int preload=0;
  51:main.c        ****     uint16_t Result_gram;
  52:main.c        ****     uint8_t gameReady=0;
  53:main.c        ****     uint8_t timestop=0;
  54:main.c        ****     uint8_t dnf=0;
  55:main.c        ****     char mode='h';
  56:main.c        ****      
  57:main.c        ****     homeStepper(mode);
  56              		.loc 1 57 0
  57 0012 6820     		movs	r0, #104
ARM GAS  C:\Users\jespe\AppData\Local\Temp\ccTy8y9B.s 			page 3


  58 0014 FFF7FEFF 		bl	homeStepper
  59              	.LVL3:
  58:main.c        ****     stopFlagMotor();
  60              		.loc 1 58 0
  61 0018 FFF7FEFF 		bl	stopFlagMotor
  62              	.LVL4:
  63              	.L7:
  59:main.c        ****    
  60:main.c        ****     for(;;)
  61:main.c        ****     {
  62:main.c        ****            //UC1 Game preperation
  63:main.c        ****     //Øl fjernet
  64:main.c        ****     if(UCstate==1)
  64              		.loc 1 64 0
  65 001c 384B     		ldr	r3, .L10+4
  66 001e 1B68     		ldr	r3, [r3]
  67 0020 012B     		cmp	r3, #1
  68 0022 17D1     		bne	.L2
  65:main.c        ****     
  66:main.c        ****     {
  67:main.c        ****     offset_Zerodrift_calibrate( repeats,  startoffset,  factor, preload);
  69              		.loc 1 67 0
  70 0024 374D     		ldr	r5, .L10+8
  71 0026 384C     		ldr	r4, .L10+12
  72 0028 0023     		movs	r3, #0
  73 002a 2A46     		mov	r2, r5
  74 002c 2146     		mov	r1, r4
  75 002e 3220     		movs	r0, #50
  76 0030 FFF7FEFF 		bl	offset_Zerodrift_calibrate
  77              	.LVL5:
  78              	.LBB2:
  68:main.c        ****     {
  69:main.c        ****     float zerodriftOffset = readWeight( repeats,startoffset,  factor, preload);
  79              		.loc 1 69 0
  80 0034 0023     		movs	r3, #0
  81 0036 2A46     		mov	r2, r5
  82 0038 2146     		mov	r1, r4
  83 003a 3220     		movs	r0, #50
  84 003c FFF7FEFF 		bl	readWeight
  85              	.LVL6:
  86              	.LBE2:
  70:main.c        ****     //snprintf(uartBuffer,sizeof(uartBuffer),"Read value (g) %f\r\n ", zerodriftOffset);
  71:main.c        ****     //UART_1_PutString(uartBuffer);
  72:main.c        ****     }
  73:main.c        ****     
  74:main.c        ****     homeStepper(mode);
  87              		.loc 1 74 0
  88 0040 6820     		movs	r0, #104
  89 0042 FFF7FEFF 		bl	homeStepper
  90              	.LVL7:
  75:main.c        ****     stopFlagMotor();
  91              		.loc 1 75 0
  92 0046 FFF7FEFF 		bl	stopFlagMotor
  93              	.LVL8:
  76:main.c        ****     UCstate=0;
  94              		.loc 1 76 0
  95 004a 2D4B     		ldr	r3, .L10+4
ARM GAS  C:\Users\jespe\AppData\Local\Temp\ccTy8y9B.s 			page 4


  96 004c 0022     		movs	r2, #0
  97 004e 1A60     		str	r2, [r3]
  77:main.c        ****     spilleterslut = 0x4;
  98              		.loc 1 77 0
  99 0050 0422     		movs	r2, #4
 100 0052 1A71     		strb	r2, [r3, #4]
 101              	.L2:
  78:main.c        ****     }
  79:main.c        ****     
  80:main.c        ****     //der er sat en genstand på platform
  81:main.c        ****     if(UCstate==2)
 102              		.loc 1 81 0
 103 0054 2A4B     		ldr	r3, .L10+4
 104 0056 1B68     		ldr	r3, [r3]
 105 0058 022B     		cmp	r3, #2
 106 005a 15D1     		bne	.L3
  82:main.c        ****     {
  83:main.c        ****     wait_for_weight(startoffset, factor,preload);//venter på der bliver plasseret en øl
 107              		.loc 1 83 0
 108 005c 294D     		ldr	r5, .L10+8
 109 005e 2A4C     		ldr	r4, .L10+12
 110 0060 0022     		movs	r2, #0
 111 0062 2946     		mov	r1, r5
 112 0064 2046     		mov	r0, r4
 113 0066 FFF7FEFF 		bl	wait_for_weight
 114              	.LVL9:
  84:main.c        ****     CyDelay(3000); //delay så flasken flader til ro
 115              		.loc 1 84 0
 116 006a 40F6B830 		movw	r0, #3000
 117 006e FFF7FEFF 		bl	CyDelay
 118              	.LVL10:
  85:main.c        ****     Result_gram = readWeight( repeats,startoffset, factor, preload);
 119              		.loc 1 85 0
 120 0072 0023     		movs	r3, #0
 121 0074 2A46     		mov	r2, r5
 122 0076 2146     		mov	r1, r4
 123 0078 3220     		movs	r0, #50
 124 007a FFF7FEFF 		bl	readWeight
 125              	.LVL11:
  86:main.c        ****     {
  87:main.c        ****     
  88:main.c        ****     //snprintf(uartBuffer,sizeof(uartBuffer),"Read value (g) %d\r\n ", Result_gram);
  89:main.c        ****     //UART_1_PutString(uartBuffer);
  90:main.c        ****     
  91:main.c        ****     }
  92:main.c        ****     if(Result_gram>650)
  93:main.c        ****     gameReady=1;
  94:main.c        ****     else
  95:main.c        ****     gameReady=0;
  96:main.c        ****     
  97:main.c        ****     {
  98:main.c        ****     //snprintf(uartBuffer,sizeof(uartBuffer),"gameReady (g) %d\r\n ", gameReady);
  99:main.c        ****     //UART_1_PutString(uartBuffer);
 100:main.c        ****     }
 101:main.c        ****     //sendSPi(receivedData);
 102:main.c        ****     UCstate=0;
 126              		.loc 1 102 0
ARM GAS  C:\Users\jespe\AppData\Local\Temp\ccTy8y9B.s 			page 5


 127 007e 204B     		ldr	r3, .L10+4
 128 0080 0022     		movs	r2, #0
 129 0082 1A60     		str	r2, [r3]
 103:main.c        ****     spilleterslut = 0x4;
 130              		.loc 1 103 0
 131 0084 0422     		movs	r2, #4
 132 0086 1A71     		strb	r2, [r3, #4]
 133              	.L3:
 104:main.c        ****     }
 105:main.c        ****      
 106:main.c        ****     //send signal til RPI, Hvis GameReady er 1 så er øllen godkendt
 107:main.c        ****     
 108:main.c        ****     //UC2 play game
 109:main.c        ****     
 110:main.c        ****     //Dermodtages GO signal
 111:main.c        ****     
 112:main.c        ****     if(UCstate==3)
 134              		.loc 1 112 0
 135 0088 1D4B     		ldr	r3, .L10+4
 136 008a 1B68     		ldr	r3, [r3]
 137 008c 032B     		cmp	r3, #3
 138 008e 22D1     		bne	.L4
 113:main.c        ****     {
 114:main.c        ****     
 115:main.c        ****     Result_gram = readWeight(repeats,startoffset, factor, preload);
 139              		.loc 1 115 0
 140 0090 0023     		movs	r3, #0
 141 0092 1C4A     		ldr	r2, .L10+8
 142 0094 1C49     		ldr	r1, .L10+12
 143 0096 3220     		movs	r0, #50
 144 0098 FFF7FEFF 		bl	readWeight
 145              	.LVL12:
 146 009c FFF7FEFF 		bl	__aeabi_f2uiz
 147              	.LVL13:
 148 00a0 80B2     		uxth	r0, r0
 149              	.LVL14:
 150 00a2 08E0     		b	.L5
 151              	.L6:
 116:main.c        ****         {//print
 117:main.c        ****         //snprintf(uartBuffer,sizeof(uartBuffer),"Read value (g) %d\r\n ", Result_gram);
 118:main.c        ****         //UART_1_PutString(uartBuffer);
 119:main.c        ****         }
 120:main.c        ****     if(Result_gram<10)
 121:main.c        ****         dnf=1;
 122:main.c        ****     else
 123:main.c        ****         dnf=0;
 124:main.c        ****         {//print
 125:main.c        ****         //snprintf(uartBuffer,sizeof(uartBuffer),"Dnf (g) %d\r\n ", dnf);
 126:main.c        ****         //UART_1_PutString(uartBuffer);
 127:main.c        ****         }
 128:main.c        ****     //startTidsTagning();//timer startes
 129:main.c        ****     
 130:main.c        ****     while(Result_gram>10)
 131:main.c        ****     Result_gram = readWeight(repeats,startoffset, factor, preload);
 152              		.loc 1 131 0
 153 00a4 0023     		movs	r3, #0
 154 00a6 174A     		ldr	r2, .L10+8
ARM GAS  C:\Users\jespe\AppData\Local\Temp\ccTy8y9B.s 			page 6


 155 00a8 1749     		ldr	r1, .L10+12
 156 00aa 3220     		movs	r0, #50
 157              	.LVL15:
 158 00ac FFF7FEFF 		bl	readWeight
 159              	.LVL16:
 160 00b0 FFF7FEFF 		bl	__aeabi_f2uiz
 161              	.LVL17:
 162 00b4 80B2     		uxth	r0, r0
 163              	.LVL18:
 164              	.L5:
 130:main.c        ****     Result_gram = readWeight(repeats,startoffset, factor, preload);
 165              		.loc 1 130 0
 166 00b6 0A28     		cmp	r0, #10
 167 00b8 F4D8     		bhi	.L6
 132:main.c        ****     //CyDelay(65250);
 133:main.c        ****     
 134:main.c        ****     tid = 72670;
 168              		.loc 1 134 0
 169 00ba 114C     		ldr	r4, .L10+4
 135:main.c        ****     
 136:main.c        ****     //wait_for_weight(startoffset, factor,preload);//venter på der bliver plasseret en øl
 137:main.c        ****     
 138:main.c        ****     
 139:main.c        ****     //tid = stopTidsTagning(); //tid stoppes 
 140:main.c        ****     
 141:main.c        ****     
 142:main.c        ****     
 143:main.c        ****     roundedNum = (tid + 50) / 100 * 100;//rundes af til nærmeste 100 ms
 170              		.loc 1 143 0
 171 00bc 134B     		ldr	r3, .L10+16
 172 00be E360     		str	r3, [r4, #12]
 144:main.c        ****     tid = roundedNum;
 173              		.loc 1 144 0
 174 00c0 A360     		str	r3, [r4, #8]
 145:main.c        ****    
 146:main.c        ****         {//print
 147:main.c        ****         //snprintf(uartBuffer,sizeof(uartBuffer),"tid (g) %d\r\n ", tid);
 148:main.c        ****         //UART_1_PutString(uartBuffer);
 149:main.c        ****         //snprintf(uartBuffer,sizeof(uartBuffer),"tid (g) %d\r\n ", roundedNum);
 150:main.c        ****         //UART_1_PutString(uartBuffer);
 151:main.c        ****         }
 152:main.c        ****     //tid sendes
 153:main.c        ****     
 154:main.c        ****     
 155:main.c        ****     //CyDelay(5000);
 156:main.c        ****     Result_gram = readWeight(repeats,startoffset, factor, preload);
 175              		.loc 1 156 0
 176 00c2 0023     		movs	r3, #0
 177 00c4 0F4A     		ldr	r2, .L10+8
 178 00c6 1049     		ldr	r1, .L10+12
 179 00c8 3220     		movs	r0, #50
 180              	.LVL19:
 181 00ca FFF7FEFF 		bl	readWeight
 182              	.LVL20:
 157:main.c        ****         {//print
 158:main.c        ****         //snprintf(uartBuffer,sizeof(uartBuffer),"Read value (g) %d\r\n ", Result_gram);
 159:main.c        ****         //UART_1_PutString(uartBuffer);
ARM GAS  C:\Users\jespe\AppData\Local\Temp\ccTy8y9B.s 			page 7


 160:main.c        ****         }
 161:main.c        ****     if(Result_gram>310)
 162:main.c        ****         dnf=1;
 163:main.c        ****     //dnf value sendes
 164:main.c        ****     
 165:main.c        ****         {//print
 166:main.c        ****         //snprintf(uartBuffer,sizeof(uartBuffer),"Dnf (g) %d\r\n ", dnf);
 167:main.c        ****         //UART_1_PutString(uartBuffer);
 168:main.c        ****         }
 169:main.c        ****     UCstate=0;
 183              		.loc 1 169 0
 184 00ce 0023     		movs	r3, #0
 185 00d0 2360     		str	r3, [r4]
 170:main.c        ****      spilleterslut = 0x4;   
 186              		.loc 1 170 0
 187 00d2 0423     		movs	r3, #4
 188 00d4 2371     		strb	r3, [r4, #4]
 189              	.L4:
 171:main.c        ****     }
 172:main.c        ****     
 173:main.c        ****     //modtager win signal fra RPI
 174:main.c        ****     if(UCstate==4)
 190              		.loc 1 174 0
 191 00d6 0A4B     		ldr	r3, .L10+4
 192 00d8 1B68     		ldr	r3, [r3]
 193 00da 042B     		cmp	r3, #4
 194 00dc 9ED1     		bne	.L7
 175:main.c        ****     {
 176:main.c        ****     
 177:main.c        ****     stepperdriver_rotateTo(90, mode);
 195              		.loc 1 177 0
 196 00de 6821     		movs	r1, #104
 197 00e0 5A20     		movs	r0, #90
 198 00e2 FFF7FEFF 		bl	stepperdriver_rotateTo
 199              	.LVL21:
 178:main.c        ****     stopFlagMotor();
 200              		.loc 1 178 0
 201 00e6 FFF7FEFF 		bl	stopFlagMotor
 202              	.LVL22:
 179:main.c        ****     sendSPi(receivedData);
 203              		.loc 1 179 0
 204 00ea 054C     		ldr	r4, .L10+4
 205 00ec 207C     		ldrb	r0, [r4, #16]	@ zero_extendqisi2
 206 00ee FFF7FEFF 		bl	sendSPi
 207              	.LVL23:
 180:main.c        ****     UCstate=0;
 208              		.loc 1 180 0
 209 00f2 0023     		movs	r3, #0
 210 00f4 2360     		str	r3, [r4]
 181:main.c        ****     spilleterslut = 0x4;
 211              		.loc 1 181 0
 212 00f6 0423     		movs	r3, #4
 213 00f8 2371     		strb	r3, [r4, #4]
 214 00fa 8FE7     		b	.L7
 215              	.L11:
 216              		.align	2
 217              	.L10:
ARM GAS  C:\Users\jespe\AppData\Local\Temp\ccTy8y9B.s 			page 8


 218 00fc 00000000 		.word	ISR_SPI_rx_handler
 219 0100 00000000 		.word	.LANCHOR0
 220 0104 06819540 		.word	1083539718
 221 0108 00802443 		.word	1126465536
 222 010c FC1B0100 		.word	72700
 223              		.cfi_endproc
 224              	.LFE64:
 225              		.size	main, .-main
 226              		.section	.text.handleByteReceived,"ax",%progbits
 227              		.align	2
 228              		.global	handleByteReceived
 229              		.thumb
 230              		.thumb_func
 231              		.type	handleByteReceived, %function
 232              	handleByteReceived:
 233              	.LFB65:
 182:main.c        ****     }
 183:main.c        ****     }
 184:main.c        ****     
 185:main.c        **** }
 186:main.c        **** 
 187:main.c        **** void handleByteReceived(uint8_t byteReceived)
 188:main.c        **** {
 234              		.loc 1 188 0
 235              		.cfi_startproc
 236              		@ args = 0, pretend = 0, frame = 0
 237              		@ frame_needed = 0, uses_anonymous_args = 0
 238              	.LVL24:
 239 0000 10B5     		push	{r4, lr}
 240              		.cfi_def_cfa_offset 8
 241              		.cfi_offset 4, -8
 242              		.cfi_offset 14, -4
 189:main.c        ****     switch(byteReceived)
 243              		.loc 1 189 0
 244 0002 AA28     		cmp	r0, #170
 245 0004 0ED0     		beq	.L14
 246 0006 06D8     		bhi	.L15
 247 0008 0328     		cmp	r0, #3
 248 000a 23D0     		beq	.L16
 249 000c 0428     		cmp	r0, #4
 250 000e 29D0     		beq	.L17
 251 0010 0228     		cmp	r0, #2
 252 0012 2ED1     		bne	.L12
 253 0014 16E0     		b	.L18
 254              	.L15:
 255 0016 CC28     		cmp	r0, #204
 256 0018 0CD0     		beq	.L19
 257 001a DD28     		cmp	r0, #221
 258 001c 0ED0     		beq	.L20
 259 001e BB28     		cmp	r0, #187
 260 0020 27D1     		bne	.L12
 261 0022 03E0     		b	.L21
 262              	.L14:
 190:main.c        ****     {
 191:main.c        ****         case 0xAA :
 192:main.c        ****         {
 193:main.c        ****             //Kalibrering af vægten samt steppermotor
ARM GAS  C:\Users\jespe\AppData\Local\Temp\ccTy8y9B.s 			page 9


 194:main.c        ****             UCstate=1;
 263              		.loc 1 194 0
 264 0024 0122     		movs	r2, #1
 265 0026 134B     		ldr	r3, .L23
 266 0028 1A60     		str	r2, [r3]
 195:main.c        ****             
 196:main.c        ****         }
 197:main.c        ****         break;
 267              		.loc 1 197 0
 268 002a 10BD     		pop	{r4, pc}
 269              	.L21:
 198:main.c        ****         case 0xBB :
 199:main.c        ****         {
 200:main.c        ****             //Gameready - venter, læser samt tjekker på vægten
 201:main.c        ****             UCstate=2;
 270              		.loc 1 201 0
 271 002c 0222     		movs	r2, #2
 272 002e 114B     		ldr	r3, .L23
 273 0030 1A60     		str	r2, [r3]
 202:main.c        ****             
 203:main.c        ****         }
 204:main.c        ****         break;
 274              		.loc 1 204 0
 275 0032 10BD     		pop	{r4, pc}
 276              	.L19:
 205:main.c        ****         case 0xCC :
 206:main.c        ****         {
 207:main.c        ****             //Loop for aflæsning af vægt - Venter på, at der kommer vægt på vægten / tjekker 
 208:main.c        ****             UCstate=3;
 277              		.loc 1 208 0
 278 0034 0322     		movs	r2, #3
 279 0036 0F4B     		ldr	r3, .L23
 280 0038 1A60     		str	r2, [r3]
 209:main.c        ****             //sendTimeOverSPI();
 210:main.c        ****         }
 211:main.c        ****         break;
 281              		.loc 1 211 0
 282 003a 10BD     		pop	{r4, pc}
 283              	.L20:
 212:main.c        ****         case 0xDD :
 213:main.c        ****         {
 214:main.c        ****             //Flagmotor
 215:main.c        ****             UCstate = 4;
 284              		.loc 1 215 0
 285 003c 0422     		movs	r2, #4
 286 003e 0D4B     		ldr	r3, .L23
 287 0040 1A60     		str	r2, [r3]
 216:main.c        ****             
 217:main.c        ****         }
 218:main.c        ****         
 219:main.c        ****         break;
 288              		.loc 1 219 0
 289 0042 10BD     		pop	{r4, pc}
 290              	.L18:
 220:main.c        ****         case 0x2 :
 221:main.c        ****         {
 222:main.c        ****             minutter = convertMinutter(tid);
ARM GAS  C:\Users\jespe\AppData\Local\Temp\ccTy8y9B.s 			page 10


 291              		.loc 1 222 0
 292 0044 0B4C     		ldr	r4, .L23
 293 0046 A068     		ldr	r0, [r4, #8]
 294              	.LVL25:
 295 0048 FFF7FEFF 		bl	convertMinutter
 296              	.LVL26:
 297 004c 6074     		strb	r0, [r4, #17]
 223:main.c        ****             sendSPi(minutter); 
 298              		.loc 1 223 0
 299 004e FFF7FEFF 		bl	sendSPi
 300              	.LVL27:
 224:main.c        ****         }
 225:main.c        ****         
 226:main.c        ****         break;
 301              		.loc 1 226 0
 302 0052 10BD     		pop	{r4, pc}
 303              	.LVL28:
 304              	.L16:
 227:main.c        ****         case 0x3 :
 228:main.c        ****         {
 229:main.c        ****             sekunder = convertSekunder(tid);
 305              		.loc 1 229 0
 306 0054 074C     		ldr	r4, .L23
 307 0056 A068     		ldr	r0, [r4, #8]
 308              	.LVL29:
 309 0058 FFF7FEFF 		bl	convertSekunder
 310              	.LVL30:
 311 005c A074     		strb	r0, [r4, #18]
 230:main.c        ****             sendSPi(sekunder);
 312              		.loc 1 230 0
 313 005e FFF7FEFF 		bl	sendSPi
 314              	.LVL31:
 231:main.c        ****         }
 232:main.c        ****         
 233:main.c        ****         break;
 315              		.loc 1 233 0
 316 0062 10BD     		pop	{r4, pc}
 317              	.LVL32:
 318              	.L17:
 234:main.c        ****         case 0x4 :
 235:main.c        ****         {
 236:main.c        ****             milliSekunder = convertMillisekunder(tid);
 319              		.loc 1 236 0
 320 0064 034C     		ldr	r4, .L23
 321 0066 A068     		ldr	r0, [r4, #8]
 322              	.LVL33:
 323 0068 FFF7FEFF 		bl	convertMillisekunder
 324              	.LVL34:
 325 006c E074     		strb	r0, [r4, #19]
 237:main.c        ****             sendSPi(milliSekunder);
 326              		.loc 1 237 0
 327 006e FFF7FEFF 		bl	sendSPi
 328              	.LVL35:
 329              	.L12:
 330 0072 10BD     		pop	{r4, pc}
 331              	.L24:
 332              		.align	2
ARM GAS  C:\Users\jespe\AppData\Local\Temp\ccTy8y9B.s 			page 11


 333              	.L23:
 334 0074 00000000 		.word	.LANCHOR0
 335              		.cfi_endproc
 336              	.LFE65:
 337              		.size	handleByteReceived, .-handleByteReceived
 338              		.section	.text.ISR_SPI_rx_handler,"ax",%progbits
 339              		.align	2
 340              		.global	ISR_SPI_rx_handler
 341              		.thumb
 342              		.thumb_func
 343              		.type	ISR_SPI_rx_handler, %function
 344              	ISR_SPI_rx_handler:
 345              	.LFB66:
 238:main.c        ****         }
 239:main.c        ****      
 240:main.c        ****         break;
 241:main.c        ****         default :
 242:main.c        ****         {
 243:main.c        ****             // nothing
 244:main.c        ****         }
 245:main.c        ****         break;
 246:main.c        ****     }
 247:main.c        **** }
 248:main.c        **** 
 249:main.c        **** 
 250:main.c        **** CY_ISR(ISR_SPI_rx_handler)
 251:main.c        **** {
 346              		.loc 1 251 0
 347              		.cfi_startproc
 348              		@ args = 0, pretend = 0, frame = 0
 349              		@ frame_needed = 0, uses_anonymous_args = 0
 350 0000 38B5     		push	{r3, r4, r5, lr}
 351              		.cfi_def_cfa_offset 16
 352              		.cfi_offset 3, -16
 353              		.cfi_offset 4, -12
 354              		.cfi_offset 5, -8
 355              		.cfi_offset 14, -4
 252:main.c        ****     uint8_t receivedData = modtagetSPi();
 356              		.loc 1 252 0
 357 0002 FFF7FEFF 		bl	modtagetSPi
 358              	.LVL36:
 359 0006 0546     		mov	r5, r0
 360              	.LVL37:
 253:main.c        ****     
 254:main.c        ****     if(receivedData == 0x1)
 361              		.loc 1 254 0
 362 0008 0128     		cmp	r0, #1
 363 000a 0DD1     		bne	.L27
 364 000c 06E0     		b	.L29
 365              	.LVL38:
 366              	.L28:
 367              	.LBB3:
 255:main.c        ****     {            
 256:main.c        ****             for (uint8_t i = 0; i < 2; i++){
 257:main.c        ****                 sendSPi(spilleterslut); 
 368              		.loc 1 257 0 discriminator 3
 369 000e 084B     		ldr	r3, .L31
ARM GAS  C:\Users\jespe\AppData\Local\Temp\ccTy8y9B.s 			page 12


 370 0010 1879     		ldrb	r0, [r3, #4]	@ zero_extendqisi2
 371 0012 FFF7FEFF 		bl	sendSPi
 372              	.LVL39:
 256:main.c        ****                 sendSPi(spilleterslut); 
 373              		.loc 1 256 0 discriminator 3
 374 0016 0134     		adds	r4, r4, #1
 375              	.LVL40:
 376 0018 E4B2     		uxtb	r4, r4
 377              	.LVL41:
 378 001a 00E0     		b	.L26
 379              	.LVL42:
 380              	.L29:
 381              	.LBE3:
 382 001c 0024     		movs	r4, #0
 383              	.LVL43:
 384              	.L26:
 385              	.LBB4:
 256:main.c        ****                 sendSPi(spilleterslut); 
 386              		.loc 1 256 0 is_stmt 0 discriminator 1
 387 001e 012C     		cmp	r4, #1
 388 0020 F5D9     		bls	.L28
 389              	.LBE4:
 258:main.c        ****             }
 259:main.c        ****             
 260:main.c        ****         spilleterslut=0;
 390              		.loc 1 260 0 is_stmt 1
 391 0022 0022     		movs	r2, #0
 392 0024 024B     		ldr	r3, .L31
 393 0026 1A71     		strb	r2, [r3, #4]
 394              	.LVL44:
 395              	.L27:
 261:main.c        ****         
 262:main.c        ****     }
 263:main.c        ****     //Handling of recieved SPI data
 264:main.c        ****     handleByteReceived(receivedData);
 396              		.loc 1 264 0
 397 0028 2846     		mov	r0, r5
 398 002a FFF7FEFF 		bl	handleByteReceived
 399              	.LVL45:
 400 002e 38BD     		pop	{r3, r4, r5, pc}
 401              	.L32:
 402              		.align	2
 403              	.L31:
 404 0030 00000000 		.word	.LANCHOR0
 405              		.cfi_endproc
 406              	.LFE66:
 407              		.size	ISR_SPI_rx_handler, .-ISR_SPI_rx_handler
 408              		.global	spilleterslut
 409              		.global	milliSekunder
 410              		.global	sekunder
 411              		.global	minutter
 412              		.global	tid
 413              		.global	hardcode_tid
 414              		.global	roundedNum
 415              		.global	receivedData
 416              		.data
 417              		.align	2
ARM GAS  C:\Users\jespe\AppData\Local\Temp\ccTy8y9B.s 			page 13


 418              		.type	hardcode_tid, %object
 419              		.size	hardcode_tid, 4
 420              	hardcode_tid:
 421 0000 9C180000 		.word	6300
 422              		.bss
 423              		.align	2
 424              		.set	.LANCHOR0,. + 0
 425              		.type	UCstate, %object
 426              		.size	UCstate, 4
 427              	UCstate:
 428 0000 00000000 		.space	4
 429              		.type	spilleterslut, %object
 430              		.size	spilleterslut, 1
 431              	spilleterslut:
 432 0004 00       		.space	1
 433 0005 000000   		.space	3
 434              		.type	tid, %object
 435              		.size	tid, 4
 436              	tid:
 437 0008 00000000 		.space	4
 438              		.type	roundedNum, %object
 439              		.size	roundedNum, 4
 440              	roundedNum:
 441 000c 00000000 		.space	4
 442              		.type	receivedData, %object
 443              		.size	receivedData, 1
 444              	receivedData:
 445 0010 00       		.space	1
 446              		.type	minutter, %object
 447              		.size	minutter, 1
 448              	minutter:
 449 0011 00       		.space	1
 450              		.type	sekunder, %object
 451              		.size	sekunder, 1
 452              	sekunder:
 453 0012 00       		.space	1
 454              		.type	milliSekunder, %object
 455              		.size	milliSekunder, 1
 456              	milliSekunder:
 457 0013 00       		.space	1
 458              		.text
 459              	.Letext0:
 460              		.file 2 "c:\\program files (x86)\\cypress\\psoc creator\\4.2\\psoc creator\\import\\gnu\\arm\\5.4.
 461              		.file 3 "c:\\program files (x86)\\cypress\\psoc creator\\4.2\\psoc creator\\import\\gnu\\arm\\5.4.
 462              		.file 4 "Generated_Source\\PSoC5/cytypes.h"
 463              		.file 5 "Generated_Source\\PSoC5/core_cm3.h"
 464              		.file 6 "Loadcell.h"
 465              		.file 7 "Generated_Source\\PSoC5/SPI_RX_ISR.h"
 466              		.file 8 "spi_Slave.h"
 467              		.file 9 "FlagMotor.h"
 468              		.file 10 "Generated_Source\\PSoC5/CyLib.h"
 469              		.file 11 "Timer.h"
 470              		.section	.debug_info,"",%progbits
 471              	.Ldebug_info0:
 472 0000 23050000 		.4byte	0x523
 473 0004 0400     		.2byte	0x4
 474 0006 00000000 		.4byte	.Ldebug_abbrev0
ARM GAS  C:\Users\jespe\AppData\Local\Temp\ccTy8y9B.s 			page 14


 475 000a 04       		.byte	0x4
 476 000b 01       		.uleb128 0x1
 477 000c 17030000 		.4byte	.LASF57
 478 0010 0C       		.byte	0xc
 479 0011 62020000 		.4byte	.LASF58
 480 0015 A0000000 		.4byte	.LASF59
 481 0019 18000000 		.4byte	.Ldebug_ranges0+0x18
 482 001d 00000000 		.4byte	0
 483 0021 00000000 		.4byte	.Ldebug_line0
 484 0025 02       		.uleb128 0x2
 485 0026 04       		.byte	0x4
 486 0027 04       		.byte	0x4
 487 0028 0E010000 		.4byte	.LASF0
 488 002c 02       		.uleb128 0x2
 489 002d 01       		.byte	0x1
 490 002e 06       		.byte	0x6
 491 002f AF010000 		.4byte	.LASF1
 492 0033 03       		.uleb128 0x3
 493 0034 56010000 		.4byte	.LASF4
 494 0038 02       		.byte	0x2
 495 0039 1D       		.byte	0x1d
 496 003a 3E000000 		.4byte	0x3e
 497 003e 02       		.uleb128 0x2
 498 003f 01       		.byte	0x1
 499 0040 08       		.byte	0x8
 500 0041 A1010000 		.4byte	.LASF2
 501 0045 02       		.uleb128 0x2
 502 0046 02       		.byte	0x2
 503 0047 05       		.byte	0x5
 504 0048 82000000 		.4byte	.LASF3
 505 004c 03       		.uleb128 0x3
 506 004d 6C000000 		.4byte	.LASF5
 507 0051 02       		.byte	0x2
 508 0052 2B       		.byte	0x2b
 509 0053 57000000 		.4byte	0x57
 510 0057 02       		.uleb128 0x2
 511 0058 02       		.byte	0x2
 512 0059 07       		.byte	0x7
 513 005a F1010000 		.4byte	.LASF6
 514 005e 03       		.uleb128 0x3
 515 005f B8020000 		.4byte	.LASF7
 516 0063 02       		.byte	0x2
 517 0064 3F       		.byte	0x3f
 518 0065 69000000 		.4byte	0x69
 519 0069 02       		.uleb128 0x2
 520 006a 04       		.byte	0x4
 521 006b 05       		.byte	0x5
 522 006c 37010000 		.4byte	.LASF8
 523 0070 03       		.uleb128 0x3
 524 0071 5C000000 		.4byte	.LASF9
 525 0075 02       		.byte	0x2
 526 0076 41       		.byte	0x41
 527 0077 7B000000 		.4byte	0x7b
 528 007b 02       		.uleb128 0x2
 529 007c 04       		.byte	0x4
 530 007d 07       		.byte	0x7
 531 007e 69020000 		.4byte	.LASF10
ARM GAS  C:\Users\jespe\AppData\Local\Temp\ccTy8y9B.s 			page 15


 532 0082 02       		.uleb128 0x2
 533 0083 08       		.byte	0x8
 534 0084 05       		.byte	0x5
 535 0085 21010000 		.4byte	.LASF11
 536 0089 02       		.uleb128 0x2
 537 008a 08       		.byte	0x8
 538 008b 07       		.byte	0x7
 539 008c BB010000 		.4byte	.LASF12
 540 0090 04       		.uleb128 0x4
 541 0091 04       		.byte	0x4
 542 0092 05       		.byte	0x5
 543 0093 696E7400 		.ascii	"int\000"
 544 0097 02       		.uleb128 0x2
 545 0098 04       		.byte	0x4
 546 0099 07       		.byte	0x7
 547 009a DB010000 		.4byte	.LASF13
 548 009e 03       		.uleb128 0x3
 549 009f 98000000 		.4byte	.LASF14
 550 00a3 03       		.byte	0x3
 551 00a4 18       		.byte	0x18
 552 00a5 33000000 		.4byte	0x33
 553 00a9 03       		.uleb128 0x3
 554 00aa E8010000 		.4byte	.LASF15
 555 00ae 03       		.byte	0x3
 556 00af 24       		.byte	0x24
 557 00b0 4C000000 		.4byte	0x4c
 558 00b4 03       		.uleb128 0x3
 559 00b5 12020000 		.4byte	.LASF16
 560 00b9 03       		.byte	0x3
 561 00ba 2C       		.byte	0x2c
 562 00bb 5E000000 		.4byte	0x5e
 563 00bf 03       		.uleb128 0x3
 564 00c0 D2010000 		.4byte	.LASF17
 565 00c4 03       		.byte	0x3
 566 00c5 30       		.byte	0x30
 567 00c6 70000000 		.4byte	0x70
 568 00ca 05       		.uleb128 0x5
 569 00cb 5B020000 		.4byte	.LASF18
 570 00cf 04       		.byte	0x4
 571 00d0 E901     		.2byte	0x1e9
 572 00d2 7B000000 		.4byte	0x7b
 573 00d6 02       		.uleb128 0x2
 574 00d7 08       		.byte	0x8
 575 00d8 04       		.byte	0x4
 576 00d9 7B020000 		.4byte	.LASF19
 577 00dd 02       		.uleb128 0x2
 578 00de 01       		.byte	0x1
 579 00df 08       		.byte	0x8
 580 00e0 04020000 		.4byte	.LASF20
 581 00e4 02       		.uleb128 0x2
 582 00e5 08       		.byte	0x8
 583 00e6 04       		.byte	0x4
 584 00e7 95010000 		.4byte	.LASF21
 585 00eb 02       		.uleb128 0x2
 586 00ec 04       		.byte	0x4
 587 00ed 07       		.byte	0x7
 588 00ee 45000000 		.4byte	.LASF22
ARM GAS  C:\Users\jespe\AppData\Local\Temp\ccTy8y9B.s 			page 16


 589 00f2 06       		.uleb128 0x6
 590 00f3 57000000 		.4byte	.LASF60
 591 00f7 01       		.byte	0x1
 592 00f8 22       		.byte	0x22
 593 00f9 90000000 		.4byte	0x90
 594 00fd 00000000 		.4byte	.LFB64
 595 0101 10010000 		.4byte	.LFE64-.LFB64
 596 0105 01       		.uleb128 0x1
 597 0106 9C       		.byte	0x9c
 598 0107 1D030000 		.4byte	0x31d
 599 010b 07       		.uleb128 0x7
 600 010c B0020000 		.4byte	.LASF23
 601 0110 01       		.byte	0x1
 602 0111 2F       		.byte	0x2f
 603 0112 90000000 		.4byte	0x90
 604 0116 32       		.byte	0x32
 605 0117 08       		.uleb128 0x8
 606 0118 F5000000 		.4byte	.LASF24
 607 011c 01       		.byte	0x1
 608 011d 30       		.byte	0x30
 609 011e 25000000 		.4byte	0x25
 610 0122 04       		.byte	0x4
 611 0123 00802443 		.4byte	0x43248000
 612 0127 08       		.uleb128 0x8
 613 0128 17000000 		.4byte	.LASF25
 614 012c 01       		.byte	0x1
 615 012d 31       		.byte	0x31
 616 012e 25000000 		.4byte	0x25
 617 0132 04       		.byte	0x4
 618 0133 06819540 		.4byte	0x40958106
 619 0137 07       		.uleb128 0x7
 620 0138 2F010000 		.4byte	.LASF26
 621 013c 01       		.byte	0x1
 622 013d 32       		.byte	0x32
 623 013e 90000000 		.4byte	0x90
 624 0142 00       		.byte	0
 625 0143 09       		.uleb128 0x9
 626 0144 29000000 		.4byte	.LASF27
 627 0148 01       		.byte	0x1
 628 0149 33       		.byte	0x33
 629 014a A9000000 		.4byte	0xa9
 630 014e 00000000 		.4byte	.LLST0
 631 0152 07       		.uleb128 0x7
 632 0153 AD030000 		.4byte	.LASF28
 633 0157 01       		.byte	0x1
 634 0158 34       		.byte	0x34
 635 0159 9E000000 		.4byte	0x9e
 636 015d 00       		.byte	0
 637 015e 07       		.uleb128 0x7
 638 015f 4E000000 		.4byte	.LASF29
 639 0163 01       		.byte	0x1
 640 0164 35       		.byte	0x35
 641 0165 9E000000 		.4byte	0x9e
 642 0169 00       		.byte	0
 643 016a 0A       		.uleb128 0xa
 644 016b 646E6600 		.ascii	"dnf\000"
 645 016f 01       		.byte	0x1
ARM GAS  C:\Users\jespe\AppData\Local\Temp\ccTy8y9B.s 			page 17


 646 0170 36       		.byte	0x36
 647 0171 9E000000 		.4byte	0x9e
 648 0175 00       		.byte	0
 649 0176 07       		.uleb128 0x7
 650 0177 67000000 		.4byte	.LASF30
 651 017b 01       		.byte	0x1
 652 017c 37       		.byte	0x37
 653 017d DD000000 		.4byte	0xdd
 654 0181 68       		.byte	0x68
 655 0182 0B       		.uleb128 0xb
 656 0183 34000000 		.4byte	.LBB2
 657 0187 0C000000 		.4byte	.LBE2-.LBB2
 658 018b BE010000 		.4byte	0x1be
 659 018f 0C       		.uleb128 0xc
 660 0190 D5020000 		.4byte	.LASF61
 661 0194 01       		.byte	0x1
 662 0195 45       		.byte	0x45
 663 0196 25000000 		.4byte	0x25
 664 019a 0D       		.uleb128 0xd
 665 019b 40000000 		.4byte	.LVL6
 666 019f 81040000 		.4byte	0x481
 667 01a3 0E       		.uleb128 0xe
 668 01a4 01       		.uleb128 0x1
 669 01a5 50       		.byte	0x50
 670 01a6 02       		.uleb128 0x2
 671 01a7 08       		.byte	0x8
 672 01a8 32       		.byte	0x32
 673 01a9 0E       		.uleb128 0xe
 674 01aa 01       		.uleb128 0x1
 675 01ab 51       		.byte	0x51
 676 01ac 03       		.uleb128 0x3
 677 01ad F5       		.byte	0xf5
 678 01ae 04       		.uleb128 0x4
 679 01af 25       		.uleb128 0x25
 680 01b0 0E       		.uleb128 0xe
 681 01b1 01       		.uleb128 0x1
 682 01b2 52       		.byte	0x52
 683 01b3 03       		.uleb128 0x3
 684 01b4 F5       		.byte	0xf5
 685 01b5 05       		.uleb128 0x5
 686 01b6 25       		.uleb128 0x25
 687 01b7 0E       		.uleb128 0xe
 688 01b8 01       		.uleb128 0x1
 689 01b9 53       		.byte	0x53
 690 01ba 01       		.uleb128 0x1
 691 01bb 30       		.byte	0x30
 692 01bc 00       		.byte	0
 693 01bd 00       		.byte	0
 694 01be 0F       		.uleb128 0xf
 695 01bf 0A000000 		.4byte	.LVL0
 696 01c3 8C040000 		.4byte	0x48c
 697 01c7 D5010000 		.4byte	0x1d5
 698 01cb 0E       		.uleb128 0xe
 699 01cc 01       		.uleb128 0x1
 700 01cd 50       		.byte	0x50
 701 01ce 05       		.uleb128 0x5
 702 01cf 03       		.byte	0x3
ARM GAS  C:\Users\jespe\AppData\Local\Temp\ccTy8y9B.s 			page 18


 703 01d0 00000000 		.4byte	ISR_SPI_rx_handler
 704 01d4 00       		.byte	0
 705 01d5 10       		.uleb128 0x10
 706 01d6 0E000000 		.4byte	.LVL1
 707 01da 97040000 		.4byte	0x497
 708 01de 10       		.uleb128 0x10
 709 01df 12000000 		.4byte	.LVL2
 710 01e3 A2040000 		.4byte	0x4a2
 711 01e7 0F       		.uleb128 0xf
 712 01e8 18000000 		.4byte	.LVL3
 713 01ec AD040000 		.4byte	0x4ad
 714 01f0 FB010000 		.4byte	0x1fb
 715 01f4 0E       		.uleb128 0xe
 716 01f5 01       		.uleb128 0x1
 717 01f6 50       		.byte	0x50
 718 01f7 02       		.uleb128 0x2
 719 01f8 08       		.byte	0x8
 720 01f9 68       		.byte	0x68
 721 01fa 00       		.byte	0
 722 01fb 10       		.uleb128 0x10
 723 01fc 1C000000 		.4byte	.LVL4
 724 0200 B8040000 		.4byte	0x4b8
 725 0204 0F       		.uleb128 0xf
 726 0205 34000000 		.4byte	.LVL5
 727 0209 C3040000 		.4byte	0x4c3
 728 020d 2B020000 		.4byte	0x22b
 729 0211 0E       		.uleb128 0xe
 730 0212 01       		.uleb128 0x1
 731 0213 50       		.byte	0x50
 732 0214 02       		.uleb128 0x2
 733 0215 08       		.byte	0x8
 734 0216 32       		.byte	0x32
 735 0217 0E       		.uleb128 0xe
 736 0218 01       		.uleb128 0x1
 737 0219 51       		.byte	0x51
 738 021a 03       		.uleb128 0x3
 739 021b F5       		.byte	0xf5
 740 021c 04       		.uleb128 0x4
 741 021d 25       		.uleb128 0x25
 742 021e 0E       		.uleb128 0xe
 743 021f 01       		.uleb128 0x1
 744 0220 52       		.byte	0x52
 745 0221 03       		.uleb128 0x3
 746 0222 F5       		.byte	0xf5
 747 0223 05       		.uleb128 0x5
 748 0224 25       		.uleb128 0x25
 749 0225 0E       		.uleb128 0xe
 750 0226 01       		.uleb128 0x1
 751 0227 53       		.byte	0x53
 752 0228 01       		.uleb128 0x1
 753 0229 30       		.byte	0x30
 754 022a 00       		.byte	0
 755 022b 0F       		.uleb128 0xf
 756 022c 46000000 		.4byte	.LVL7
 757 0230 AD040000 		.4byte	0x4ad
 758 0234 3F020000 		.4byte	0x23f
 759 0238 0E       		.uleb128 0xe
ARM GAS  C:\Users\jespe\AppData\Local\Temp\ccTy8y9B.s 			page 19


 760 0239 01       		.uleb128 0x1
 761 023a 50       		.byte	0x50
 762 023b 02       		.uleb128 0x2
 763 023c 08       		.byte	0x8
 764 023d 68       		.byte	0x68
 765 023e 00       		.byte	0
 766 023f 10       		.uleb128 0x10
 767 0240 4A000000 		.4byte	.LVL8
 768 0244 B8040000 		.4byte	0x4b8
 769 0248 0F       		.uleb128 0xf
 770 0249 6A000000 		.4byte	.LVL9
 771 024d CE040000 		.4byte	0x4ce
 772 0251 69020000 		.4byte	0x269
 773 0255 0E       		.uleb128 0xe
 774 0256 01       		.uleb128 0x1
 775 0257 50       		.byte	0x50
 776 0258 03       		.uleb128 0x3
 777 0259 F5       		.byte	0xf5
 778 025a 04       		.uleb128 0x4
 779 025b 25       		.uleb128 0x25
 780 025c 0E       		.uleb128 0xe
 781 025d 01       		.uleb128 0x1
 782 025e 51       		.byte	0x51
 783 025f 03       		.uleb128 0x3
 784 0260 F5       		.byte	0xf5
 785 0261 05       		.uleb128 0x5
 786 0262 25       		.uleb128 0x25
 787 0263 0E       		.uleb128 0xe
 788 0264 01       		.uleb128 0x1
 789 0265 52       		.byte	0x52
 790 0266 01       		.uleb128 0x1
 791 0267 30       		.byte	0x30
 792 0268 00       		.byte	0
 793 0269 0F       		.uleb128 0xf
 794 026a 72000000 		.4byte	.LVL10
 795 026e D9040000 		.4byte	0x4d9
 796 0272 7E020000 		.4byte	0x27e
 797 0276 0E       		.uleb128 0xe
 798 0277 01       		.uleb128 0x1
 799 0278 50       		.byte	0x50
 800 0279 03       		.uleb128 0x3
 801 027a 0A       		.byte	0xa
 802 027b B80B     		.2byte	0xbb8
 803 027d 00       		.byte	0
 804 027e 0F       		.uleb128 0xf
 805 027f 7E000000 		.4byte	.LVL11
 806 0283 81040000 		.4byte	0x481
 807 0287 A5020000 		.4byte	0x2a5
 808 028b 0E       		.uleb128 0xe
 809 028c 01       		.uleb128 0x1
 810 028d 50       		.byte	0x50
 811 028e 02       		.uleb128 0x2
 812 028f 08       		.byte	0x8
 813 0290 32       		.byte	0x32
 814 0291 0E       		.uleb128 0xe
 815 0292 01       		.uleb128 0x1
 816 0293 51       		.byte	0x51
ARM GAS  C:\Users\jespe\AppData\Local\Temp\ccTy8y9B.s 			page 20


 817 0294 03       		.uleb128 0x3
 818 0295 F5       		.byte	0xf5
 819 0296 04       		.uleb128 0x4
 820 0297 25       		.uleb128 0x25
 821 0298 0E       		.uleb128 0xe
 822 0299 01       		.uleb128 0x1
 823 029a 52       		.byte	0x52
 824 029b 03       		.uleb128 0x3
 825 029c F5       		.byte	0xf5
 826 029d 05       		.uleb128 0x5
 827 029e 25       		.uleb128 0x25
 828 029f 0E       		.uleb128 0xe
 829 02a0 01       		.uleb128 0x1
 830 02a1 53       		.byte	0x53
 831 02a2 01       		.uleb128 0x1
 832 02a3 30       		.byte	0x30
 833 02a4 00       		.byte	0
 834 02a5 0F       		.uleb128 0xf
 835 02a6 9C000000 		.4byte	.LVL12
 836 02aa 81040000 		.4byte	0x481
 837 02ae BE020000 		.4byte	0x2be
 838 02b2 0E       		.uleb128 0xe
 839 02b3 01       		.uleb128 0x1
 840 02b4 50       		.byte	0x50
 841 02b5 02       		.uleb128 0x2
 842 02b6 08       		.byte	0x8
 843 02b7 32       		.byte	0x32
 844 02b8 0E       		.uleb128 0xe
 845 02b9 01       		.uleb128 0x1
 846 02ba 53       		.byte	0x53
 847 02bb 01       		.uleb128 0x1
 848 02bc 30       		.byte	0x30
 849 02bd 00       		.byte	0
 850 02be 0F       		.uleb128 0xf
 851 02bf B0000000 		.4byte	.LVL16
 852 02c3 81040000 		.4byte	0x481
 853 02c7 D7020000 		.4byte	0x2d7
 854 02cb 0E       		.uleb128 0xe
 855 02cc 01       		.uleb128 0x1
 856 02cd 50       		.byte	0x50
 857 02ce 02       		.uleb128 0x2
 858 02cf 08       		.byte	0x8
 859 02d0 32       		.byte	0x32
 860 02d1 0E       		.uleb128 0xe
 861 02d2 01       		.uleb128 0x1
 862 02d3 53       		.byte	0x53
 863 02d4 01       		.uleb128 0x1
 864 02d5 30       		.byte	0x30
 865 02d6 00       		.byte	0
 866 02d7 0F       		.uleb128 0xf
 867 02d8 CE000000 		.4byte	.LVL20
 868 02dc 81040000 		.4byte	0x481
 869 02e0 F0020000 		.4byte	0x2f0
 870 02e4 0E       		.uleb128 0xe
 871 02e5 01       		.uleb128 0x1
 872 02e6 50       		.byte	0x50
 873 02e7 02       		.uleb128 0x2
ARM GAS  C:\Users\jespe\AppData\Local\Temp\ccTy8y9B.s 			page 21


 874 02e8 08       		.byte	0x8
 875 02e9 32       		.byte	0x32
 876 02ea 0E       		.uleb128 0xe
 877 02eb 01       		.uleb128 0x1
 878 02ec 53       		.byte	0x53
 879 02ed 01       		.uleb128 0x1
 880 02ee 30       		.byte	0x30
 881 02ef 00       		.byte	0
 882 02f0 0F       		.uleb128 0xf
 883 02f1 E6000000 		.4byte	.LVL21
 884 02f5 E4040000 		.4byte	0x4e4
 885 02f9 0A030000 		.4byte	0x30a
 886 02fd 0E       		.uleb128 0xe
 887 02fe 01       		.uleb128 0x1
 888 02ff 50       		.byte	0x50
 889 0300 02       		.uleb128 0x2
 890 0301 08       		.byte	0x8
 891 0302 5A       		.byte	0x5a
 892 0303 0E       		.uleb128 0xe
 893 0304 01       		.uleb128 0x1
 894 0305 51       		.byte	0x51
 895 0306 02       		.uleb128 0x2
 896 0307 08       		.byte	0x8
 897 0308 68       		.byte	0x68
 898 0309 00       		.byte	0
 899 030a 10       		.uleb128 0x10
 900 030b EA000000 		.4byte	.LVL22
 901 030f B8040000 		.4byte	0x4b8
 902 0313 10       		.uleb128 0x10
 903 0314 F2000000 		.4byte	.LVL23
 904 0318 EF040000 		.4byte	0x4ef
 905 031c 00       		.byte	0
 906 031d 11       		.uleb128 0x11
 907 031e 60010000 		.4byte	.LASF31
 908 0322 01       		.byte	0x1
 909 0323 BB       		.byte	0xbb
 910 0324 00000000 		.4byte	.LFB65
 911 0328 78000000 		.4byte	.LFE65-.LFB65
 912 032c 01       		.uleb128 0x1
 913 032d 9C       		.byte	0x9c
 914 032e 78030000 		.4byte	0x378
 915 0332 12       		.uleb128 0x12
 916 0333 01010000 		.4byte	.LASF62
 917 0337 01       		.byte	0x1
 918 0338 BB       		.byte	0xbb
 919 0339 9E000000 		.4byte	0x9e
 920 033d 1E000000 		.4byte	.LLST1
 921 0341 10       		.uleb128 0x10
 922 0342 4C000000 		.4byte	.LVL26
 923 0346 FA040000 		.4byte	0x4fa
 924 034a 10       		.uleb128 0x10
 925 034b 52000000 		.4byte	.LVL27
 926 034f EF040000 		.4byte	0x4ef
 927 0353 10       		.uleb128 0x10
 928 0354 5C000000 		.4byte	.LVL30
 929 0358 05050000 		.4byte	0x505
 930 035c 10       		.uleb128 0x10
ARM GAS  C:\Users\jespe\AppData\Local\Temp\ccTy8y9B.s 			page 22


 931 035d 62000000 		.4byte	.LVL31
 932 0361 EF040000 		.4byte	0x4ef
 933 0365 10       		.uleb128 0x10
 934 0366 6C000000 		.4byte	.LVL34
 935 036a 10050000 		.4byte	0x510
 936 036e 10       		.uleb128 0x10
 937 036f 72000000 		.4byte	.LVL35
 938 0373 EF040000 		.4byte	0x4ef
 939 0377 00       		.byte	0
 940 0378 11       		.uleb128 0x11
 941 0379 C2020000 		.4byte	.LASF32
 942 037d 01       		.byte	0x1
 943 037e FA       		.byte	0xfa
 944 037f 00000000 		.4byte	.LFB66
 945 0383 34000000 		.4byte	.LFE66-.LFB66
 946 0387 01       		.uleb128 0x1
 947 0388 9C       		.byte	0x9c
 948 0389 D7030000 		.4byte	0x3d7
 949 038d 09       		.uleb128 0x9
 950 038e 14010000 		.4byte	.LASF33
 951 0392 01       		.byte	0x1
 952 0393 FC       		.byte	0xfc
 953 0394 9E000000 		.4byte	0x9e
 954 0398 71000000 		.4byte	.LLST2
 955 039c 13       		.uleb128 0x13
 956 039d 00000000 		.4byte	.Ldebug_ranges0+0
 957 03a1 BD030000 		.4byte	0x3bd
 958 03a5 14       		.uleb128 0x14
 959 03a6 6900     		.ascii	"i\000"
 960 03a8 01       		.byte	0x1
 961 03a9 0001     		.2byte	0x100
 962 03ab 9E000000 		.4byte	0x9e
 963 03af 8F000000 		.4byte	.LLST3
 964 03b3 10       		.uleb128 0x10
 965 03b4 16000000 		.4byte	.LVL39
 966 03b8 EF040000 		.4byte	0x4ef
 967 03bc 00       		.byte	0
 968 03bd 10       		.uleb128 0x10
 969 03be 06000000 		.4byte	.LVL36
 970 03c2 1B050000 		.4byte	0x51b
 971 03c6 0D       		.uleb128 0xd
 972 03c7 2E000000 		.4byte	.LVL45
 973 03cb 1D030000 		.4byte	0x31d
 974 03cf 0E       		.uleb128 0xe
 975 03d0 01       		.uleb128 0x1
 976 03d1 50       		.byte	0x50
 977 03d2 02       		.uleb128 0x2
 978 03d3 75       		.byte	0x75
 979 03d4 00       		.sleb128 0
 980 03d5 00       		.byte	0
 981 03d6 00       		.byte	0
 982 03d7 15       		.uleb128 0x15
 983 03d8 46020000 		.4byte	.LASF34
 984 03dc 01       		.byte	0x1
 985 03dd 0F       		.byte	0xf
 986 03de 90000000 		.4byte	0x90
 987 03e2 05       		.uleb128 0x5
ARM GAS  C:\Users\jespe\AppData\Local\Temp\ccTy8y9B.s 			page 23


 988 03e3 03       		.byte	0x3
 989 03e4 00000000 		.4byte	UCstate
 990 03e8 16       		.uleb128 0x16
 991 03e9 0A030000 		.4byte	.LASF35
 992 03ed 05       		.byte	0x5
 993 03ee 1207     		.2byte	0x712
 994 03f0 F4030000 		.4byte	0x3f4
 995 03f4 17       		.uleb128 0x17
 996 03f5 B4000000 		.4byte	0xb4
 997 03f9 18       		.uleb128 0x18
 998 03fa 14010000 		.4byte	.LASF33
 999 03fe 01       		.byte	0x1
 1000 03ff 10       		.byte	0x10
 1001 0400 9E000000 		.4byte	0x9e
 1002 0404 05       		.uleb128 0x5
 1003 0405 03       		.byte	0x3
 1004 0406 00000000 		.4byte	receivedData
 1005 040a 18       		.uleb128 0x18
 1006 040b 77000000 		.4byte	.LASF36
 1007 040f 01       		.byte	0x1
 1008 0410 11       		.byte	0x11
 1009 0411 CA000000 		.4byte	0xca
 1010 0415 05       		.uleb128 0x5
 1011 0416 03       		.byte	0x3
 1012 0417 00000000 		.4byte	roundedNum
 1013 041b 18       		.uleb128 0x18
 1014 041c 88010000 		.4byte	.LASF37
 1015 0420 01       		.byte	0x1
 1016 0421 12       		.byte	0x12
 1017 0422 BF000000 		.4byte	0xbf
 1018 0426 05       		.uleb128 0x5
 1019 0427 03       		.byte	0x3
 1020 0428 00000000 		.4byte	hardcode_tid
 1021 042c 19       		.uleb128 0x19
 1022 042d 74696400 		.ascii	"tid\000"
 1023 0431 01       		.byte	0x1
 1024 0432 14       		.byte	0x14
 1025 0433 CA000000 		.4byte	0xca
 1026 0437 05       		.uleb128 0x5
 1027 0438 03       		.byte	0x3
 1028 0439 00000000 		.4byte	tid
 1029 043d 18       		.uleb128 0x18
 1030 043e 73010000 		.4byte	.LASF38
 1031 0442 01       		.byte	0x1
 1032 0443 15       		.byte	0x15
 1033 0444 9E000000 		.4byte	0x9e
 1034 0448 05       		.uleb128 0x5
 1035 0449 03       		.byte	0x3
 1036 044a 00000000 		.4byte	minutter
 1037 044e 18       		.uleb128 0x18
 1038 044f 09020000 		.4byte	.LASF39
 1039 0453 01       		.byte	0x1
 1040 0454 16       		.byte	0x16
 1041 0455 9E000000 		.4byte	0x9e
 1042 0459 05       		.uleb128 0x5
 1043 045a 03       		.byte	0x3
 1044 045b 00000000 		.4byte	sekunder
ARM GAS  C:\Users\jespe\AppData\Local\Temp\ccTy8y9B.s 			page 24


 1045 045f 18       		.uleb128 0x18
 1046 0460 B7030000 		.4byte	.LASF40
 1047 0464 01       		.byte	0x1
 1048 0465 17       		.byte	0x17
 1049 0466 9E000000 		.4byte	0x9e
 1050 046a 05       		.uleb128 0x5
 1051 046b 03       		.byte	0x3
 1052 046c 00000000 		.4byte	milliSekunder
 1053 0470 18       		.uleb128 0x18
 1054 0471 28020000 		.4byte	.LASF41
 1055 0475 01       		.byte	0x1
 1056 0476 18       		.byte	0x18
 1057 0477 9E000000 		.4byte	0x9e
 1058 047b 05       		.uleb128 0x5
 1059 047c 03       		.byte	0x3
 1060 047d 00000000 		.4byte	spilleterslut
 1061 0481 1A       		.uleb128 0x1a
 1062 0482 1E000000 		.4byte	.LASF42
 1063 0486 1E000000 		.4byte	.LASF42
 1064 048a 06       		.byte	0x6
 1065 048b 05       		.byte	0x5
 1066 048c 1A       		.uleb128 0x1a
 1067 048d 82020000 		.4byte	.LASF43
 1068 0491 82020000 		.4byte	.LASF43
 1069 0495 07       		.byte	0x7
 1070 0496 18       		.byte	0x18
 1071 0497 1A       		.uleb128 0x1a
 1072 0498 48010000 		.4byte	.LASF44
 1073 049c 48010000 		.4byte	.LASF44
 1074 04a0 08       		.byte	0x8
 1075 04a1 0E       		.byte	0xe
 1076 04a2 1A       		.uleb128 0x1a
 1077 04a3 4E020000 		.4byte	.LASF45
 1078 04a7 4E020000 		.4byte	.LASF45
 1079 04ab 06       		.byte	0x6
 1080 04ac 06       		.byte	0x6
 1081 04ad 1A       		.uleb128 0x1a
 1082 04ae 7C010000 		.4byte	.LASF46
 1083 04b2 7C010000 		.4byte	.LASF46
 1084 04b6 09       		.byte	0x9
 1085 04b7 38       		.byte	0x38
 1086 04b8 1A       		.uleb128 0x1a
 1087 04b9 1A020000 		.4byte	.LASF47
 1088 04bd 1A020000 		.4byte	.LASF47
 1089 04c1 09       		.byte	0x9
 1090 04c2 2C       		.byte	0x2c
 1091 04c3 1A       		.uleb128 0x1a
 1092 04c4 95020000 		.4byte	.LASF48
 1093 04c8 95020000 		.4byte	.LASF48
 1094 04cc 06       		.byte	0x6
 1095 04cd 03       		.byte	0x3
 1096 04ce 1A       		.uleb128 0x1a
 1097 04cf 35000000 		.4byte	.LASF49
 1098 04d3 35000000 		.4byte	.LASF49
 1099 04d7 06       		.byte	0x6
 1100 04d8 04       		.byte	0x4
 1101 04d9 1A       		.uleb128 0x1a
ARM GAS  C:\Users\jespe\AppData\Local\Temp\ccTy8y9B.s 			page 25


 1102 04da A5030000 		.4byte	.LASF50
 1103 04de A5030000 		.4byte	.LASF50
 1104 04e2 0A       		.byte	0xa
 1105 04e3 76       		.byte	0x76
 1106 04e4 1A       		.uleb128 0x1a
 1107 04e5 00000000 		.4byte	.LASF51
 1108 04e9 00000000 		.4byte	.LASF51
 1109 04ed 09       		.byte	0x9
 1110 04ee 3A       		.byte	0x3a
 1111 04ef 1A       		.uleb128 0x1a
 1112 04f0 40010000 		.4byte	.LASF52
 1113 04f4 40010000 		.4byte	.LASF52
 1114 04f8 08       		.byte	0x8
 1115 04f9 10       		.byte	0x10
 1116 04fa 1A       		.uleb128 0x1a
 1117 04fb 36020000 		.4byte	.LASF53
 1118 04ff 36020000 		.4byte	.LASF53
 1119 0503 0B       		.byte	0xb
 1120 0504 12       		.byte	0x12
 1121 0505 1A       		.uleb128 0x1a
 1122 0506 E5020000 		.4byte	.LASF54
 1123 050a E5020000 		.4byte	.LASF54
 1124 050e 0B       		.byte	0xb
 1125 050f 11       		.byte	0x11
 1126 0510 1A       		.uleb128 0x1a
 1127 0511 F5020000 		.4byte	.LASF55
 1128 0515 F5020000 		.4byte	.LASF55
 1129 0519 0B       		.byte	0xb
 1130 051a 13       		.byte	0x13
 1131 051b 1A       		.uleb128 0x1a
 1132 051c 8C000000 		.4byte	.LASF56
 1133 0520 8C000000 		.4byte	.LASF56
 1134 0524 08       		.byte	0x8
 1135 0525 0F       		.byte	0xf
 1136 0526 00       		.byte	0
 1137              		.section	.debug_abbrev,"",%progbits
 1138              	.Ldebug_abbrev0:
 1139 0000 01       		.uleb128 0x1
 1140 0001 11       		.uleb128 0x11
 1141 0002 01       		.byte	0x1
 1142 0003 25       		.uleb128 0x25
 1143 0004 0E       		.uleb128 0xe
 1144 0005 13       		.uleb128 0x13
 1145 0006 0B       		.uleb128 0xb
 1146 0007 03       		.uleb128 0x3
 1147 0008 0E       		.uleb128 0xe
 1148 0009 1B       		.uleb128 0x1b
 1149 000a 0E       		.uleb128 0xe
 1150 000b 55       		.uleb128 0x55
 1151 000c 17       		.uleb128 0x17
 1152 000d 11       		.uleb128 0x11
 1153 000e 01       		.uleb128 0x1
 1154 000f 10       		.uleb128 0x10
 1155 0010 17       		.uleb128 0x17
 1156 0011 00       		.byte	0
 1157 0012 00       		.byte	0
 1158 0013 02       		.uleb128 0x2
ARM GAS  C:\Users\jespe\AppData\Local\Temp\ccTy8y9B.s 			page 26


 1159 0014 24       		.uleb128 0x24
 1160 0015 00       		.byte	0
 1161 0016 0B       		.uleb128 0xb
 1162 0017 0B       		.uleb128 0xb
 1163 0018 3E       		.uleb128 0x3e
 1164 0019 0B       		.uleb128 0xb
 1165 001a 03       		.uleb128 0x3
 1166 001b 0E       		.uleb128 0xe
 1167 001c 00       		.byte	0
 1168 001d 00       		.byte	0
 1169 001e 03       		.uleb128 0x3
 1170 001f 16       		.uleb128 0x16
 1171 0020 00       		.byte	0
 1172 0021 03       		.uleb128 0x3
 1173 0022 0E       		.uleb128 0xe
 1174 0023 3A       		.uleb128 0x3a
 1175 0024 0B       		.uleb128 0xb
 1176 0025 3B       		.uleb128 0x3b
 1177 0026 0B       		.uleb128 0xb
 1178 0027 49       		.uleb128 0x49
 1179 0028 13       		.uleb128 0x13
 1180 0029 00       		.byte	0
 1181 002a 00       		.byte	0
 1182 002b 04       		.uleb128 0x4
 1183 002c 24       		.uleb128 0x24
 1184 002d 00       		.byte	0
 1185 002e 0B       		.uleb128 0xb
 1186 002f 0B       		.uleb128 0xb
 1187 0030 3E       		.uleb128 0x3e
 1188 0031 0B       		.uleb128 0xb
 1189 0032 03       		.uleb128 0x3
 1190 0033 08       		.uleb128 0x8
 1191 0034 00       		.byte	0
 1192 0035 00       		.byte	0
 1193 0036 05       		.uleb128 0x5
 1194 0037 16       		.uleb128 0x16
 1195 0038 00       		.byte	0
 1196 0039 03       		.uleb128 0x3
 1197 003a 0E       		.uleb128 0xe
 1198 003b 3A       		.uleb128 0x3a
 1199 003c 0B       		.uleb128 0xb
 1200 003d 3B       		.uleb128 0x3b
 1201 003e 05       		.uleb128 0x5
 1202 003f 49       		.uleb128 0x49
 1203 0040 13       		.uleb128 0x13
 1204 0041 00       		.byte	0
 1205 0042 00       		.byte	0
 1206 0043 06       		.uleb128 0x6
 1207 0044 2E       		.uleb128 0x2e
 1208 0045 01       		.byte	0x1
 1209 0046 3F       		.uleb128 0x3f
 1210 0047 19       		.uleb128 0x19
 1211 0048 03       		.uleb128 0x3
 1212 0049 0E       		.uleb128 0xe
 1213 004a 3A       		.uleb128 0x3a
 1214 004b 0B       		.uleb128 0xb
 1215 004c 3B       		.uleb128 0x3b
ARM GAS  C:\Users\jespe\AppData\Local\Temp\ccTy8y9B.s 			page 27


 1216 004d 0B       		.uleb128 0xb
 1217 004e 27       		.uleb128 0x27
 1218 004f 19       		.uleb128 0x19
 1219 0050 49       		.uleb128 0x49
 1220 0051 13       		.uleb128 0x13
 1221 0052 8701     		.uleb128 0x87
 1222 0054 19       		.uleb128 0x19
 1223 0055 11       		.uleb128 0x11
 1224 0056 01       		.uleb128 0x1
 1225 0057 12       		.uleb128 0x12
 1226 0058 06       		.uleb128 0x6
 1227 0059 40       		.uleb128 0x40
 1228 005a 18       		.uleb128 0x18
 1229 005b 9642     		.uleb128 0x2116
 1230 005d 19       		.uleb128 0x19
 1231 005e 01       		.uleb128 0x1
 1232 005f 13       		.uleb128 0x13
 1233 0060 00       		.byte	0
 1234 0061 00       		.byte	0
 1235 0062 07       		.uleb128 0x7
 1236 0063 34       		.uleb128 0x34
 1237 0064 00       		.byte	0
 1238 0065 03       		.uleb128 0x3
 1239 0066 0E       		.uleb128 0xe
 1240 0067 3A       		.uleb128 0x3a
 1241 0068 0B       		.uleb128 0xb
 1242 0069 3B       		.uleb128 0x3b
 1243 006a 0B       		.uleb128 0xb
 1244 006b 49       		.uleb128 0x49
 1245 006c 13       		.uleb128 0x13
 1246 006d 1C       		.uleb128 0x1c
 1247 006e 0B       		.uleb128 0xb
 1248 006f 00       		.byte	0
 1249 0070 00       		.byte	0
 1250 0071 08       		.uleb128 0x8
 1251 0072 34       		.uleb128 0x34
 1252 0073 00       		.byte	0
 1253 0074 03       		.uleb128 0x3
 1254 0075 0E       		.uleb128 0xe
 1255 0076 3A       		.uleb128 0x3a
 1256 0077 0B       		.uleb128 0xb
 1257 0078 3B       		.uleb128 0x3b
 1258 0079 0B       		.uleb128 0xb
 1259 007a 49       		.uleb128 0x49
 1260 007b 13       		.uleb128 0x13
 1261 007c 1C       		.uleb128 0x1c
 1262 007d 0A       		.uleb128 0xa
 1263 007e 00       		.byte	0
 1264 007f 00       		.byte	0
 1265 0080 09       		.uleb128 0x9
 1266 0081 34       		.uleb128 0x34
 1267 0082 00       		.byte	0
 1268 0083 03       		.uleb128 0x3
 1269 0084 0E       		.uleb128 0xe
 1270 0085 3A       		.uleb128 0x3a
 1271 0086 0B       		.uleb128 0xb
 1272 0087 3B       		.uleb128 0x3b
ARM GAS  C:\Users\jespe\AppData\Local\Temp\ccTy8y9B.s 			page 28


 1273 0088 0B       		.uleb128 0xb
 1274 0089 49       		.uleb128 0x49
 1275 008a 13       		.uleb128 0x13
 1276 008b 02       		.uleb128 0x2
 1277 008c 17       		.uleb128 0x17
 1278 008d 00       		.byte	0
 1279 008e 00       		.byte	0
 1280 008f 0A       		.uleb128 0xa
 1281 0090 34       		.uleb128 0x34
 1282 0091 00       		.byte	0
 1283 0092 03       		.uleb128 0x3
 1284 0093 08       		.uleb128 0x8
 1285 0094 3A       		.uleb128 0x3a
 1286 0095 0B       		.uleb128 0xb
 1287 0096 3B       		.uleb128 0x3b
 1288 0097 0B       		.uleb128 0xb
 1289 0098 49       		.uleb128 0x49
 1290 0099 13       		.uleb128 0x13
 1291 009a 1C       		.uleb128 0x1c
 1292 009b 0B       		.uleb128 0xb
 1293 009c 00       		.byte	0
 1294 009d 00       		.byte	0
 1295 009e 0B       		.uleb128 0xb
 1296 009f 0B       		.uleb128 0xb
 1297 00a0 01       		.byte	0x1
 1298 00a1 11       		.uleb128 0x11
 1299 00a2 01       		.uleb128 0x1
 1300 00a3 12       		.uleb128 0x12
 1301 00a4 06       		.uleb128 0x6
 1302 00a5 01       		.uleb128 0x1
 1303 00a6 13       		.uleb128 0x13
 1304 00a7 00       		.byte	0
 1305 00a8 00       		.byte	0
 1306 00a9 0C       		.uleb128 0xc
 1307 00aa 34       		.uleb128 0x34
 1308 00ab 00       		.byte	0
 1309 00ac 03       		.uleb128 0x3
 1310 00ad 0E       		.uleb128 0xe
 1311 00ae 3A       		.uleb128 0x3a
 1312 00af 0B       		.uleb128 0xb
 1313 00b0 3B       		.uleb128 0x3b
 1314 00b1 0B       		.uleb128 0xb
 1315 00b2 49       		.uleb128 0x49
 1316 00b3 13       		.uleb128 0x13
 1317 00b4 00       		.byte	0
 1318 00b5 00       		.byte	0
 1319 00b6 0D       		.uleb128 0xd
 1320 00b7 898201   		.uleb128 0x4109
 1321 00ba 01       		.byte	0x1
 1322 00bb 11       		.uleb128 0x11
 1323 00bc 01       		.uleb128 0x1
 1324 00bd 31       		.uleb128 0x31
 1325 00be 13       		.uleb128 0x13
 1326 00bf 00       		.byte	0
 1327 00c0 00       		.byte	0
 1328 00c1 0E       		.uleb128 0xe
 1329 00c2 8A8201   		.uleb128 0x410a
ARM GAS  C:\Users\jespe\AppData\Local\Temp\ccTy8y9B.s 			page 29


 1330 00c5 00       		.byte	0
 1331 00c6 02       		.uleb128 0x2
 1332 00c7 18       		.uleb128 0x18
 1333 00c8 9142     		.uleb128 0x2111
 1334 00ca 18       		.uleb128 0x18
 1335 00cb 00       		.byte	0
 1336 00cc 00       		.byte	0
 1337 00cd 0F       		.uleb128 0xf
 1338 00ce 898201   		.uleb128 0x4109
 1339 00d1 01       		.byte	0x1
 1340 00d2 11       		.uleb128 0x11
 1341 00d3 01       		.uleb128 0x1
 1342 00d4 31       		.uleb128 0x31
 1343 00d5 13       		.uleb128 0x13
 1344 00d6 01       		.uleb128 0x1
 1345 00d7 13       		.uleb128 0x13
 1346 00d8 00       		.byte	0
 1347 00d9 00       		.byte	0
 1348 00da 10       		.uleb128 0x10
 1349 00db 898201   		.uleb128 0x4109
 1350 00de 00       		.byte	0
 1351 00df 11       		.uleb128 0x11
 1352 00e0 01       		.uleb128 0x1
 1353 00e1 31       		.uleb128 0x31
 1354 00e2 13       		.uleb128 0x13
 1355 00e3 00       		.byte	0
 1356 00e4 00       		.byte	0
 1357 00e5 11       		.uleb128 0x11
 1358 00e6 2E       		.uleb128 0x2e
 1359 00e7 01       		.byte	0x1
 1360 00e8 3F       		.uleb128 0x3f
 1361 00e9 19       		.uleb128 0x19
 1362 00ea 03       		.uleb128 0x3
 1363 00eb 0E       		.uleb128 0xe
 1364 00ec 3A       		.uleb128 0x3a
 1365 00ed 0B       		.uleb128 0xb
 1366 00ee 3B       		.uleb128 0x3b
 1367 00ef 0B       		.uleb128 0xb
 1368 00f0 27       		.uleb128 0x27
 1369 00f1 19       		.uleb128 0x19
 1370 00f2 11       		.uleb128 0x11
 1371 00f3 01       		.uleb128 0x1
 1372 00f4 12       		.uleb128 0x12
 1373 00f5 06       		.uleb128 0x6
 1374 00f6 40       		.uleb128 0x40
 1375 00f7 18       		.uleb128 0x18
 1376 00f8 9742     		.uleb128 0x2117
 1377 00fa 19       		.uleb128 0x19
 1378 00fb 01       		.uleb128 0x1
 1379 00fc 13       		.uleb128 0x13
 1380 00fd 00       		.byte	0
 1381 00fe 00       		.byte	0
 1382 00ff 12       		.uleb128 0x12
 1383 0100 05       		.uleb128 0x5
 1384 0101 00       		.byte	0
 1385 0102 03       		.uleb128 0x3
 1386 0103 0E       		.uleb128 0xe
ARM GAS  C:\Users\jespe\AppData\Local\Temp\ccTy8y9B.s 			page 30


 1387 0104 3A       		.uleb128 0x3a
 1388 0105 0B       		.uleb128 0xb
 1389 0106 3B       		.uleb128 0x3b
 1390 0107 0B       		.uleb128 0xb
 1391 0108 49       		.uleb128 0x49
 1392 0109 13       		.uleb128 0x13
 1393 010a 02       		.uleb128 0x2
 1394 010b 17       		.uleb128 0x17
 1395 010c 00       		.byte	0
 1396 010d 00       		.byte	0
 1397 010e 13       		.uleb128 0x13
 1398 010f 0B       		.uleb128 0xb
 1399 0110 01       		.byte	0x1
 1400 0111 55       		.uleb128 0x55
 1401 0112 17       		.uleb128 0x17
 1402 0113 01       		.uleb128 0x1
 1403 0114 13       		.uleb128 0x13
 1404 0115 00       		.byte	0
 1405 0116 00       		.byte	0
 1406 0117 14       		.uleb128 0x14
 1407 0118 34       		.uleb128 0x34
 1408 0119 00       		.byte	0
 1409 011a 03       		.uleb128 0x3
 1410 011b 08       		.uleb128 0x8
 1411 011c 3A       		.uleb128 0x3a
 1412 011d 0B       		.uleb128 0xb
 1413 011e 3B       		.uleb128 0x3b
 1414 011f 05       		.uleb128 0x5
 1415 0120 49       		.uleb128 0x49
 1416 0121 13       		.uleb128 0x13
 1417 0122 02       		.uleb128 0x2
 1418 0123 17       		.uleb128 0x17
 1419 0124 00       		.byte	0
 1420 0125 00       		.byte	0
 1421 0126 15       		.uleb128 0x15
 1422 0127 34       		.uleb128 0x34
 1423 0128 00       		.byte	0
 1424 0129 03       		.uleb128 0x3
 1425 012a 0E       		.uleb128 0xe
 1426 012b 3A       		.uleb128 0x3a
 1427 012c 0B       		.uleb128 0xb
 1428 012d 3B       		.uleb128 0x3b
 1429 012e 0B       		.uleb128 0xb
 1430 012f 49       		.uleb128 0x49
 1431 0130 13       		.uleb128 0x13
 1432 0131 02       		.uleb128 0x2
 1433 0132 18       		.uleb128 0x18
 1434 0133 00       		.byte	0
 1435 0134 00       		.byte	0
 1436 0135 16       		.uleb128 0x16
 1437 0136 34       		.uleb128 0x34
 1438 0137 00       		.byte	0
 1439 0138 03       		.uleb128 0x3
 1440 0139 0E       		.uleb128 0xe
 1441 013a 3A       		.uleb128 0x3a
 1442 013b 0B       		.uleb128 0xb
 1443 013c 3B       		.uleb128 0x3b
ARM GAS  C:\Users\jespe\AppData\Local\Temp\ccTy8y9B.s 			page 31


 1444 013d 05       		.uleb128 0x5
 1445 013e 49       		.uleb128 0x49
 1446 013f 13       		.uleb128 0x13
 1447 0140 3F       		.uleb128 0x3f
 1448 0141 19       		.uleb128 0x19
 1449 0142 3C       		.uleb128 0x3c
 1450 0143 19       		.uleb128 0x19
 1451 0144 00       		.byte	0
 1452 0145 00       		.byte	0
 1453 0146 17       		.uleb128 0x17
 1454 0147 35       		.uleb128 0x35
 1455 0148 00       		.byte	0
 1456 0149 49       		.uleb128 0x49
 1457 014a 13       		.uleb128 0x13
 1458 014b 00       		.byte	0
 1459 014c 00       		.byte	0
 1460 014d 18       		.uleb128 0x18
 1461 014e 34       		.uleb128 0x34
 1462 014f 00       		.byte	0
 1463 0150 03       		.uleb128 0x3
 1464 0151 0E       		.uleb128 0xe
 1465 0152 3A       		.uleb128 0x3a
 1466 0153 0B       		.uleb128 0xb
 1467 0154 3B       		.uleb128 0x3b
 1468 0155 0B       		.uleb128 0xb
 1469 0156 49       		.uleb128 0x49
 1470 0157 13       		.uleb128 0x13
 1471 0158 3F       		.uleb128 0x3f
 1472 0159 19       		.uleb128 0x19
 1473 015a 02       		.uleb128 0x2
 1474 015b 18       		.uleb128 0x18
 1475 015c 00       		.byte	0
 1476 015d 00       		.byte	0
 1477 015e 19       		.uleb128 0x19
 1478 015f 34       		.uleb128 0x34
 1479 0160 00       		.byte	0
 1480 0161 03       		.uleb128 0x3
 1481 0162 08       		.uleb128 0x8
 1482 0163 3A       		.uleb128 0x3a
 1483 0164 0B       		.uleb128 0xb
 1484 0165 3B       		.uleb128 0x3b
 1485 0166 0B       		.uleb128 0xb
 1486 0167 49       		.uleb128 0x49
 1487 0168 13       		.uleb128 0x13
 1488 0169 3F       		.uleb128 0x3f
 1489 016a 19       		.uleb128 0x19
 1490 016b 02       		.uleb128 0x2
 1491 016c 18       		.uleb128 0x18
 1492 016d 00       		.byte	0
 1493 016e 00       		.byte	0
 1494 016f 1A       		.uleb128 0x1a
 1495 0170 2E       		.uleb128 0x2e
 1496 0171 00       		.byte	0
 1497 0172 3F       		.uleb128 0x3f
 1498 0173 19       		.uleb128 0x19
 1499 0174 3C       		.uleb128 0x3c
 1500 0175 19       		.uleb128 0x19
ARM GAS  C:\Users\jespe\AppData\Local\Temp\ccTy8y9B.s 			page 32


 1501 0176 6E       		.uleb128 0x6e
 1502 0177 0E       		.uleb128 0xe
 1503 0178 03       		.uleb128 0x3
 1504 0179 0E       		.uleb128 0xe
 1505 017a 3A       		.uleb128 0x3a
 1506 017b 0B       		.uleb128 0xb
 1507 017c 3B       		.uleb128 0x3b
 1508 017d 0B       		.uleb128 0xb
 1509 017e 00       		.byte	0
 1510 017f 00       		.byte	0
 1511 0180 00       		.byte	0
 1512              		.section	.debug_loc,"",%progbits
 1513              	.Ldebug_loc0:
 1514              	.LLST0:
 1515 0000 A2000000 		.4byte	.LVL14
 1516 0004 AC000000 		.4byte	.LVL15
 1517 0008 0100     		.2byte	0x1
 1518 000a 50       		.byte	0x50
 1519 000b B6000000 		.4byte	.LVL18
 1520 000f CA000000 		.4byte	.LVL19
 1521 0013 0100     		.2byte	0x1
 1522 0015 50       		.byte	0x50
 1523 0016 00000000 		.4byte	0
 1524 001a 00000000 		.4byte	0
 1525              	.LLST1:
 1526 001e 00000000 		.4byte	.LVL24
 1527 0022 48000000 		.4byte	.LVL25
 1528 0026 0100     		.2byte	0x1
 1529 0028 50       		.byte	0x50
 1530 0029 48000000 		.4byte	.LVL25
 1531 002d 54000000 		.4byte	.LVL28
 1532 0031 0400     		.2byte	0x4
 1533 0033 F3       		.byte	0xf3
 1534 0034 01       		.uleb128 0x1
 1535 0035 50       		.byte	0x50
 1536 0036 9F       		.byte	0x9f
 1537 0037 54000000 		.4byte	.LVL28
 1538 003b 58000000 		.4byte	.LVL29
 1539 003f 0100     		.2byte	0x1
 1540 0041 50       		.byte	0x50
 1541 0042 58000000 		.4byte	.LVL29
 1542 0046 64000000 		.4byte	.LVL32
 1543 004a 0400     		.2byte	0x4
 1544 004c F3       		.byte	0xf3
 1545 004d 01       		.uleb128 0x1
 1546 004e 50       		.byte	0x50
 1547 004f 9F       		.byte	0x9f
 1548 0050 64000000 		.4byte	.LVL32
 1549 0054 68000000 		.4byte	.LVL33
 1550 0058 0100     		.2byte	0x1
 1551 005a 50       		.byte	0x50
 1552 005b 68000000 		.4byte	.LVL33
 1553 005f 78000000 		.4byte	.LFE65
 1554 0063 0400     		.2byte	0x4
 1555 0065 F3       		.byte	0xf3
 1556 0066 01       		.uleb128 0x1
 1557 0067 50       		.byte	0x50
ARM GAS  C:\Users\jespe\AppData\Local\Temp\ccTy8y9B.s 			page 33


 1558 0068 9F       		.byte	0x9f
 1559 0069 00000000 		.4byte	0
 1560 006d 00000000 		.4byte	0
 1561              	.LLST2:
 1562 0071 08000000 		.4byte	.LVL37
 1563 0075 0E000000 		.4byte	.LVL38
 1564 0079 0100     		.2byte	0x1
 1565 007b 50       		.byte	0x50
 1566 007c 1C000000 		.4byte	.LVL42
 1567 0080 1E000000 		.4byte	.LVL43
 1568 0084 0100     		.2byte	0x1
 1569 0086 50       		.byte	0x50
 1570 0087 00000000 		.4byte	0
 1571 008b 00000000 		.4byte	0
 1572              	.LLST3:
 1573 008f 0E000000 		.4byte	.LVL38
 1574 0093 18000000 		.4byte	.LVL40
 1575 0097 0100     		.2byte	0x1
 1576 0099 54       		.byte	0x54
 1577 009a 1A000000 		.4byte	.LVL41
 1578 009e 1C000000 		.4byte	.LVL42
 1579 00a2 0100     		.2byte	0x1
 1580 00a4 54       		.byte	0x54
 1581 00a5 1E000000 		.4byte	.LVL43
 1582 00a9 28000000 		.4byte	.LVL44
 1583 00ad 0100     		.2byte	0x1
 1584 00af 54       		.byte	0x54
 1585 00b0 00000000 		.4byte	0
 1586 00b4 00000000 		.4byte	0
 1587              		.section	.debug_aranges,"",%progbits
 1588 0000 2C000000 		.4byte	0x2c
 1589 0004 0200     		.2byte	0x2
 1590 0006 00000000 		.4byte	.Ldebug_info0
 1591 000a 04       		.byte	0x4
 1592 000b 00       		.byte	0
 1593 000c 0000     		.2byte	0
 1594 000e 0000     		.2byte	0
 1595 0010 00000000 		.4byte	.LFB64
 1596 0014 10010000 		.4byte	.LFE64-.LFB64
 1597 0018 00000000 		.4byte	.LFB65
 1598 001c 78000000 		.4byte	.LFE65-.LFB65
 1599 0020 00000000 		.4byte	.LFB66
 1600 0024 34000000 		.4byte	.LFE66-.LFB66
 1601 0028 00000000 		.4byte	0
 1602 002c 00000000 		.4byte	0
 1603              		.section	.debug_ranges,"",%progbits
 1604              	.Ldebug_ranges0:
 1605 0000 0E000000 		.4byte	.LBB3
 1606 0004 1C000000 		.4byte	.LBE3
 1607 0008 1E000000 		.4byte	.LBB4
 1608 000c 22000000 		.4byte	.LBE4
 1609 0010 00000000 		.4byte	0
 1610 0014 00000000 		.4byte	0
 1611 0018 00000000 		.4byte	.LFB64
 1612 001c 10010000 		.4byte	.LFE64
 1613 0020 00000000 		.4byte	.LFB65
 1614 0024 78000000 		.4byte	.LFE65
ARM GAS  C:\Users\jespe\AppData\Local\Temp\ccTy8y9B.s 			page 34


 1615 0028 00000000 		.4byte	.LFB66
 1616 002c 34000000 		.4byte	.LFE66
 1617 0030 00000000 		.4byte	0
 1618 0034 00000000 		.4byte	0
 1619              		.section	.debug_line,"",%progbits
 1620              	.Ldebug_line0:
 1621 0000 2B020000 		.section	.debug_str,"MS",%progbits,1
 1621      02009E01 
 1621      00000201 
 1621      FB0E0D00 
 1621      01010101 
 1622              	.LASF51:
 1623 0000 73746570 		.ascii	"stepperdriver_rotateTo\000"
 1623      70657264 
 1623      72697665 
 1623      725F726F 
 1623      74617465 
 1624              	.LASF25:
 1625 0017 66616374 		.ascii	"factor\000"
 1625      6F7200
 1626              	.LASF42:
 1627 001e 72656164 		.ascii	"readWeight\000"
 1627      57656967 
 1627      687400
 1628              	.LASF27:
 1629 0029 52657375 		.ascii	"Result_gram\000"
 1629      6C745F67 
 1629      72616D00 
 1630              	.LASF49:
 1631 0035 77616974 		.ascii	"wait_for_weight\000"
 1631      5F666F72 
 1631      5F776569 
 1631      67687400 
 1632              	.LASF22:
 1633 0045 73697A65 		.ascii	"sizetype\000"
 1633      74797065 
 1633      00
 1634              	.LASF29:
 1635 004e 74696D65 		.ascii	"timestop\000"
 1635      73746F70 
 1635      00
 1636              	.LASF60:
 1637 0057 6D61696E 		.ascii	"main\000"
 1637      00
 1638              	.LASF9:
 1639 005c 5F5F7569 		.ascii	"__uint32_t\000"
 1639      6E743332 
 1639      5F7400
 1640              	.LASF30:
 1641 0067 6D6F6465 		.ascii	"mode\000"
 1641      00
 1642              	.LASF5:
 1643 006c 5F5F7569 		.ascii	"__uint16_t\000"
 1643      6E743136 
 1643      5F7400
 1644              	.LASF36:
 1645 0077 726F756E 		.ascii	"roundedNum\000"
ARM GAS  C:\Users\jespe\AppData\Local\Temp\ccTy8y9B.s 			page 35


 1645      6465644E 
 1645      756D00
 1646              	.LASF3:
 1647 0082 73686F72 		.ascii	"short int\000"
 1647      7420696E 
 1647      7400
 1648              	.LASF56:
 1649 008c 6D6F6474 		.ascii	"modtagetSPi\000"
 1649      61676574 
 1649      53506900 
 1650              	.LASF14:
 1651 0098 75696E74 		.ascii	"uint8_t\000"
 1651      385F7400 
 1652              	.LASF59:
 1653 00a0 433A5C55 		.ascii	"C:\\Users\\jespe\\OneDrive\\Dokumenter\\GitHub\\B-C"
 1653      73657273 
 1653      5C6A6573 
 1653      70655C4F 
 1653      6E654472 
 1654 00cd 41435C53 		.ascii	"AC\\SPI_virker\\SPI_virker\\Design01.cydsn\000"
 1654      50495F76 
 1654      69726B65 
 1654      725C5350 
 1654      495F7669 
 1655              	.LASF24:
 1656 00f5 73746172 		.ascii	"startoffset\000"
 1656      746F6666 
 1656      73657400 
 1657              	.LASF62:
 1658 0101 62797465 		.ascii	"byteReceived\000"
 1658      52656365 
 1658      69766564 
 1658      00
 1659              	.LASF0:
 1660 010e 666C6F61 		.ascii	"float\000"
 1660      7400
 1661              	.LASF33:
 1662 0114 72656365 		.ascii	"receivedData\000"
 1662      69766564 
 1662      44617461 
 1662      00
 1663              	.LASF11:
 1664 0121 6C6F6E67 		.ascii	"long long int\000"
 1664      206C6F6E 
 1664      6720696E 
 1664      7400
 1665              	.LASF26:
 1666 012f 7072656C 		.ascii	"preload\000"
 1666      6F616400 
 1667              	.LASF8:
 1668 0137 6C6F6E67 		.ascii	"long int\000"
 1668      20696E74 
 1668      00
 1669              	.LASF52:
 1670 0140 73656E64 		.ascii	"sendSPi\000"
 1670      53506900 
 1671              	.LASF44:
ARM GAS  C:\Users\jespe\AppData\Local\Temp\ccTy8y9B.s 			page 36


 1672 0148 496E6974 		.ascii	"InitializeSPI\000"
 1672      69616C69 
 1672      7A655350 
 1672      4900
 1673              	.LASF4:
 1674 0156 5F5F7569 		.ascii	"__uint8_t\000"
 1674      6E74385F 
 1674      7400
 1675              	.LASF31:
 1676 0160 68616E64 		.ascii	"handleByteReceived\000"
 1676      6C654279 
 1676      74655265 
 1676      63656976 
 1676      656400
 1677              	.LASF38:
 1678 0173 6D696E75 		.ascii	"minutter\000"
 1678      74746572 
 1678      00
 1679              	.LASF46:
 1680 017c 686F6D65 		.ascii	"homeStepper\000"
 1680      53746570 
 1680      70657200 
 1681              	.LASF37:
 1682 0188 68617264 		.ascii	"hardcode_tid\000"
 1682      636F6465 
 1682      5F746964 
 1682      00
 1683              	.LASF21:
 1684 0195 6C6F6E67 		.ascii	"long double\000"
 1684      20646F75 
 1684      626C6500 
 1685              	.LASF2:
 1686 01a1 756E7369 		.ascii	"unsigned char\000"
 1686      676E6564 
 1686      20636861 
 1686      7200
 1687              	.LASF1:
 1688 01af 7369676E 		.ascii	"signed char\000"
 1688      65642063 
 1688      68617200 
 1689              	.LASF12:
 1690 01bb 6C6F6E67 		.ascii	"long long unsigned int\000"
 1690      206C6F6E 
 1690      6720756E 
 1690      7369676E 
 1690      65642069 
 1691              	.LASF17:
 1692 01d2 75696E74 		.ascii	"uint32_t\000"
 1692      33325F74 
 1692      00
 1693              	.LASF13:
 1694 01db 756E7369 		.ascii	"unsigned int\000"
 1694      676E6564 
 1694      20696E74 
 1694      00
 1695              	.LASF15:
 1696 01e8 75696E74 		.ascii	"uint16_t\000"
ARM GAS  C:\Users\jespe\AppData\Local\Temp\ccTy8y9B.s 			page 37


 1696      31365F74 
 1696      00
 1697              	.LASF6:
 1698 01f1 73686F72 		.ascii	"short unsigned int\000"
 1698      7420756E 
 1698      7369676E 
 1698      65642069 
 1698      6E7400
 1699              	.LASF20:
 1700 0204 63686172 		.ascii	"char\000"
 1700      00
 1701              	.LASF39:
 1702 0209 73656B75 		.ascii	"sekunder\000"
 1702      6E646572 
 1702      00
 1703              	.LASF16:
 1704 0212 696E7433 		.ascii	"int32_t\000"
 1704      325F7400 
 1705              	.LASF47:
 1706 021a 73746F70 		.ascii	"stopFlagMotor\000"
 1706      466C6167 
 1706      4D6F746F 
 1706      7200
 1707              	.LASF41:
 1708 0228 7370696C 		.ascii	"spilleterslut\000"
 1708      6C657465 
 1708      72736C75 
 1708      7400
 1709              	.LASF53:
 1710 0236 636F6E76 		.ascii	"convertMinutter\000"
 1710      6572744D 
 1710      696E7574 
 1710      74657200 
 1711              	.LASF34:
 1712 0246 55437374 		.ascii	"UCstate\000"
 1712      61746500 
 1713              	.LASF45:
 1714 024e 696E6974 		.ascii	"initLoadcell\000"
 1714      4C6F6164 
 1714      63656C6C 
 1714      00
 1715              	.LASF18:
 1716 025b 75696E74 		.ascii	"uint32\000"
 1716      333200
 1717              	.LASF58:
 1718 0262 6D61696E 		.ascii	"main.c\000"
 1718      2E6300
 1719              	.LASF10:
 1720 0269 6C6F6E67 		.ascii	"long unsigned int\000"
 1720      20756E73 
 1720      69676E65 
 1720      6420696E 
 1720      7400
 1721              	.LASF19:
 1722 027b 646F7562 		.ascii	"double\000"
 1722      6C6500
 1723              	.LASF43:
ARM GAS  C:\Users\jespe\AppData\Local\Temp\ccTy8y9B.s 			page 38


 1724 0282 5350495F 		.ascii	"SPI_RX_ISR_StartEx\000"
 1724      52585F49 
 1724      53525F53 
 1724      74617274 
 1724      457800
 1725              	.LASF48:
 1726 0295 6F666673 		.ascii	"offset_Zerodrift_calibrate\000"
 1726      65745F5A 
 1726      65726F64 
 1726      72696674 
 1726      5F63616C 
 1727              	.LASF23:
 1728 02b0 72657065 		.ascii	"repeats\000"
 1728      61747300 
 1729              	.LASF7:
 1730 02b8 5F5F696E 		.ascii	"__int32_t\000"
 1730      7433325F 
 1730      7400
 1731              	.LASF32:
 1732 02c2 4953525F 		.ascii	"ISR_SPI_rx_handler\000"
 1732      5350495F 
 1732      72785F68 
 1732      616E646C 
 1732      657200
 1733              	.LASF61:
 1734 02d5 7A65726F 		.ascii	"zerodriftOffset\000"
 1734      64726966 
 1734      744F6666 
 1734      73657400 
 1735              	.LASF54:
 1736 02e5 636F6E76 		.ascii	"convertSekunder\000"
 1736      65727453 
 1736      656B756E 
 1736      64657200 
 1737              	.LASF55:
 1738 02f5 636F6E76 		.ascii	"convertMillisekunder\000"
 1738      6572744D 
 1738      696C6C69 
 1738      73656B75 
 1738      6E646572 
 1739              	.LASF35:
 1740 030a 49544D5F 		.ascii	"ITM_RxBuffer\000"
 1740      52784275 
 1740      66666572 
 1740      00
 1741              	.LASF57:
 1742 0317 474E5520 		.ascii	"GNU C11 5.4.1 20160609 (release) [ARM/embedded-5-br"
 1742      43313120 
 1742      352E342E 
 1742      31203230 
 1742      31363036 
 1743 034a 616E6368 		.ascii	"anch revision 237715] -mcpu=cortex-m3 -mthumb -g -O"
 1743      20726576 
 1743      6973696F 
 1743      6E203233 
 1743      37373135 
 1744 037d 67202D66 		.ascii	"g -ffunction-sections -ffat-lto-objects\000"
ARM GAS  C:\Users\jespe\AppData\Local\Temp\ccTy8y9B.s 			page 39


 1744      66756E63 
 1744      74696F6E 
 1744      2D736563 
 1744      74696F6E 
 1745              	.LASF50:
 1746 03a5 43794465 		.ascii	"CyDelay\000"
 1746      6C617900 
 1747              	.LASF28:
 1748 03ad 67616D65 		.ascii	"gameReady\000"
 1748      52656164 
 1748      7900
 1749              	.LASF40:
 1750 03b7 6D696C6C 		.ascii	"milliSekunder\000"
 1750      6953656B 
 1750      756E6465 
 1750      7200
 1751              		.ident	"GCC: (GNU Tools for ARM Embedded Processors) 5.4.1 20160609 (release) [ARM/embedded-5-bran
