ARM GAS  C:\Users\deniz\AppData\Local\Temp\ccHyRFSo.s 			page 1


   1              		.syntax unified
   2              		.cpu cortex-m3
   3              		.fpu softvfp
   4              		.eabi_attribute 20, 1
   5              		.eabi_attribute 21, 1
   6              		.eabi_attribute 23, 3
   7              		.eabi_attribute 24, 1
   8              		.eabi_attribute 25, 1
   9              		.eabi_attribute 26, 1
  10              		.eabi_attribute 30, 1
  11              		.eabi_attribute 34, 1
  12              		.eabi_attribute 18, 4
  13              		.thumb
  14              		.syntax unified
  15              		.file	"SPIS_2_INT.c"
  16              		.text
  17              	.Ltext0:
  18              		.cfi_sections	.debug_frame
  19              		.section	.text.SPIS_2_TX_ISR,"ax",%progbits
  20              		.align	2
  21              		.global	SPIS_2_TX_ISR
  22              		.thumb
  23              		.thumb_func
  24              		.type	SPIS_2_TX_ISR, %function
  25              	SPIS_2_TX_ISR:
  26              	.LFB0:
  27              		.file 1 "Generated_Source\\PSoC5\\SPIS_2_INT.c"
   1:Generated_Source\PSoC5/SPIS_2_INT.c **** /*******************************************************************************
   2:Generated_Source\PSoC5/SPIS_2_INT.c **** * File Name: SPIS_2_INT.c
   3:Generated_Source\PSoC5/SPIS_2_INT.c **** * Version 2.70
   4:Generated_Source\PSoC5/SPIS_2_INT.c **** *
   5:Generated_Source\PSoC5/SPIS_2_INT.c **** * Description:
   6:Generated_Source\PSoC5/SPIS_2_INT.c **** *  This file provides all Interrupt Service Routine (ISR) for the SPI Slave
   7:Generated_Source\PSoC5/SPIS_2_INT.c **** *  component.
   8:Generated_Source\PSoC5/SPIS_2_INT.c **** *
   9:Generated_Source\PSoC5/SPIS_2_INT.c **** * Note:
  10:Generated_Source\PSoC5/SPIS_2_INT.c **** *  None.
  11:Generated_Source\PSoC5/SPIS_2_INT.c **** *
  12:Generated_Source\PSoC5/SPIS_2_INT.c **** ********************************************************************************
  13:Generated_Source\PSoC5/SPIS_2_INT.c **** * Copyright 2008-2015, Cypress Semiconductor Corporation.  All rights reserved.
  14:Generated_Source\PSoC5/SPIS_2_INT.c **** * You may use this file only in accordance with the license, terms, conditions,
  15:Generated_Source\PSoC5/SPIS_2_INT.c **** * disclaimers, and limitations in the end user license agreement accompanying
  16:Generated_Source\PSoC5/SPIS_2_INT.c **** * the software package with which this file was provided.
  17:Generated_Source\PSoC5/SPIS_2_INT.c **** *******************************************************************************/
  18:Generated_Source\PSoC5/SPIS_2_INT.c **** 
  19:Generated_Source\PSoC5/SPIS_2_INT.c **** #include "SPIS_2_PVT.h"
  20:Generated_Source\PSoC5/SPIS_2_INT.c **** #include "cyapicallbacks.h"
  21:Generated_Source\PSoC5/SPIS_2_INT.c **** 
  22:Generated_Source\PSoC5/SPIS_2_INT.c **** /* User code required at start of ISR */
  23:Generated_Source\PSoC5/SPIS_2_INT.c **** /* `#START SPIS_2_ISR_START_DEF` */
  24:Generated_Source\PSoC5/SPIS_2_INT.c **** 
  25:Generated_Source\PSoC5/SPIS_2_INT.c **** /* `#END` */
  26:Generated_Source\PSoC5/SPIS_2_INT.c **** 
  27:Generated_Source\PSoC5/SPIS_2_INT.c **** 
  28:Generated_Source\PSoC5/SPIS_2_INT.c **** /*******************************************************************************
  29:Generated_Source\PSoC5/SPIS_2_INT.c **** * Function Name: SPIS_2_TX_ISR
  30:Generated_Source\PSoC5/SPIS_2_INT.c **** *
ARM GAS  C:\Users\deniz\AppData\Local\Temp\ccHyRFSo.s 			page 2


  31:Generated_Source\PSoC5/SPIS_2_INT.c **** * Summary:
  32:Generated_Source\PSoC5/SPIS_2_INT.c **** *  Interrupt Service Routine for TX portion of the SPI Slave.
  33:Generated_Source\PSoC5/SPIS_2_INT.c **** *
  34:Generated_Source\PSoC5/SPIS_2_INT.c **** * Parameters:
  35:Generated_Source\PSoC5/SPIS_2_INT.c **** *  None.
  36:Generated_Source\PSoC5/SPIS_2_INT.c **** *
  37:Generated_Source\PSoC5/SPIS_2_INT.c **** * Return:
  38:Generated_Source\PSoC5/SPIS_2_INT.c **** *  None.
  39:Generated_Source\PSoC5/SPIS_2_INT.c **** *
  40:Generated_Source\PSoC5/SPIS_2_INT.c **** * Global variables:
  41:Generated_Source\PSoC5/SPIS_2_INT.c **** *  SPIS_2_txBufferWrite - used for the account of the bytes which
  42:Generated_Source\PSoC5/SPIS_2_INT.c **** *  have been written down in the TX software buffer.
  43:Generated_Source\PSoC5/SPIS_2_INT.c **** *  SPIS_2_txBufferRead - used for the account of the bytes which
  44:Generated_Source\PSoC5/SPIS_2_INT.c **** *  have been read from the TX software buffer, modified when exist data to
  45:Generated_Source\PSoC5/SPIS_2_INT.c **** *  sending and FIFO Not Full.
  46:Generated_Source\PSoC5/SPIS_2_INT.c **** *  SPIS_2_txBuffer[SPIS_2_TX_BUFFER_SIZE] - used to store
  47:Generated_Source\PSoC5/SPIS_2_INT.c **** *  data to sending.
  48:Generated_Source\PSoC5/SPIS_2_INT.c **** *  All described above Global variables are used when Software Buffer is used.
  49:Generated_Source\PSoC5/SPIS_2_INT.c **** *
  50:Generated_Source\PSoC5/SPIS_2_INT.c **** *******************************************************************************/
  51:Generated_Source\PSoC5/SPIS_2_INT.c **** CY_ISR(SPIS_2_TX_ISR)
  52:Generated_Source\PSoC5/SPIS_2_INT.c **** {
  28              		.loc 1 52 0
  29              		.cfi_startproc
  30              		@ args = 0, pretend = 0, frame = 0
  31              		@ frame_needed = 0, uses_anonymous_args = 0
  32              		@ link register save eliminated.
  33 0000 7047     		bx	lr
  34              		.cfi_endproc
  35              	.LFE0:
  36              		.size	SPIS_2_TX_ISR, .-SPIS_2_TX_ISR
  37 0002 00BF     		.section	.text.SPIS_2_RX_ISR,"ax",%progbits
  38              		.align	2
  39              		.global	SPIS_2_RX_ISR
  40              		.thumb
  41              		.thumb_func
  42              		.type	SPIS_2_RX_ISR, %function
  43              	SPIS_2_RX_ISR:
  44              	.LFB1:
  53:Generated_Source\PSoC5/SPIS_2_INT.c **** 
  54:Generated_Source\PSoC5/SPIS_2_INT.c ****     #if(SPIS_2_TX_SOFTWARE_BUF_ENABLED)
  55:Generated_Source\PSoC5/SPIS_2_INT.c ****         uint8 tmpStatus;
  56:Generated_Source\PSoC5/SPIS_2_INT.c ****     #endif /* (SPIS_2_TX_SOFTWARE_BUF_ENABLED) */
  57:Generated_Source\PSoC5/SPIS_2_INT.c **** 
  58:Generated_Source\PSoC5/SPIS_2_INT.c ****     #ifdef SPIS_2_TX_ISR_ENTRY_CALLBACK
  59:Generated_Source\PSoC5/SPIS_2_INT.c ****         SPIS_2_TX_ISR_EntryCallback();
  60:Generated_Source\PSoC5/SPIS_2_INT.c ****     #endif /* SPIS_2_TX_ISR_ENTRY_CALLBACK */
  61:Generated_Source\PSoC5/SPIS_2_INT.c **** 
  62:Generated_Source\PSoC5/SPIS_2_INT.c ****     /* User code required at start of ISR */
  63:Generated_Source\PSoC5/SPIS_2_INT.c ****     /* `#START SPIS_2_ISR_TX_START` */
  64:Generated_Source\PSoC5/SPIS_2_INT.c **** 
  65:Generated_Source\PSoC5/SPIS_2_INT.c ****     /* `#END` */
  66:Generated_Source\PSoC5/SPIS_2_INT.c **** 
  67:Generated_Source\PSoC5/SPIS_2_INT.c ****     #if(SPIS_2_TX_SOFTWARE_BUF_ENABLED)
  68:Generated_Source\PSoC5/SPIS_2_INT.c ****         /* Component interrupt service code */
  69:Generated_Source\PSoC5/SPIS_2_INT.c **** 
  70:Generated_Source\PSoC5/SPIS_2_INT.c ****         /* See if TX data buffer is not empty and there is space in TX FIFO */
ARM GAS  C:\Users\deniz\AppData\Local\Temp\ccHyRFSo.s 			page 3


  71:Generated_Source\PSoC5/SPIS_2_INT.c ****         while(SPIS_2_txBufferRead != SPIS_2_txBufferWrite)
  72:Generated_Source\PSoC5/SPIS_2_INT.c ****         {
  73:Generated_Source\PSoC5/SPIS_2_INT.c ****             tmpStatus = SPIS_2_GET_STATUS_TX(SPIS_2_swStatusTx);
  74:Generated_Source\PSoC5/SPIS_2_INT.c ****             SPIS_2_swStatusTx = tmpStatus;
  75:Generated_Source\PSoC5/SPIS_2_INT.c **** 
  76:Generated_Source\PSoC5/SPIS_2_INT.c ****             if ((SPIS_2_swStatusTx & SPIS_2_STS_TX_FIFO_NOT_FULL) != 0u)
  77:Generated_Source\PSoC5/SPIS_2_INT.c ****             {
  78:Generated_Source\PSoC5/SPIS_2_INT.c ****                 if(SPIS_2_txBufferFull == 0u)
  79:Generated_Source\PSoC5/SPIS_2_INT.c ****                 {
  80:Generated_Source\PSoC5/SPIS_2_INT.c ****                    SPIS_2_txBufferRead++;
  81:Generated_Source\PSoC5/SPIS_2_INT.c **** 
  82:Generated_Source\PSoC5/SPIS_2_INT.c ****                     if(SPIS_2_txBufferRead >= SPIS_2_TX_BUFFER_SIZE)
  83:Generated_Source\PSoC5/SPIS_2_INT.c ****                     {
  84:Generated_Source\PSoC5/SPIS_2_INT.c ****                         SPIS_2_txBufferRead = 0u;
  85:Generated_Source\PSoC5/SPIS_2_INT.c ****                     }
  86:Generated_Source\PSoC5/SPIS_2_INT.c ****                 }
  87:Generated_Source\PSoC5/SPIS_2_INT.c ****                 else
  88:Generated_Source\PSoC5/SPIS_2_INT.c ****                 {
  89:Generated_Source\PSoC5/SPIS_2_INT.c ****                     SPIS_2_txBufferFull = 0u;
  90:Generated_Source\PSoC5/SPIS_2_INT.c ****                 }
  91:Generated_Source\PSoC5/SPIS_2_INT.c **** 
  92:Generated_Source\PSoC5/SPIS_2_INT.c ****                 /* Put data element into the TX FIFO */
  93:Generated_Source\PSoC5/SPIS_2_INT.c ****                 CY_SET_REG8(SPIS_2_TXDATA_PTR, 
  94:Generated_Source\PSoC5/SPIS_2_INT.c ****                                              SPIS_2_txBuffer[SPIS_2_txBufferRead]);
  95:Generated_Source\PSoC5/SPIS_2_INT.c ****             }
  96:Generated_Source\PSoC5/SPIS_2_INT.c ****             else
  97:Generated_Source\PSoC5/SPIS_2_INT.c ****             {
  98:Generated_Source\PSoC5/SPIS_2_INT.c ****                 break;
  99:Generated_Source\PSoC5/SPIS_2_INT.c ****             }
 100:Generated_Source\PSoC5/SPIS_2_INT.c ****         }
 101:Generated_Source\PSoC5/SPIS_2_INT.c **** 
 102:Generated_Source\PSoC5/SPIS_2_INT.c ****         /* If Buffer is empty then disable TX FIFO status interrupt until there is data in the buff
 103:Generated_Source\PSoC5/SPIS_2_INT.c ****         if(SPIS_2_txBufferRead == SPIS_2_txBufferWrite)
 104:Generated_Source\PSoC5/SPIS_2_INT.c ****         {
 105:Generated_Source\PSoC5/SPIS_2_INT.c ****             SPIS_2_TX_STATUS_MASK_REG &= ((uint8)~SPIS_2_STS_TX_FIFO_NOT_FULL);
 106:Generated_Source\PSoC5/SPIS_2_INT.c ****         }
 107:Generated_Source\PSoC5/SPIS_2_INT.c **** 
 108:Generated_Source\PSoC5/SPIS_2_INT.c ****     #endif /* SPIS_2_TX_SOFTWARE_BUF_ENABLED */
 109:Generated_Source\PSoC5/SPIS_2_INT.c **** 
 110:Generated_Source\PSoC5/SPIS_2_INT.c ****     /* User code required at end of ISR (Optional) */
 111:Generated_Source\PSoC5/SPIS_2_INT.c ****     /* `#START SPIS_2_ISR_TX_END` */
 112:Generated_Source\PSoC5/SPIS_2_INT.c **** 
 113:Generated_Source\PSoC5/SPIS_2_INT.c ****     /* `#END` */
 114:Generated_Source\PSoC5/SPIS_2_INT.c ****     
 115:Generated_Source\PSoC5/SPIS_2_INT.c ****     #ifdef SPIS_2_TX_ISR_EXIT_CALLBACK
 116:Generated_Source\PSoC5/SPIS_2_INT.c ****         SPIS_2_TX_ISR_ExitCallback();
 117:Generated_Source\PSoC5/SPIS_2_INT.c ****     #endif /* SPIS_2_TX_ISR_EXIT_CALLBACK */
 118:Generated_Source\PSoC5/SPIS_2_INT.c ****    }
 119:Generated_Source\PSoC5/SPIS_2_INT.c **** 
 120:Generated_Source\PSoC5/SPIS_2_INT.c **** 
 121:Generated_Source\PSoC5/SPIS_2_INT.c **** /*******************************************************************************
 122:Generated_Source\PSoC5/SPIS_2_INT.c **** * Function Name: SPIS_2_RX_ISR
 123:Generated_Source\PSoC5/SPIS_2_INT.c **** *
 124:Generated_Source\PSoC5/SPIS_2_INT.c **** * Summary:
 125:Generated_Source\PSoC5/SPIS_2_INT.c **** *  Interrupt Service Routine for RX portion of the SPI Slave.
 126:Generated_Source\PSoC5/SPIS_2_INT.c **** *
 127:Generated_Source\PSoC5/SPIS_2_INT.c **** * Parameters:
ARM GAS  C:\Users\deniz\AppData\Local\Temp\ccHyRFSo.s 			page 4


 128:Generated_Source\PSoC5/SPIS_2_INT.c **** *  None.
 129:Generated_Source\PSoC5/SPIS_2_INT.c **** *
 130:Generated_Source\PSoC5/SPIS_2_INT.c **** * Return:
 131:Generated_Source\PSoC5/SPIS_2_INT.c **** *  None.
 132:Generated_Source\PSoC5/SPIS_2_INT.c **** *
 133:Generated_Source\PSoC5/SPIS_2_INT.c **** * Global variables:
 134:Generated_Source\PSoC5/SPIS_2_INT.c **** *  SPIS_2_rxBufferWrite - used for the account of the bytes which
 135:Generated_Source\PSoC5/SPIS_2_INT.c **** *  have been written down in the RX software buffer modified when FIFO contains
 136:Generated_Source\PSoC5/SPIS_2_INT.c **** *  new data.
 137:Generated_Source\PSoC5/SPIS_2_INT.c **** *  SPIS_2_rxBufferRead - used for the account of the bytes which
 138:Generated_Source\PSoC5/SPIS_2_INT.c **** *  have been read from the RX software buffer, modified when overflow occurred.
 139:Generated_Source\PSoC5/SPIS_2_INT.c **** *  SPIS_2_rxBuffer[SPIS_2_RX_BUFFER_SIZE] - used to store
 140:Generated_Source\PSoC5/SPIS_2_INT.c **** *  received data, modified when FIFO contains new data.
 141:Generated_Source\PSoC5/SPIS_2_INT.c **** *  All described above Global variables are used when Software Buffer is used.
 142:Generated_Source\PSoC5/SPIS_2_INT.c **** *
 143:Generated_Source\PSoC5/SPIS_2_INT.c **** *******************************************************************************/
 144:Generated_Source\PSoC5/SPIS_2_INT.c **** CY_ISR(SPIS_2_RX_ISR)
 145:Generated_Source\PSoC5/SPIS_2_INT.c **** {
  45              		.loc 1 145 0
  46              		.cfi_startproc
  47              		@ args = 0, pretend = 0, frame = 0
  48              		@ frame_needed = 0, uses_anonymous_args = 0
  49              		@ link register save eliminated.
  50 0000 7047     		bx	lr
  51              		.cfi_endproc
  52              	.LFE1:
  53              		.size	SPIS_2_RX_ISR, .-SPIS_2_RX_ISR
  54 0002 00BF     		.text
  55              	.Letext0:
  56              		.section	.debug_info,"",%progbits
  57              	.Ldebug_info0:
  58 0000 AD000000 		.4byte	0xad
  59 0004 0400     		.2byte	0x4
  60 0006 00000000 		.4byte	.Ldebug_abbrev0
  61 000a 04       		.byte	0x4
  62 000b 01       		.uleb128 0x1
  63 000c 37000000 		.4byte	.LASF16
  64 0010 0C       		.byte	0xc
  65 0011 F4000000 		.4byte	.LASF17
  66 0015 18010000 		.4byte	.LASF18
  67 0019 00000000 		.4byte	.Ldebug_ranges0+0
  68 001d 00000000 		.4byte	0
  69 0021 00000000 		.4byte	.Ldebug_line0
  70 0025 02       		.uleb128 0x2
  71 0026 01       		.byte	0x1
  72 0027 06       		.byte	0x6
  73 0028 95010000 		.4byte	.LASF0
  74 002c 02       		.uleb128 0x2
  75 002d 01       		.byte	0x1
  76 002e 08       		.byte	0x8
  77 002f 1B000000 		.4byte	.LASF1
  78 0033 02       		.uleb128 0x2
  79 0034 02       		.byte	0x2
  80 0035 05       		.byte	0x5
  81 0036 BB010000 		.4byte	.LASF2
  82 003a 02       		.uleb128 0x2
  83 003b 02       		.byte	0x2
ARM GAS  C:\Users\deniz\AppData\Local\Temp\ccHyRFSo.s 			page 5


  84 003c 07       		.byte	0x7
  85 003d 82010000 		.4byte	.LASF3
  86 0041 02       		.uleb128 0x2
  87 0042 04       		.byte	0x4
  88 0043 05       		.byte	0x5
  89 0044 72010000 		.4byte	.LASF4
  90 0048 02       		.uleb128 0x2
  91 0049 04       		.byte	0x4
  92 004a 07       		.byte	0x7
  93 004b C5000000 		.4byte	.LASF5
  94 004f 02       		.uleb128 0x2
  95 0050 08       		.byte	0x8
  96 0051 05       		.byte	0x5
  97 0052 00000000 		.4byte	.LASF6
  98 0056 02       		.uleb128 0x2
  99 0057 08       		.byte	0x8
 100 0058 07       		.byte	0x7
 101 0059 D7000000 		.4byte	.LASF7
 102 005d 03       		.uleb128 0x3
 103 005e 04       		.byte	0x4
 104 005f 05       		.byte	0x5
 105 0060 696E7400 		.ascii	"int\000"
 106 0064 02       		.uleb128 0x2
 107 0065 04       		.byte	0x4
 108 0066 07       		.byte	0x7
 109 0067 0E000000 		.4byte	.LASF8
 110 006b 02       		.uleb128 0x2
 111 006c 04       		.byte	0x4
 112 006d 04       		.byte	0x4
 113 006e EE000000 		.4byte	.LASF9
 114 0072 02       		.uleb128 0x2
 115 0073 08       		.byte	0x8
 116 0074 04       		.byte	0x4
 117 0075 7B010000 		.4byte	.LASF10
 118 0079 02       		.uleb128 0x2
 119 007a 01       		.byte	0x1
 120 007b 08       		.byte	0x8
 121 007c 6D010000 		.4byte	.LASF11
 122 0080 02       		.uleb128 0x2
 123 0081 08       		.byte	0x8
 124 0082 04       		.byte	0x4
 125 0083 AF010000 		.4byte	.LASF12
 126 0087 02       		.uleb128 0x2
 127 0088 04       		.byte	0x4
 128 0089 07       		.byte	0x7
 129 008a C5010000 		.4byte	.LASF13
 130 008e 04       		.uleb128 0x4
 131 008f A1010000 		.4byte	.LASF14
 132 0093 01       		.byte	0x1
 133 0094 33       		.byte	0x33
 134 0095 00000000 		.4byte	.LFB0
 135 0099 02000000 		.4byte	.LFE0-.LFB0
 136 009d 01       		.uleb128 0x1
 137 009e 9C       		.byte	0x9c
 138 009f 04       		.uleb128 0x4
 139 00a0 29000000 		.4byte	.LASF15
 140 00a4 01       		.byte	0x1
ARM GAS  C:\Users\deniz\AppData\Local\Temp\ccHyRFSo.s 			page 6


 141 00a5 90       		.byte	0x90
 142 00a6 00000000 		.4byte	.LFB1
 143 00aa 02000000 		.4byte	.LFE1-.LFB1
 144 00ae 01       		.uleb128 0x1
 145 00af 9C       		.byte	0x9c
 146 00b0 00       		.byte	0
 147              		.section	.debug_abbrev,"",%progbits
 148              	.Ldebug_abbrev0:
 149 0000 01       		.uleb128 0x1
 150 0001 11       		.uleb128 0x11
 151 0002 01       		.byte	0x1
 152 0003 25       		.uleb128 0x25
 153 0004 0E       		.uleb128 0xe
 154 0005 13       		.uleb128 0x13
 155 0006 0B       		.uleb128 0xb
 156 0007 03       		.uleb128 0x3
 157 0008 0E       		.uleb128 0xe
 158 0009 1B       		.uleb128 0x1b
 159 000a 0E       		.uleb128 0xe
 160 000b 55       		.uleb128 0x55
 161 000c 17       		.uleb128 0x17
 162 000d 11       		.uleb128 0x11
 163 000e 01       		.uleb128 0x1
 164 000f 10       		.uleb128 0x10
 165 0010 17       		.uleb128 0x17
 166 0011 00       		.byte	0
 167 0012 00       		.byte	0
 168 0013 02       		.uleb128 0x2
 169 0014 24       		.uleb128 0x24
 170 0015 00       		.byte	0
 171 0016 0B       		.uleb128 0xb
 172 0017 0B       		.uleb128 0xb
 173 0018 3E       		.uleb128 0x3e
 174 0019 0B       		.uleb128 0xb
 175 001a 03       		.uleb128 0x3
 176 001b 0E       		.uleb128 0xe
 177 001c 00       		.byte	0
 178 001d 00       		.byte	0
 179 001e 03       		.uleb128 0x3
 180 001f 24       		.uleb128 0x24
 181 0020 00       		.byte	0
 182 0021 0B       		.uleb128 0xb
 183 0022 0B       		.uleb128 0xb
 184 0023 3E       		.uleb128 0x3e
 185 0024 0B       		.uleb128 0xb
 186 0025 03       		.uleb128 0x3
 187 0026 08       		.uleb128 0x8
 188 0027 00       		.byte	0
 189 0028 00       		.byte	0
 190 0029 04       		.uleb128 0x4
 191 002a 2E       		.uleb128 0x2e
 192 002b 00       		.byte	0
 193 002c 3F       		.uleb128 0x3f
 194 002d 19       		.uleb128 0x19
 195 002e 03       		.uleb128 0x3
 196 002f 0E       		.uleb128 0xe
 197 0030 3A       		.uleb128 0x3a
ARM GAS  C:\Users\deniz\AppData\Local\Temp\ccHyRFSo.s 			page 7


 198 0031 0B       		.uleb128 0xb
 199 0032 3B       		.uleb128 0x3b
 200 0033 0B       		.uleb128 0xb
 201 0034 27       		.uleb128 0x27
 202 0035 19       		.uleb128 0x19
 203 0036 11       		.uleb128 0x11
 204 0037 01       		.uleb128 0x1
 205 0038 12       		.uleb128 0x12
 206 0039 06       		.uleb128 0x6
 207 003a 40       		.uleb128 0x40
 208 003b 18       		.uleb128 0x18
 209 003c 9742     		.uleb128 0x2117
 210 003e 19       		.uleb128 0x19
 211 003f 00       		.byte	0
 212 0040 00       		.byte	0
 213 0041 00       		.byte	0
 214              		.section	.debug_aranges,"",%progbits
 215 0000 24000000 		.4byte	0x24
 216 0004 0200     		.2byte	0x2
 217 0006 00000000 		.4byte	.Ldebug_info0
 218 000a 04       		.byte	0x4
 219 000b 00       		.byte	0
 220 000c 0000     		.2byte	0
 221 000e 0000     		.2byte	0
 222 0010 00000000 		.4byte	.LFB0
 223 0014 02000000 		.4byte	.LFE0-.LFB0
 224 0018 00000000 		.4byte	.LFB1
 225 001c 02000000 		.4byte	.LFE1-.LFB1
 226 0020 00000000 		.4byte	0
 227 0024 00000000 		.4byte	0
 228              		.section	.debug_ranges,"",%progbits
 229              	.Ldebug_ranges0:
 230 0000 00000000 		.4byte	.LFB0
 231 0004 02000000 		.4byte	.LFE0
 232 0008 00000000 		.4byte	.LFB1
 233 000c 02000000 		.4byte	.LFE1
 234 0010 00000000 		.4byte	0
 235 0014 00000000 		.4byte	0
 236              		.section	.debug_line,"",%progbits
 237              	.Ldebug_line0:
 238 0000 5F000000 		.section	.debug_str,"MS",%progbits,1
 238      02003A00 
 238      00000201 
 238      FB0E0D00 
 238      01010101 
 239              	.LASF6:
 240 0000 6C6F6E67 		.ascii	"long long int\000"
 240      206C6F6E 
 240      6720696E 
 240      7400
 241              	.LASF8:
 242 000e 756E7369 		.ascii	"unsigned int\000"
 242      676E6564 
 242      20696E74 
 242      00
 243              	.LASF1:
 244 001b 756E7369 		.ascii	"unsigned char\000"
ARM GAS  C:\Users\deniz\AppData\Local\Temp\ccHyRFSo.s 			page 8


 244      676E6564 
 244      20636861 
 244      7200
 245              	.LASF15:
 246 0029 53504953 		.ascii	"SPIS_2_RX_ISR\000"
 246      5F325F52 
 246      585F4953 
 246      5200
 247              	.LASF16:
 248 0037 474E5520 		.ascii	"GNU C11 5.4.1 20160609 (release) [ARM/embedded-5-br"
 248      43313120 
 248      352E342E 
 248      31203230 
 248      31363036 
 249 006a 616E6368 		.ascii	"anch revision 237715] -mcpu=cortex-m3 -mthumb -g -O"
 249      20726576 
 249      6973696F 
 249      6E203233 
 249      37373135 
 250 009d 67202D66 		.ascii	"g -ffunction-sections -ffat-lto-objects\000"
 250      66756E63 
 250      74696F6E 
 250      2D736563 
 250      74696F6E 
 251              	.LASF5:
 252 00c5 6C6F6E67 		.ascii	"long unsigned int\000"
 252      20756E73 
 252      69676E65 
 252      6420696E 
 252      7400
 253              	.LASF7:
 254 00d7 6C6F6E67 		.ascii	"long long unsigned int\000"
 254      206C6F6E 
 254      6720756E 
 254      7369676E 
 254      65642069 
 255              	.LASF9:
 256 00ee 666C6F61 		.ascii	"float\000"
 256      7400
 257              	.LASF17:
 258 00f4 47656E65 		.ascii	"Generated_Source\\PSoC5\\SPIS_2_INT.c\000"
 258      72617465 
 258      645F536F 
 258      75726365 
 258      5C50536F 
 259              	.LASF18:
 260 0118 433A5C55 		.ascii	"C:\\Users\\deniz\\OneDrive\\Dokumenter\\GitHub\\B-C"
 260      73657273 
 260      5C64656E 
 260      697A5C4F 
 260      6E654472 
 261 0145 41435C53 		.ascii	"AC\\SPI_virker\\SPI_virker\\Design01.cydsn\000"
 261      50495F76 
 261      69726B65 
 261      725C5350 
 261      495F7669 
 262              	.LASF11:
ARM GAS  C:\Users\deniz\AppData\Local\Temp\ccHyRFSo.s 			page 9


 263 016d 63686172 		.ascii	"char\000"
 263      00
 264              	.LASF4:
 265 0172 6C6F6E67 		.ascii	"long int\000"
 265      20696E74 
 265      00
 266              	.LASF10:
 267 017b 646F7562 		.ascii	"double\000"
 267      6C6500
 268              	.LASF3:
 269 0182 73686F72 		.ascii	"short unsigned int\000"
 269      7420756E 
 269      7369676E 
 269      65642069 
 269      6E7400
 270              	.LASF0:
 271 0195 7369676E 		.ascii	"signed char\000"
 271      65642063 
 271      68617200 
 272              	.LASF14:
 273 01a1 53504953 		.ascii	"SPIS_2_TX_ISR\000"
 273      5F325F54 
 273      585F4953 
 273      5200
 274              	.LASF12:
 275 01af 6C6F6E67 		.ascii	"long double\000"
 275      20646F75 
 275      626C6500 
 276              	.LASF2:
 277 01bb 73686F72 		.ascii	"short int\000"
 277      7420696E 
 277      7400
 278              	.LASF13:
 279 01c5 73697A65 		.ascii	"sizetype\000"
 279      74797065 
 279      00
 280              		.ident	"GCC: (GNU Tools for ARM Embedded Processors) 5.4.1 20160609 (release) [ARM/embedded-5-bran
