ARM GAS  C:\Users\deniz\AppData\Local\Temp\ccKZoMT2.s 			page 1


   1              		.syntax unified
   2              		.cpu cortex-m3
   3              		.fpu softvfp
   4              		.eabi_attribute 20, 1
   5              		.eabi_attribute 21, 1
   6              		.eabi_attribute 23, 3
   7              		.eabi_attribute 24, 1
   8              		.eabi_attribute 25, 1
   9              		.eabi_attribute 26, 1
  10              		.eabi_attribute 30, 1
  11              		.eabi_attribute 34, 1
  12              		.eabi_attribute 18, 4
  13              		.thumb
  14              		.syntax unified
  15              		.file	"Timer.c"
  16              		.text
  17              	.Ltext0:
  18              		.cfi_sections	.debug_frame
  19              		.section	.text.startTidsTagning,"ax",%progbits
  20              		.align	2
  21              		.global	startTidsTagning
  22              		.thumb
  23              		.thumb_func
  24              		.type	startTidsTagning, %function
  25              	startTidsTagning:
  26              	.LFB64:
  27              		.file 1 "Timer.c"
   1:Timer.c       **** /* ========================================
   2:Timer.c       ****  *
   3:Timer.c       ****  * Copyright YOUR COMPANY, THE YEAR
   4:Timer.c       ****  * All Rights Reserved
   5:Timer.c       ****  * UNPUBLISHED, LICENSED SOFTWARE.
   6:Timer.c       ****  *
   7:Timer.c       ****  * CONFIDENTIAL AND PROPRIETARY INFORMATION
   8:Timer.c       ****  * WHICH IS THE PROPERTY OF your company.
   9:Timer.c       ****  *
  10:Timer.c       ****  * ========================================
  11:Timer.c       **** */
  12:Timer.c       **** #include "project.h"
  13:Timer.c       **** #include "Timer.h"
  14:Timer.c       **** #include "spi_Slave.h"
  15:Timer.c       **** #include <stdio.h>
  16:Timer.c       **** 
  17:Timer.c       **** volatile uint16 startCount = 0;
  18:Timer.c       **** volatile uint16 stopCount = 0;
  19:Timer.c       **** uint32 counter=0;
  20:Timer.c       **** 
  21:Timer.c       **** const uint32 tick_period_ms = 10;
  22:Timer.c       **** uint32 start_counter = 0;
  23:Timer.c       **** uint32 stop_counter=0;
  24:Timer.c       **** uint32 time_interval_ticks = 0;
  25:Timer.c       **** uint32 time_interval_ms=0;
  26:Timer.c       **** 
  27:Timer.c       **** 
  28:Timer.c       **** void startTidsTagning()
  29:Timer.c       **** {
  28              		.loc 1 29 0
ARM GAS  C:\Users\deniz\AppData\Local\Temp\ccKZoMT2.s 			page 2


  29              		.cfi_startproc
  30              		@ args = 0, pretend = 0, frame = 0
  31              		@ frame_needed = 0, uses_anonymous_args = 0
  32 0000 08B5     		push	{r3, lr}
  33              		.cfi_def_cfa_offset 8
  34              		.cfi_offset 3, -8
  35              		.cfi_offset 14, -4
  30:Timer.c       ****     
  31:Timer.c       ****     Timer_1_Start();
  36              		.loc 1 31 0
  37 0002 FFF7FEFF 		bl	Timer_1_Start
  38              	.LVL0:
  32:Timer.c       ****     start_counter = Timer_1_ReadCounter();
  39              		.loc 1 32 0
  40 0006 FFF7FEFF 		bl	Timer_1_ReadCounter
  41              	.LVL1:
  42 000a 014B     		ldr	r3, .L3
  43 000c 1860     		str	r0, [r3]
  44 000e 08BD     		pop	{r3, pc}
  45              	.L4:
  46              		.align	2
  47              	.L3:
  48 0010 00000000 		.word	.LANCHOR0
  49              		.cfi_endproc
  50              	.LFE64:
  51              		.size	startTidsTagning, .-startTidsTagning
  52              		.section	.text.stopTidsTagning,"ax",%progbits
  53              		.align	2
  54              		.global	stopTidsTagning
  55              		.thumb
  56              		.thumb_func
  57              		.type	stopTidsTagning, %function
  58              	stopTidsTagning:
  59              	.LFB65:
  33:Timer.c       **** }
  34:Timer.c       **** uint32 stopTidsTagning()
  35:Timer.c       **** {
  60              		.loc 1 35 0
  61              		.cfi_startproc
  62              		@ args = 0, pretend = 0, frame = 0
  63              		@ frame_needed = 0, uses_anonymous_args = 0
  64 0000 10B5     		push	{r4, lr}
  65              		.cfi_def_cfa_offset 8
  66              		.cfi_offset 4, -8
  67              		.cfi_offset 14, -4
  36:Timer.c       ****     
  37:Timer.c       ****     stop_counter = Timer_1_ReadCounter();
  68              		.loc 1 37 0
  69 0002 FFF7FEFF 		bl	Timer_1_ReadCounter
  70              	.LVL2:
  71 0006 074C     		ldr	r4, .L7
  72 0008 6060     		str	r0, [r4, #4]
  38:Timer.c       **** 
  39:Timer.c       ****     // Beregn tidsintervallet i ticks
  40:Timer.c       ****     time_interval_ticks = start_counter - stop_counter;
  73              		.loc 1 40 0
  74 000a 2368     		ldr	r3, [r4]
ARM GAS  C:\Users\deniz\AppData\Local\Temp\ccKZoMT2.s 			page 3


  75 000c 181A     		subs	r0, r3, r0
  76 000e A060     		str	r0, [r4, #8]
  41:Timer.c       **** 
  42:Timer.c       ****     // Konverter tidsintervallet til tid i millisekunder
  43:Timer.c       ****     time_interval_ms = time_interval_ticks/100;
  77              		.loc 1 43 0
  78 0010 054B     		ldr	r3, .L7+4
  79 0012 A3FB0030 		umull	r3, r0, r3, r0
  80 0016 4009     		lsrs	r0, r0, #5
  81 0018 E060     		str	r0, [r4, #12]
  44:Timer.c       **** 
  45:Timer.c       ****     Timer_1_Stop();
  82              		.loc 1 45 0
  83 001a FFF7FEFF 		bl	Timer_1_Stop
  84              	.LVL3:
  46:Timer.c       ****     
  47:Timer.c       ****     return time_interval_ms;
  48:Timer.c       **** }
  85              		.loc 1 48 0
  86 001e E068     		ldr	r0, [r4, #12]
  87 0020 10BD     		pop	{r4, pc}
  88              	.L8:
  89 0022 00BF     		.align	2
  90              	.L7:
  91 0024 00000000 		.word	.LANCHOR0
  92 0028 1F85EB51 		.word	1374389535
  93              		.cfi_endproc
  94              	.LFE65:
  95              		.size	stopTidsTagning, .-stopTidsTagning
  96              		.section	.text.convertMinutter,"ax",%progbits
  97              		.align	2
  98              		.global	convertMinutter
  99              		.thumb
 100              		.thumb_func
 101              		.type	convertMinutter, %function
 102              	convertMinutter:
 103              	.LFB66:
  49:Timer.c       **** 
  50:Timer.c       **** uint8_t convertMinutter(uint32_t time_1)
  51:Timer.c       **** {
 104              		.loc 1 51 0
 105              		.cfi_startproc
 106              		@ args = 0, pretend = 0, frame = 0
 107              		@ frame_needed = 0, uses_anonymous_args = 0
 108              		@ link register save eliminated.
 109              	.LVL4:
  52:Timer.c       ****     // Assuming time is a 32-bit integer
  53:Timer.c       ****     uint8_t minutter;
  54:Timer.c       ****     minutter = (time_1 / (1000 * 60)) & 0xFF;   // Minutter
 110              		.loc 1 54 0
 111 0000 024B     		ldr	r3, .L10
 112 0002 A3FB0030 		umull	r3, r0, r3, r0
 113              	.LVL5:
  55:Timer.c       ****     return minutter;
  56:Timer.c       **** }
 114              		.loc 1 56 0
 115 0006 C0F38730 		ubfx	r0, r0, #14, #8
ARM GAS  C:\Users\deniz\AppData\Local\Temp\ccKZoMT2.s 			page 4


 116              	.LVL6:
 117 000a 7047     		bx	lr
 118              	.L11:
 119              		.align	2
 120              	.L10:
 121 000c 73B2E745 		.word	1172812403
 122              		.cfi_endproc
 123              	.LFE66:
 124              		.size	convertMinutter, .-convertMinutter
 125              		.section	.text.convertSekunder,"ax",%progbits
 126              		.align	2
 127              		.global	convertSekunder
 128              		.thumb
 129              		.thumb_func
 130              		.type	convertSekunder, %function
 131              	convertSekunder:
 132              	.LFB67:
  57:Timer.c       **** 
  58:Timer.c       **** uint8_t convertSekunder(uint32_t time_2)
  59:Timer.c       **** {
 133              		.loc 1 59 0
 134              		.cfi_startproc
 135              		@ args = 0, pretend = 0, frame = 0
 136              		@ frame_needed = 0, uses_anonymous_args = 0
 137              		@ link register save eliminated.
 138              	.LVL7:
  60:Timer.c       ****     // Assuming time is a 32-bit integer
  61:Timer.c       ****     uint8_t sekunder;
  62:Timer.c       ****     sekunder = ((time_2 / 1000) % 60) & 0xFF;   // Sekunder
 139              		.loc 1 62 0
 140 0000 064B     		ldr	r3, .L13
 141 0002 A3FB0023 		umull	r2, r3, r3, r0
 142 0006 9B09     		lsrs	r3, r3, #6
 143 0008 0548     		ldr	r0, .L13+4
 144              	.LVL8:
 145 000a A0FB0320 		umull	r2, r0, r0, r3
 146 000e 4009     		lsrs	r0, r0, #5
 147 0010 C0EB0010 		rsb	r0, r0, r0, lsl #4
 148 0014 8200     		lsls	r2, r0, #2
 149 0016 981A     		subs	r0, r3, r2
 150              	.LVL9:
  63:Timer.c       ****     return sekunder;
  64:Timer.c       **** }
 151              		.loc 1 64 0
 152 0018 C0B2     		uxtb	r0, r0
 153 001a 7047     		bx	lr
 154              	.L14:
 155              		.align	2
 156              	.L13:
 157 001c D34D6210 		.word	274877907
 158 0020 89888888 		.word	-2004318071
 159              		.cfi_endproc
 160              	.LFE67:
 161              		.size	convertSekunder, .-convertSekunder
 162              		.section	.text.convertMillisekunder,"ax",%progbits
 163              		.align	2
 164              		.global	convertMillisekunder
ARM GAS  C:\Users\deniz\AppData\Local\Temp\ccKZoMT2.s 			page 5


 165              		.thumb
 166              		.thumb_func
 167              		.type	convertMillisekunder, %function
 168              	convertMillisekunder:
 169              	.LFB68:
  65:Timer.c       **** 
  66:Timer.c       **** uint8_t convertMillisekunder(uint32_t time_3)
  67:Timer.c       **** {
 170              		.loc 1 67 0
 171              		.cfi_startproc
 172              		@ args = 0, pretend = 0, frame = 0
 173              		@ frame_needed = 0, uses_anonymous_args = 0
 174              		@ link register save eliminated.
 175              	.LVL10:
  68:Timer.c       ****     // Assuming time is a 32-bit integer
  69:Timer.c       ****     uint8_t milliSekunder;
  70:Timer.c       ****     milliSekunder = (time_3 % 1000) & 0xFF;     // Millisekunder
 176              		.loc 1 70 0
 177 0000 044B     		ldr	r3, .L16
 178 0002 A3FB0023 		umull	r2, r3, r3, r0
 179 0006 9B09     		lsrs	r3, r3, #6
 180 0008 4FF47A72 		mov	r2, #1000
 181 000c 02FB1303 		mls	r3, r2, r3, r0
 182              	.LVL11:
  71:Timer.c       ****     return milliSekunder;
  72:Timer.c       **** }...
 183              		.loc 1 72 0
 184 0010 D8B2     		uxtb	r0, r3
 185              	.LVL12:
 186 0012 7047     		bx	lr
 187              	.L17:
 188              		.align	2
 189              	.L16:
 190 0014 D34D6210 		.word	274877907
 191              		.cfi_endproc
 192              	.LFE68:
 193              		.size	convertMillisekunder, .-convertMillisekunder
 194              		.global	time_interval_ms
 195              		.global	time_interval_ticks
 196              		.global	stop_counter
 197              		.global	start_counter
 198              		.global	tick_period_ms
 199              		.global	counter
 200              		.global	stopCount
 201              		.global	startCount
 202              		.section	.rodata
 203              		.align	2
 204              		.type	tick_period_ms, %object
 205              		.size	tick_period_ms, 4
 206              	tick_period_ms:
 207 0000 0A000000 		.word	10
 208              		.bss
 209              		.align	2
 210              		.set	.LANCHOR0,. + 0
 211              		.type	start_counter, %object
 212              		.size	start_counter, 4
 213              	start_counter:
ARM GAS  C:\Users\deniz\AppData\Local\Temp\ccKZoMT2.s 			page 6


 214 0000 00000000 		.space	4
 215              		.type	stop_counter, %object
 216              		.size	stop_counter, 4
 217              	stop_counter:
 218 0004 00000000 		.space	4
 219              		.type	time_interval_ticks, %object
 220              		.size	time_interval_ticks, 4
 221              	time_interval_ticks:
 222 0008 00000000 		.space	4
 223              		.type	time_interval_ms, %object
 224              		.size	time_interval_ms, 4
 225              	time_interval_ms:
 226 000c 00000000 		.space	4
 227              		.type	counter, %object
 228              		.size	counter, 4
 229              	counter:
 230 0010 00000000 		.space	4
 231              		.type	stopCount, %object
 232              		.size	stopCount, 2
 233              	stopCount:
 234 0014 0000     		.space	2
 235              		.type	startCount, %object
 236              		.size	startCount, 2
 237              	startCount:
 238 0016 0000     		.space	2
 239              		.text
 240              	.Letext0:
 241              		.file 2 "c:\\program files (x86)\\cypress\\psoc creator\\4.4\\psoc creator\\import\\gnu\\arm\\5.4.
 242              		.file 3 "c:\\program files (x86)\\cypress\\psoc creator\\4.4\\psoc creator\\import\\gnu\\arm\\5.4.
 243              		.file 4 "Generated_Source\\PSoC5/cytypes.h"
 244              		.file 5 "Generated_Source\\PSoC5/core_cm3.h"
 245              		.file 6 "Generated_Source\\PSoC5/Timer_1.h"
 246              		.section	.debug_info,"",%progbits
 247              	.Ldebug_info0:
 248 0000 A1020000 		.4byte	0x2a1
 249 0004 0400     		.2byte	0x4
 250 0006 00000000 		.4byte	.Ldebug_abbrev0
 251 000a 04       		.byte	0x4
 252 000b 01       		.uleb128 0x1
 253 000c BF000000 		.4byte	.LASF44
 254 0010 0C       		.byte	0xc
 255 0011 93010000 		.4byte	.LASF45
 256 0015 D3010000 		.4byte	.LASF46
 257 0019 00000000 		.4byte	.Ldebug_ranges0+0
 258 001d 00000000 		.4byte	0
 259 0021 00000000 		.4byte	.Ldebug_line0
 260 0025 02       		.uleb128 0x2
 261 0026 08       		.byte	0x8
 262 0027 07       		.byte	0x7
 263 0028 43020000 		.4byte	.LASF0
 264 002c 02       		.uleb128 0x2
 265 002d 04       		.byte	0x4
 266 002e 07       		.byte	0x7
 267 002f 36020000 		.4byte	.LASF1
 268 0033 02       		.uleb128 0x2
 269 0034 01       		.byte	0x1
 270 0035 06       		.byte	0x6
ARM GAS  C:\Users\deniz\AppData\Local\Temp\ccKZoMT2.s 			page 7


 271 0036 F6020000 		.4byte	.LASF2
 272 003a 03       		.uleb128 0x3
 273 003b 0A000000 		.4byte	.LASF6
 274 003f 02       		.byte	0x2
 275 0040 1D       		.byte	0x1d
 276 0041 45000000 		.4byte	0x45
 277 0045 02       		.uleb128 0x2
 278 0046 01       		.byte	0x1
 279 0047 08       		.byte	0x8
 280 0048 B1000000 		.4byte	.LASF3
 281 004c 02       		.uleb128 0x2
 282 004d 02       		.byte	0x2
 283 004e 05       		.byte	0x5
 284 004f BD020000 		.4byte	.LASF4
 285 0053 02       		.uleb128 0x2
 286 0054 02       		.byte	0x2
 287 0055 07       		.byte	0x7
 288 0056 73010000 		.4byte	.LASF5
 289 005a 03       		.uleb128 0x3
 290 005b 4A000000 		.4byte	.LASF7
 291 005f 02       		.byte	0x2
 292 0060 3F       		.byte	0x3f
 293 0061 65000000 		.4byte	0x65
 294 0065 02       		.uleb128 0x2
 295 0066 04       		.byte	0x4
 296 0067 05       		.byte	0x5
 297 0068 E1020000 		.4byte	.LASF8
 298 006c 03       		.uleb128 0x3
 299 006d C8010000 		.4byte	.LASF9
 300 0071 02       		.byte	0x2
 301 0072 41       		.byte	0x41
 302 0073 77000000 		.4byte	0x77
 303 0077 02       		.uleb128 0x2
 304 0078 04       		.byte	0x4
 305 0079 07       		.byte	0x7
 306 007a 61010000 		.4byte	.LASF10
 307 007e 02       		.uleb128 0x2
 308 007f 08       		.byte	0x8
 309 0080 05       		.byte	0x5
 310 0081 88020000 		.4byte	.LASF11
 311 0085 04       		.uleb128 0x4
 312 0086 04       		.byte	0x4
 313 0087 05       		.byte	0x5
 314 0088 696E7400 		.ascii	"int\000"
 315 008c 03       		.uleb128 0x3
 316 008d 5A020000 		.4byte	.LASF12
 317 0091 03       		.byte	0x3
 318 0092 18       		.byte	0x18
 319 0093 3A000000 		.4byte	0x3a
 320 0097 03       		.uleb128 0x3
 321 0098 62020000 		.4byte	.LASF13
 322 009c 03       		.byte	0x3
 323 009d 2C       		.byte	0x2c
 324 009e 5A000000 		.4byte	0x5a
 325 00a2 03       		.uleb128 0x3
 326 00a3 D8020000 		.4byte	.LASF14
 327 00a7 03       		.byte	0x3
ARM GAS  C:\Users\deniz\AppData\Local\Temp\ccKZoMT2.s 			page 8


 328 00a8 30       		.byte	0x30
 329 00a9 6C000000 		.4byte	0x6c
 330 00ad 05       		.uleb128 0x5
 331 00ae 28020000 		.4byte	.LASF15
 332 00b2 04       		.byte	0x4
 333 00b3 EA01     		.2byte	0x1ea
 334 00b5 53000000 		.4byte	0x53
 335 00b9 05       		.uleb128 0x5
 336 00ba 2F020000 		.4byte	.LASF16
 337 00be 04       		.byte	0x4
 338 00bf EB01     		.2byte	0x1eb
 339 00c1 77000000 		.4byte	0x77
 340 00c5 02       		.uleb128 0x2
 341 00c6 04       		.byte	0x4
 342 00c7 04       		.byte	0x4
 343 00c8 9A000000 		.4byte	.LASF17
 344 00cc 02       		.uleb128 0x2
 345 00cd 08       		.byte	0x8
 346 00ce 04       		.byte	0x4
 347 00cf 5B000000 		.4byte	.LASF18
 348 00d3 02       		.uleb128 0x2
 349 00d4 01       		.byte	0x1
 350 00d5 08       		.byte	0x8
 351 00d6 96020000 		.4byte	.LASF19
 352 00da 06       		.uleb128 0x6
 353 00db AD000000 		.4byte	0xad
 354 00df 02       		.uleb128 0x2
 355 00e0 08       		.byte	0x8
 356 00e1 04       		.byte	0x4
 357 00e2 EA020000 		.4byte	.LASF20
 358 00e6 02       		.uleb128 0x2
 359 00e7 04       		.byte	0x4
 360 00e8 07       		.byte	0x7
 361 00e9 7F020000 		.4byte	.LASF21
 362 00ed 07       		.uleb128 0x7
 363 00ee C7020000 		.4byte	.LASF47
 364 00f2 01       		.byte	0x1
 365 00f3 1C       		.byte	0x1c
 366 00f4 00000000 		.4byte	.LFB64
 367 00f8 14000000 		.4byte	.LFE64-.LFB64
 368 00fc 01       		.uleb128 0x1
 369 00fd 9C       		.byte	0x9c
 370 00fe 15010000 		.4byte	0x115
 371 0102 08       		.uleb128 0x8
 372 0103 06000000 		.4byte	.LVL0
 373 0107 83020000 		.4byte	0x283
 374 010b 08       		.uleb128 0x8
 375 010c 0A000000 		.4byte	.LVL1
 376 0110 8E020000 		.4byte	0x28e
 377 0114 00       		.byte	0
 378 0115 09       		.uleb128 0x9
 379 0116 B8010000 		.4byte	.LASF22
 380 011a 01       		.byte	0x1
 381 011b 22       		.byte	0x22
 382 011c B9000000 		.4byte	0xb9
 383 0120 00000000 		.4byte	.LFB65
 384 0124 2C000000 		.4byte	.LFE65-.LFB65
ARM GAS  C:\Users\deniz\AppData\Local\Temp\ccKZoMT2.s 			page 9


 385 0128 01       		.uleb128 0x1
 386 0129 9C       		.byte	0x9c
 387 012a 41010000 		.4byte	0x141
 388 012e 08       		.uleb128 0x8
 389 012f 06000000 		.4byte	.LVL2
 390 0133 8E020000 		.4byte	0x28e
 391 0137 08       		.uleb128 0x8
 392 0138 1E000000 		.4byte	.LVL3
 393 013c 99020000 		.4byte	0x299
 394 0140 00       		.byte	0
 395 0141 09       		.uleb128 0x9
 396 0142 8A000000 		.4byte	.LASF23
 397 0146 01       		.byte	0x1
 398 0147 32       		.byte	0x32
 399 0148 8C000000 		.4byte	0x8c
 400 014c 00000000 		.4byte	.LFB66
 401 0150 10000000 		.4byte	.LFE66-.LFB66
 402 0154 01       		.uleb128 0x1
 403 0155 9C       		.byte	0x9c
 404 0156 79010000 		.4byte	0x179
 405 015a 0A       		.uleb128 0xa
 406 015b 43000000 		.4byte	.LASF25
 407 015f 01       		.byte	0x1
 408 0160 32       		.byte	0x32
 409 0161 A2000000 		.4byte	0xa2
 410 0165 00000000 		.4byte	.LLST0
 411 0169 0B       		.uleb128 0xb
 412 016a A2010000 		.4byte	.LASF27
 413 016e 01       		.byte	0x1
 414 016f 35       		.byte	0x35
 415 0170 8C000000 		.4byte	0x8c
 416 0174 21000000 		.4byte	.LLST1
 417 0178 00       		.byte	0
 418 0179 09       		.uleb128 0x9
 419 017a 22000000 		.4byte	.LASF24
 420 017e 01       		.byte	0x1
 421 017f 3A       		.byte	0x3a
 422 0180 8C000000 		.4byte	0x8c
 423 0184 00000000 		.4byte	.LFB67
 424 0188 24000000 		.4byte	.LFE67-.LFB67
 425 018c 01       		.uleb128 0x1
 426 018d 9C       		.byte	0x9c
 427 018e AF010000 		.4byte	0x1af
 428 0192 0A       		.uleb128 0xa
 429 0193 9B010000 		.4byte	.LASF26
 430 0197 01       		.byte	0x1
 431 0198 3A       		.byte	0x3a
 432 0199 A2000000 		.4byte	0xa2
 433 019d 63000000 		.4byte	.LLST2
 434 01a1 0C       		.uleb128 0xc
 435 01a2 A8000000 		.4byte	.LASF28
 436 01a6 01       		.byte	0x1
 437 01a7 3D       		.byte	0x3d
 438 01a8 8C000000 		.4byte	0x8c
 439 01ac 01       		.uleb128 0x1
 440 01ad 50       		.byte	0x50
 441 01ae 00       		.byte	0
ARM GAS  C:\Users\deniz\AppData\Local\Temp\ccKZoMT2.s 			page 10


 442 01af 09       		.uleb128 0x9
 443 01b0 6A020000 		.4byte	.LASF29
 444 01b4 01       		.byte	0x1
 445 01b5 42       		.byte	0x42
 446 01b6 8C000000 		.4byte	0x8c
 447 01ba 00000000 		.4byte	.LFB68
 448 01be 18000000 		.4byte	.LFE68-.LFB68
 449 01c2 01       		.uleb128 0x1
 450 01c3 9C       		.byte	0x9c
 451 01c4 E5010000 		.4byte	0x1e5
 452 01c8 0A       		.uleb128 0xa
 453 01c9 54000000 		.4byte	.LASF30
 454 01cd 01       		.byte	0x1
 455 01ce 42       		.byte	0x42
 456 01cf A2000000 		.4byte	0xa2
 457 01d3 84000000 		.4byte	.LLST3
 458 01d7 0C       		.uleb128 0xc
 459 01d8 7C000000 		.4byte	.LASF31
 460 01dc 01       		.byte	0x1
 461 01dd 45       		.byte	0x45
 462 01de 8C000000 		.4byte	0x8c
 463 01e2 01       		.uleb128 0x1
 464 01e3 53       		.byte	0x53
 465 01e4 00       		.byte	0
 466 01e5 0D       		.uleb128 0xd
 467 01e6 86010000 		.4byte	.LASF32
 468 01ea 05       		.byte	0x5
 469 01eb 1207     		.2byte	0x712
 470 01ed F1010000 		.4byte	0x1f1
 471 01f1 06       		.uleb128 0x6
 472 01f2 97000000 		.4byte	0x97
 473 01f6 0E       		.uleb128 0xe
 474 01f7 71000000 		.4byte	.LASF33
 475 01fb 01       		.byte	0x1
 476 01fc 11       		.byte	0x11
 477 01fd DA000000 		.4byte	0xda
 478 0201 05       		.uleb128 0x5
 479 0202 03       		.byte	0x3
 480 0203 00000000 		.4byte	startCount
 481 0207 0E       		.uleb128 0xe
 482 0208 00000000 		.4byte	.LASF34
 483 020c 01       		.byte	0x1
 484 020d 12       		.byte	0x12
 485 020e DA000000 		.4byte	0xda
 486 0212 05       		.uleb128 0x5
 487 0213 03       		.byte	0x3
 488 0214 00000000 		.4byte	stopCount
 489 0218 0E       		.uleb128 0xe
 490 0219 A0000000 		.4byte	.LASF35
 491 021d 01       		.byte	0x1
 492 021e 13       		.byte	0x13
 493 021f B9000000 		.4byte	0xb9
 494 0223 05       		.uleb128 0x5
 495 0224 03       		.byte	0x3
 496 0225 00000000 		.4byte	counter
 497 0229 0E       		.uleb128 0xe
 498 022a 62000000 		.4byte	.LASF36
ARM GAS  C:\Users\deniz\AppData\Local\Temp\ccKZoMT2.s 			page 11


 499 022e 01       		.byte	0x1
 500 022f 15       		.byte	0x15
 501 0230 3A020000 		.4byte	0x23a
 502 0234 05       		.uleb128 0x5
 503 0235 03       		.byte	0x3
 504 0236 00000000 		.4byte	tick_period_ms
 505 023a 0F       		.uleb128 0xf
 506 023b B9000000 		.4byte	0xb9
 507 023f 0E       		.uleb128 0xe
 508 0240 AF020000 		.4byte	.LASF37
 509 0244 01       		.byte	0x1
 510 0245 16       		.byte	0x16
 511 0246 B9000000 		.4byte	0xb9
 512 024a 05       		.uleb128 0x5
 513 024b 03       		.byte	0x3
 514 024c 00000000 		.4byte	start_counter
 515 0250 0E       		.uleb128 0xe
 516 0251 AB010000 		.4byte	.LASF38
 517 0255 01       		.byte	0x1
 518 0256 17       		.byte	0x17
 519 0257 B9000000 		.4byte	0xb9
 520 025b 05       		.uleb128 0x5
 521 025c 03       		.byte	0x3
 522 025d 00000000 		.4byte	stop_counter
 523 0261 0E       		.uleb128 0xe
 524 0262 4D010000 		.4byte	.LASF39
 525 0266 01       		.byte	0x1
 526 0267 18       		.byte	0x18
 527 0268 B9000000 		.4byte	0xb9
 528 026c 05       		.uleb128 0x5
 529 026d 03       		.byte	0x3
 530 026e 00000000 		.4byte	time_interval_ticks
 531 0272 0E       		.uleb128 0xe
 532 0273 32000000 		.4byte	.LASF40
 533 0277 01       		.byte	0x1
 534 0278 19       		.byte	0x19
 535 0279 B9000000 		.4byte	0xb9
 536 027d 05       		.uleb128 0x5
 537 027e 03       		.byte	0x3
 538 027f 00000000 		.4byte	time_interval_ms
 539 0283 10       		.uleb128 0x10
 540 0284 14000000 		.4byte	.LASF41
 541 0288 14000000 		.4byte	.LASF41
 542 028c 06       		.byte	0x6
 543 028d 5A       		.byte	0x5a
 544 028e 10       		.uleb128 0x10
 545 028f 9B020000 		.4byte	.LASF42
 546 0293 9B020000 		.4byte	.LASF42
 547 0297 06       		.byte	0x6
 548 0298 69       		.byte	0x69
 549 0299 10       		.uleb128 0x10
 550 029a 02030000 		.4byte	.LASF43
 551 029e 02030000 		.4byte	.LASF43
 552 02a2 06       		.byte	0x6
 553 02a3 5B       		.byte	0x5b
 554 02a4 00       		.byte	0
 555              		.section	.debug_abbrev,"",%progbits
ARM GAS  C:\Users\deniz\AppData\Local\Temp\ccKZoMT2.s 			page 12


 556              	.Ldebug_abbrev0:
 557 0000 01       		.uleb128 0x1
 558 0001 11       		.uleb128 0x11
 559 0002 01       		.byte	0x1
 560 0003 25       		.uleb128 0x25
 561 0004 0E       		.uleb128 0xe
 562 0005 13       		.uleb128 0x13
 563 0006 0B       		.uleb128 0xb
 564 0007 03       		.uleb128 0x3
 565 0008 0E       		.uleb128 0xe
 566 0009 1B       		.uleb128 0x1b
 567 000a 0E       		.uleb128 0xe
 568 000b 55       		.uleb128 0x55
 569 000c 17       		.uleb128 0x17
 570 000d 11       		.uleb128 0x11
 571 000e 01       		.uleb128 0x1
 572 000f 10       		.uleb128 0x10
 573 0010 17       		.uleb128 0x17
 574 0011 00       		.byte	0
 575 0012 00       		.byte	0
 576 0013 02       		.uleb128 0x2
 577 0014 24       		.uleb128 0x24
 578 0015 00       		.byte	0
 579 0016 0B       		.uleb128 0xb
 580 0017 0B       		.uleb128 0xb
 581 0018 3E       		.uleb128 0x3e
 582 0019 0B       		.uleb128 0xb
 583 001a 03       		.uleb128 0x3
 584 001b 0E       		.uleb128 0xe
 585 001c 00       		.byte	0
 586 001d 00       		.byte	0
 587 001e 03       		.uleb128 0x3
 588 001f 16       		.uleb128 0x16
 589 0020 00       		.byte	0
 590 0021 03       		.uleb128 0x3
 591 0022 0E       		.uleb128 0xe
 592 0023 3A       		.uleb128 0x3a
 593 0024 0B       		.uleb128 0xb
 594 0025 3B       		.uleb128 0x3b
 595 0026 0B       		.uleb128 0xb
 596 0027 49       		.uleb128 0x49
 597 0028 13       		.uleb128 0x13
 598 0029 00       		.byte	0
 599 002a 00       		.byte	0
 600 002b 04       		.uleb128 0x4
 601 002c 24       		.uleb128 0x24
 602 002d 00       		.byte	0
 603 002e 0B       		.uleb128 0xb
 604 002f 0B       		.uleb128 0xb
 605 0030 3E       		.uleb128 0x3e
 606 0031 0B       		.uleb128 0xb
 607 0032 03       		.uleb128 0x3
 608 0033 08       		.uleb128 0x8
 609 0034 00       		.byte	0
 610 0035 00       		.byte	0
 611 0036 05       		.uleb128 0x5
 612 0037 16       		.uleb128 0x16
ARM GAS  C:\Users\deniz\AppData\Local\Temp\ccKZoMT2.s 			page 13


 613 0038 00       		.byte	0
 614 0039 03       		.uleb128 0x3
 615 003a 0E       		.uleb128 0xe
 616 003b 3A       		.uleb128 0x3a
 617 003c 0B       		.uleb128 0xb
 618 003d 3B       		.uleb128 0x3b
 619 003e 05       		.uleb128 0x5
 620 003f 49       		.uleb128 0x49
 621 0040 13       		.uleb128 0x13
 622 0041 00       		.byte	0
 623 0042 00       		.byte	0
 624 0043 06       		.uleb128 0x6
 625 0044 35       		.uleb128 0x35
 626 0045 00       		.byte	0
 627 0046 49       		.uleb128 0x49
 628 0047 13       		.uleb128 0x13
 629 0048 00       		.byte	0
 630 0049 00       		.byte	0
 631 004a 07       		.uleb128 0x7
 632 004b 2E       		.uleb128 0x2e
 633 004c 01       		.byte	0x1
 634 004d 3F       		.uleb128 0x3f
 635 004e 19       		.uleb128 0x19
 636 004f 03       		.uleb128 0x3
 637 0050 0E       		.uleb128 0xe
 638 0051 3A       		.uleb128 0x3a
 639 0052 0B       		.uleb128 0xb
 640 0053 3B       		.uleb128 0x3b
 641 0054 0B       		.uleb128 0xb
 642 0055 27       		.uleb128 0x27
 643 0056 19       		.uleb128 0x19
 644 0057 11       		.uleb128 0x11
 645 0058 01       		.uleb128 0x1
 646 0059 12       		.uleb128 0x12
 647 005a 06       		.uleb128 0x6
 648 005b 40       		.uleb128 0x40
 649 005c 18       		.uleb128 0x18
 650 005d 9742     		.uleb128 0x2117
 651 005f 19       		.uleb128 0x19
 652 0060 01       		.uleb128 0x1
 653 0061 13       		.uleb128 0x13
 654 0062 00       		.byte	0
 655 0063 00       		.byte	0
 656 0064 08       		.uleb128 0x8
 657 0065 898201   		.uleb128 0x4109
 658 0068 00       		.byte	0
 659 0069 11       		.uleb128 0x11
 660 006a 01       		.uleb128 0x1
 661 006b 31       		.uleb128 0x31
 662 006c 13       		.uleb128 0x13
 663 006d 00       		.byte	0
 664 006e 00       		.byte	0
 665 006f 09       		.uleb128 0x9
 666 0070 2E       		.uleb128 0x2e
 667 0071 01       		.byte	0x1
 668 0072 3F       		.uleb128 0x3f
 669 0073 19       		.uleb128 0x19
ARM GAS  C:\Users\deniz\AppData\Local\Temp\ccKZoMT2.s 			page 14


 670 0074 03       		.uleb128 0x3
 671 0075 0E       		.uleb128 0xe
 672 0076 3A       		.uleb128 0x3a
 673 0077 0B       		.uleb128 0xb
 674 0078 3B       		.uleb128 0x3b
 675 0079 0B       		.uleb128 0xb
 676 007a 27       		.uleb128 0x27
 677 007b 19       		.uleb128 0x19
 678 007c 49       		.uleb128 0x49
 679 007d 13       		.uleb128 0x13
 680 007e 11       		.uleb128 0x11
 681 007f 01       		.uleb128 0x1
 682 0080 12       		.uleb128 0x12
 683 0081 06       		.uleb128 0x6
 684 0082 40       		.uleb128 0x40
 685 0083 18       		.uleb128 0x18
 686 0084 9742     		.uleb128 0x2117
 687 0086 19       		.uleb128 0x19
 688 0087 01       		.uleb128 0x1
 689 0088 13       		.uleb128 0x13
 690 0089 00       		.byte	0
 691 008a 00       		.byte	0
 692 008b 0A       		.uleb128 0xa
 693 008c 05       		.uleb128 0x5
 694 008d 00       		.byte	0
 695 008e 03       		.uleb128 0x3
 696 008f 0E       		.uleb128 0xe
 697 0090 3A       		.uleb128 0x3a
 698 0091 0B       		.uleb128 0xb
 699 0092 3B       		.uleb128 0x3b
 700 0093 0B       		.uleb128 0xb
 701 0094 49       		.uleb128 0x49
 702 0095 13       		.uleb128 0x13
 703 0096 02       		.uleb128 0x2
 704 0097 17       		.uleb128 0x17
 705 0098 00       		.byte	0
 706 0099 00       		.byte	0
 707 009a 0B       		.uleb128 0xb
 708 009b 34       		.uleb128 0x34
 709 009c 00       		.byte	0
 710 009d 03       		.uleb128 0x3
 711 009e 0E       		.uleb128 0xe
 712 009f 3A       		.uleb128 0x3a
 713 00a0 0B       		.uleb128 0xb
 714 00a1 3B       		.uleb128 0x3b
 715 00a2 0B       		.uleb128 0xb
 716 00a3 49       		.uleb128 0x49
 717 00a4 13       		.uleb128 0x13
 718 00a5 02       		.uleb128 0x2
 719 00a6 17       		.uleb128 0x17
 720 00a7 00       		.byte	0
 721 00a8 00       		.byte	0
 722 00a9 0C       		.uleb128 0xc
 723 00aa 34       		.uleb128 0x34
 724 00ab 00       		.byte	0
 725 00ac 03       		.uleb128 0x3
 726 00ad 0E       		.uleb128 0xe
ARM GAS  C:\Users\deniz\AppData\Local\Temp\ccKZoMT2.s 			page 15


 727 00ae 3A       		.uleb128 0x3a
 728 00af 0B       		.uleb128 0xb
 729 00b0 3B       		.uleb128 0x3b
 730 00b1 0B       		.uleb128 0xb
 731 00b2 49       		.uleb128 0x49
 732 00b3 13       		.uleb128 0x13
 733 00b4 02       		.uleb128 0x2
 734 00b5 18       		.uleb128 0x18
 735 00b6 00       		.byte	0
 736 00b7 00       		.byte	0
 737 00b8 0D       		.uleb128 0xd
 738 00b9 34       		.uleb128 0x34
 739 00ba 00       		.byte	0
 740 00bb 03       		.uleb128 0x3
 741 00bc 0E       		.uleb128 0xe
 742 00bd 3A       		.uleb128 0x3a
 743 00be 0B       		.uleb128 0xb
 744 00bf 3B       		.uleb128 0x3b
 745 00c0 05       		.uleb128 0x5
 746 00c1 49       		.uleb128 0x49
 747 00c2 13       		.uleb128 0x13
 748 00c3 3F       		.uleb128 0x3f
 749 00c4 19       		.uleb128 0x19
 750 00c5 3C       		.uleb128 0x3c
 751 00c6 19       		.uleb128 0x19
 752 00c7 00       		.byte	0
 753 00c8 00       		.byte	0
 754 00c9 0E       		.uleb128 0xe
 755 00ca 34       		.uleb128 0x34
 756 00cb 00       		.byte	0
 757 00cc 03       		.uleb128 0x3
 758 00cd 0E       		.uleb128 0xe
 759 00ce 3A       		.uleb128 0x3a
 760 00cf 0B       		.uleb128 0xb
 761 00d0 3B       		.uleb128 0x3b
 762 00d1 0B       		.uleb128 0xb
 763 00d2 49       		.uleb128 0x49
 764 00d3 13       		.uleb128 0x13
 765 00d4 3F       		.uleb128 0x3f
 766 00d5 19       		.uleb128 0x19
 767 00d6 02       		.uleb128 0x2
 768 00d7 18       		.uleb128 0x18
 769 00d8 00       		.byte	0
 770 00d9 00       		.byte	0
 771 00da 0F       		.uleb128 0xf
 772 00db 26       		.uleb128 0x26
 773 00dc 00       		.byte	0
 774 00dd 49       		.uleb128 0x49
 775 00de 13       		.uleb128 0x13
 776 00df 00       		.byte	0
 777 00e0 00       		.byte	0
 778 00e1 10       		.uleb128 0x10
 779 00e2 2E       		.uleb128 0x2e
 780 00e3 00       		.byte	0
 781 00e4 3F       		.uleb128 0x3f
 782 00e5 19       		.uleb128 0x19
 783 00e6 3C       		.uleb128 0x3c
ARM GAS  C:\Users\deniz\AppData\Local\Temp\ccKZoMT2.s 			page 16


 784 00e7 19       		.uleb128 0x19
 785 00e8 6E       		.uleb128 0x6e
 786 00e9 0E       		.uleb128 0xe
 787 00ea 03       		.uleb128 0x3
 788 00eb 0E       		.uleb128 0xe
 789 00ec 3A       		.uleb128 0x3a
 790 00ed 0B       		.uleb128 0xb
 791 00ee 3B       		.uleb128 0x3b
 792 00ef 0B       		.uleb128 0xb
 793 00f0 00       		.byte	0
 794 00f1 00       		.byte	0
 795 00f2 00       		.byte	0
 796              		.section	.debug_loc,"",%progbits
 797              	.Ldebug_loc0:
 798              	.LLST0:
 799 0000 00000000 		.4byte	.LVL4
 800 0004 06000000 		.4byte	.LVL5
 801 0008 0100     		.2byte	0x1
 802 000a 50       		.byte	0x50
 803 000b 06000000 		.4byte	.LVL5
 804 000f 10000000 		.4byte	.LFE66
 805 0013 0400     		.2byte	0x4
 806 0015 F3       		.byte	0xf3
 807 0016 01       		.uleb128 0x1
 808 0017 50       		.byte	0x50
 809 0018 9F       		.byte	0x9f
 810 0019 00000000 		.4byte	0
 811 001d 00000000 		.4byte	0
 812              	.LLST1:
 813 0021 06000000 		.4byte	.LVL5
 814 0025 0A000000 		.4byte	.LVL6
 815 0029 0900     		.2byte	0x9
 816 002b 70       		.byte	0x70
 817 002c 00       		.sleb128 0
 818 002d 09       		.byte	0x9
 819 002e EE       		.byte	0xee
 820 002f 24       		.byte	0x24
 821 0030 09       		.byte	0x9
 822 0031 FC       		.byte	0xfc
 823 0032 25       		.byte	0x25
 824 0033 9F       		.byte	0x9f
 825 0034 0A000000 		.4byte	.LVL6
 826 0038 10000000 		.4byte	.LFE66
 827 003c 1D00     		.2byte	0x1d
 828 003e F3       		.byte	0xf3
 829 003f 01       		.uleb128 0x1
 830 0040 50       		.byte	0x50
 831 0041 F7       		.byte	0xf7
 832 0042 2C       		.uleb128 0x2c
 833 0043 F7       		.byte	0xf7
 834 0044 25       		.uleb128 0x25
 835 0045 0C       		.byte	0xc
 836 0046 73B2E745 		.4byte	0x45e7b273
 837 004a F7       		.byte	0xf7
 838 004b 25       		.uleb128 0x25
 839 004c 1E       		.byte	0x1e
 840 004d 08       		.byte	0x8
ARM GAS  C:\Users\deniz\AppData\Local\Temp\ccKZoMT2.s 			page 17


 841 004e 20       		.byte	0x20
 842 004f F7       		.byte	0xf7
 843 0050 25       		.uleb128 0x25
 844 0051 25       		.byte	0x25
 845 0052 F7       		.byte	0xf7
 846 0053 2C       		.uleb128 0x2c
 847 0054 09       		.byte	0x9
 848 0055 EE       		.byte	0xee
 849 0056 24       		.byte	0x24
 850 0057 09       		.byte	0x9
 851 0058 FC       		.byte	0xfc
 852 0059 25       		.byte	0x25
 853 005a 9F       		.byte	0x9f
 854 005b 00000000 		.4byte	0
 855 005f 00000000 		.4byte	0
 856              	.LLST2:
 857 0063 00000000 		.4byte	.LVL7
 858 0067 0A000000 		.4byte	.LVL8
 859 006b 0100     		.2byte	0x1
 860 006d 50       		.byte	0x50
 861 006e 0A000000 		.4byte	.LVL8
 862 0072 24000000 		.4byte	.LFE67
 863 0076 0400     		.2byte	0x4
 864 0078 F3       		.byte	0xf3
 865 0079 01       		.uleb128 0x1
 866 007a 50       		.byte	0x50
 867 007b 9F       		.byte	0x9f
 868 007c 00000000 		.4byte	0
 869 0080 00000000 		.4byte	0
 870              	.LLST3:
 871 0084 00000000 		.4byte	.LVL10
 872 0088 12000000 		.4byte	.LVL12
 873 008c 0100     		.2byte	0x1
 874 008e 50       		.byte	0x50
 875 008f 12000000 		.4byte	.LVL12
 876 0093 18000000 		.4byte	.LFE68
 877 0097 0400     		.2byte	0x4
 878 0099 F3       		.byte	0xf3
 879 009a 01       		.uleb128 0x1
 880 009b 50       		.byte	0x50
 881 009c 9F       		.byte	0x9f
 882 009d 00000000 		.4byte	0
 883 00a1 00000000 		.4byte	0
 884              		.section	.debug_aranges,"",%progbits
 885 0000 3C000000 		.4byte	0x3c
 886 0004 0200     		.2byte	0x2
 887 0006 00000000 		.4byte	.Ldebug_info0
 888 000a 04       		.byte	0x4
 889 000b 00       		.byte	0
 890 000c 0000     		.2byte	0
 891 000e 0000     		.2byte	0
 892 0010 00000000 		.4byte	.LFB64
 893 0014 14000000 		.4byte	.LFE64-.LFB64
 894 0018 00000000 		.4byte	.LFB65
 895 001c 2C000000 		.4byte	.LFE65-.LFB65
 896 0020 00000000 		.4byte	.LFB66
 897 0024 10000000 		.4byte	.LFE66-.LFB66
ARM GAS  C:\Users\deniz\AppData\Local\Temp\ccKZoMT2.s 			page 18


 898 0028 00000000 		.4byte	.LFB67
 899 002c 24000000 		.4byte	.LFE67-.LFB67
 900 0030 00000000 		.4byte	.LFB68
 901 0034 18000000 		.4byte	.LFE68-.LFB68
 902 0038 00000000 		.4byte	0
 903 003c 00000000 		.4byte	0
 904              		.section	.debug_ranges,"",%progbits
 905              	.Ldebug_ranges0:
 906 0000 00000000 		.4byte	.LFB64
 907 0004 14000000 		.4byte	.LFE64
 908 0008 00000000 		.4byte	.LFB65
 909 000c 2C000000 		.4byte	.LFE65
 910 0010 00000000 		.4byte	.LFB66
 911 0014 10000000 		.4byte	.LFE66
 912 0018 00000000 		.4byte	.LFB67
 913 001c 24000000 		.4byte	.LFE67
 914 0020 00000000 		.4byte	.LFB68
 915 0024 18000000 		.4byte	.LFE68
 916 0028 00000000 		.4byte	0
 917 002c 00000000 		.4byte	0
 918              		.section	.debug_line,"",%progbits
 919              	.Ldebug_line0:
 920 0000 B9010000 		.section	.debug_str,"MS",%progbits,1
 920      02005A01 
 920      00000201 
 920      FB0E0D00 
 920      01010101 
 921              	.LASF34:
 922 0000 73746F70 		.ascii	"stopCount\000"
 922      436F756E 
 922      7400
 923              	.LASF6:
 924 000a 5F5F7569 		.ascii	"__uint8_t\000"
 924      6E74385F 
 924      7400
 925              	.LASF41:
 926 0014 54696D65 		.ascii	"Timer_1_Start\000"
 926      725F315F 
 926      53746172 
 926      7400
 927              	.LASF24:
 928 0022 636F6E76 		.ascii	"convertSekunder\000"
 928      65727453 
 928      656B756E 
 928      64657200 
 929              	.LASF40:
 930 0032 74696D65 		.ascii	"time_interval_ms\000"
 930      5F696E74 
 930      65727661 
 930      6C5F6D73 
 930      00
 931              	.LASF25:
 932 0043 74696D65 		.ascii	"time_1\000"
 932      5F3100
 933              	.LASF7:
 934 004a 5F5F696E 		.ascii	"__int32_t\000"
 934      7433325F 
ARM GAS  C:\Users\deniz\AppData\Local\Temp\ccKZoMT2.s 			page 19


 934      7400
 935              	.LASF30:
 936 0054 74696D65 		.ascii	"time_3\000"
 936      5F3300
 937              	.LASF18:
 938 005b 646F7562 		.ascii	"double\000"
 938      6C6500
 939              	.LASF36:
 940 0062 7469636B 		.ascii	"tick_period_ms\000"
 940      5F706572 
 940      696F645F 
 940      6D7300
 941              	.LASF33:
 942 0071 73746172 		.ascii	"startCount\000"
 942      74436F75 
 942      6E7400
 943              	.LASF31:
 944 007c 6D696C6C 		.ascii	"milliSekunder\000"
 944      6953656B 
 944      756E6465 
 944      7200
 945              	.LASF23:
 946 008a 636F6E76 		.ascii	"convertMinutter\000"
 946      6572744D 
 946      696E7574 
 946      74657200 
 947              	.LASF17:
 948 009a 666C6F61 		.ascii	"float\000"
 948      7400
 949              	.LASF35:
 950 00a0 636F756E 		.ascii	"counter\000"
 950      74657200 
 951              	.LASF28:
 952 00a8 73656B75 		.ascii	"sekunder\000"
 952      6E646572 
 952      00
 953              	.LASF3:
 954 00b1 756E7369 		.ascii	"unsigned char\000"
 954      676E6564 
 954      20636861 
 954      7200
 955              	.LASF44:
 956 00bf 474E5520 		.ascii	"GNU C11 5.4.1 20160609 (release) [ARM/embedded-5-br"
 956      43313120 
 956      352E342E 
 956      31203230 
 956      31363036 
 957 00f2 616E6368 		.ascii	"anch revision 237715] -mcpu=cortex-m3 -mthumb -g -O"
 957      20726576 
 957      6973696F 
 957      6E203233 
 957      37373135 
 958 0125 67202D66 		.ascii	"g -ffunction-sections -ffat-lto-objects\000"
 958      66756E63 
 958      74696F6E 
 958      2D736563 
 958      74696F6E 
ARM GAS  C:\Users\deniz\AppData\Local\Temp\ccKZoMT2.s 			page 20


 959              	.LASF39:
 960 014d 74696D65 		.ascii	"time_interval_ticks\000"
 960      5F696E74 
 960      65727661 
 960      6C5F7469 
 960      636B7300 
 961              	.LASF10:
 962 0161 6C6F6E67 		.ascii	"long unsigned int\000"
 962      20756E73 
 962      69676E65 
 962      6420696E 
 962      7400
 963              	.LASF5:
 964 0173 73686F72 		.ascii	"short unsigned int\000"
 964      7420756E 
 964      7369676E 
 964      65642069 
 964      6E7400
 965              	.LASF32:
 966 0186 49544D5F 		.ascii	"ITM_RxBuffer\000"
 966      52784275 
 966      66666572 
 966      00
 967              	.LASF45:
 968 0193 54696D65 		.ascii	"Timer.c\000"
 968      722E6300 
 969              	.LASF26:
 970 019b 74696D65 		.ascii	"time_2\000"
 970      5F3200
 971              	.LASF27:
 972 01a2 6D696E75 		.ascii	"minutter\000"
 972      74746572 
 972      00
 973              	.LASF38:
 974 01ab 73746F70 		.ascii	"stop_counter\000"
 974      5F636F75 
 974      6E746572 
 974      00
 975              	.LASF22:
 976 01b8 73746F70 		.ascii	"stopTidsTagning\000"
 976      54696473 
 976      5461676E 
 976      696E6700 
 977              	.LASF9:
 978 01c8 5F5F7569 		.ascii	"__uint32_t\000"
 978      6E743332 
 978      5F7400
 979              	.LASF46:
 980 01d3 433A5C55 		.ascii	"C:\\Users\\deniz\\OneDrive\\Dokumenter\\GitHub\\B-C"
 980      73657273 
 980      5C64656E 
 980      697A5C4F 
 980      6E654472 
 981 0200 41435C53 		.ascii	"AC\\SPI_virker\\SPI_virker\\Design01.cydsn\000"
 981      50495F76 
 981      69726B65 
 981      725C5350 
ARM GAS  C:\Users\deniz\AppData\Local\Temp\ccKZoMT2.s 			page 21


 981      495F7669 
 982              	.LASF15:
 983 0228 75696E74 		.ascii	"uint16\000"
 983      313600
 984              	.LASF16:
 985 022f 75696E74 		.ascii	"uint32\000"
 985      333200
 986              	.LASF1:
 987 0236 756E7369 		.ascii	"unsigned int\000"
 987      676E6564 
 987      20696E74 
 987      00
 988              	.LASF0:
 989 0243 6C6F6E67 		.ascii	"long long unsigned int\000"
 989      206C6F6E 
 989      6720756E 
 989      7369676E 
 989      65642069 
 990              	.LASF12:
 991 025a 75696E74 		.ascii	"uint8_t\000"
 991      385F7400 
 992              	.LASF13:
 993 0262 696E7433 		.ascii	"int32_t\000"
 993      325F7400 
 994              	.LASF29:
 995 026a 636F6E76 		.ascii	"convertMillisekunder\000"
 995      6572744D 
 995      696C6C69 
 995      73656B75 
 995      6E646572 
 996              	.LASF21:
 997 027f 73697A65 		.ascii	"sizetype\000"
 997      74797065 
 997      00
 998              	.LASF11:
 999 0288 6C6F6E67 		.ascii	"long long int\000"
 999      206C6F6E 
 999      6720696E 
 999      7400
 1000              	.LASF19:
 1001 0296 63686172 		.ascii	"char\000"
 1001      00
 1002              	.LASF42:
 1003 029b 54696D65 		.ascii	"Timer_1_ReadCounter\000"
 1003      725F315F 
 1003      52656164 
 1003      436F756E 
 1003      74657200 
 1004              	.LASF37:
 1005 02af 73746172 		.ascii	"start_counter\000"
 1005      745F636F 
 1005      756E7465 
 1005      7200
 1006              	.LASF4:
 1007 02bd 73686F72 		.ascii	"short int\000"
 1007      7420696E 
 1007      7400
ARM GAS  C:\Users\deniz\AppData\Local\Temp\ccKZoMT2.s 			page 22


 1008              	.LASF47:
 1009 02c7 73746172 		.ascii	"startTidsTagning\000"
 1009      74546964 
 1009      73546167 
 1009      6E696E67 
 1009      00
 1010              	.LASF14:
 1011 02d8 75696E74 		.ascii	"uint32_t\000"
 1011      33325F74 
 1011      00
 1012              	.LASF8:
 1013 02e1 6C6F6E67 		.ascii	"long int\000"
 1013      20696E74 
 1013      00
 1014              	.LASF20:
 1015 02ea 6C6F6E67 		.ascii	"long double\000"
 1015      20646F75 
 1015      626C6500 
 1016              	.LASF2:
 1017 02f6 7369676E 		.ascii	"signed char\000"
 1017      65642063 
 1017      68617200 
 1018              	.LASF43:
 1019 0302 54696D65 		.ascii	"Timer_1_Stop\000"
 1019      725F315F 
 1019      53746F70 
 1019      00
 1020              		.ident	"GCC: (GNU Tools for ARM Embedded Processors) 5.4.1 20160609 (release) [ARM/embedded-5-bran
