Loading plugins phase: Elapsed time ==> 0s.128ms
<CYPRESSTAG name="CyDsfit arguments...">
cydsfit arguments: -.fdsnotice -.fdswarpdepfile=warp_dependencies.txt -.fdselabdepfile=elab_dependencies.txt -.fdsbldfile=generated_files.txt -.fdsreffile=referenced_files.txt -p C:\Users\raduf\OneDrive\Desktop\SemesterProjekt\B-CAC\SPI_Slave\Design01.cydsn\Design01.cyprj -d CY8C5888LTI-LP097 -s C:\Users\raduf\OneDrive\Desktop\SemesterProjekt\B-CAC\SPI_Slave\Design01.cydsn\Generated_Source\PSoC5 -- -yv2 -q10 -ygs -o2 -v3 -.fftcfgtype=LE
</CYPRESSTAG>
<CYPRESSTAG name="Design elaboration results...">
</CYPRESSTAG>
Elaboration phase: Elapsed time ==> 0s.970ms
<CYPRESSTAG name="HDL generation results...">
</CYPRESSTAG>
HDL generation phase: Elapsed time ==> 0s.031ms
<CYPRESSTAG name="Synthesis results...">

     | | | | | | |
   _________________
  -|               |-
  -|               |-
  -|               |-
  -|    CYPRESS    |-
  -|               |-
  -|               |-   Warp Verilog Synthesis Compiler: Version 6.3 IR 41
  -|               |-   Copyright (C) 1991-2001 Cypress Semiconductor
   |_______________|
     | | | | | | |

======================================================================
Compiling:  Design01.v
Program  :   C:\Program Files (x86)\Cypress\PSoC Creator\4.4\PSoC Creator\warp\bin\warp.exe
Options  :    -yv2 -q10 -ygs -o2 -v3 -.fftcfgtype=LE -ya -.fftprj=C:\Users\raduf\OneDrive\Desktop\SemesterProjekt\B-CAC\SPI_Slave\Design01.cydsn\Design01.cyprj -dcpsoc3 Design01.v -verilog
======================================================================

======================================================================
Compiling:  Design01.v
Program  :   C:\Program Files (x86)\Cypress\PSoC Creator\4.4\PSoC Creator\warp\bin\warp.exe
Options  :    -yv2 -q10 -ygs -o2 -v3 -.fftcfgtype=LE -ya -.fftprj=C:\Users\raduf\OneDrive\Desktop\SemesterProjekt\B-CAC\SPI_Slave\Design01.cydsn\Design01.cyprj -dcpsoc3 Design01.v -verilog
======================================================================

======================================================================
Compiling:  Design01.v
Program  :   vlogfe
Options  :    -yv2 -q10 -ygs -o2 -v3 -.fftcfgtype=LE -ya -.fftprj=C:\Users\raduf\OneDrive\Desktop\SemesterProjekt\B-CAC\SPI_Slave\Design01.cydsn\Design01.cyprj -dcpsoc3 -verilog Design01.v
======================================================================

vlogfe V6.3 IR 41:  Verilog parser
Wed Nov 22 13:38:46 2023


======================================================================
Compiling:  Design01.v
Program  :   vpp
Options  :    -yv2 -q10 Design01.v
======================================================================

vpp V6.3 IR 41:  Verilog Pre-Processor
Wed Nov 22 13:38:47 2023

Flattening file 'C:\Program Files (x86)\Cypress\PSoC Creator\4.4\PSoC Creator\psoc\content\CyComponentLibrary\CyComponentLibrary.cylib\B_SPI_Slave_v2_70\B_SPI_Slave_v2_70.v'
Flattening file 'C:\Program Files (x86)\Cypress\PSoC Creator\4.4\PSoC Creator\warp\lib\common\cypress.v'
Flattening file 'C:\Program Files (x86)\Cypress\PSoC Creator\4.4\PSoC Creator\warp\lib\common\cy_psoc3_inc.v'
Flattening file 'C:\Program Files (x86)\Cypress\PSoC Creator\4.4\PSoC Creator\psoc\content\CyPrimitives\cyprimitives.cylib\cy_virtualmux_v1_0\cy_virtualmux_v1_0.v'
Flattening file 'C:\Program Files (x86)\Cypress\PSoC Creator\4.4\PSoC Creator\psoc\content\CyPrimitives\cyprimitives.cylib\not_v1_0\not_v1_0.v'

vpp:  No errors.

Library 'work' => directory 'lcpsoc3'
General_symbol_table
General_symbol_table
Linking 'C:\Program Files (x86)\Cypress\PSoC Creator\4.4\PSoC Creator\warp\lib\common\std.vhd'.
Linking 'C:\Program Files (x86)\Cypress\PSoC Creator\4.4\PSoC Creator\warp\lib\common\cypress.vhd'.
Linking 'C:\Program Files (x86)\Cypress\PSoC Creator\4.4\PSoC Creator\warp\lib\common\work\cypress.vif'.
Linking 'C:\Program Files (x86)\Cypress\PSoC Creator\4.4\PSoC Creator\warp\lib\ieee\work\stdlogic.vif'.
Linking 'C:\Program Files (x86)\Cypress\PSoC Creator\4.4\PSoC Creator\warp\lib\common\stdlogic\lpmpkg.vif'.
Linking 'C:\Program Files (x86)\Cypress\PSoC Creator\4.4\PSoC Creator\warp\lib\common\stdlogic\rtlpkg.vif'.
Linking 'C:\Program Files (x86)\Cypress\PSoC Creator\4.4\PSoC Creator\warp\lib\common\stdlogic\mod_cnst.vif'.
Linking 'C:\Program Files (x86)\Cypress\PSoC Creator\4.4\PSoC Creator\warp\lib\common\stdlogic\mod_mthv.vif'.
Linking 'C:\Program Files (x86)\Cypress\PSoC Creator\4.4\PSoC Creator\warp\lib\common\stdlogic\mod_genv.vif'.
Using control file 'Design01.ctl'.
Linking 'C:\Program Files (x86)\Cypress\PSoC Creator\4.4\PSoC Creator\warp\lib\common\stdlogic\cy_psoc3pkg.vif'.
Linking 'C:\Program Files (x86)\Cypress\PSoC Creator\4.4\PSoC Creator\warp\lib\common\stdlogic\cy_psoc3.vif'.

vlogfe:  No errors.


======================================================================
Compiling:  Design01.v
Program  :   tovif
Options  :    -yv2 -q10 -ygs -o2 -v3 -.fftcfgtype=LE -ya -.fftprj=C:\Users\raduf\OneDrive\Desktop\SemesterProjekt\B-CAC\SPI_Slave\Design01.cydsn\Design01.cyprj -dcpsoc3 -verilog Design01.v
======================================================================

tovif V6.3 IR 41:  High-level synthesis
Wed Nov 22 13:38:48 2023

Linking 'C:\Program Files (x86)\Cypress\PSoC Creator\4.4\PSoC Creator\warp\lib\common\std.vhd'.
Linking 'C:\Program Files (x86)\Cypress\PSoC Creator\4.4\PSoC Creator\warp\lib\common\cypress.vhd'.
Linking 'C:\Program Files (x86)\Cypress\PSoC Creator\4.4\PSoC Creator\warp\lib\common\work\cypress.vif'.
Linking 'C:\Program Files (x86)\Cypress\PSoC Creator\4.4\PSoC Creator\warp\lib\ieee\work\stdlogic.vif'.
Linking 'C:\Program Files (x86)\Cypress\PSoC Creator\4.4\PSoC Creator\warp\lib\common\stdlogic\lpmpkg.vif'.
Linking 'C:\Program Files (x86)\Cypress\PSoC Creator\4.4\PSoC Creator\warp\lib\common\stdlogic\rtlpkg.vif'.
Linking 'C:\Program Files (x86)\Cypress\PSoC Creator\4.4\PSoC Creator\warp\lib\common\stdlogic\mod_cnst.vif'.
Linking 'C:\Program Files (x86)\Cypress\PSoC Creator\4.4\PSoC Creator\warp\lib\common\stdlogic\mod_mthv.vif'.
Linking 'C:\Program Files (x86)\Cypress\PSoC Creator\4.4\PSoC Creator\warp\lib\common\stdlogic\mod_genv.vif'.
Linking 'C:\Users\raduf\OneDrive\Desktop\SemesterProjekt\B-CAC\SPI_Slave\Design01.cydsn\codegentemp\Design01.ctl'.
Linking 'C:\Program Files (x86)\Cypress\PSoC Creator\4.4\PSoC Creator\psoc\content\CyComponentLibrary\CyComponentLibrary.cylib\B_SPI_Slave_v2_70\B_SPI_Slave_v2_70.v'.
Linking 'C:\Program Files (x86)\Cypress\PSoC Creator\4.4\PSoC Creator\warp\lib\common\cypress.v'.
Linking 'C:\Program Files (x86)\Cypress\PSoC Creator\4.4\PSoC Creator\warp\lib\common\cy_psoc3_inc.v'.
Linking 'C:\Users\raduf\OneDrive\Desktop\SemesterProjekt\B-CAC\SPI_Slave\Design01.cydsn\codegentemp\Design01.v'.
Linking 'C:\Program Files (x86)\Cypress\PSoC Creator\4.4\PSoC Creator\psoc\content\CyPrimitives\cyprimitives.cylib\cy_virtualmux_v1_0\cy_virtualmux_v1_0.v'.
Linking 'C:\Program Files (x86)\Cypress\PSoC Creator\4.4\PSoC Creator\psoc\content\CyPrimitives\cyprimitives.cylib\not_v1_0\not_v1_0.v'.
Linking 'C:\Program Files (x86)\Cypress\PSoC Creator\4.4\PSoC Creator\warp\lib\common\stdlogic\cy_psoc3pkg.vif'.
Linking 'C:\Program Files (x86)\Cypress\PSoC Creator\4.4\PSoC Creator\warp\lib\common\stdlogic\cy_psoc3.vif'.

tovif:  No errors.


======================================================================
Compiling:  Design01.v
Program  :   topld
Options  :    -yv2 -q10 -ygs -o2 -v3 -.fftcfgtype=LE -ya -.fftprj=C:\Users\raduf\OneDrive\Desktop\SemesterProjekt\B-CAC\SPI_Slave\Design01.cydsn\Design01.cyprj -dcpsoc3 -verilog Design01.v
======================================================================

topld V6.3 IR 41:  Synthesis and optimization
Wed Nov 22 13:38:49 2023

Linking 'C:\Program Files (x86)\Cypress\PSoC Creator\4.4\PSoC Creator\warp\lib\common\std.vhd'.
Linking 'C:\Program Files (x86)\Cypress\PSoC Creator\4.4\PSoC Creator\warp\lib\common\cypress.vhd'.
Linking 'C:\Program Files (x86)\Cypress\PSoC Creator\4.4\PSoC Creator\warp\lib\common\work\cypress.vif'.
Linking 'C:\Program Files (x86)\Cypress\PSoC Creator\4.4\PSoC Creator\warp\lib\ieee\work\stdlogic.vif'.
Linking 'C:\Program Files (x86)\Cypress\PSoC Creator\4.4\PSoC Creator\warp\lib\common\stdlogic\lpmpkg.vif'.
Linking 'C:\Program Files (x86)\Cypress\PSoC Creator\4.4\PSoC Creator\warp\lib\common\stdlogic\rtlpkg.vif'.
Linking 'C:\Program Files (x86)\Cypress\PSoC Creator\4.4\PSoC Creator\warp\lib\common\stdlogic\mod_cnst.vif'.
Linking 'C:\Program Files (x86)\Cypress\PSoC Creator\4.4\PSoC Creator\warp\lib\common\stdlogic\mod_mthv.vif'.
Linking 'C:\Program Files (x86)\Cypress\PSoC Creator\4.4\PSoC Creator\warp\lib\common\stdlogic\mod_genv.vif'.
Linking 'C:\Users\raduf\OneDrive\Desktop\SemesterProjekt\B-CAC\SPI_Slave\Design01.cydsn\codegentemp\Design01.ctl'.
Linking 'C:\Program Files (x86)\Cypress\PSoC Creator\4.4\PSoC Creator\psoc\content\CyComponentLibrary\CyComponentLibrary.cylib\B_SPI_Slave_v2_70\B_SPI_Slave_v2_70.v'.
Linking 'C:\Program Files (x86)\Cypress\PSoC Creator\4.4\PSoC Creator\warp\lib\common\cypress.v'.
Linking 'C:\Program Files (x86)\Cypress\PSoC Creator\4.4\PSoC Creator\warp\lib\common\cy_psoc3_inc.v'.
Linking 'C:\Users\raduf\OneDrive\Desktop\SemesterProjekt\B-CAC\SPI_Slave\Design01.cydsn\codegentemp\Design01.v'.
Linking 'C:\Program Files (x86)\Cypress\PSoC Creator\4.4\PSoC Creator\psoc\content\CyPrimitives\cyprimitives.cylib\cy_virtualmux_v1_0\cy_virtualmux_v1_0.v'.
Linking 'C:\Program Files (x86)\Cypress\PSoC Creator\4.4\PSoC Creator\psoc\content\CyPrimitives\cyprimitives.cylib\not_v1_0\not_v1_0.v'.
Linking 'C:\Program Files (x86)\Cypress\PSoC Creator\4.4\PSoC Creator\warp\lib\common\stdlogic\cy_psoc3pkg.vif'.
Linking 'C:\Program Files (x86)\Cypress\PSoC Creator\4.4\PSoC Creator\warp\lib\common\stdlogic\cy_psoc3.vif'.
Linking 'C:\Program Files (x86)\Cypress\PSoC Creator\4.4\PSoC Creator\warp\lib\lcpsoc3\stdlogic\cpsoc3.vif'.

----------------------------------------------------------
Detecting unused logic.
----------------------------------------------------------
    User names
	\SPIS_2:BSPIS:dpMISO_fifo_not_empty\
	\SPIS_2:BSPIS:control_7\
	\SPIS_2:BSPIS:control_6\
	\SPIS_2:BSPIS:control_5\
	\SPIS_2:BSPIS:control_4\
	\SPIS_2:BSPIS:control_3\
	\SPIS_2:BSPIS:control_2\
	\SPIS_2:BSPIS:control_1\
	\SPIS_2:BSPIS:control_0\
	\SPIS_2:Net_182\
	\SPIS_2:BSPIS:dpcounter_zero\
	Net_21


Deleted 12 User equations/components.
Deleted 0 Synthesized equations/components.

------------------------------------------------------
Alias Detection
------------------------------------------------------
Aliasing one to tmpOE__MOSI_1_net_0
Aliasing tmpOE__SCLK_1_net_0 to tmpOE__MOSI_1_net_0
Aliasing tmpOE__MISO_1_net_0 to tmpOE__MOSI_1_net_0
Aliasing tmpOE__SS_1_net_0 to tmpOE__MOSI_1_net_0
Aliasing \SPIS_2:BSPIS:tx_status_5\ to zero
Aliasing \SPIS_2:BSPIS:tx_status_4\ to zero
Aliasing \SPIS_2:BSPIS:tx_status_3\ to zero
Aliasing \SPIS_2:BSPIS:rx_status_2\ to zero
Aliasing \SPIS_2:BSPIS:rx_status_1\ to zero
Aliasing \SPIS_2:BSPIS:rx_status_0\ to zero
Aliasing \SPIS_2:BSPIS:reset\ to zero
Aliasing \SPIS_2:BSPIS:sR8:Dp:cs_addr_1\ to zero
Aliasing tmpOE__LED_1_net_0 to tmpOE__MOSI_1_net_0
Aliasing tmpOE__Button_1_net_0 to tmpOE__MOSI_1_net_0
Removing Lhs of wire one[12] = tmpOE__MOSI_1_net_0[7]
Removing Lhs of wire tmpOE__SCLK_1_net_0[15] = tmpOE__MOSI_1_net_0[7]
Removing Lhs of wire tmpOE__MISO_1_net_0[21] = tmpOE__MOSI_1_net_0[7]
Removing Lhs of wire tmpOE__SS_1_net_0[28] = tmpOE__MOSI_1_net_0[7]
Removing Lhs of wire \SPIS_2:BSPIS:cnt_reset\[33] = Net_18[29]
Removing Rhs of wire \SPIS_2:BSPIS:tx_load\[35] = \SPIS_2:BSPIS:load\[36]
Removing Rhs of wire \SPIS_2:BSPIS:tx_load\[35] = \SPIS_2:BSPIS:dpcounter_one\[53]
Removing Lhs of wire \SPIS_2:BSPIS:prc_clk_src\[43] = Net_17[16]
Removing Rhs of wire \SPIS_2:Net_81\[46] = \SPIS_2:Net_176\[135]
Removing Lhs of wire \SPIS_2:BSPIS:tx_status_2\[65] = \SPIS_2:BSPIS:miso_tx_empty_reg_fin\[56]
Removing Rhs of wire \SPIS_2:BSPIS:tx_status_1\[66] = \SPIS_2:BSPIS:dpMISO_fifo_not_full\[67]
Removing Lhs of wire \SPIS_2:BSPIS:tx_status_6\[68] = \SPIS_2:BSPIS:byte_complete\[37]
Removing Lhs of wire \SPIS_2:BSPIS:rx_status_3\[71] = \SPIS_2:BSPIS:dpMOSI_fifo_not_empty\[70]
Removing Lhs of wire \SPIS_2:BSPIS:rx_status_5\[72] = \SPIS_2:BSPIS:rx_buf_overrun\[40]
Removing Lhs of wire \SPIS_2:BSPIS:rx_status_6\[73] = \SPIS_2:BSPIS:dpMOSI_fifo_full_reg\[61]
Removing Lhs of wire \SPIS_2:BSPIS:tx_status_5\[74] = zero[8]
Removing Lhs of wire \SPIS_2:BSPIS:tx_status_4\[75] = zero[8]
Removing Lhs of wire \SPIS_2:BSPIS:tx_status_3\[76] = zero[8]
Removing Lhs of wire \SPIS_2:BSPIS:rx_status_2\[77] = zero[8]
Removing Lhs of wire \SPIS_2:BSPIS:rx_status_1\[78] = zero[8]
Removing Lhs of wire \SPIS_2:BSPIS:rx_status_0\[79] = zero[8]
Removing Lhs of wire \SPIS_2:BSPIS:mosi_fin\[80] = \SPIS_2:Net_75\[81]
Removing Lhs of wire \SPIS_2:Net_75\[81] = Net_16[9]
Removing Lhs of wire \SPIS_2:BSPIS:reset\[106] = zero[8]
Removing Lhs of wire \SPIS_2:BSPIS:sR8:Dp:cs_addr_1\[107] = zero[8]
Removing Lhs of wire tmpOE__LED_1_net_0[139] = tmpOE__MOSI_1_net_0[7]
Removing Lhs of wire tmpOE__Button_1_net_0[147] = tmpOE__MOSI_1_net_0[7]
Removing Lhs of wire \SPIS_2:BSPIS:dpcounter_one_reg\\D\[156] = \SPIS_2:BSPIS:dpcounter_one_fin\[38]
Removing Lhs of wire \SPIS_2:BSPIS:mosi_buf_overrun_fin\\D\[157] = \SPIS_2:BSPIS:mosi_buf_overrun_reg\[41]
Removing Lhs of wire \SPIS_2:BSPIS:mosi_tmp\\D\[158] = Net_16[9]

------------------------------------------------------
Aliased 0 equations, 30 wires.
------------------------------------------------------

----------------------------------------------------------
Circuit simplification
----------------------------------------------------------

Substituting virtuals - pass 1:

Note:  Expanding virtual equation for '\SPIS_2:BSPIS:tx_load\' (cost = 6):
\SPIS_2:BSPIS:tx_load\ <= ((not \SPIS_2:BSPIS:count_3\ and not \SPIS_2:BSPIS:count_2\ and not \SPIS_2:BSPIS:count_1\ and \SPIS_2:BSPIS:count_0\));

Note:  Expanding virtual equation for '\SPIS_2:BSPIS:byte_complete\' (cost = 1):
\SPIS_2:BSPIS:byte_complete\ <= ((not \SPIS_2:BSPIS:dpcounter_one_reg\ and \SPIS_2:BSPIS:dpcounter_one_fin\));


Substituting virtuals - pass 2:


----------------------------------------------------------
Circuit simplification results:

	Expanded 2 signals.
	Turned 0 signals into soft nodes.
	Maximum default expansion cost was set at 3.
----------------------------------------------------------

------------------------------------------------------
Alias Detection
------------------------------------------------------

------------------------------------------------------
Aliased 0 equations, 0 wires.
------------------------------------------------------

Last attempt to remove unused logic - pass 1:


Last attempt to remove unused logic - pass 2:


topld:  No errors.

CYPRESS_DIR    : C:\Program Files (x86)\Cypress\PSoC Creator\4.4\PSoC Creator\warp
Warp Program   : C:\Program Files (x86)\Cypress\PSoC Creator\4.4\PSoC Creator\warp\bin\warp.exe
Warp Arguments : -yv2 -q10 -ygs -o2 -v3 -.fftcfgtype=LE -ya -.fftprj=C:\Users\raduf\OneDrive\Desktop\SemesterProjekt\B-CAC\SPI_Slave\Design01.cydsn\Design01.cyprj -dcpsoc3 Design01.v -verilog
</CYPRESSTAG>
Warp synthesis phase: Elapsed time ==> 3s.232ms
<CYPRESSTAG name="Fitter results...">
<CYPRESSTAG name="Fitter startup details...">
cyp3fit: V4.4.0.80, Family: PSoC3, Started at: Wednesday, 22 November 2023 13:38:49
Options: -yv2 -q10 -ygs -o2 -v3 -.fftcfgtype=LE -ya -.fftprj=C:\Users\raduf\OneDrive\Desktop\SemesterProjekt\B-CAC\SPI_Slave\Design01.cydsn\Design01.cyprj -d CY8C5888LTI-LP097 Design01.v -verilog
</CYPRESSTAG>
<CYPRESSTAG name="Design parsing">
Design parsing phase: Elapsed time ==> 0s.024ms
</CYPRESSTAG>
<CYPRESSTAG name="Tech Mapping">
<CYPRESSTAG name="Initial Mapping" icon="FILE_RPT_TECHM">
<CYPRESSTAG name="Global Clock Selection" icon="FILE_RPT_TECHM">
    Digital Clock 0: Automatic-assigning  clock 'SPIS_2_IntClock'. Fanout=1, Signal=\SPIS_2:Net_81\
</CYPRESSTAG>

Removing unused cells resulting from optimization
Done removing unused cells.
<CYPRESSTAG name="UDB Clock/Enable Remapping Results">
    UDB Clk/Enable \SPIS_2:BSPIS:ClkEn\: with output requested to be synchronous
        ClockIn: SPIS_2_IntClock was determined to be a global clock that is synchronous to BUS_CLK
        EnableIn: Constant 1 was determined to be synchronous to ClockIn
        ClockOut: SPIS_2_IntClock, EnableOut: Constant 1
    UDB Clk/Enable \SPIS_2:BSPIS:PrcClkEn\: with output requested to be asynchronous
        ClockIn: SCLK_1(0):iocell.fb was determined to be a routed clock that is asynchronous
        EnableIn: Constant 1 was determined to be synchronous to ClockIn
        ClockOut: SCLK_1(0):iocell.fb, EnableOut: Constant 1
    UDB Clk/Enable \SPIS_2:BSPIS:DpClkEn\: with output requested to be asynchronous
        ClockIn: SCLK_1(0):iocell.fb was determined to be a routed clock that is asynchronous
        EnableIn: Constant 1 was determined to be synchronous to ClockIn
        ClockOut: SCLK_1(0):iocell.fb, EnableOut: Constant 1
</CYPRESSTAG>

Removing unused cells resulting from optimization
Done removing unused cells.
<CYPRESSTAG name="Duplicate Macrocell detection">
</CYPRESSTAG>
</CYPRESSTAG>
<CYPRESSTAG name="Duplicate Macrocell detection">
</CYPRESSTAG>
<CYPRESSTAG name="Design Equations" icon="FILE_RPT_EQUATION">

------------------------------------------------------------
Design Equations
------------------------------------------------------------
    <CYPRESSTAG name="Pin listing">

    ------------------------------------------------------------
    Pin listing
    ------------------------------------------------------------

    Pin : Name = MOSI_1(0)
        Attributes:
            In Group/Port: True
            In Sync Option: NOSYNC
            Out Sync Option: AUTO
            Interrupt generated: False
            Interrupt mode: NONE
            Drive mode: HI_Z_DIGITAL
            VTrip: CMOS
            Slew: FAST
            Input Sync needed: False
            Output Sync needed: False
            SC shield enabled: False
            POR State: ANY
            LCD Mode: COMMON
            Register Mode: RegComb
            CaSense Mode: NEITHER
            Treat as pin: True
            Is OE Registered: False
            Uses Analog: False
            Can contain Digital: True
            Is SIO: False
            SIO Output Buf: NONREGULATED
            SIO Input Buf: SINGLE_ENDED
            SIO HiFreq: LOW
            SIO Hyst: DISABLED
            SIO Vtrip: MULTIPLIER_0_5
            SIO Multiplier Index: 0
            SIO RefSel: VCC_IO
            Required Capabilities: DIGITAL, ROUTABLE
            Initial Value: 0
            IO Voltage: 0
        PORT MAP (
            pa_out => MOSI_1(0)__PA ,
            fb => Net_16 ,
            pad => MOSI_1(0)_PAD );
        Properties:
        {
        }

    Pin : Name = SCLK_1(0)
        Attributes:
            In Group/Port: True
            In Sync Option: NOSYNC
            Out Sync Option: AUTO
            Interrupt generated: False
            Interrupt mode: NONE
            Drive mode: HI_Z_DIGITAL
            VTrip: CMOS
            Slew: FAST
            Input Sync needed: False
            Output Sync needed: False
            SC shield enabled: False
            POR State: ANY
            LCD Mode: COMMON
            Register Mode: RegComb
            CaSense Mode: NEITHER
            Treat as pin: True
            Is OE Registered: False
            Uses Analog: False
            Can contain Digital: True
            Is SIO: False
            SIO Output Buf: NONREGULATED
            SIO Input Buf: SINGLE_ENDED
            SIO HiFreq: LOW
            SIO Hyst: DISABLED
            SIO Vtrip: MULTIPLIER_0_5
            SIO Multiplier Index: 0
            SIO RefSel: VCC_IO
            Required Capabilities: DIGITAL, ROUTABLE
            Initial Value: 0
            IO Voltage: 0
        PORT MAP (
            pa_out => SCLK_1(0)__PA ,
            fb => Net_17 ,
            pad => SCLK_1(0)_PAD );
        Properties:
        {
        }

    Pin : Name = MISO_1(0)
        Attributes:
            In Group/Port: True
            In Sync Option: AUTO
            Out Sync Option: NOSYNC
            Interrupt generated: False
            Interrupt mode: NONE
            Drive mode: CMOS_OUT
            VTrip: EITHER
            Slew: FAST
            Input Sync needed: False
            Output Sync needed: False
            SC shield enabled: False
            POR State: ANY
            LCD Mode: COMMON
            Register Mode: RegComb
            CaSense Mode: NEITHER
            Treat as pin: True
            Is OE Registered: False
            Uses Analog: False
            Can contain Digital: True
            Is SIO: False
            SIO Output Buf: NONREGULATED
            SIO Input Buf: SINGLE_ENDED
            SIO HiFreq: LOW
            SIO Hyst: DISABLED
            SIO Vtrip: MULTIPLIER_0_5
            SIO Multiplier Index: 0
            SIO RefSel: VCC_IO
            Required Capabilities: DIGITAL, ROUTABLE
            Initial Value: 0
            IO Voltage: 0
        PORT MAP (
            pa_out => MISO_1(0)__PA ,
            pin_input => Net_20 ,
            pad => MISO_1(0)_PAD );
        Properties:
        {
        }

    Pin : Name = SS_1(0)
        Attributes:
            In Group/Port: True
            In Sync Option: NOSYNC
            Out Sync Option: AUTO
            Interrupt generated: False
            Interrupt mode: NONE
            Drive mode: HI_Z_DIGITAL
            VTrip: CMOS
            Slew: FAST
            Input Sync needed: False
            Output Sync needed: False
            SC shield enabled: False
            POR State: ANY
            LCD Mode: COMMON
            Register Mode: RegComb
            CaSense Mode: NEITHER
            Treat as pin: True
            Is OE Registered: False
            Uses Analog: False
            Can contain Digital: True
            Is SIO: False
            SIO Output Buf: NONREGULATED
            SIO Input Buf: SINGLE_ENDED
            SIO HiFreq: LOW
            SIO Hyst: DISABLED
            SIO Vtrip: MULTIPLIER_0_5
            SIO Multiplier Index: 0
            SIO RefSel: VCC_IO
            Required Capabilities: DIGITAL, ROUTABLE
            Initial Value: 0
            IO Voltage: 0
        PORT MAP (
            pa_out => SS_1(0)__PA ,
            fb => Net_18 ,
            pad => SS_1(0)_PAD );
        Properties:
        {
        }

    Pin : Name = LED_1(0)
        Attributes:
            In Group/Port: True
            In Sync Option: AUTO
            Out Sync Option: NOSYNC
            Interrupt generated: False
            Interrupt mode: NONE
            Drive mode: CMOS_OUT
            VTrip: EITHER
            Slew: FAST
            Input Sync needed: False
            Output Sync needed: False
            SC shield enabled: False
            POR State: ANY
            LCD Mode: COMMON
            Register Mode: RegComb
            CaSense Mode: NEITHER
            Treat as pin: True
            Is OE Registered: False
            Uses Analog: False
            Can contain Digital: True
            Is SIO: False
            SIO Output Buf: NONREGULATED
            SIO Input Buf: SINGLE_ENDED
            SIO HiFreq: LOW
            SIO Hyst: DISABLED
            SIO Vtrip: MULTIPLIER_0_5
            SIO Multiplier Index: 0
            SIO RefSel: VCC_IO
            Required Capabilities: DIGITAL
            Initial Value: 1
            IO Voltage: 0
        PORT MAP (
            pa_out => LED_1(0)__PA ,
            annotation => Net_27 ,
            pad => LED_1(0)_PAD );
        Properties:
        {
        }

    Pin : Name = Button_1(0)
        Attributes:
            In Group/Port: True
            In Sync Option: SYNC
            Out Sync Option: AUTO
            Interrupt generated: False
            Interrupt mode: NONE
            Drive mode: RES_PULL_UP
            VTrip: CMOS
            Slew: FAST
            Input Sync needed: True
            Output Sync needed: False
            SC shield enabled: False
            POR State: ANY
            LCD Mode: COMMON
            Register Mode: RegComb
            CaSense Mode: NEITHER
            Treat as pin: True
            Is OE Registered: False
            Uses Analog: False
            Can contain Digital: True
            Is SIO: False
            SIO Output Buf: NONREGULATED
            SIO Input Buf: SINGLE_ENDED
            SIO HiFreq: LOW
            SIO Hyst: DISABLED
            SIO Vtrip: MULTIPLIER_0_5
            SIO Multiplier Index: 0
            SIO RefSel: VCC_IO
            Required Capabilities: DIGITAL, ROUTABLE
            Initial Value: 1
            IO Voltage: 0
        PORT MAP (
            pa_out => Button_1(0)__PA ,
            annotation => Net_31 ,
            pad => Button_1(0)_PAD );
        Properties:
        {
        }
    </CYPRESSTAG>
    <CYPRESSTAG name="Macrocell listing" icon="FILE_RPT_EQUATION">

    ------------------------------------------------------------
    Macrocell listing
    ------------------------------------------------------------

    MacroCell: Name=\SPIS_2:BSPIS:inv_ss\, Mode=(Combinatorial)
        Total # of inputs        : 1
        Total # of product terms : 1
            Clock Enable: True
        Main Equation            : 1 pterm
        (
              !Net_18
        );
        Output = \SPIS_2:BSPIS:inv_ss\ (fanout=2)

    MacroCell: Name=\SPIS_2:BSPIS:tx_load\, Mode=(Combinatorial)
        Total # of inputs        : 4
        Total # of product terms : 1
            Clock Enable: True
        Main Equation            : 1 pterm
        (
              !\SPIS_2:BSPIS:count_3\ * !\SPIS_2:BSPIS:count_2\ * 
              !\SPIS_2:BSPIS:count_1\ * \SPIS_2:BSPIS:count_0\
        );
        Output = \SPIS_2:BSPIS:tx_load\ (fanout=3)

    MacroCell: Name=\SPIS_2:BSPIS:byte_complete\, Mode=(Combinatorial)
        Total # of inputs        : 2
        Total # of product terms : 1
            Clock Enable: True
        Main Equation            : 1 pterm
        (
              \SPIS_2:BSPIS:dpcounter_one_fin\ * 
              !\SPIS_2:BSPIS:dpcounter_one_reg\
        );
        Output = \SPIS_2:BSPIS:byte_complete\ (fanout=1)

    MacroCell: Name=\SPIS_2:BSPIS:rx_buf_overrun\, Mode=(Combinatorial)
        Total # of inputs        : 2
        Total # of product terms : 1
            Clock Enable: True
        Main Equation            : 1 pterm
        (
              \SPIS_2:BSPIS:mosi_buf_overrun_reg\ * 
              !\SPIS_2:BSPIS:mosi_buf_overrun_fin\
        );
        Output = \SPIS_2:BSPIS:rx_buf_overrun\ (fanout=1)

    MacroCell: Name=Net_20, Mode=(Combinatorial)
        Total # of inputs        : 2
        Total # of product terms : 1
            Clock Enable: True
        Main Equation            : 1 pterm
        (
              !Net_18 * \SPIS_2:BSPIS:miso_from_dp\
        );
        Output = Net_20 (fanout=1)

    MacroCell: Name=\SPIS_2:BSPIS:mosi_buf_overrun\, Mode=(Combinatorial)
        Total # of inputs        : 5
        Total # of product terms : 1
            Clock Enable: True
        Main Equation            : 1 pterm
        (
              \SPIS_2:BSPIS:dpMOSI_fifo_full\ * !\SPIS_2:BSPIS:count_3\ * 
              !\SPIS_2:BSPIS:count_2\ * !\SPIS_2:BSPIS:count_1\ * 
              \SPIS_2:BSPIS:count_0\
        );
        Output = \SPIS_2:BSPIS:mosi_buf_overrun\ (fanout=1)

    MacroCell: Name=\SPIS_2:BSPIS:tx_status_0\, Mode=(Combinatorial)
        Total # of inputs        : 3
        Total # of product terms : 1
            Clock Enable: True
        Main Equation            : 1 pterm
        (
              \SPIS_2:BSPIS:dpcounter_one_fin\ * 
              !\SPIS_2:BSPIS:dpcounter_one_reg\ * 
              \SPIS_2:BSPIS:miso_tx_empty_reg_fin\
        );
        Output = \SPIS_2:BSPIS:tx_status_0\ (fanout=1)

    MacroCell: Name=\SPIS_2:BSPIS:rx_status_4\, Mode=(Combinatorial)
        Total # of inputs        : 1
        Total # of product terms : 1
            Clock Enable: True
        Main Equation            : 1 pterm
        (
              !\SPIS_2:BSPIS:dpMOSI_fifo_not_empty\
        );
        Output = \SPIS_2:BSPIS:rx_status_4\ (fanout=1)

    MacroCell: Name=\SPIS_2:BSPIS:mosi_to_dp\, Mode=(Combinatorial)
        Total # of inputs        : 6
        Total # of product terms : 5
            Clock Enable: True
        Main Equation            : 5 pterms
        (
              Net_16 * !\SPIS_2:BSPIS:count_3\ * !\SPIS_2:BSPIS:count_2\ * 
              !\SPIS_2:BSPIS:count_1\ * \SPIS_2:BSPIS:count_0\
            + \SPIS_2:BSPIS:count_3\ * \SPIS_2:BSPIS:mosi_tmp\
            + \SPIS_2:BSPIS:count_2\ * \SPIS_2:BSPIS:mosi_tmp\
            + \SPIS_2:BSPIS:count_1\ * \SPIS_2:BSPIS:mosi_tmp\
            + !\SPIS_2:BSPIS:count_0\ * \SPIS_2:BSPIS:mosi_tmp\
        );
        Output = \SPIS_2:BSPIS:mosi_to_dp\ (fanout=1)

    MacroCell: Name=\SPIS_2:BSPIS:dpcounter_one_reg\, Mode=(D-Register)
        Total # of inputs        : 1
        Total # of product terms : 1
        List of special equations: 
            Clock  = (\SPIS_2:Net_81\) => Global
            Clock Enable: True
        Main Equation            : 1 pterm
        (
              \SPIS_2:BSPIS:dpcounter_one_fin\
        );
        Output = \SPIS_2:BSPIS:dpcounter_one_reg\ (fanout=2)

    MacroCell: Name=\SPIS_2:BSPIS:mosi_buf_overrun_fin\, Mode=(D-Register)
        Total # of inputs        : 1
        Total # of product terms : 1
        List of special equations: 
            Clock  = (\SPIS_2:Net_81\) => Global
            Clock Enable: True
        Main Equation            : 1 pterm
        (
              \SPIS_2:BSPIS:mosi_buf_overrun_reg\
        );
        Output = \SPIS_2:BSPIS:mosi_buf_overrun_fin\ (fanout=1)

    MacroCell: Name=\SPIS_2:BSPIS:mosi_tmp\, Mode=(D-Register)
        Total # of inputs        : 1
        Total # of product terms : 1
        List of special equations: 
            Clock  = (Net_17)
            Clock Enable: True
        Main Equation            : 1 pterm
        (
              Net_16
        );
        Output = \SPIS_2:BSPIS:mosi_tmp\ (fanout=1)
    </CYPRESSTAG>
    <CYPRESSTAG name="Datapath listing">

    ------------------------------------------------------------
    Datapath listing
    ------------------------------------------------------------

    datapathcell: Name =\SPIS_2:BSPIS:sR8:Dp:u0\
        PORT MAP (
            clock => Net_17 ,
            cs_addr_2 => \SPIS_2:BSPIS:inv_ss\ ,
            cs_addr_0 => \SPIS_2:BSPIS:tx_load\ ,
            route_si => \SPIS_2:BSPIS:mosi_to_dp\ ,
            f1_load => \SPIS_2:BSPIS:tx_load\ ,
            so_comb => \SPIS_2:BSPIS:miso_from_dp\ ,
            f0_bus_stat_comb => \SPIS_2:BSPIS:tx_status_1\ ,
            f0_blk_stat_comb => \SPIS_2:BSPIS:dpMISO_fifo_empty\ ,
            f1_bus_stat_comb => \SPIS_2:BSPIS:dpMOSI_fifo_not_empty\ ,
            f1_blk_stat_comb => \SPIS_2:BSPIS:dpMOSI_fifo_full\ );
        Properties:
        {
            a0_init = "00000000"
            a1_init = "00000000"
            ce0_sync = 1
            ce1_sync = 1
            cl0_sync = 1
            cl1_sync = 1
            cmsb_sync = 1
            co_msb_sync = 1
            cy_dpconfig = "0000000000000000000000000000000000000000000000000000000000000000000000010100000000000001110000000000000000000000000000000000000011111111111111111111111111111111000000000010001000001100111100000001000010001100"
            d0_init = "00000000"
            d1_init = "00000000"
            f0_blk_sync = 1
            f0_bus_sync = 1
            f1_blk_sync = 1
            f1_bus_sync = 1
            ff0_sync = 1
            ff1_sync = 1
            ov_msb_sync = 1
            so_sync = 1
            z0_sync = 1
            z1_sync = 1
        }
        Clock Polarity: Active Low
        Clock Enable: True
    </CYPRESSTAG>
    <CYPRESSTAG name="Status register listing">
    </CYPRESSTAG>
    <CYPRESSTAG name="StatusI register listing">

    ------------------------------------------------------------
    StatusI register listing
    ------------------------------------------------------------

    statusicell: Name =\SPIS_2:BSPIS:TxStsReg\
        PORT MAP (
            clock => \SPIS_2:Net_81\ ,
            status_6 => \SPIS_2:BSPIS:byte_complete\ ,
            status_2 => \SPIS_2:BSPIS:miso_tx_empty_reg_fin\ ,
            status_1 => \SPIS_2:BSPIS:tx_status_1\ ,
            status_0 => \SPIS_2:BSPIS:tx_status_0\ );
        Properties:
        {
            cy_force_order = 1
            cy_int_mask = "1111111"
            cy_md_select = "1000001"
        }
        Clock Polarity: Active High
        Clock Enable: True

    statusicell: Name =\SPIS_2:BSPIS:RxStsReg\
        PORT MAP (
            clock => \SPIS_2:Net_81\ ,
            status_6 => \SPIS_2:BSPIS:dpMOSI_fifo_full_reg\ ,
            status_5 => \SPIS_2:BSPIS:rx_buf_overrun\ ,
            status_4 => \SPIS_2:BSPIS:rx_status_4\ ,
            status_3 => \SPIS_2:BSPIS:dpMOSI_fifo_not_empty\ ,
            interrupt => Net_19 );
        Properties:
        {
            cy_force_order = 1
            cy_int_mask = "1111111"
            cy_md_select = "0100000"
        }
        Clock Polarity: Active High
        Clock Enable: True
    </CYPRESSTAG>
    <CYPRESSTAG name="Sync listing">

    ------------------------------------------------------------
    Sync listing
    ------------------------------------------------------------

    synccell: Name =\SPIS_2:BSPIS:sync_1\
        PORT MAP (
            clock => \SPIS_2:Net_81\ ,
            in => \SPIS_2:BSPIS:tx_load\ ,
            out => \SPIS_2:BSPIS:dpcounter_one_fin\ );
        Clock Polarity: Active High
        Clock Enable: True

    synccell: Name =\SPIS_2:BSPIS:sync_2\
        PORT MAP (
            clock => \SPIS_2:Net_81\ ,
            in => \SPIS_2:BSPIS:dpMISO_fifo_empty\ ,
            out => \SPIS_2:BSPIS:miso_tx_empty_reg_fin\ );
        Clock Polarity: Active High
        Clock Enable: True

    synccell: Name =\SPIS_2:BSPIS:sync_3\
        PORT MAP (
            clock => \SPIS_2:Net_81\ ,
            in => \SPIS_2:BSPIS:mosi_buf_overrun\ ,
            out => \SPIS_2:BSPIS:mosi_buf_overrun_reg\ );
        Clock Polarity: Active High
        Clock Enable: True

    synccell: Name =\SPIS_2:BSPIS:sync_4\
        PORT MAP (
            clock => \SPIS_2:Net_81\ ,
            in => \SPIS_2:BSPIS:dpMOSI_fifo_full\ ,
            out => \SPIS_2:BSPIS:dpMOSI_fifo_full_reg\ );
        Clock Polarity: Active High
        Clock Enable: True
    </CYPRESSTAG>
    <CYPRESSTAG name="Control register listing">
    </CYPRESSTAG>
    <CYPRESSTAG name="Count7 listing">

    ------------------------------------------------------------
    Count7 listing
    ------------------------------------------------------------

    count7cell: Name =\SPIS_2:BSPIS:BitCounter\
        PORT MAP (
            clock => Net_17 ,
            reset => Net_18 ,
            enable => \SPIS_2:BSPIS:inv_ss\ ,
            count_6 => \SPIS_2:BSPIS:count_6\ ,
            count_5 => \SPIS_2:BSPIS:count_5\ ,
            count_4 => \SPIS_2:BSPIS:count_4\ ,
            count_3 => \SPIS_2:BSPIS:count_3\ ,
            count_2 => \SPIS_2:BSPIS:count_2\ ,
            count_1 => \SPIS_2:BSPIS:count_1\ ,
            count_0 => \SPIS_2:BSPIS:count_0\ );
        Properties:
        {
            cy_alt_mode = 0
            cy_init_value = "0000000"
            cy_period = "0000111"
            cy_route_en = 1
            cy_route_ld = 0
        }
        Clock Polarity: Active Low
        Clock Enable: True
    </CYPRESSTAG>
    <CYPRESSTAG name="DRQ listing">
    </CYPRESSTAG>
    <CYPRESSTAG name="Interrupt listing">

    ------------------------------------------------------------
    Interrupt listing
    ------------------------------------------------------------

    interrupt: Name =SPI_RX_ISR
        PORT MAP (
            interrupt => Net_19 );
        Properties:
        {
            int_type = "10"
            is_nmi = 0
        }
    </CYPRESSTAG>
</CYPRESSTAG>
<CYPRESSTAG name="Technology mapping summary" expanded>

------------------------------------------------------------
Technology mapping summary
------------------------------------------------------------

Resource Type                 : Used : Free :  Max :  % Used
============================================================
Digital Clocks                :    1 :    7 :    8 : 12.50 %
Analog Clocks                 :    0 :    4 :    4 :  0.00 %
CapSense Buffers              :    0 :    2 :    2 :  0.00 %
Digital Filter Block          :    0 :    1 :    1 :  0.00 %
Interrupts                    :    1 :   31 :   32 :  3.13 %
IO                            :    9 :   39 :   48 : 18.75 %
Segment LCD                   :    0 :    1 :    1 :  0.00 %
CAN 2.0b                      :    0 :    1 :    1 :  0.00 %
I2C                           :    0 :    1 :    1 :  0.00 %
USB                           :    0 :    1 :    1 :  0.00 %
DMA Channels                  :    0 :   24 :   24 :  0.00 %
Timer                         :    0 :    4 :    4 :  0.00 %
UDB                           :      :      :      :        
  Macrocells                  :   12 :  180 :  192 :  6.25 %
  Unique P-terms              :   16 :  368 :  384 :  4.17 %
  Total P-terms               :   16 :      :      :        
  Datapath Cells              :    1 :   23 :   24 :  4.17 %
  Status Cells                :    4 :   20 :   24 : 16.67 %
    StatusI Registers         :    2 :      :      :        
    Sync Cells (x4)           :    1 :      :      :        
    Routed Count7 Load/Enable :    1 :      :      :        
  Control Cells               :    1 :   23 :   24 :  4.17 %
    Count7 Cells              :    1 :      :      :        
Opamp                         :    0 :    4 :    4 :  0.00 %
Comparator                    :    0 :    4 :    4 :  0.00 %
Delta-Sigma ADC               :    0 :    1 :    1 :  0.00 %
LPF                           :    0 :    2 :    2 :  0.00 %
SAR ADC                       :    0 :    2 :    2 :  0.00 %
Analog (SC/CT) Blocks         :    0 :    4 :    4 :  0.00 %
DAC                           :      :      :      :        
  VIDAC                       :    0 :    4 :    4 :  0.00 %
</CYPRESSTAG>
Technology Mapping: Elapsed time ==> 0s.054ms
Tech Mapping phase: Elapsed time ==> 0s.112ms
</CYPRESSTAG>
<CYPRESSTAG name="Analog Placement">
Initial Analog Placement Results:
IO_2@[IOP=(2)][IoId=(2)] : Button_1(0) (fixed)
IO_1@[IOP=(2)][IoId=(1)] : LED_1(0) (fixed)
IO_6@[IOP=(1)][IoId=(6)] : MISO_1(0) (fixed)
IO_7@[IOP=(1)][IoId=(7)] : MOSI_1(0) (fixed)
IO_0@[IOP=(2)][IoId=(0)] : SCLK_1(0) (fixed)
IO_4@[IOP=(15)][IoId=(4)] : SS_1(0) (fixed)
Analog Placement phase: Elapsed time ==> 0s.024ms
</CYPRESSTAG>
<CYPRESSTAG name="Analog Routing">
Analog Routing phase: Elapsed time ==> 0s.000ms
</CYPRESSTAG>
<CYPRESSTAG name="Analog Code Generation">
============ Analog Final Answer Routes ============
Dump of CyAnalogRoutingResultsDB
Map of net to items {
}
Map of item to net {
}
Mux Info {
}
Dump of CyP35AnalogRoutingResultsDB
IsVddaHalfUsedForComp = False
IsVddaHalfUsedForSar0 = False
IsVddaHalfUsedForSar1 = False
Analog Code Generation phase: Elapsed time ==> 0s.156ms
</CYPRESSTAG>
<CYPRESSTAG name="Digital Placement">
<CYPRESSTAG name="Detailed placement messages">
I2076: Total run-time: 0.6 sec.

</CYPRESSTAG>
<CYPRESSTAG name="PLD Packing">
<CYPRESSTAG name="PLD Packing Summary" expanded>

------------------------------------------------------------
PLD Packing Summary
------------------------------------------------------------
            Resource Type : Used : Free :  Max :  % Used
    ====================================================
                     PLDs :    5 :   43 :   48 :  10.42%

<CYPRESSTAG name="PLD Statistics">

        PLD Resource Type :     Average/LAB
    =======================================
                   Inputs :            5.00
                   Pterms :            3.20
               Macrocells :            2.40
</CYPRESSTAG>
<CYPRESSTAG name="Packed PLD Contents">
Packed PLD Contents not displayed at this verbose level.</CYPRESSTAG>
</CYPRESSTAG>
PLD Packing: Elapsed time ==> 0s.003ms
</CYPRESSTAG>
<CYPRESSTAG name="Partitioning">
<CYPRESSTAG name="Initial Partitioning Summary">
Initial Partitioning Summary not displayed at this verbose level.</CYPRESSTAG>
<CYPRESSTAG name="Final Partitioning Summary">
Final Partitioning Summary not displayed at this verbose level.</CYPRESSTAG>
Partitioning: Elapsed time ==> 0s.023ms
</CYPRESSTAG>
<CYPRESSTAG name="Final Placement Summary">

------------------------------------------------------------
Final Placement Summary
------------------------------------------------------------

       Resource Type :      Count : Avg Inputs : Avg Outputs
    ========================================================
                 UDB :          4 :       5.00 :       3.00
<CYPRESSTAG name="Final Placement Details">
<CYPRESSTAG name="Component Details">

------------------------------------------------------------
Component Placement Details
------------------------------------------------------------
UDB [UDB=(0,0)] is empty.
UDB [UDB=(0,1)] is empty.
UDB [UDB=(0,2)] is empty.
UDB [UDB=(0,3)] contents:
LAB@[UDB=(0,3)][LB=0] #macrocells=4, #inputs=10, #pterms=8
{
    [McSlotId=0]:     MacroCell: Name=Net_20, Mode=(Combinatorial) @ [UDB=(0,3)][LB=0][MC=0]
        Total # of inputs        : 2
        Total # of product terms : 1
            Clock Enable: True
        Main Equation            : 1 pterm
        (
              !Net_18 * \SPIS_2:BSPIS:miso_from_dp\
        );
        Output = Net_20 (fanout=1)
        Properties               : 
        {
        }

    [McSlotId=1]:     MacroCell: Name=\SPIS_2:BSPIS:rx_buf_overrun\, Mode=(Combinatorial) @ [UDB=(0,3)][LB=0][MC=1]
        Total # of inputs        : 2
        Total # of product terms : 1
            Clock Enable: True
        Main Equation            : 1 pterm
        (
              \SPIS_2:BSPIS:mosi_buf_overrun_reg\ * 
              !\SPIS_2:BSPIS:mosi_buf_overrun_fin\
        );
        Output = \SPIS_2:BSPIS:rx_buf_overrun\ (fanout=1)
        Properties               : 
        {
        }

    [McSlotId=2]:     MacroCell: Name=\SPIS_2:BSPIS:mosi_buf_overrun_fin\, Mode=(D-Register) @ [UDB=(0,3)][LB=0][MC=2]
        Total # of inputs        : 1
        Total # of product terms : 1
        List of special equations: 
            Clock  = (\SPIS_2:Net_81\) => Global
            Clock Enable: True
        Main Equation            : 1 pterm
        (
              \SPIS_2:BSPIS:mosi_buf_overrun_reg\
        );
        Output = \SPIS_2:BSPIS:mosi_buf_overrun_fin\ (fanout=1)
        Properties               : 
        {
        }

    [McSlotId=3]:     MacroCell: Name=\SPIS_2:BSPIS:mosi_to_dp\, Mode=(Combinatorial) @ [UDB=(0,3)][LB=0][MC=3]
        Total # of inputs        : 6
        Total # of product terms : 5
            Clock Enable: True
        Main Equation            : 5 pterms
        (
              Net_16 * !\SPIS_2:BSPIS:count_3\ * !\SPIS_2:BSPIS:count_2\ * 
              !\SPIS_2:BSPIS:count_1\ * \SPIS_2:BSPIS:count_0\
            + \SPIS_2:BSPIS:count_3\ * \SPIS_2:BSPIS:mosi_tmp\
            + \SPIS_2:BSPIS:count_2\ * \SPIS_2:BSPIS:mosi_tmp\
            + \SPIS_2:BSPIS:count_1\ * \SPIS_2:BSPIS:mosi_tmp\
            + !\SPIS_2:BSPIS:count_0\ * \SPIS_2:BSPIS:mosi_tmp\
        );
        Output = \SPIS_2:BSPIS:mosi_to_dp\ (fanout=1)
        Properties               : 
        {
        }
}

LAB@[UDB=(0,3)][LB=1] #macrocells=2, #inputs=6, #pterms=2
{
    [McSlotId=0]:     MacroCell: Name=\SPIS_2:BSPIS:inv_ss\, Mode=(Combinatorial) @ [UDB=(0,3)][LB=1][MC=0]
        Total # of inputs        : 1
        Total # of product terms : 1
            Clock Enable: True
        Main Equation            : 1 pterm
        (
              !Net_18
        );
        Output = \SPIS_2:BSPIS:inv_ss\ (fanout=3)
        Properties               : 
        {
        }

    [McSlotId=1]:     MacroCell: Name=\SPIS_2:BSPIS:mosi_buf_overrun\, Mode=(Combinatorial) @ [UDB=(0,3)][LB=1][MC=1]
        Total # of inputs        : 5
        Total # of product terms : 1
            Clock Enable: True
        Main Equation            : 1 pterm
        (
              \SPIS_2:BSPIS:dpMOSI_fifo_full\ * !\SPIS_2:BSPIS:count_3\ * 
              !\SPIS_2:BSPIS:count_2\ * !\SPIS_2:BSPIS:count_1\ * 
              \SPIS_2:BSPIS:count_0\
        );
        Output = \SPIS_2:BSPIS:mosi_buf_overrun\ (fanout=1)
        Properties               : 
        {
        }

    [McSlotId=2]: (empty)
    [McSlotId=3]: (empty)
}

statusicell: Name =\SPIS_2:BSPIS:RxStsReg\
    PORT MAP (
        clock => \SPIS_2:Net_81\ ,
        status_6 => \SPIS_2:BSPIS:dpMOSI_fifo_full_reg\ ,
        status_5 => \SPIS_2:BSPIS:rx_buf_overrun\ ,
        status_4 => \SPIS_2:BSPIS:rx_status_4\ ,
        status_3 => \SPIS_2:BSPIS:dpMOSI_fifo_not_empty\ ,
        interrupt => Net_19 );
    Properties:
    {
        cy_force_order = 1
        cy_int_mask = "1111111"
        cy_md_select = "0100000"
    }
    Clock Polarity: Active High
    Clock Enable: True

UDB [UDB=(0,4)] contents:
LAB@[UDB=(0,4)][LB=0] #macrocells=4, #inputs=4, #pterms=4
{
    [McSlotId=0]:     MacroCell: Name=\SPIS_2:BSPIS:tx_status_0\, Mode=(Combinatorial) @ [UDB=(0,4)][LB=0][MC=0]
        Total # of inputs        : 3
        Total # of product terms : 1
            Clock Enable: True
        Main Equation            : 1 pterm
        (
              \SPIS_2:BSPIS:dpcounter_one_fin\ * 
              !\SPIS_2:BSPIS:dpcounter_one_reg\ * 
              \SPIS_2:BSPIS:miso_tx_empty_reg_fin\
        );
        Output = \SPIS_2:BSPIS:tx_status_0\ (fanout=1)
        Properties               : 
        {
        }

    [McSlotId=1]:     MacroCell: Name=\SPIS_2:BSPIS:dpcounter_one_reg\, Mode=(D-Register) @ [UDB=(0,4)][LB=0][MC=1]
        Total # of inputs        : 1
        Total # of product terms : 1
        List of special equations: 
            Clock  = (\SPIS_2:Net_81\) => Global
            Clock Enable: True
        Main Equation            : 1 pterm
        (
              \SPIS_2:BSPIS:dpcounter_one_fin\
        );
        Output = \SPIS_2:BSPIS:dpcounter_one_reg\ (fanout=2)
        Properties               : 
        {
        }

    [McSlotId=2]:     MacroCell: Name=\SPIS_2:BSPIS:byte_complete\, Mode=(Combinatorial) @ [UDB=(0,4)][LB=0][MC=2]
        Total # of inputs        : 2
        Total # of product terms : 1
            Clock Enable: True
        Main Equation            : 1 pterm
        (
              \SPIS_2:BSPIS:dpcounter_one_fin\ * 
              !\SPIS_2:BSPIS:dpcounter_one_reg\
        );
        Output = \SPIS_2:BSPIS:byte_complete\ (fanout=1)
        Properties               : 
        {
        }

    [McSlotId=3]:     MacroCell: Name=\SPIS_2:BSPIS:rx_status_4\, Mode=(Combinatorial) @ [UDB=(0,4)][LB=0][MC=3]
        Total # of inputs        : 1
        Total # of product terms : 1
            Clock Enable: True
        Main Equation            : 1 pterm
        (
              !\SPIS_2:BSPIS:dpMOSI_fifo_not_empty\
        );
        Output = \SPIS_2:BSPIS:rx_status_4\ (fanout=1)
        Properties               : 
        {
        }
}

LAB@[UDB=(0,4)][LB=1] #macrocells=1, #inputs=1, #pterms=1
{
    [McSlotId=0]: (empty)
    [McSlotId=1]:     MacroCell: Name=\SPIS_2:BSPIS:mosi_tmp\, Mode=(D-Register) @ [UDB=(0,4)][LB=1][MC=1]
        Total # of inputs        : 1
        Total # of product terms : 1
        List of special equations: 
            Clock  = (Net_17)
            Clock Enable: True
        Main Equation            : 1 pterm
        (
              Net_16
        );
        Output = \SPIS_2:BSPIS:mosi_tmp\ (fanout=1)
        Properties               : 
        {
        }

    [McSlotId=2]: (empty)
    [McSlotId=3]: (empty)
}

datapathcell: Name =\SPIS_2:BSPIS:sR8:Dp:u0\
    PORT MAP (
        clock => Net_17 ,
        cs_addr_2 => \SPIS_2:BSPIS:inv_ss\ ,
        cs_addr_0 => \SPIS_2:BSPIS:tx_load\ ,
        route_si => \SPIS_2:BSPIS:mosi_to_dp\ ,
        f1_load => \SPIS_2:BSPIS:tx_load\ ,
        so_comb => \SPIS_2:BSPIS:miso_from_dp\ ,
        f0_bus_stat_comb => \SPIS_2:BSPIS:tx_status_1\ ,
        f0_blk_stat_comb => \SPIS_2:BSPIS:dpMISO_fifo_empty\ ,
        f1_bus_stat_comb => \SPIS_2:BSPIS:dpMOSI_fifo_not_empty\ ,
        f1_blk_stat_comb => \SPIS_2:BSPIS:dpMOSI_fifo_full\ );
    Properties:
    {
        a0_init = "00000000"
        a1_init = "00000000"
        ce0_sync = 1
        ce1_sync = 1
        cl0_sync = 1
        cl1_sync = 1
        cmsb_sync = 1
        co_msb_sync = 1
        cy_dpconfig = "0000000000000000000000000000000000000000000000000000000000000000000000010100000000000001110000000000000000000000000000000000000011111111111111111111111111111111000000000010001000001100111100000001000010001100"
        d0_init = "00000000"
        d1_init = "00000000"
        f0_blk_sync = 1
        f0_bus_sync = 1
        f1_blk_sync = 1
        f1_bus_sync = 1
        ff0_sync = 1
        ff1_sync = 1
        ov_msb_sync = 1
        so_sync = 1
        z0_sync = 1
        z1_sync = 1
    }
    Clock Polarity: Active Low
    Clock Enable: True

synccell: Name =\SPIS_2:BSPIS:sync_4\
    PORT MAP (
        clock => \SPIS_2:Net_81\ ,
        in => \SPIS_2:BSPIS:dpMOSI_fifo_full\ ,
        out => \SPIS_2:BSPIS:dpMOSI_fifo_full_reg\ );
    Properties:
    {
    }
    Clock Polarity: Active High
    Clock Enable: True

synccell: Name =\SPIS_2:BSPIS:sync_3\
    PORT MAP (
        clock => \SPIS_2:Net_81\ ,
        in => \SPIS_2:BSPIS:mosi_buf_overrun\ ,
        out => \SPIS_2:BSPIS:mosi_buf_overrun_reg\ );
    Properties:
    {
    }
    Clock Polarity: Active High
    Clock Enable: True

synccell: Name =\SPIS_2:BSPIS:sync_1\
    PORT MAP (
        clock => \SPIS_2:Net_81\ ,
        in => \SPIS_2:BSPIS:tx_load\ ,
        out => \SPIS_2:BSPIS:dpcounter_one_fin\ );
    Properties:
    {
    }
    Clock Polarity: Active High
    Clock Enable: True

synccell: Name =\SPIS_2:BSPIS:sync_2\
    PORT MAP (
        clock => \SPIS_2:Net_81\ ,
        in => \SPIS_2:BSPIS:dpMISO_fifo_empty\ ,
        out => \SPIS_2:BSPIS:miso_tx_empty_reg_fin\ );
    Properties:
    {
    }
    Clock Polarity: Active High
    Clock Enable: True

UDB [UDB=(0,5)] is empty.
UDB [UDB=(1,0)] is empty.
UDB [UDB=(1,1)] is empty.
UDB [UDB=(1,2)] is empty.
UDB [UDB=(1,3)] contents:
LAB@[UDB=(1,3)][LB=0] #macrocells=1, #inputs=4, #pterms=1
{
    [McSlotId=0]:     MacroCell: Name=\SPIS_2:BSPIS:tx_load\, Mode=(Combinatorial) @ [UDB=(1,3)][LB=0][MC=0]
        Total # of inputs        : 4
        Total # of product terms : 1
            Clock Enable: True
        Main Equation            : 1 pterm
        (
              !\SPIS_2:BSPIS:count_3\ * !\SPIS_2:BSPIS:count_2\ * 
              !\SPIS_2:BSPIS:count_1\ * \SPIS_2:BSPIS:count_0\
        );
        Output = \SPIS_2:BSPIS:tx_load\ (fanout=3)
        Properties               : 
        {
        }

    [McSlotId=1]: (empty)
    [McSlotId=2]: (empty)
    [McSlotId=3]: (empty)
}

count7cell: Name =\SPIS_2:BSPIS:BitCounter\
    PORT MAP (
        clock => Net_17 ,
        reset => Net_18 ,
        enable => \SPIS_2:BSPIS:inv_ss\ ,
        count_6 => \SPIS_2:BSPIS:count_6\ ,
        count_5 => \SPIS_2:BSPIS:count_5\ ,
        count_4 => \SPIS_2:BSPIS:count_4\ ,
        count_3 => \SPIS_2:BSPIS:count_3\ ,
        count_2 => \SPIS_2:BSPIS:count_2\ ,
        count_1 => \SPIS_2:BSPIS:count_1\ ,
        count_0 => \SPIS_2:BSPIS:count_0\ );
    Properties:
    {
        cy_alt_mode = 0
        cy_init_value = "0000000"
        cy_period = "0000111"
        cy_route_en = 1
        cy_route_ld = 0
    }
    Clock Polarity: Active Low
    Clock Enable: True

UDB [UDB=(1,4)] contents:
statusicell: Name =\SPIS_2:BSPIS:TxStsReg\
    PORT MAP (
        clock => \SPIS_2:Net_81\ ,
        status_6 => \SPIS_2:BSPIS:byte_complete\ ,
        status_2 => \SPIS_2:BSPIS:miso_tx_empty_reg_fin\ ,
        status_1 => \SPIS_2:BSPIS:tx_status_1\ ,
        status_0 => \SPIS_2:BSPIS:tx_status_0\ );
    Properties:
    {
        cy_force_order = 1
        cy_int_mask = "1111111"
        cy_md_select = "1000001"
    }
    Clock Polarity: Active High
    Clock Enable: True

UDB [UDB=(1,5)] is empty.
UDB [UDB=(2,0)] is empty.
UDB [UDB=(2,1)] is empty.
UDB [UDB=(2,2)] is empty.
UDB [UDB=(2,3)] is empty.
UDB [UDB=(2,4)] is empty.
UDB [UDB=(2,5)] is empty.
UDB [UDB=(3,0)] is empty.
UDB [UDB=(3,1)] is empty.
UDB [UDB=(3,2)] is empty.
UDB [UDB=(3,3)] is empty.
UDB [UDB=(3,4)] is empty.
UDB [UDB=(3,5)] is empty.
Intr container @ [IntrContainer=(0)]: 
  Intr@ [IntrContainer=(0)][IntrId=(0)] 
    interrupt: Name =SPI_RX_ISR
        PORT MAP (
            interrupt => Net_19 );
        Properties:
        {
            int_type = "10"
            is_nmi = 0
        }
Drq container @ [DrqContainer=(0)]: empty
Port 0 contains the following IO cells:
Port 1 contains the following IO cells:
[IoId=6]: 
Pin : Name = MISO_1(0)
    Attributes:
        In Group/Port: True
        In Sync Option: AUTO
        Out Sync Option: NOSYNC
        Interrupt generated: False
        Interrupt mode: NONE
        Drive mode: CMOS_OUT
        VTrip: EITHER
        Slew: FAST
        Input Sync needed: False
        Output Sync needed: False
        SC shield enabled: False
        POR State: ANY
        LCD Mode: COMMON
        Register Mode: RegComb
        CaSense Mode: NEITHER
        Treat as pin: True
        Is OE Registered: False
        Uses Analog: False
        Can contain Digital: True
        Is SIO: False
        SIO Output Buf: NONREGULATED
        SIO Input Buf: SINGLE_ENDED
        SIO HiFreq: LOW
        SIO Hyst: DISABLED
        SIO Vtrip: MULTIPLIER_0_5
        SIO Multiplier Index: 0
        SIO RefSel: VCC_IO
        Required Capabilities: DIGITAL, ROUTABLE
        Initial Value: 0
        IO Voltage: 0
    PORT MAP (
        pa_out => MISO_1(0)__PA ,
        pin_input => Net_20 ,
        pad => MISO_1(0)_PAD );
    Properties:
    {
    }

[IoId=7]: 
Pin : Name = MOSI_1(0)
    Attributes:
        In Group/Port: True
        In Sync Option: NOSYNC
        Out Sync Option: AUTO
        Interrupt generated: False
        Interrupt mode: NONE
        Drive mode: HI_Z_DIGITAL
        VTrip: CMOS
        Slew: FAST
        Input Sync needed: False
        Output Sync needed: False
        SC shield enabled: False
        POR State: ANY
        LCD Mode: COMMON
        Register Mode: RegComb
        CaSense Mode: NEITHER
        Treat as pin: True
        Is OE Registered: False
        Uses Analog: False
        Can contain Digital: True
        Is SIO: False
        SIO Output Buf: NONREGULATED
        SIO Input Buf: SINGLE_ENDED
        SIO HiFreq: LOW
        SIO Hyst: DISABLED
        SIO Vtrip: MULTIPLIER_0_5
        SIO Multiplier Index: 0
        SIO RefSel: VCC_IO
        Required Capabilities: DIGITAL, ROUTABLE
        Initial Value: 0
        IO Voltage: 0
    PORT MAP (
        pa_out => MOSI_1(0)__PA ,
        fb => Net_16 ,
        pad => MOSI_1(0)_PAD );
    Properties:
    {
    }

Port 2 contains the following IO cells:
[IoId=0]: 
Pin : Name = SCLK_1(0)
    Attributes:
        In Group/Port: True
        In Sync Option: NOSYNC
        Out Sync Option: AUTO
        Interrupt generated: False
        Interrupt mode: NONE
        Drive mode: HI_Z_DIGITAL
        VTrip: CMOS
        Slew: FAST
        Input Sync needed: False
        Output Sync needed: False
        SC shield enabled: False
        POR State: ANY
        LCD Mode: COMMON
        Register Mode: RegComb
        CaSense Mode: NEITHER
        Treat as pin: True
        Is OE Registered: False
        Uses Analog: False
        Can contain Digital: True
        Is SIO: False
        SIO Output Buf: NONREGULATED
        SIO Input Buf: SINGLE_ENDED
        SIO HiFreq: LOW
        SIO Hyst: DISABLED
        SIO Vtrip: MULTIPLIER_0_5
        SIO Multiplier Index: 0
        SIO RefSel: VCC_IO
        Required Capabilities: DIGITAL, ROUTABLE
        Initial Value: 0
        IO Voltage: 0
    PORT MAP (
        pa_out => SCLK_1(0)__PA ,
        fb => Net_17 ,
        pad => SCLK_1(0)_PAD );
    Properties:
    {
    }

[IoId=1]: 
Pin : Name = LED_1(0)
    Attributes:
        In Group/Port: True
        In Sync Option: AUTO
        Out Sync Option: NOSYNC
        Interrupt generated: False
        Interrupt mode: NONE
        Drive mode: CMOS_OUT
        VTrip: EITHER
        Slew: FAST
        Input Sync needed: False
        Output Sync needed: False
        SC shield enabled: False
        POR State: ANY
        LCD Mode: COMMON
        Register Mode: RegComb
        CaSense Mode: NEITHER
        Treat as pin: True
        Is OE Registered: False
        Uses Analog: False
        Can contain Digital: True
        Is SIO: False
        SIO Output Buf: NONREGULATED
        SIO Input Buf: SINGLE_ENDED
        SIO HiFreq: LOW
        SIO Hyst: DISABLED
        SIO Vtrip: MULTIPLIER_0_5
        SIO Multiplier Index: 0
        SIO RefSel: VCC_IO
        Required Capabilities: DIGITAL
        Initial Value: 1
        IO Voltage: 0
    PORT MAP (
        pa_out => LED_1(0)__PA ,
        annotation => Net_27 ,
        pad => LED_1(0)_PAD );
    Properties:
    {
    }

[IoId=2]: 
Pin : Name = Button_1(0)
    Attributes:
        In Group/Port: True
        In Sync Option: SYNC
        Out Sync Option: AUTO
        Interrupt generated: False
        Interrupt mode: NONE
        Drive mode: RES_PULL_UP
        VTrip: CMOS
        Slew: FAST
        Input Sync needed: True
        Output Sync needed: False
        SC shield enabled: False
        POR State: ANY
        LCD Mode: COMMON
        Register Mode: RegComb
        CaSense Mode: NEITHER
        Treat as pin: True
        Is OE Registered: False
        Uses Analog: False
        Can contain Digital: True
        Is SIO: False
        SIO Output Buf: NONREGULATED
        SIO Input Buf: SINGLE_ENDED
        SIO HiFreq: LOW
        SIO Hyst: DISABLED
        SIO Vtrip: MULTIPLIER_0_5
        SIO Multiplier Index: 0
        SIO RefSel: VCC_IO
        Required Capabilities: DIGITAL, ROUTABLE
        Initial Value: 1
        IO Voltage: 0
    PORT MAP (
        pa_out => Button_1(0)__PA ,
        annotation => Net_31 ,
        pad => Button_1(0)_PAD );
    Properties:
    {
    }

Port 3 contains the following IO cells:
Port 12 contains the following IO cells:
Port 15 contains the following IO cells:
[IoId=4]: 
Pin : Name = SS_1(0)
    Attributes:
        In Group/Port: True
        In Sync Option: NOSYNC
        Out Sync Option: AUTO
        Interrupt generated: False
        Interrupt mode: NONE
        Drive mode: HI_Z_DIGITAL
        VTrip: CMOS
        Slew: FAST
        Input Sync needed: False
        Output Sync needed: False
        SC shield enabled: False
        POR State: ANY
        LCD Mode: COMMON
        Register Mode: RegComb
        CaSense Mode: NEITHER
        Treat as pin: True
        Is OE Registered: False
        Uses Analog: False
        Can contain Digital: True
        Is SIO: False
        SIO Output Buf: NONREGULATED
        SIO Input Buf: SINGLE_ENDED
        SIO HiFreq: LOW
        SIO Hyst: DISABLED
        SIO Vtrip: MULTIPLIER_0_5
        SIO Multiplier Index: 0
        SIO RefSel: VCC_IO
        Required Capabilities: DIGITAL, ROUTABLE
        Initial Value: 0
        IO Voltage: 0
    PORT MAP (
        pa_out => SS_1(0)__PA ,
        fb => Net_18 ,
        pad => SS_1(0)_PAD );
    Properties:
    {
    }

ARM group 0: empty
CAN group 0: empty
Cache group 0: empty
CapSense group 0: empty
Clock group 0: 
    Clock Block @ F(Clock,0): 
    clockblockcell: Name =ClockBlock
        PORT MAP (
            imo => ClockBlock_IMO ,
            pllout => ClockBlock_PLL_OUT ,
            ilo => ClockBlock_ILO ,
            clk_100k => ClockBlock_100k ,
            clk_1k => ClockBlock_1k ,
            clk_32k => ClockBlock_32k ,
            xtal => ClockBlock_XTAL ,
            clk_32k_xtal => ClockBlock_XTAL_32KHZ ,
            clk_sync => ClockBlock_MASTER_CLK ,
            clk_bus_glb => ClockBlock_BUS_CLK ,
            clk_bus => ClockBlock_BUS_CLK_local ,
            dclk_glb_0 => \SPIS_2:Net_81\ ,
            dclk_0 => \SPIS_2:Net_81_local\ );
        Properties:
        {
        }
Comparator group 0: empty
DFB group 0: empty
DSM group 0: empty
Decimator group 0: empty
EMIF group 0: empty
I2C group 0: empty
LCD group 0: empty
LVD group 0: empty
PICU group 0: empty
PM group 0: empty
SC group 0: empty
SPC group 0: empty
Timer group 0: empty
USB group 0: empty
VIDAC group 0: empty
OpAmp group 0: empty
CsAbuf group 0: empty
Vref group 0: empty
LPF group 0: empty
SAR group 0: empty
ANAIF group 0: empty
PHUB group 0: empty
</CYPRESSTAG>
<CYPRESSTAG name="Port Configuration Details">

------------------------------------------------------------
Port Configuration report
------------------------------------------------------------
     |     |       | Interrupt |                  |             | 
Port | Pin | Fixed |      Type |       Drive Mode |        Name | Connections
-----+-----+-------+-----------+------------------+-------------+------------
   1 |   6 |     * |      NONE |         CMOS_OUT |   MISO_1(0) | In(Net_20)
     |   7 |     * |      NONE |     HI_Z_DIGITAL |   MOSI_1(0) | FB(Net_16)
-----+-----+-------+-----------+------------------+-------------+------------
   2 |   0 |     * |      NONE |     HI_Z_DIGITAL |   SCLK_1(0) | FB(Net_17)
     |   1 |     * |      NONE |         CMOS_OUT |    LED_1(0) | 
     |   2 |     * |      NONE |      RES_PULL_UP | Button_1(0) | 
-----+-----+-------+-----------+------------------+-------------+------------
  15 |   4 |     * |      NONE |     HI_Z_DIGITAL |     SS_1(0) | FB(Net_18)
-----------------------------------------------------------------------------
</CYPRESSTAG>
</CYPRESSTAG>
</CYPRESSTAG>
Digital component placer commit/Report: Elapsed time ==> 0s.009ms
Digital Placement phase: Elapsed time ==> 1s.152ms
</CYPRESSTAG>
<CYPRESSTAG name="Digital Routing">
"C:\Program Files (x86)\Cypress\PSoC Creator\4.4\PSoC Creator\bin/sjrouter.exe" --xml-path "C:\Program Files (x86)\Cypress\PSoC Creator\4.4\PSoC Creator\dev\psoc5/psoc5lp/route_arch-rrg.cydata" --vh2-path "Design01_r.vh2" --pcf-path "Design01.pco" --des-name "Design01" --dsf-path "Design01.dsf" --sdc-path "Design01.sdc" --lib-path "Design01_r.lib"
Routing successful.
Digital Routing phase: Elapsed time ==> 0s.807ms
</CYPRESSTAG>
<CYPRESSTAG name="Bitstream Generation">
Bitstream Generation phase: Elapsed time ==> 0s.131ms
</CYPRESSTAG>
<CYPRESSTAG name="Bitstream Verification">
Bitstream Verification phase: Elapsed time ==> 0s.020ms
</CYPRESSTAG>
<CYPRESSTAG name="Static timing analysis">
Timing report is in Design01_timing.html.
Static timing analysis phase: Elapsed time ==> 0s.234ms
</CYPRESSTAG>
<CYPRESSTAG name="Data reporting">
Data reporting phase: Elapsed time ==> 0s.000ms
</CYPRESSTAG>
<CYPRESSTAG name="Database update...">
Design database save phase: Elapsed time ==> 0s.166ms
</CYPRESSTAG>
cydsfit: Elapsed time ==> 2s.994ms
</CYPRESSTAG>
Fitter phase: Elapsed time ==> 2s.997ms
API generation phase: Elapsed time ==> 1s.317ms
Dependency generation phase: Elapsed time ==> 0s.010ms
Cleanup phase: Elapsed time ==> 0s.000ms
