ARM GAS  C:\Users\ZakiN\AppData\Local\Temp\ccMVbDdQ.s 			page 1


   1              		.syntax unified
   2              		.cpu cortex-m3
   3              		.fpu softvfp
   4              		.eabi_attribute 20, 1
   5              		.eabi_attribute 21, 1
   6              		.eabi_attribute 23, 3
   7              		.eabi_attribute 24, 1
   8              		.eabi_attribute 25, 1
   9              		.eabi_attribute 26, 1
  10              		.eabi_attribute 30, 1
  11              		.eabi_attribute 34, 1
  12              		.eabi_attribute 18, 4
  13              		.thumb
  14              		.syntax unified
  15              		.file	"cymetadata.c"
  16              		.text
  17              	.Ltext0:
  18              		.cfi_sections	.debug_frame
  19              		.global	cy_metadata
  20              		.global	cy_meta_flashprotect
  21              		.global	cy_meta_wonvl
  22              		.global	cy_meta_custnvl
  23              		.global	cy_meta_configecc
  24              		.section	.cyconfigecc,"a",%progbits
  25              		.align	2
  26              		.type	cy_meta_configecc, %object
  27              		.size	cy_meta_configecc, 1032
  28              	cy_meta_configecc:
  29 0000 02       		.byte	2
  30 0001 52       		.byte	82
  31 0002 00       		.byte	0
  32 0003 40       		.byte	64
  33 0004 02       		.byte	2
  34 0005 64       		.byte	100
  35 0006 00       		.byte	0
  36 0007 40       		.byte	64
  37 0008 03       		.byte	3
  38 0009 65       		.byte	101
  39 000a 00       		.byte	0
  40 000b 40       		.byte	64
  41 000c 30       		.byte	48
  42 000d 02       		.byte	2
  43 000e 01       		.byte	1
  44 000f 40       		.byte	64
  45 0010 1E       		.byte	30
  46 0011 03       		.byte	3
  47 0012 01       		.byte	1
  48 0013 40       		.byte	64
  49 0014 02       		.byte	2
  50 0015 05       		.byte	5
  51 0016 01       		.byte	1
  52 0017 40       		.byte	64
  53 0018 39       		.byte	57
  54 0019 08       		.byte	8
  55 001a 01       		.byte	1
  56 001b 40       		.byte	64
  57 001c 38       		.byte	56
ARM GAS  C:\Users\ZakiN\AppData\Local\Temp\ccMVbDdQ.s 			page 2


  58 001d 09       		.byte	9
  59 001e 01       		.byte	1
  60 001f 40       		.byte	64
  61 0020 03       		.byte	3
  62 0021 0B       		.byte	11
  63 0022 01       		.byte	1
  64 0023 40       		.byte	64
  65 0024 01       		.byte	1
  66 0025 0D       		.byte	13
  67 0026 01       		.byte	1
  68 0027 40       		.byte	64
  69 0028 01       		.byte	1
  70 0029 15       		.byte	21
  71 002a 01       		.byte	1
  72 002b 40       		.byte	64
  73 002c 43       		.byte	67
  74 002d 18       		.byte	24
  75 002e 01       		.byte	1
  76 002f 40       		.byte	64
  77 0030 2E       		.byte	46
  78 0031 19       		.byte	25
  79 0032 01       		.byte	1
  80 0033 40       		.byte	64
  81 0034 34       		.byte	52
  82 0035 1A       		.byte	26
  83 0036 01       		.byte	1
  84 0037 40       		.byte	64
  85 0038 17       		.byte	23
  86 0039 1B       		.byte	27
  87 003a 01       		.byte	1
  88 003b 40       		.byte	64
  89 003c 03       		.byte	3
  90 003d 40       		.byte	64
  91 003e 01       		.byte	1
  92 003f 40       		.byte	64
  93 0040 07       		.byte	7
  94 0041 41       		.byte	65
  95 0042 01       		.byte	1
  96 0043 40       		.byte	64
  97 0044 05       		.byte	5
  98 0045 42       		.byte	66
  99 0046 01       		.byte	1
 100 0047 40       		.byte	64
 101 0048 01       		.byte	1
 102 0049 43       		.byte	67
 103 004a 01       		.byte	1
 104 004b 40       		.byte	64
 105 004c 02       		.byte	2
 106 004d 45       		.byte	69
 107 004e 01       		.byte	1
 108 004f 40       		.byte	64
 109 0050 04       		.byte	4
 110 0051 46       		.byte	70
 111 0052 01       		.byte	1
 112 0053 40       		.byte	64
 113 0054 02       		.byte	2
 114 0055 47       		.byte	71
ARM GAS  C:\Users\ZakiN\AppData\Local\Temp\ccMVbDdQ.s 			page 3


 115 0056 01       		.byte	1
 116 0057 40       		.byte	64
 117 0058 01       		.byte	1
 118 0059 48       		.byte	72
 119 005a 01       		.byte	1
 120 005b 40       		.byte	64
 121 005c 02       		.byte	2
 122 005d 49       		.byte	73
 123 005e 01       		.byte	1
 124 005f 40       		.byte	64
 125 0060 0C       		.byte	12
 126 0061 4C       		.byte	76
 127 0062 01       		.byte	1
 128 0063 40       		.byte	64
 129 0064 03       		.byte	3
 130 0065 4D       		.byte	77
 131 0066 01       		.byte	1
 132 0067 40       		.byte	64
 133 0068 05       		.byte	5
 134 0069 50       		.byte	80
 135 006a 01       		.byte	1
 136 006b 40       		.byte	64
 137 006c 01       		.byte	1
 138 006d 51       		.byte	81
 139 006e 01       		.byte	1
 140 006f 40       		.byte	64
 141 0070 00       		.byte	0
 142 0071 02       		.byte	2
 143 0072 08       		.byte	8
 144 0073 40       		.byte	64
 145 0074 82       		.byte	-126
 146 0075 0F       		.byte	15
 147 0076 88       		.byte	-120
 148 0077 47       		.byte	71
 149 0078 88       		.byte	-120
 150 0079 78       		.byte	120
 151 007a 89       		.byte	-119
 152 007b 07       		.byte	7
 153 007c 8B       		.byte	-117
 154 007d 0D       		.byte	13
 155 007e 03       		.byte	3
 156 007f 01       		.byte	1
 157 0080 11       		.byte	17
 158 0081 01       		.byte	1
 159 0082 12       		.byte	18
 160 0083 05       		.byte	5
 161 0084 16       		.byte	22
 162 0085 04       		.byte	4
 163 0086 1D       		.byte	29
 164 0087 08       		.byte	8
 165 0088 1E       		.byte	30
 166 0089 09       		.byte	9
 167 008a 22       		.byte	34
 168 008b 02       		.byte	2
 169 008c 27       		.byte	39
 170 008d 0E       		.byte	14
 171 008e 2F       		.byte	47
ARM GAS  C:\Users\ZakiN\AppData\Local\Temp\ccMVbDdQ.s 			page 4


 172 008f 02       		.byte	2
 173 0090 30       		.byte	48
 174 0091 02       		.byte	2
 175 0092 31       		.byte	49
 176 0093 01       		.byte	1
 177 0094 32       		.byte	50
 178 0095 04       		.byte	4
 179 0096 33       		.byte	51
 180 0097 02       		.byte	2
 181 0098 34       		.byte	52
 182 0099 01       		.byte	1
 183 009a 35       		.byte	53
 184 009b 08       		.byte	8
 185 009c 36       		.byte	54
 186 009d 08       		.byte	8
 187 009e 37       		.byte	55
 188 009f 04       		.byte	4
 189 00a0 3E       		.byte	62
 190 00a1 04       		.byte	4
 191 00a2 40       		.byte	64
 192 00a3 40       		.byte	64
 193 00a4 41       		.byte	65
 194 00a5 06       		.byte	6
 195 00a6 45       		.byte	69
 196 00a7 D0       		.byte	-48
 197 00a8 46       		.byte	70
 198 00a9 20       		.byte	32
 199 00aa 47       		.byte	71
 200 00ab 15       		.byte	21
 201 00ac 48       		.byte	72
 202 00ad 3A       		.byte	58
 203 00ae 49       		.byte	73
 204 00af FF       		.byte	-1
 205 00b0 4A       		.byte	74
 206 00b1 FF       		.byte	-1
 207 00b2 4B       		.byte	75
 208 00b3 FF       		.byte	-1
 209 00b4 4D       		.byte	77
 210 00b5 A0       		.byte	-96
 211 00b6 4F       		.byte	79
 212 00b7 04       		.byte	4
 213 00b8 50       		.byte	80
 214 00b9 18       		.byte	24
 215 00ba 52       		.byte	82
 216 00bb 80       		.byte	-128
 217 00bc 54       		.byte	84
 218 00bd 07       		.byte	7
 219 00be 58       		.byte	88
 220 00bf 04       		.byte	4
 221 00c0 59       		.byte	89
 222 00c1 04       		.byte	4
 223 00c2 5A       		.byte	90
 224 00c3 04       		.byte	4
 225 00c4 5B       		.byte	91
 226 00c5 04       		.byte	4
 227 00c6 5C       		.byte	92
 228 00c7 11       		.byte	17
ARM GAS  C:\Users\ZakiN\AppData\Local\Temp\ccMVbDdQ.s 			page 5


 229 00c8 5D       		.byte	93
 230 00c9 11       		.byte	17
 231 00ca 5F       		.byte	95
 232 00cb 01       		.byte	1
 233 00cc 60       		.byte	96
 234 00cd 40       		.byte	64
 235 00ce 62       		.byte	98
 236 00cf C0       		.byte	-64
 237 00d0 64       		.byte	100
 238 00d1 40       		.byte	64
 239 00d2 65       		.byte	101
 240 00d3 40       		.byte	64
 241 00d4 66       		.byte	102
 242 00d5 C0       		.byte	-64
 243 00d6 68       		.byte	104
 244 00d7 C0       		.byte	-64
 245 00d8 6A       		.byte	106
 246 00d9 C0       		.byte	-64
 247 00da 6C       		.byte	108
 248 00db C0       		.byte	-64
 249 00dc 6E       		.byte	110
 250 00dd C0       		.byte	-64
 251 00de 0D       		.byte	13
 252 00df 02       		.byte	2
 253 00e0 0F       		.byte	15
 254 00e1 22       		.byte	34
 255 00e2 16       		.byte	22
 256 00e3 80       		.byte	-128
 257 00e4 1D       		.byte	29
 258 00e5 06       		.byte	6
 259 00e6 1E       		.byte	30
 260 00e7 42       		.byte	66
 261 00e8 1F       		.byte	31
 262 00e9 20       		.byte	32
 263 00ea 24       		.byte	36
 264 00eb 40       		.byte	64
 265 00ec 26       		.byte	38
 266 00ed 58       		.byte	88
 267 00ee 2E       		.byte	46
 268 00ef 48       		.byte	72
 269 00f0 36       		.byte	54
 270 00f1 41       		.byte	65
 271 00f2 3F       		.byte	63
 272 00f3 02       		.byte	2
 273 00f4 45       		.byte	69
 274 00f5 02       		.byte	2
 275 00f6 4F       		.byte	79
 276 00f7 21       		.byte	33
 277 00f8 56       		.byte	86
 278 00f9 08       		.byte	8
 279 00fa 57       		.byte	87
 280 00fb 11       		.byte	17
 281 00fc 58       		.byte	88
 282 00fd 08       		.byte	8
 283 00fe 59       		.byte	89
 284 00ff 04       		.byte	4
 285 0100 5C       		.byte	92
ARM GAS  C:\Users\ZakiN\AppData\Local\Temp\ccMVbDdQ.s 			page 6


 286 0101 48       		.byte	72
 287 0102 5E       		.byte	94
 288 0103 20       		.byte	32
 289 0104 5F       		.byte	95
 290 0105 01       		.byte	1
 291 0106 76       		.byte	118
 292 0107 80       		.byte	-128
 293 0108 C2       		.byte	-62
 294 0109 B0       		.byte	-80
 295 010a C4       		.byte	-60
 296 010b 10       		.byte	16
 297 010c CA       		.byte	-54
 298 010d 50       		.byte	80
 299 010e CC       		.byte	-52
 300 010f 90       		.byte	-112
 301 0110 CE       		.byte	-50
 302 0111 80       		.byte	-128
 303 0112 D0       		.byte	-48
 304 0113 80       		.byte	-128
 305 0114 D2       		.byte	-46
 306 0115 20       		.byte	32
 307 0116 D6       		.byte	-42
 308 0117 F0       		.byte	-16
 309 0118 E6       		.byte	-26
 310 0119 08       		.byte	8
 311 011a AE       		.byte	-82
 312 011b 08       		.byte	8
 313 011c AF       		.byte	-81
 314 011d 20       		.byte	32
 315 011e 0B       		.byte	11
 316 011f 07       		.byte	7
 317 0120 0F       		.byte	15
 318 0121 01       		.byte	1
 319 0122 19       		.byte	25
 320 0123 05       		.byte	5
 321 0124 33       		.byte	51
 322 0125 02       		.byte	2
 323 0126 35       		.byte	53
 324 0127 04       		.byte	4
 325 0128 37       		.byte	55
 326 0129 01       		.byte	1
 327 012a 3F       		.byte	63
 328 012b 50       		.byte	80
 329 012c 54       		.byte	84
 330 012d 41       		.byte	65
 331 012e 59       		.byte	89
 332 012f 04       		.byte	4
 333 0130 5B       		.byte	91
 334 0131 04       		.byte	4
 335 0132 5F       		.byte	95
 336 0133 01       		.byte	1
 337 0134 88       		.byte	-120
 338 0135 02       		.byte	2
 339 0136 8E       		.byte	-114
 340 0137 01       		.byte	1
 341 0138 8F       		.byte	-113
 342 0139 02       		.byte	2
ARM GAS  C:\Users\ZakiN\AppData\Local\Temp\ccMVbDdQ.s 			page 7


 343 013a 95       		.byte	-107
 344 013b 02       		.byte	2
 345 013c 96       		.byte	-106
 346 013d 06       		.byte	6
 347 013e 99       		.byte	-103
 348 013f 02       		.byte	2
 349 0140 9A       		.byte	-102
 350 0141 01       		.byte	1
 351 0142 9D       		.byte	-99
 352 0143 02       		.byte	2
 353 0144 A0       		.byte	-96
 354 0145 01       		.byte	1
 355 0146 A1       		.byte	-95
 356 0147 01       		.byte	1
 357 0148 A4       		.byte	-92
 358 0149 01       		.byte	1
 359 014a A8       		.byte	-88
 360 014b 01       		.byte	1
 361 014c B0       		.byte	-80
 362 014d 02       		.byte	2
 363 014e B2       		.byte	-78
 364 014f 04       		.byte	4
 365 0150 B3       		.byte	-77
 366 0151 01       		.byte	1
 367 0152 B4       		.byte	-76
 368 0153 01       		.byte	1
 369 0154 B5       		.byte	-75
 370 0155 02       		.byte	2
 371 0156 BE       		.byte	-66
 372 0157 11       		.byte	17
 373 0158 BF       		.byte	-65
 374 0159 14       		.byte	20
 375 015a C0       		.byte	-64
 376 015b 02       		.byte	2
 377 015c C1       		.byte	-63
 378 015d 06       		.byte	6
 379 015e C2       		.byte	-62
 380 015f 20       		.byte	32
 381 0160 C4       		.byte	-60
 382 0161 01       		.byte	1
 383 0162 C5       		.byte	-59
 384 0163 CE       		.byte	-50
 385 0164 C6       		.byte	-58
 386 0165 FB       		.byte	-5
 387 0166 C7       		.byte	-57
 388 0167 0D       		.byte	13
 389 0168 C8       		.byte	-56
 390 0169 1F       		.byte	31
 391 016a C9       		.byte	-55
 392 016b FF       		.byte	-1
 393 016c CA       		.byte	-54
 394 016d FF       		.byte	-1
 395 016e CB       		.byte	-53
 396 016f FF       		.byte	-1
 397 0170 CC       		.byte	-52
 398 0171 22       		.byte	34
 399 0172 CE       		.byte	-50
ARM GAS  C:\Users\ZakiN\AppData\Local\Temp\ccMVbDdQ.s 			page 8


 400 0173 F0       		.byte	-16
 401 0174 CF       		.byte	-49
 402 0175 0C       		.byte	12
 403 0176 D0       		.byte	-48
 404 0177 8C       		.byte	-116
 405 0178 D1       		.byte	-47
 406 0179 10       		.byte	16
 407 017a D6       		.byte	-42
 408 017b 08       		.byte	8
 409 017c D8       		.byte	-40
 410 017d 04       		.byte	4
 411 017e D9       		.byte	-39
 412 017f 04       		.byte	4
 413 0180 DA       		.byte	-38
 414 0181 24       		.byte	36
 415 0182 DB       		.byte	-37
 416 0183 04       		.byte	4
 417 0184 DD       		.byte	-35
 418 0185 08       		.byte	8
 419 0186 DF       		.byte	-33
 420 0187 31       		.byte	49
 421 0188 E8       		.byte	-24
 422 0189 40       		.byte	64
 423 018a E9       		.byte	-23
 424 018b 01       		.byte	1
 425 018c EA       		.byte	-22
 426 018d C0       		.byte	-64
 427 018e EB       		.byte	-21
 428 018f 01       		.byte	1
 429 0190 00       		.byte	0
 430 0191 10       		.byte	16
 431 0192 01       		.byte	1
 432 0193 40       		.byte	64
 433 0194 08       		.byte	8
 434 0195 08       		.byte	8
 435 0196 0B       		.byte	11
 436 0197 08       		.byte	8
 437 0198 10       		.byte	16
 438 0199 A8       		.byte	-88
 439 019a 18       		.byte	24
 440 019b 10       		.byte	16
 441 019c 19       		.byte	25
 442 019d 20       		.byte	32
 443 019e 1B       		.byte	27
 444 019f 02       		.byte	2
 445 01a0 20       		.byte	32
 446 01a1 04       		.byte	4
 447 01a2 22       		.byte	34
 448 01a3 04       		.byte	4
 449 01a4 23       		.byte	35
 450 01a5 10       		.byte	16
 451 01a6 25       		.byte	37
 452 01a7 20       		.byte	32
 453 01a8 26       		.byte	38
 454 01a9 40       		.byte	64
 455 01aa 27       		.byte	39
 456 01ab 20       		.byte	32
ARM GAS  C:\Users\ZakiN\AppData\Local\Temp\ccMVbDdQ.s 			page 9


 457 01ac 28       		.byte	40
 458 01ad 80       		.byte	-128
 459 01ae 30       		.byte	48
 460 01af A8       		.byte	-88
 461 01b0 37       		.byte	55
 462 01b1 20       		.byte	32
 463 01b2 39       		.byte	57
 464 01b3 40       		.byte	64
 465 01b4 3F       		.byte	63
 466 01b5 A0       		.byte	-96
 467 01b6 40       		.byte	64
 468 01b7 05       		.byte	5
 469 01b8 42       		.byte	66
 470 01b9 04       		.byte	4
 471 01ba 45       		.byte	69
 472 01bb 20       		.byte	32
 473 01bc 46       		.byte	70
 474 01bd 08       		.byte	8
 475 01be 49       		.byte	73
 476 01bf 01       		.byte	1
 477 01c0 4A       		.byte	74
 478 01c1 10       		.byte	16
 479 01c2 4B       		.byte	75
 480 01c3 10       		.byte	16
 481 01c4 50       		.byte	80
 482 01c5 14       		.byte	20
 483 01c6 52       		.byte	82
 484 01c7 40       		.byte	64
 485 01c8 53       		.byte	83
 486 01c9 04       		.byte	4
 487 01ca 59       		.byte	89
 488 01cb 21       		.byte	33
 489 01cc 5A       		.byte	90
 490 01cd 84       		.byte	-124
 491 01ce 5E       		.byte	94
 492 01cf A0       		.byte	-96
 493 01d0 5F       		.byte	95
 494 01d1 08       		.byte	8
 495 01d2 60       		.byte	96
 496 01d3 08       		.byte	8
 497 01d4 61       		.byte	97
 498 01d5 80       		.byte	-128
 499 01d6 63       		.byte	99
 500 01d7 A0       		.byte	-96
 501 01d8 66       		.byte	102
 502 01d9 08       		.byte	8
 503 01da 78       		.byte	120
 504 01db 02       		.byte	2
 505 01dc 86       		.byte	-122
 506 01dd 04       		.byte	4
 507 01de 8C       		.byte	-116
 508 01df 04       		.byte	4
 509 01e0 8E       		.byte	-114
 510 01e1 40       		.byte	64
 511 01e2 8F       		.byte	-113
 512 01e3 48       		.byte	72
 513 01e4 98       		.byte	-104
ARM GAS  C:\Users\ZakiN\AppData\Local\Temp\ccMVbDdQ.s 			page 10


 514 01e5 02       		.byte	2
 515 01e6 9D       		.byte	-99
 516 01e7 02       		.byte	2
 517 01e8 C0       		.byte	-64
 518 01e9 03       		.byte	3
 519 01ea C2       		.byte	-62
 520 01eb 06       		.byte	6
 521 01ec C4       		.byte	-60
 522 01ed 0E       		.byte	14
 523 01ee CA       		.byte	-54
 524 01ef 01       		.byte	1
 525 01f0 CC       		.byte	-52
 526 01f1 2E       		.byte	46
 527 01f2 CE       		.byte	-50
 528 01f3 38       		.byte	56
 529 01f4 D0       		.byte	-48
 530 01f5 0C       		.byte	12
 531 01f6 D2       		.byte	-46
 532 01f7 04       		.byte	4
 533 01f8 D6       		.byte	-42
 534 01f9 7F       		.byte	127
 535 01fa D8       		.byte	-40
 536 01fb 4F       		.byte	79
 537 01fc DE       		.byte	-34
 538 01fd 01       		.byte	1
 539 01fe E4       		.byte	-28
 540 01ff 08       		.byte	8
 541 0200 98       		.byte	-104
 542 0201 02       		.byte	2
 543 0202 9D       		.byte	-99
 544 0203 02       		.byte	2
 545 0204 B0       		.byte	-80
 546 0205 02       		.byte	2
 547 0206 85       		.byte	-123
 548 0207 02       		.byte	2
 549 0208 EE       		.byte	-18
 550 0209 08       		.byte	8
 551 020a 08       		.byte	8
 552 020b 01       		.byte	1
 553 020c 30       		.byte	48
 554 020d 01       		.byte	1
 555 020e 3E       		.byte	62
 556 020f 01       		.byte	1
 557 0210 40       		.byte	64
 558 0211 13       		.byte	19
 559 0212 49       		.byte	73
 560 0213 FF       		.byte	-1
 561 0214 4A       		.byte	74
 562 0215 FF       		.byte	-1
 563 0216 4B       		.byte	75
 564 0217 FF       		.byte	-1
 565 0218 4F       		.byte	79
 566 0219 01       		.byte	1
 567 021a 50       		.byte	80
 568 021b 18       		.byte	24
 569 021c 54       		.byte	84
 570 021d 20       		.byte	32
ARM GAS  C:\Users\ZakiN\AppData\Local\Temp\ccMVbDdQ.s 			page 11


 571 021e 56       		.byte	86
 572 021f 04       		.byte	4
 573 0220 58       		.byte	88
 574 0221 04       		.byte	4
 575 0222 5A       		.byte	90
 576 0223 04       		.byte	4
 577 0224 5B       		.byte	91
 578 0225 04       		.byte	4
 579 0226 5D       		.byte	93
 580 0227 01       		.byte	1
 581 0228 5F       		.byte	95
 582 0229 01       		.byte	1
 583 022a 60       		.byte	96
 584 022b 40       		.byte	64
 585 022c 62       		.byte	98
 586 022d 40       		.byte	64
 587 022e 64       		.byte	100
 588 022f 40       		.byte	64
 589 0230 65       		.byte	101
 590 0231 40       		.byte	64
 591 0232 66       		.byte	102
 592 0233 80       		.byte	-128
 593 0234 68       		.byte	104
 594 0235 80       		.byte	-128
 595 0236 6A       		.byte	106
 596 0237 80       		.byte	-128
 597 0238 6C       		.byte	108
 598 0239 80       		.byte	-128
 599 023a 6E       		.byte	110
 600 023b 80       		.byte	-128
 601 023c 82       		.byte	-126
 602 023d 40       		.byte	64
 603 023e 8A       		.byte	-118
 604 023f 1E       		.byte	30
 605 0240 8C       		.byte	-116
 606 0241 10       		.byte	16
 607 0242 8E       		.byte	-114
 608 0243 01       		.byte	1
 609 0244 96       		.byte	-106
 610 0245 21       		.byte	33
 611 0246 9C       		.byte	-100
 612 0247 40       		.byte	64
 613 0248 A0       		.byte	-96
 614 0249 01       		.byte	1
 615 024a A2       		.byte	-94
 616 024b 02       		.byte	2
 617 024c A4       		.byte	-92
 618 024d 01       		.byte	1
 619 024e A6       		.byte	-90
 620 024f 04       		.byte	4
 621 0250 A8       		.byte	-88
 622 0251 01       		.byte	1
 623 0252 AA       		.byte	-86
 624 0253 08       		.byte	8
 625 0254 B0       		.byte	-80
 626 0255 40       		.byte	64
 627 0256 B2       		.byte	-78
ARM GAS  C:\Users\ZakiN\AppData\Local\Temp\ccMVbDdQ.s 			page 12


 628 0257 20       		.byte	32
 629 0258 B6       		.byte	-74
 630 0259 1F       		.byte	31
 631 025a BE       		.byte	-66
 632 025b 41       		.byte	65
 633 025c C0       		.byte	-64
 634 025d 13       		.byte	19
 635 025e C9       		.byte	-55
 636 025f FF       		.byte	-1
 637 0260 CA       		.byte	-54
 638 0261 FF       		.byte	-1
 639 0262 CB       		.byte	-53
 640 0263 FF       		.byte	-1
 641 0264 CD       		.byte	-51
 642 0265 83       		.byte	-125
 643 0266 CE       		.byte	-50
 644 0267 03       		.byte	3
 645 0268 CF       		.byte	-49
 646 0269 01       		.byte	1
 647 026a D0       		.byte	-48
 648 026b 18       		.byte	24
 649 026c D6       		.byte	-42
 650 026d 02       		.byte	2
 651 026e D7       		.byte	-41
 652 026f 28       		.byte	40
 653 0270 D8       		.byte	-40
 654 0271 04       		.byte	4
 655 0272 DA       		.byte	-38
 656 0273 04       		.byte	4
 657 0274 DB       		.byte	-37
 658 0275 24       		.byte	36
 659 0276 DC       		.byte	-36
 660 0277 08       		.byte	8
 661 0278 DD       		.byte	-35
 662 0279 81       		.byte	-127
 663 027a DE       		.byte	-34
 664 027b 08       		.byte	8
 665 027c DF       		.byte	-33
 666 027d 31       		.byte	49
 667 027e E0       		.byte	-32
 668 027f 40       		.byte	64
 669 0280 E2       		.byte	-30
 670 0281 40       		.byte	64
 671 0282 E4       		.byte	-28
 672 0283 40       		.byte	64
 673 0284 E5       		.byte	-27
 674 0285 40       		.byte	64
 675 0286 E6       		.byte	-26
 676 0287 80       		.byte	-128
 677 0288 E8       		.byte	-24
 678 0289 80       		.byte	-128
 679 028a EA       		.byte	-22
 680 028b 80       		.byte	-128
 681 028c EC       		.byte	-20
 682 028d 80       		.byte	-128
 683 028e EE       		.byte	-18
 684 028f 80       		.byte	-128
ARM GAS  C:\Users\ZakiN\AppData\Local\Temp\ccMVbDdQ.s 			page 13


 685 0290 00       		.byte	0
 686 0291 10       		.byte	16
 687 0292 01       		.byte	1
 688 0293 40       		.byte	64
 689 0294 02       		.byte	2
 690 0295 40       		.byte	64
 691 0296 04       		.byte	4
 692 0297 20       		.byte	32
 693 0298 06       		.byte	6
 694 0299 04       		.byte	4
 695 029a 08       		.byte	8
 696 029b 80       		.byte	-128
 697 029c 0A       		.byte	10
 698 029d 10       		.byte	16
 699 029e 10       		.byte	16
 700 029f A8       		.byte	-88
 701 02a0 18       		.byte	24
 702 02a1 91       		.byte	-111
 703 02a2 1F       		.byte	31
 704 02a3 01       		.byte	1
 705 02a4 41       		.byte	65
 706 02a5 08       		.byte	8
 707 02a6 43       		.byte	67
 708 02a7 40       		.byte	64
 709 02a8 45       		.byte	69
 710 02a9 08       		.byte	8
 711 02aa 46       		.byte	70
 712 02ab 10       		.byte	16
 713 02ac 47       		.byte	71
 714 02ad C0       		.byte	-64
 715 02ae 5F       		.byte	95
 716 02af 01       		.byte	1
 717 02b0 63       		.byte	99
 718 02b1 10       		.byte	16
 719 02b2 64       		.byte	100
 720 02b3 04       		.byte	4
 721 02b4 65       		.byte	101
 722 02b5 06       		.byte	6
 723 02b6 67       		.byte	103
 724 02b7 02       		.byte	2
 725 02b8 68       		.byte	104
 726 02b9 A8       		.byte	-88
 727 02ba 69       		.byte	105
 728 02bb 40       		.byte	64
 729 02bc 78       		.byte	120
 730 02bd 82       		.byte	-126
 731 02be 82       		.byte	-126
 732 02bf 04       		.byte	4
 733 02c0 83       		.byte	-125
 734 02c1 01       		.byte	1
 735 02c2 8E       		.byte	-114
 736 02c3 10       		.byte	16
 737 02c4 90       		.byte	-112
 738 02c5 20       		.byte	32
 739 02c6 93       		.byte	-109
 740 02c7 10       		.byte	16
 741 02c8 94       		.byte	-108
ARM GAS  C:\Users\ZakiN\AppData\Local\Temp\ccMVbDdQ.s 			page 14


 742 02c9 01       		.byte	1
 743 02ca 95       		.byte	-107
 744 02cb 40       		.byte	64
 745 02cc 98       		.byte	-104
 746 02cd 86       		.byte	-122
 747 02ce 9A       		.byte	-102
 748 02cf 40       		.byte	64
 749 02d0 9D       		.byte	-99
 750 02d1 02       		.byte	2
 751 02d2 A1       		.byte	-95
 752 02d3 80       		.byte	-128
 753 02d4 A4       		.byte	-92
 754 02d5 A8       		.byte	-88
 755 02d6 A8       		.byte	-88
 756 02d7 80       		.byte	-128
 757 02d8 B0       		.byte	-80
 758 02d9 04       		.byte	4
 759 02da B3       		.byte	-77
 760 02db 02       		.byte	2
 761 02dc C0       		.byte	-64
 762 02dd 4B       		.byte	75
 763 02de C2       		.byte	-62
 764 02df 05       		.byte	5
 765 02e0 C4       		.byte	-60
 766 02e1 0E       		.byte	14
 767 02e2 D0       		.byte	-48
 768 02e3 5A       		.byte	90
 769 02e4 D6       		.byte	-42
 770 02e5 80       		.byte	-128
 771 02e6 D8       		.byte	-40
 772 02e7 F2       		.byte	-14
 773 02e8 DE       		.byte	-34
 774 02e9 09       		.byte	9
 775 02ea EE       		.byte	-18
 776 02eb 01       		.byte	1
 777 02ec 40       		.byte	64
 778 02ed 42       		.byte	66
 779 02ee 49       		.byte	73
 780 02ef FF       		.byte	-1
 781 02f0 4A       		.byte	74
 782 02f1 FF       		.byte	-1
 783 02f2 4B       		.byte	75
 784 02f3 FF       		.byte	-1
 785 02f4 4D       		.byte	77
 786 02f5 83       		.byte	-125
 787 02f6 4E       		.byte	78
 788 02f7 03       		.byte	3
 789 02f8 4F       		.byte	79
 790 02f9 01       		.byte	1
 791 02fa 50       		.byte	80
 792 02fb 18       		.byte	24
 793 02fc 52       		.byte	82
 794 02fd 80       		.byte	-128
 795 02fe 5A       		.byte	90
 796 02ff 04       		.byte	4
 797 0300 5B       		.byte	91
 798 0301 04       		.byte	4
ARM GAS  C:\Users\ZakiN\AppData\Local\Temp\ccMVbDdQ.s 			page 15


 799 0302 5D       		.byte	93
 800 0303 11       		.byte	17
 801 0304 5F       		.byte	95
 802 0305 01       		.byte	1
 803 0306 60       		.byte	96
 804 0307 40       		.byte	64
 805 0308 62       		.byte	98
 806 0309 40       		.byte	64
 807 030a 64       		.byte	100
 808 030b 40       		.byte	64
 809 030c 65       		.byte	101
 810 030d 40       		.byte	64
 811 030e 66       		.byte	102
 812 030f 80       		.byte	-128
 813 0310 68       		.byte	104
 814 0311 80       		.byte	-128
 815 0312 6A       		.byte	106
 816 0313 80       		.byte	-128
 817 0314 6C       		.byte	108
 818 0315 80       		.byte	-128
 819 0316 6E       		.byte	110
 820 0317 80       		.byte	-128
 821 0318 86       		.byte	-122
 822 0319 01       		.byte	1
 823 031a AE       		.byte	-82
 824 031b 01       		.byte	1
 825 031c B0       		.byte	-80
 826 031d 01       		.byte	1
 827 031e BE       		.byte	-66
 828 031f 01       		.byte	1
 829 0320 C0       		.byte	-64
 830 0321 42       		.byte	66
 831 0322 C5       		.byte	-59
 832 0323 EC       		.byte	-20
 833 0324 C6       		.byte	-58
 834 0325 20       		.byte	32
 835 0326 C8       		.byte	-56
 836 0327 0B       		.byte	11
 837 0328 C9       		.byte	-55
 838 0329 FF       		.byte	-1
 839 032a CA       		.byte	-54
 840 032b FF       		.byte	-1
 841 032c CB       		.byte	-53
 842 032d FF       		.byte	-1
 843 032e CD       		.byte	-51
 844 032f 83       		.byte	-125
 845 0330 CE       		.byte	-50
 846 0331 03       		.byte	3
 847 0332 CF       		.byte	-49
 848 0333 01       		.byte	1
 849 0334 D0       		.byte	-48
 850 0335 18       		.byte	24
 851 0336 D4       		.byte	-44
 852 0337 01       		.byte	1
 853 0338 D8       		.byte	-40
 854 0339 04       		.byte	4
 855 033a DA       		.byte	-38
ARM GAS  C:\Users\ZakiN\AppData\Local\Temp\ccMVbDdQ.s 			page 16


 856 033b 04       		.byte	4
 857 033c DB       		.byte	-37
 858 033d 04       		.byte	4
 859 033e DD       		.byte	-35
 860 033f 11       		.byte	17
 861 0340 DF       		.byte	-33
 862 0341 01       		.byte	1
 863 0342 E0       		.byte	-32
 864 0343 40       		.byte	64
 865 0344 E2       		.byte	-30
 866 0345 40       		.byte	64
 867 0346 E4       		.byte	-28
 868 0347 40       		.byte	64
 869 0348 E5       		.byte	-27
 870 0349 40       		.byte	64
 871 034a E6       		.byte	-26
 872 034b 80       		.byte	-128
 873 034c E8       		.byte	-24
 874 034d 80       		.byte	-128
 875 034e EA       		.byte	-22
 876 034f 80       		.byte	-128
 877 0350 EC       		.byte	-20
 878 0351 80       		.byte	-128
 879 0352 EE       		.byte	-18
 880 0353 80       		.byte	-128
 881 0354 06       		.byte	6
 882 0355 10       		.byte	16
 883 0356 17       		.byte	23
 884 0357 80       		.byte	-128
 885 0358 1E       		.byte	30
 886 0359 80       		.byte	-128
 887 035a 41       		.byte	65
 888 035b 22       		.byte	34
 889 035c 45       		.byte	69
 890 035d 22       		.byte	34
 891 035e 4D       		.byte	77
 892 035f 04       		.byte	4
 893 0360 4F       		.byte	79
 894 0361 01       		.byte	1
 895 0362 55       		.byte	85
 896 0363 20       		.byte	32
 897 0364 56       		.byte	86
 898 0365 10       		.byte	16
 899 0366 5D       		.byte	93
 900 0367 04       		.byte	4
 901 0368 5E       		.byte	94
 902 0369 80       		.byte	-128
 903 036a 5F       		.byte	95
 904 036b 01       		.byte	1
 905 036c 71       		.byte	113
 906 036d 02       		.byte	2
 907 036e 73       		.byte	115
 908 036f 80       		.byte	-128
 909 0370 9E       		.byte	-98
 910 0371 10       		.byte	16
 911 0372 9F       		.byte	-97
 912 0373 80       		.byte	-128
ARM GAS  C:\Users\ZakiN\AppData\Local\Temp\ccMVbDdQ.s 			page 17


 913 0374 A9       		.byte	-87
 914 0375 84       		.byte	-124
 915 0376 B4       		.byte	-76
 916 0377 40       		.byte	64
 917 0378 C0       		.byte	-64
 918 0379 20       		.byte	32
 919 037a C4       		.byte	-60
 920 037b 80       		.byte	-128
 921 037c D0       		.byte	-48
 922 037d A5       		.byte	-91
 923 037e D6       		.byte	-42
 924 037f D0       		.byte	-48
 925 0380 EE       		.byte	-18
 926 0381 08       		.byte	8
 927 0382 30       		.byte	48
 928 0383 40       		.byte	64
 929 0384 36       		.byte	54
 930 0385 80       		.byte	-128
 931 0386 CC       		.byte	-52
 932 0387 30       		.byte	48
 933 0388 53       		.byte	83
 934 0389 04       		.byte	4
 935 038a 56       		.byte	86
 936 038b 20       		.byte	32
 937 038c 84       		.byte	-124
 938 038d 40       		.byte	64
 939 038e 9C       		.byte	-100
 940 038f 40       		.byte	64
 941 0390 A6       		.byte	-90
 942 0391 80       		.byte	-128
 943 0392 D4       		.byte	-44
 944 0393 60       		.byte	96
 945 0394 E6       		.byte	-26
 946 0395 10       		.byte	16
 947 0396 A6       		.byte	-90
 948 0397 80       		.byte	-128
 949 0398 AE       		.byte	-82
 950 0399 20       		.byte	32
 951 039a AF       		.byte	-81
 952 039b 04       		.byte	4
 953 039c EA       		.byte	-22
 954 039d 10       		.byte	16
 955 039e EE       		.byte	-18
 956 039f 10       		.byte	16
 957 03a0 A6       		.byte	-90
 958 03a1 80       		.byte	-128
 959 03a2 00       		.byte	0
 960 03a3 08       		.byte	8
 961 03a4 C0       		.byte	-64
 962 03a5 08       		.byte	8
 963 03a6 03       		.byte	3
 964 03a7 40       		.byte	64
 965 03a8 B0       		.byte	-80
 966 03a9 04       		.byte	4
 967 03aa C0       		.byte	-64
 968 03ab 08       		.byte	8
 969 03ac EA       		.byte	-22
ARM GAS  C:\Users\ZakiN\AppData\Local\Temp\ccMVbDdQ.s 			page 18


 970 03ad 04       		.byte	4
 971 03ae 84       		.byte	-124
 972 03af 01       		.byte	1
 973 03b0 9B       		.byte	-101
 974 03b1 40       		.byte	64
 975 03b2 A6       		.byte	-90
 976 03b3 80       		.byte	-128
 977 03b4 AE       		.byte	-82
 978 03b5 80       		.byte	-128
 979 03b6 EE       		.byte	-18
 980 03b7 10       		.byte	16
 981 03b8 0F       		.byte	15
 982 03b9 01       		.byte	1
 983 03ba 1F       		.byte	31
 984 03bb 80       		.byte	-128
 985 03bc 5C       		.byte	92
 986 03bd 01       		.byte	1
 987 03be 68       		.byte	104
 988 03bf 01       		.byte	1
 989 03c0 8F       		.byte	-113
 990 03c1 01       		.byte	1
 991 03c2 A0       		.byte	-96
 992 03c3 01       		.byte	1
 993 03c4 AB       		.byte	-85
 994 03c5 40       		.byte	64
 995 03c6 C2       		.byte	-62
 996 03c7 01       		.byte	1
 997 03c8 C6       		.byte	-58
 998 03c9 01       		.byte	1
 999 03ca D6       		.byte	-42
 1000 03cb 01       		.byte	1
 1001 03cc DA       		.byte	-38
 1002 03cd 02       		.byte	2
 1003 03ce E6       		.byte	-26
 1004 03cf 08       		.byte	8
 1005 03d0 AF       		.byte	-81
 1006 03d1 80       		.byte	-128
 1007 03d2 B4       		.byte	-76
 1008 03d3 01       		.byte	1
 1009 03d4 EC       		.byte	-20
 1010 03d5 08       		.byte	8
 1011 03d6 00       		.byte	0
 1012 03d7 03       		.byte	3
 1013 03d8 08       		.byte	8
 1014 03d9 02       		.byte	2
 1015 03da 0C       		.byte	12
 1016 03db 01       		.byte	1
 1017 03dc 10       		.byte	16
 1018 03dd 03       		.byte	3
 1019 03de 1C       		.byte	28
 1020 03df 03       		.byte	3
 1021 03e0 00       		.byte	0
 1022 03e1 0F       		.byte	15
 1023 03e2 00       		.byte	0
 1024 03e3 00       		.byte	0
 1025 03e4 00       		.byte	0
 1026 03e5 7B       		.byte	123
ARM GAS  C:\Users\ZakiN\AppData\Local\Temp\ccMVbDdQ.s 			page 19


 1027 03e6 7B       		.byte	123
 1028 03e7 00       		.byte	0
 1029 03e8 03       		.byte	3
 1030 03e9 00       		.byte	0
 1031 03ea 04       		.byte	4
 1032 03eb 00       		.byte	0
 1033 03ec 10       		.byte	16
 1034 03ed 00       		.byte	0
 1035 03ee 00       		.byte	0
 1036 03ef 00       		.byte	0
 1037 03f0 00       		.byte	0
 1038 03f1 00       		.byte	0
 1039 03f2 08       		.byte	8
 1040 03f3 00       		.byte	0
 1041 03f4 80       		.byte	-128
 1042 03f5 4B       		.byte	75
 1043 03f6 4B       		.byte	75
 1044 03f7 00       		.byte	0
 1045 03f8 40       		.byte	64
 1046 03f9 40       		.byte	64
 1047 03fa 00       		.byte	0
 1048 03fb 00       		.byte	0
 1049 03fc 01       		.byte	1
 1050 03fd 00       		.byte	0
 1051 03fe 00       		.byte	0
 1052 03ff 00       		.byte	0
 1053 0400 00       		.byte	0
 1054 0401 00       		.byte	0
 1055 0402 00       		.byte	0
 1056 0403 00       		.byte	0
 1057 0404 0C       		.byte	12
 1058 0405 00       		.byte	0
 1059 0406 18       		.byte	24
 1060 0407 01       		.byte	1
 1061              		.section	.cywolatch,"a",%progbits
 1062              		.align	2
 1063              		.type	cy_meta_wonvl, %object
 1064              		.size	cy_meta_wonvl, 4
 1065              	cy_meta_wonvl:
 1066 0000 BC       		.byte	-68
 1067 0001 90       		.byte	-112
 1068 0002 AC       		.byte	-84
 1069 0003 AF       		.byte	-81
 1070              		.section	.cycustnvl,"a",%progbits
 1071              		.align	2
 1072              		.type	cy_meta_custnvl, %object
 1073              		.size	cy_meta_custnvl, 4
 1074              	cy_meta_custnvl:
 1075 0000 00       		.byte	0
 1076 0001 00       		.byte	0
 1077 0002 40       		.byte	64
 1078 0003 05       		.byte	5
 1079              		.section	.cymeta,"a",%progbits
 1080              		.align	2
 1081              		.type	cy_metadata, %object
 1082              		.size	cy_metadata, 12
 1083              	cy_metadata:
ARM GAS  C:\Users\ZakiN\AppData\Local\Temp\ccMVbDdQ.s 			page 20


 1084 0000 00       		.byte	0
 1085 0001 01       		.byte	1
 1086 0002 2E       		.byte	46
 1087 0003 16       		.byte	22
 1088 0004 10       		.byte	16
 1089 0005 69       		.byte	105
 1090 0006 00       		.byte	0
 1091 0007 01       		.byte	1
 1092 0008 00       		.byte	0
 1093 0009 00       		.byte	0
 1094 000a 00       		.byte	0
 1095 000b 00       		.byte	0
 1096              		.section	.cyflashprotect,"a",%progbits
 1097              		.align	2
 1098              		.type	cy_meta_flashprotect, %object
 1099              		.size	cy_meta_flashprotect, 256
 1100              	cy_meta_flashprotect:
 1101 0000 00000000 		.space	256
 1101      00000000 
 1101      00000000 
 1101      00000000 
 1101      00000000 
 1102              		.text
 1103              	.Letext0:
 1104              		.file 1 "c:\\program files (x86)\\cypress\\psoc creator\\4.4\\psoc creator\\import\\gnu\\arm\\5.4.
 1105              		.file 2 "c:\\program files (x86)\\cypress\\psoc creator\\4.4\\psoc creator\\import\\gnu\\arm\\5.4.
 1106              		.file 3 "Generated_Source\\PSoC5\\cymetadata.c"
 1107              		.section	.debug_info,"",%progbits
 1108              	.Ldebug_info0:
 1109 0000 31010000 		.4byte	0x131
 1110 0004 0400     		.2byte	0x4
 1111 0006 00000000 		.4byte	.Ldebug_abbrev0
 1112 000a 04       		.byte	0x4
 1113 000b 01       		.uleb128 0x1
 1114 000c 24000000 		.4byte	.LASF17
 1115 0010 0C       		.byte	0xc
 1116 0011 BA010000 		.4byte	.LASF18
 1117 0015 F9000000 		.4byte	.LASF19
 1118 0019 00000000 		.4byte	.Ldebug_line0
 1119 001d 02       		.uleb128 0x2
 1120 001e 01       		.byte	0x1
 1121 001f 06       		.byte	0x6
 1122 0020 AE010000 		.4byte	.LASF0
 1123 0024 03       		.uleb128 0x3
 1124 0025 00000000 		.4byte	.LASF9
 1125 0029 01       		.byte	0x1
 1126 002a 1D       		.byte	0x1d
 1127 002b 2F000000 		.4byte	0x2f
 1128 002f 02       		.uleb128 0x2
 1129 0030 01       		.byte	0x1
 1130 0031 08       		.byte	0x8
 1131 0032 16000000 		.4byte	.LASF1
 1132 0036 02       		.uleb128 0x2
 1133 0037 02       		.byte	0x2
 1134 0038 05       		.byte	0x5
 1135 0039 9B010000 		.4byte	.LASF2
 1136 003d 02       		.uleb128 0x2
ARM GAS  C:\Users\ZakiN\AppData\Local\Temp\ccMVbDdQ.s 			page 21


 1137 003e 02       		.byte	0x2
 1138 003f 07       		.byte	0x7
 1139 0040 C4000000 		.4byte	.LASF3
 1140 0044 02       		.uleb128 0x2
 1141 0045 04       		.byte	0x4
 1142 0046 05       		.byte	0x5
 1143 0047 A5010000 		.4byte	.LASF4
 1144 004b 02       		.uleb128 0x2
 1145 004c 04       		.byte	0x4
 1146 004d 07       		.byte	0x7
 1147 004e B2000000 		.4byte	.LASF5
 1148 0052 02       		.uleb128 0x2
 1149 0053 08       		.byte	0x8
 1150 0054 05       		.byte	0x5
 1151 0055 8D010000 		.4byte	.LASF6
 1152 0059 02       		.uleb128 0x2
 1153 005a 08       		.byte	0x8
 1154 005b 07       		.byte	0x7
 1155 005c 42010000 		.4byte	.LASF7
 1156 0060 04       		.uleb128 0x4
 1157 0061 04       		.byte	0x4
 1158 0062 05       		.byte	0x5
 1159 0063 696E7400 		.ascii	"int\000"
 1160 0067 02       		.uleb128 0x2
 1161 0068 04       		.byte	0x4
 1162 0069 07       		.byte	0x7
 1163 006a 35010000 		.4byte	.LASF8
 1164 006e 03       		.uleb128 0x3
 1165 006f 59010000 		.4byte	.LASF10
 1166 0073 02       		.byte	0x2
 1167 0074 18       		.byte	0x18
 1168 0075 24000000 		.4byte	0x24
 1169 0079 05       		.uleb128 0x5
 1170 007a 91000000 		.4byte	0x91
 1171 007e 8A000000 		.4byte	0x8a
 1172 0082 06       		.uleb128 0x6
 1173 0083 8A000000 		.4byte	0x8a
 1174 0087 0704     		.2byte	0x407
 1175 0089 00       		.byte	0
 1176 008a 02       		.uleb128 0x2
 1177 008b 04       		.byte	0x4
 1178 008c 07       		.byte	0x7
 1179 008d 84010000 		.4byte	.LASF11
 1180 0091 07       		.uleb128 0x7
 1181 0092 6E000000 		.4byte	0x6e
 1182 0096 08       		.uleb128 0x8
 1183 0097 E7000000 		.4byte	.LASF12
 1184 009b 03       		.byte	0x3
 1185 009c 1F       		.byte	0x1f
 1186 009d A7000000 		.4byte	0xa7
 1187 00a1 05       		.uleb128 0x5
 1188 00a2 03       		.byte	0x3
 1189 00a3 00000000 		.4byte	cy_meta_configecc
 1190 00a7 07       		.uleb128 0x7
 1191 00a8 79000000 		.4byte	0x79
 1192 00ac 05       		.uleb128 0x5
 1193 00ad 91000000 		.4byte	0x91
ARM GAS  C:\Users\ZakiN\AppData\Local\Temp\ccMVbDdQ.s 			page 22


 1194 00b1 BC000000 		.4byte	0xbc
 1195 00b5 09       		.uleb128 0x9
 1196 00b6 8A000000 		.4byte	0x8a
 1197 00ba 03       		.byte	0x3
 1198 00bb 00       		.byte	0
 1199 00bc 08       		.uleb128 0x8
 1200 00bd D7000000 		.4byte	.LASF13
 1201 00c1 03       		.byte	0x3
 1202 00c2 AD       		.byte	0xad
 1203 00c3 CD000000 		.4byte	0xcd
 1204 00c7 05       		.uleb128 0x5
 1205 00c8 03       		.byte	0x3
 1206 00c9 00000000 		.4byte	cy_meta_custnvl
 1207 00cd 07       		.uleb128 0x7
 1208 00ce AC000000 		.4byte	0xac
 1209 00d2 08       		.uleb128 0x8
 1210 00d3 76010000 		.4byte	.LASF14
 1211 00d7 03       		.byte	0x3
 1212 00d8 BB       		.byte	0xbb
 1213 00d9 E3000000 		.4byte	0xe3
 1214 00dd 05       		.uleb128 0x5
 1215 00de 03       		.byte	0x3
 1216 00df 00000000 		.4byte	cy_meta_wonvl
 1217 00e3 07       		.uleb128 0x7
 1218 00e4 AC000000 		.4byte	0xac
 1219 00e8 05       		.uleb128 0x5
 1220 00e9 91000000 		.4byte	0x91
 1221 00ed F8000000 		.4byte	0xf8
 1222 00f1 09       		.uleb128 0x9
 1223 00f2 8A000000 		.4byte	0x8a
 1224 00f6 FF       		.byte	0xff
 1225 00f7 00       		.byte	0
 1226 00f8 08       		.uleb128 0x8
 1227 00f9 61010000 		.4byte	.LASF15
 1228 00fd 03       		.byte	0x3
 1229 00fe C9       		.byte	0xc9
 1230 00ff 09010000 		.4byte	0x109
 1231 0103 05       		.uleb128 0x5
 1232 0104 03       		.byte	0x3
 1233 0105 00000000 		.4byte	cy_meta_flashprotect
 1234 0109 07       		.uleb128 0x7
 1235 010a E8000000 		.4byte	0xe8
 1236 010e 05       		.uleb128 0x5
 1237 010f 91000000 		.4byte	0x91
 1238 0113 1E010000 		.4byte	0x11e
 1239 0117 09       		.uleb128 0x9
 1240 0118 8A000000 		.4byte	0x8a
 1241 011c 0B       		.byte	0xb
 1242 011d 00       		.byte	0
 1243 011e 08       		.uleb128 0x8
 1244 011f 0A000000 		.4byte	.LASF16
 1245 0123 03       		.byte	0x3
 1246 0124 F6       		.byte	0xf6
 1247 0125 2F010000 		.4byte	0x12f
 1248 0129 05       		.uleb128 0x5
 1249 012a 03       		.byte	0x3
 1250 012b 00000000 		.4byte	cy_metadata
ARM GAS  C:\Users\ZakiN\AppData\Local\Temp\ccMVbDdQ.s 			page 23


 1251 012f 07       		.uleb128 0x7
 1252 0130 0E010000 		.4byte	0x10e
 1253 0134 00       		.byte	0
 1254              		.section	.debug_abbrev,"",%progbits
 1255              	.Ldebug_abbrev0:
 1256 0000 01       		.uleb128 0x1
 1257 0001 11       		.uleb128 0x11
 1258 0002 01       		.byte	0x1
 1259 0003 25       		.uleb128 0x25
 1260 0004 0E       		.uleb128 0xe
 1261 0005 13       		.uleb128 0x13
 1262 0006 0B       		.uleb128 0xb
 1263 0007 03       		.uleb128 0x3
 1264 0008 0E       		.uleb128 0xe
 1265 0009 1B       		.uleb128 0x1b
 1266 000a 0E       		.uleb128 0xe
 1267 000b 10       		.uleb128 0x10
 1268 000c 17       		.uleb128 0x17
 1269 000d 00       		.byte	0
 1270 000e 00       		.byte	0
 1271 000f 02       		.uleb128 0x2
 1272 0010 24       		.uleb128 0x24
 1273 0011 00       		.byte	0
 1274 0012 0B       		.uleb128 0xb
 1275 0013 0B       		.uleb128 0xb
 1276 0014 3E       		.uleb128 0x3e
 1277 0015 0B       		.uleb128 0xb
 1278 0016 03       		.uleb128 0x3
 1279 0017 0E       		.uleb128 0xe
 1280 0018 00       		.byte	0
 1281 0019 00       		.byte	0
 1282 001a 03       		.uleb128 0x3
 1283 001b 16       		.uleb128 0x16
 1284 001c 00       		.byte	0
 1285 001d 03       		.uleb128 0x3
 1286 001e 0E       		.uleb128 0xe
 1287 001f 3A       		.uleb128 0x3a
 1288 0020 0B       		.uleb128 0xb
 1289 0021 3B       		.uleb128 0x3b
 1290 0022 0B       		.uleb128 0xb
 1291 0023 49       		.uleb128 0x49
 1292 0024 13       		.uleb128 0x13
 1293 0025 00       		.byte	0
 1294 0026 00       		.byte	0
 1295 0027 04       		.uleb128 0x4
 1296 0028 24       		.uleb128 0x24
 1297 0029 00       		.byte	0
 1298 002a 0B       		.uleb128 0xb
 1299 002b 0B       		.uleb128 0xb
 1300 002c 3E       		.uleb128 0x3e
 1301 002d 0B       		.uleb128 0xb
 1302 002e 03       		.uleb128 0x3
 1303 002f 08       		.uleb128 0x8
 1304 0030 00       		.byte	0
 1305 0031 00       		.byte	0
 1306 0032 05       		.uleb128 0x5
 1307 0033 01       		.uleb128 0x1
ARM GAS  C:\Users\ZakiN\AppData\Local\Temp\ccMVbDdQ.s 			page 24


 1308 0034 01       		.byte	0x1
 1309 0035 49       		.uleb128 0x49
 1310 0036 13       		.uleb128 0x13
 1311 0037 01       		.uleb128 0x1
 1312 0038 13       		.uleb128 0x13
 1313 0039 00       		.byte	0
 1314 003a 00       		.byte	0
 1315 003b 06       		.uleb128 0x6
 1316 003c 21       		.uleb128 0x21
 1317 003d 00       		.byte	0
 1318 003e 49       		.uleb128 0x49
 1319 003f 13       		.uleb128 0x13
 1320 0040 2F       		.uleb128 0x2f
 1321 0041 05       		.uleb128 0x5
 1322 0042 00       		.byte	0
 1323 0043 00       		.byte	0
 1324 0044 07       		.uleb128 0x7
 1325 0045 26       		.uleb128 0x26
 1326 0046 00       		.byte	0
 1327 0047 49       		.uleb128 0x49
 1328 0048 13       		.uleb128 0x13
 1329 0049 00       		.byte	0
 1330 004a 00       		.byte	0
 1331 004b 08       		.uleb128 0x8
 1332 004c 34       		.uleb128 0x34
 1333 004d 00       		.byte	0
 1334 004e 03       		.uleb128 0x3
 1335 004f 0E       		.uleb128 0xe
 1336 0050 3A       		.uleb128 0x3a
 1337 0051 0B       		.uleb128 0xb
 1338 0052 3B       		.uleb128 0x3b
 1339 0053 0B       		.uleb128 0xb
 1340 0054 49       		.uleb128 0x49
 1341 0055 13       		.uleb128 0x13
 1342 0056 3F       		.uleb128 0x3f
 1343 0057 19       		.uleb128 0x19
 1344 0058 02       		.uleb128 0x2
 1345 0059 18       		.uleb128 0x18
 1346 005a 00       		.byte	0
 1347 005b 00       		.byte	0
 1348 005c 09       		.uleb128 0x9
 1349 005d 21       		.uleb128 0x21
 1350 005e 00       		.byte	0
 1351 005f 49       		.uleb128 0x49
 1352 0060 13       		.uleb128 0x13
 1353 0061 2F       		.uleb128 0x2f
 1354 0062 0B       		.uleb128 0xb
 1355 0063 00       		.byte	0
 1356 0064 00       		.byte	0
 1357 0065 00       		.byte	0
 1358              		.section	.debug_aranges,"",%progbits
 1359 0000 14000000 		.4byte	0x14
 1360 0004 0200     		.2byte	0x2
 1361 0006 00000000 		.4byte	.Ldebug_info0
 1362 000a 04       		.byte	0x4
 1363 000b 00       		.byte	0
 1364 000c 0000     		.2byte	0
ARM GAS  C:\Users\ZakiN\AppData\Local\Temp\ccMVbDdQ.s 			page 25


 1365 000e 0000     		.2byte	0
 1366 0010 00000000 		.4byte	0
 1367 0014 00000000 		.4byte	0
 1368              		.section	.debug_line,"",%progbits
 1369              	.Ldebug_line0:
 1370 0000 3D010000 		.section	.debug_str,"MS",%progbits,1
 1370      02003701 
 1370      00000201 
 1370      FB0E0D00 
 1370      01010101 
 1371              	.LASF9:
 1372 0000 5F5F7569 		.ascii	"__uint8_t\000"
 1372      6E74385F 
 1372      7400
 1373              	.LASF16:
 1374 000a 63795F6D 		.ascii	"cy_metadata\000"
 1374      65746164 
 1374      61746100 
 1375              	.LASF1:
 1376 0016 756E7369 		.ascii	"unsigned char\000"
 1376      676E6564 
 1376      20636861 
 1376      7200
 1377              	.LASF17:
 1378 0024 474E5520 		.ascii	"GNU C11 5.4.1 20160609 (release) [ARM/embedded-5-br"
 1378      43313120 
 1378      352E342E 
 1378      31203230 
 1378      31363036 
 1379 0057 616E6368 		.ascii	"anch revision 237715] -mcpu=cortex-m3 -mthumb -g -O"
 1379      20726576 
 1379      6973696F 
 1379      6E203233 
 1379      37373135 
 1380 008a 67202D66 		.ascii	"g -ffunction-sections -ffat-lto-objects\000"
 1380      66756E63 
 1380      74696F6E 
 1380      2D736563 
 1380      74696F6E 
 1381              	.LASF5:
 1382 00b2 6C6F6E67 		.ascii	"long unsigned int\000"
 1382      20756E73 
 1382      69676E65 
 1382      6420696E 
 1382      7400
 1383              	.LASF3:
 1384 00c4 73686F72 		.ascii	"short unsigned int\000"
 1384      7420756E 
 1384      7369676E 
 1384      65642069 
 1384      6E7400
 1385              	.LASF13:
 1386 00d7 63795F6D 		.ascii	"cy_meta_custnvl\000"
 1386      6574615F 
 1386      63757374 
 1386      6E766C00 
 1387              	.LASF12:
ARM GAS  C:\Users\ZakiN\AppData\Local\Temp\ccMVbDdQ.s 			page 26


 1388 00e7 63795F6D 		.ascii	"cy_meta_configecc\000"
 1388      6574615F 
 1388      636F6E66 
 1388      69676563 
 1388      6300
 1389              	.LASF19:
 1390 00f9 433A5C55 		.ascii	"C:\\Users\\ZakiN\\OneDrive\\Skrivebord\\SPI_Slave\\"
 1390      73657273 
 1390      5C5A616B 
 1390      694E5C4F 
 1390      6E654472 
 1391 0126 44657369 		.ascii	"Design01.cydsn\000"
 1391      676E3031 
 1391      2E637964 
 1391      736E00
 1392              	.LASF8:
 1393 0135 756E7369 		.ascii	"unsigned int\000"
 1393      676E6564 
 1393      20696E74 
 1393      00
 1394              	.LASF7:
 1395 0142 6C6F6E67 		.ascii	"long long unsigned int\000"
 1395      206C6F6E 
 1395      6720756E 
 1395      7369676E 
 1395      65642069 
 1396              	.LASF10:
 1397 0159 75696E74 		.ascii	"uint8_t\000"
 1397      385F7400 
 1398              	.LASF15:
 1399 0161 63795F6D 		.ascii	"cy_meta_flashprotect\000"
 1399      6574615F 
 1399      666C6173 
 1399      6870726F 
 1399      74656374 
 1400              	.LASF14:
 1401 0176 63795F6D 		.ascii	"cy_meta_wonvl\000"
 1401      6574615F 
 1401      776F6E76 
 1401      6C00
 1402              	.LASF11:
 1403 0184 73697A65 		.ascii	"sizetype\000"
 1403      74797065 
 1403      00
 1404              	.LASF6:
 1405 018d 6C6F6E67 		.ascii	"long long int\000"
 1405      206C6F6E 
 1405      6720696E 
 1405      7400
 1406              	.LASF2:
 1407 019b 73686F72 		.ascii	"short int\000"
 1407      7420696E 
 1407      7400
 1408              	.LASF4:
 1409 01a5 6C6F6E67 		.ascii	"long int\000"
 1409      20696E74 
 1409      00
ARM GAS  C:\Users\ZakiN\AppData\Local\Temp\ccMVbDdQ.s 			page 27


 1410              	.LASF0:
 1411 01ae 7369676E 		.ascii	"signed char\000"
 1411      65642063 
 1411      68617200 
 1412              	.LASF18:
 1413 01ba 47656E65 		.ascii	"Generated_Source\\PSoC5\\cymetadata.c\000"
 1413      72617465 
 1413      645F536F 
 1413      75726365 
 1413      5C50536F 
 1414              		.ident	"GCC: (GNU Tools for ARM Embedded Processors) 5.4.1 20160609 (release) [ARM/embedded-5-bran
