ARM GAS  C:\Users\ZakiN\AppData\Local\Temp\ccCCxoOa.s 			page 1


   1              		.syntax unified
   2              		.cpu cortex-m3
   3              		.fpu softvfp
   4              		.eabi_attribute 20, 1
   5              		.eabi_attribute 21, 1
   6              		.eabi_attribute 23, 3
   7              		.eabi_attribute 24, 1
   8              		.eabi_attribute 25, 1
   9              		.eabi_attribute 26, 1
  10              		.eabi_attribute 30, 1
  11              		.eabi_attribute 34, 1
  12              		.eabi_attribute 18, 4
  13              		.thumb
  14              		.syntax unified
  15              		.file	"led.c"
  16              		.text
  17              	.Ltext0:
  18              		.cfi_sections	.debug_frame
  19              		.section	.text.initLed,"ax",%progbits
  20              		.align	2
  21              		.global	initLed
  22              		.thumb
  23              		.thumb_func
  24              		.type	initLed, %function
  25              	initLed:
  26              	.LFB64:
  27              		.file 1 "led.c"
   1:led.c         **** /* ========================================
   2:led.c         ****  *
   3:led.c         ****  * Copyright YOUR COMPANY, THE YEAR
   4:led.c         ****  * All Rights Reserved
   5:led.c         ****  * UNPUBLISHED, LICENSED SOFTWARE.
   6:led.c         ****  *
   7:led.c         ****  * CONFIDENTIAL AND PROPRIETARY INFORMATION
   8:led.c         ****  * WHICH IS THE PROPERTY OF your company.
   9:led.c         ****  *
  10:led.c         ****  * ========================================
  11:led.c         **** */
  12:led.c         **** #include "led.h"
  13:led.c         **** #include <stdio.h>
  14:led.c         **** 
  15:led.c         **** void initLed(void)
  16:led.c         **** {
  28              		.loc 1 16 0
  29              		.cfi_startproc
  30              		@ args = 0, pretend = 0, frame = 0
  31              		@ frame_needed = 0, uses_anonymous_args = 0
  32 0000 08B5     		push	{r3, lr}
  33              		.cfi_def_cfa_offset 8
  34              		.cfi_offset 3, -8
  35              		.cfi_offset 14, -4
  17:led.c         ****     PWM_1_Start();
  36              		.loc 1 17 0
  37 0002 FFF7FEFF 		bl	PWM_1_Start
  38              	.LVL0:
  18:led.c         ****     PWM_1_WriteCompare1(0);
  39              		.loc 1 18 0
ARM GAS  C:\Users\ZakiN\AppData\Local\Temp\ccCCxoOa.s 			page 2


  40 0006 0020     		movs	r0, #0
  41 0008 FFF7FEFF 		bl	PWM_1_WriteCompare1
  42              	.LVL1:
  19:led.c         ****     PWM_1_WriteCompare2(0);
  43              		.loc 1 19 0
  44 000c 0020     		movs	r0, #0
  45 000e FFF7FEFF 		bl	PWM_1_WriteCompare2
  46              	.LVL2:
  47 0012 08BD     		pop	{r3, pc}
  48              		.cfi_endproc
  49              	.LFE64:
  50              		.size	initLed, .-initLed
  51              		.section	.text.startLedGreen,"ax",%progbits
  52              		.align	2
  53              		.global	startLedGreen
  54              		.thumb
  55              		.thumb_func
  56              		.type	startLedGreen, %function
  57              	startLedGreen:
  58              	.LFB65:
  20:led.c         **** }
  21:led.c         **** 
  22:led.c         **** 
  23:led.c         **** void startLedGreen(int8_t dutyCycle)
  24:led.c         **** {
  59              		.loc 1 24 0
  60              		.cfi_startproc
  61              		@ args = 0, pretend = 0, frame = 0
  62              		@ frame_needed = 0, uses_anonymous_args = 0
  63              	.LVL3:
  64 0000 08B5     		push	{r3, lr}
  65              		.cfi_def_cfa_offset 8
  66              		.cfi_offset 3, -8
  67              		.cfi_offset 14, -4
  25:led.c         ****  PWM_1_WriteCompare1(dutyCycle);
  68              		.loc 1 25 0
  69 0002 C0B2     		uxtb	r0, r0
  70 0004 FFF7FEFF 		bl	PWM_1_WriteCompare1
  71              	.LVL4:
  72 0008 08BD     		pop	{r3, pc}
  73              		.cfi_endproc
  74              	.LFE65:
  75              		.size	startLedGreen, .-startLedGreen
  76 000a 00BF     		.section	.text.stopLedGreen,"ax",%progbits
  77              		.align	2
  78              		.global	stopLedGreen
  79              		.thumb
  80              		.thumb_func
  81              		.type	stopLedGreen, %function
  82              	stopLedGreen:
  83              	.LFB66:
  26:led.c         **** }
  27:led.c         **** void stopLedGreen(void)
  28:led.c         **** {
  84              		.loc 1 28 0
  85              		.cfi_startproc
  86              		@ args = 0, pretend = 0, frame = 0
ARM GAS  C:\Users\ZakiN\AppData\Local\Temp\ccCCxoOa.s 			page 3


  87              		@ frame_needed = 0, uses_anonymous_args = 0
  88 0000 08B5     		push	{r3, lr}
  89              		.cfi_def_cfa_offset 8
  90              		.cfi_offset 3, -8
  91              		.cfi_offset 14, -4
  29:led.c         ****     PWM_1_WriteCompare1(0);
  92              		.loc 1 29 0
  93 0002 0020     		movs	r0, #0
  94 0004 FFF7FEFF 		bl	PWM_1_WriteCompare1
  95              	.LVL5:
  96 0008 08BD     		pop	{r3, pc}
  97              		.cfi_endproc
  98              	.LFE66:
  99              		.size	stopLedGreen, .-stopLedGreen
 100 000a 00BF     		.section	.text.startLedRed,"ax",%progbits
 101              		.align	2
 102              		.global	startLedRed
 103              		.thumb
 104              		.thumb_func
 105              		.type	startLedRed, %function
 106              	startLedRed:
 107              	.LFB67:
  30:led.c         **** }
  31:led.c         **** void startLedRed(int8_t dutyCycle)
  32:led.c         **** {
 108              		.loc 1 32 0
 109              		.cfi_startproc
 110              		@ args = 0, pretend = 0, frame = 0
 111              		@ frame_needed = 0, uses_anonymous_args = 0
 112              	.LVL6:
 113 0000 08B5     		push	{r3, lr}
 114              		.cfi_def_cfa_offset 8
 115              		.cfi_offset 3, -8
 116              		.cfi_offset 14, -4
  33:led.c         ****     PWM_1_WriteCompare2(dutyCycle);
 117              		.loc 1 33 0
 118 0002 C0B2     		uxtb	r0, r0
 119 0004 FFF7FEFF 		bl	PWM_1_WriteCompare2
 120              	.LVL7:
 121 0008 08BD     		pop	{r3, pc}
 122              		.cfi_endproc
 123              	.LFE67:
 124              		.size	startLedRed, .-startLedRed
 125 000a 00BF     		.section	.text.stopLedRed,"ax",%progbits
 126              		.align	2
 127              		.global	stopLedRed
 128              		.thumb
 129              		.thumb_func
 130              		.type	stopLedRed, %function
 131              	stopLedRed:
 132              	.LFB68:
  34:led.c         **** }
  35:led.c         **** void stopLedRed(void )
  36:led.c         **** {
 133              		.loc 1 36 0
 134              		.cfi_startproc
 135              		@ args = 0, pretend = 0, frame = 0
ARM GAS  C:\Users\ZakiN\AppData\Local\Temp\ccCCxoOa.s 			page 4


 136              		@ frame_needed = 0, uses_anonymous_args = 0
 137 0000 08B5     		push	{r3, lr}
 138              		.cfi_def_cfa_offset 8
 139              		.cfi_offset 3, -8
 140              		.cfi_offset 14, -4
  37:led.c         ****     PWM_1_WriteCompare2(0);
 141              		.loc 1 37 0
 142 0002 0020     		movs	r0, #0
 143 0004 FFF7FEFF 		bl	PWM_1_WriteCompare2
 144              	.LVL8:
 145 0008 08BD     		pop	{r3, pc}
 146              		.cfi_endproc
 147              	.LFE68:
 148              		.size	stopLedRed, .-stopLedRed
 149 000a 00BF     		.text
 150              	.Letext0:
 151              		.file 2 "c:\\program files (x86)\\cypress\\psoc creator\\4.4\\psoc creator\\import\\gnu\\arm\\5.4.
 152              		.file 3 "c:\\program files (x86)\\cypress\\psoc creator\\4.4\\psoc creator\\import\\gnu\\arm\\5.4.
 153              		.file 4 "Generated_Source\\PSoC5/PWM_1.h"
 154              		.file 5 "Generated_Source\\PSoC5/core_cm3.h"
 155              		.section	.debug_info,"",%progbits
 156              	.Ldebug_info0:
 157 0000 E0010000 		.4byte	0x1e0
 158 0004 0400     		.2byte	0x4
 159 0006 00000000 		.4byte	.Ldebug_abbrev0
 160 000a 04       		.byte	0x4
 161 000b 01       		.uleb128 0x1
 162 000c 8E000000 		.4byte	.LASF27
 163 0010 0C       		.byte	0xc
 164 0011 46010000 		.4byte	.LASF28
 165 0015 60010000 		.4byte	.LASF29
 166 0019 00000000 		.4byte	.Ldebug_ranges0+0
 167 001d 00000000 		.4byte	0
 168 0021 00000000 		.4byte	.Ldebug_line0
 169 0025 02       		.uleb128 0x2
 170 0026 0E000000 		.4byte	.LASF4
 171 002a 02       		.byte	0x2
 172 002b 1B       		.byte	0x1b
 173 002c 30000000 		.4byte	0x30
 174 0030 03       		.uleb128 0x3
 175 0031 01       		.byte	0x1
 176 0032 06       		.byte	0x6
 177 0033 16020000 		.4byte	.LASF0
 178 0037 03       		.uleb128 0x3
 179 0038 01       		.byte	0x1
 180 0039 08       		.byte	0x8
 181 003a 80000000 		.4byte	.LASF1
 182 003e 03       		.uleb128 0x3
 183 003f 02       		.byte	0x2
 184 0040 05       		.byte	0x5
 185 0041 EF010000 		.4byte	.LASF2
 186 0045 03       		.uleb128 0x3
 187 0046 02       		.byte	0x2
 188 0047 07       		.byte	0x7
 189 0048 2B000000 		.4byte	.LASF3
 190 004c 02       		.uleb128 0x2
 191 004d 21000000 		.4byte	.LASF5
ARM GAS  C:\Users\ZakiN\AppData\Local\Temp\ccCCxoOa.s 			page 5


 192 0051 02       		.byte	0x2
 193 0052 3F       		.byte	0x3f
 194 0053 57000000 		.4byte	0x57
 195 0057 03       		.uleb128 0x3
 196 0058 04       		.byte	0x4
 197 0059 05       		.byte	0x5
 198 005a 01020000 		.4byte	.LASF6
 199 005e 03       		.uleb128 0x3
 200 005f 04       		.byte	0x4
 201 0060 07       		.byte	0x7
 202 0061 1C010000 		.4byte	.LASF7
 203 0065 03       		.uleb128 0x3
 204 0066 08       		.byte	0x8
 205 0067 05       		.byte	0x5
 206 0068 D1010000 		.4byte	.LASF8
 207 006c 03       		.uleb128 0x3
 208 006d 08       		.byte	0x8
 209 006e 07       		.byte	0x7
 210 006f A9010000 		.4byte	.LASF9
 211 0073 04       		.uleb128 0x4
 212 0074 04       		.byte	0x4
 213 0075 05       		.byte	0x5
 214 0076 696E7400 		.ascii	"int\000"
 215 007a 03       		.uleb128 0x3
 216 007b 04       		.byte	0x4
 217 007c 07       		.byte	0x7
 218 007d 9C010000 		.4byte	.LASF10
 219 0081 02       		.uleb128 0x2
 220 0082 73000000 		.4byte	.LASF11
 221 0086 03       		.byte	0x3
 222 0087 14       		.byte	0x14
 223 0088 25000000 		.4byte	0x25
 224 008c 02       		.uleb128 0x2
 225 008d C0010000 		.4byte	.LASF12
 226 0091 03       		.byte	0x3
 227 0092 2C       		.byte	0x2c
 228 0093 4C000000 		.4byte	0x4c
 229 0097 03       		.uleb128 0x3
 230 0098 04       		.byte	0x4
 231 0099 04       		.byte	0x4
 232 009a 7A000000 		.4byte	.LASF13
 233 009e 03       		.uleb128 0x3
 234 009f 08       		.byte	0x8
 235 00a0 04       		.byte	0x4
 236 00a1 59010000 		.4byte	.LASF14
 237 00a5 03       		.uleb128 0x3
 238 00a6 01       		.byte	0x1
 239 00a7 08       		.byte	0x8
 240 00a8 DF010000 		.4byte	.LASF15
 241 00ac 03       		.uleb128 0x3
 242 00ad 08       		.byte	0x8
 243 00ae 04       		.byte	0x4
 244 00af 0A020000 		.4byte	.LASF16
 245 00b3 03       		.uleb128 0x3
 246 00b4 04       		.byte	0x4
 247 00b5 07       		.byte	0x7
 248 00b6 C8010000 		.4byte	.LASF17
ARM GAS  C:\Users\ZakiN\AppData\Local\Temp\ccCCxoOa.s 			page 6


 249 00ba 05       		.uleb128 0x5
 250 00bb F9010000 		.4byte	.LASF18
 251 00bf 01       		.byte	0x1
 252 00c0 0F       		.byte	0xf
 253 00c1 00000000 		.4byte	.LFB64
 254 00c5 14000000 		.4byte	.LFE64-.LFB64
 255 00c9 01       		.uleb128 0x1
 256 00ca 9C       		.byte	0x9c
 257 00cb FB000000 		.4byte	0xfb
 258 00cf 06       		.uleb128 0x6
 259 00d0 06000000 		.4byte	.LVL0
 260 00d4 C2010000 		.4byte	0x1c2
 261 00d8 07       		.uleb128 0x7
 262 00d9 0C000000 		.4byte	.LVL1
 263 00dd CD010000 		.4byte	0x1cd
 264 00e1 EB000000 		.4byte	0xeb
 265 00e5 08       		.uleb128 0x8
 266 00e6 01       		.uleb128 0x1
 267 00e7 50       		.byte	0x50
 268 00e8 01       		.uleb128 0x1
 269 00e9 30       		.byte	0x30
 270 00ea 00       		.byte	0
 271 00eb 09       		.uleb128 0x9
 272 00ec 12000000 		.4byte	.LVL2
 273 00f0 D8010000 		.4byte	0x1d8
 274 00f4 08       		.uleb128 0x8
 275 00f5 01       		.uleb128 0x1
 276 00f6 50       		.byte	0x50
 277 00f7 01       		.uleb128 0x1
 278 00f8 30       		.byte	0x30
 279 00f9 00       		.byte	0
 280 00fa 00       		.byte	0
 281 00fb 05       		.uleb128 0x5
 282 00fc 00000000 		.4byte	.LASF19
 283 0100 01       		.byte	0x1
 284 0101 17       		.byte	0x17
 285 0102 00000000 		.4byte	.LFB65
 286 0106 0A000000 		.4byte	.LFE65-.LFB65
 287 010a 01       		.uleb128 0x1
 288 010b 9C       		.byte	0x9c
 289 010c 31010000 		.4byte	0x131
 290 0110 0A       		.uleb128 0xa
 291 0111 17000000 		.4byte	.LASF22
 292 0115 01       		.byte	0x1
 293 0116 17       		.byte	0x17
 294 0117 81000000 		.4byte	0x81
 295 011b 00000000 		.4byte	.LLST0
 296 011f 09       		.uleb128 0x9
 297 0120 08000000 		.4byte	.LVL4
 298 0124 CD010000 		.4byte	0x1cd
 299 0128 08       		.uleb128 0x8
 300 0129 01       		.uleb128 0x1
 301 012a 50       		.byte	0x50
 302 012b 03       		.uleb128 0x3
 303 012c F3       		.byte	0xf3
 304 012d 01       		.uleb128 0x1
 305 012e 50       		.byte	0x50
ARM GAS  C:\Users\ZakiN\AppData\Local\Temp\ccCCxoOa.s 			page 7


 306 012f 00       		.byte	0
 307 0130 00       		.byte	0
 308 0131 05       		.uleb128 0x5
 309 0132 66000000 		.4byte	.LASF20
 310 0136 01       		.byte	0x1
 311 0137 1B       		.byte	0x1b
 312 0138 00000000 		.4byte	.LFB66
 313 013c 0A000000 		.4byte	.LFE66-.LFB66
 314 0140 01       		.uleb128 0x1
 315 0141 9C       		.byte	0x9c
 316 0142 56010000 		.4byte	0x156
 317 0146 09       		.uleb128 0x9
 318 0147 08000000 		.4byte	.LVL5
 319 014b CD010000 		.4byte	0x1cd
 320 014f 08       		.uleb128 0x8
 321 0150 01       		.uleb128 0x1
 322 0151 50       		.byte	0x50
 323 0152 01       		.uleb128 0x1
 324 0153 30       		.byte	0x30
 325 0154 00       		.byte	0
 326 0155 00       		.byte	0
 327 0156 05       		.uleb128 0x5
 328 0157 2E010000 		.4byte	.LASF21
 329 015b 01       		.byte	0x1
 330 015c 1F       		.byte	0x1f
 331 015d 00000000 		.4byte	.LFB67
 332 0161 0A000000 		.4byte	.LFE67-.LFB67
 333 0165 01       		.uleb128 0x1
 334 0166 9C       		.byte	0x9c
 335 0167 8C010000 		.4byte	0x18c
 336 016b 0A       		.uleb128 0xa
 337 016c 17000000 		.4byte	.LASF22
 338 0170 01       		.byte	0x1
 339 0171 1F       		.byte	0x1f
 340 0172 81000000 		.4byte	0x81
 341 0176 21000000 		.4byte	.LLST1
 342 017a 09       		.uleb128 0x9
 343 017b 08000000 		.4byte	.LVL7
 344 017f D8010000 		.4byte	0x1d8
 345 0183 08       		.uleb128 0x8
 346 0184 01       		.uleb128 0x1
 347 0185 50       		.byte	0x50
 348 0186 03       		.uleb128 0x3
 349 0187 F3       		.byte	0xf3
 350 0188 01       		.uleb128 0x1
 351 0189 50       		.byte	0x50
 352 018a 00       		.byte	0
 353 018b 00       		.byte	0
 354 018c 05       		.uleb128 0x5
 355 018d E4010000 		.4byte	.LASF23
 356 0191 01       		.byte	0x1
 357 0192 23       		.byte	0x23
 358 0193 00000000 		.4byte	.LFB68
 359 0197 0A000000 		.4byte	.LFE68-.LFB68
 360 019b 01       		.uleb128 0x1
 361 019c 9C       		.byte	0x9c
 362 019d B1010000 		.4byte	0x1b1
ARM GAS  C:\Users\ZakiN\AppData\Local\Temp\ccCCxoOa.s 			page 8


 363 01a1 09       		.uleb128 0x9
 364 01a2 08000000 		.4byte	.LVL8
 365 01a6 D8010000 		.4byte	0x1d8
 366 01aa 08       		.uleb128 0x8
 367 01ab 01       		.uleb128 0x1
 368 01ac 50       		.byte	0x50
 369 01ad 01       		.uleb128 0x1
 370 01ae 30       		.byte	0x30
 371 01af 00       		.byte	0
 372 01b0 00       		.byte	0
 373 01b1 0B       		.uleb128 0xb
 374 01b2 4C010000 		.4byte	.LASF30
 375 01b6 05       		.byte	0x5
 376 01b7 1207     		.2byte	0x712
 377 01b9 BD010000 		.4byte	0x1bd
 378 01bd 0C       		.uleb128 0xc
 379 01be 8C000000 		.4byte	0x8c
 380 01c2 0D       		.uleb128 0xd
 381 01c3 3A010000 		.4byte	.LASF24
 382 01c7 3A010000 		.4byte	.LASF24
 383 01cb 04       		.byte	0x4
 384 01cc 92       		.byte	0x92
 385 01cd 0D       		.uleb128 0xd
 386 01ce 3E000000 		.4byte	.LASF25
 387 01d2 3E000000 		.4byte	.LASF25
 388 01d6 04       		.byte	0x4
 389 01d7 C7       		.byte	0xc7
 390 01d8 0D       		.uleb128 0xd
 391 01d9 52000000 		.4byte	.LASF26
 392 01dd 52000000 		.4byte	.LASF26
 393 01e1 04       		.byte	0x4
 394 01e2 CA       		.byte	0xca
 395 01e3 00       		.byte	0
 396              		.section	.debug_abbrev,"",%progbits
 397              	.Ldebug_abbrev0:
 398 0000 01       		.uleb128 0x1
 399 0001 11       		.uleb128 0x11
 400 0002 01       		.byte	0x1
 401 0003 25       		.uleb128 0x25
 402 0004 0E       		.uleb128 0xe
 403 0005 13       		.uleb128 0x13
 404 0006 0B       		.uleb128 0xb
 405 0007 03       		.uleb128 0x3
 406 0008 0E       		.uleb128 0xe
 407 0009 1B       		.uleb128 0x1b
 408 000a 0E       		.uleb128 0xe
 409 000b 55       		.uleb128 0x55
 410 000c 17       		.uleb128 0x17
 411 000d 11       		.uleb128 0x11
 412 000e 01       		.uleb128 0x1
 413 000f 10       		.uleb128 0x10
 414 0010 17       		.uleb128 0x17
 415 0011 00       		.byte	0
 416 0012 00       		.byte	0
 417 0013 02       		.uleb128 0x2
 418 0014 16       		.uleb128 0x16
 419 0015 00       		.byte	0
ARM GAS  C:\Users\ZakiN\AppData\Local\Temp\ccCCxoOa.s 			page 9


 420 0016 03       		.uleb128 0x3
 421 0017 0E       		.uleb128 0xe
 422 0018 3A       		.uleb128 0x3a
 423 0019 0B       		.uleb128 0xb
 424 001a 3B       		.uleb128 0x3b
 425 001b 0B       		.uleb128 0xb
 426 001c 49       		.uleb128 0x49
 427 001d 13       		.uleb128 0x13
 428 001e 00       		.byte	0
 429 001f 00       		.byte	0
 430 0020 03       		.uleb128 0x3
 431 0021 24       		.uleb128 0x24
 432 0022 00       		.byte	0
 433 0023 0B       		.uleb128 0xb
 434 0024 0B       		.uleb128 0xb
 435 0025 3E       		.uleb128 0x3e
 436 0026 0B       		.uleb128 0xb
 437 0027 03       		.uleb128 0x3
 438 0028 0E       		.uleb128 0xe
 439 0029 00       		.byte	0
 440 002a 00       		.byte	0
 441 002b 04       		.uleb128 0x4
 442 002c 24       		.uleb128 0x24
 443 002d 00       		.byte	0
 444 002e 0B       		.uleb128 0xb
 445 002f 0B       		.uleb128 0xb
 446 0030 3E       		.uleb128 0x3e
 447 0031 0B       		.uleb128 0xb
 448 0032 03       		.uleb128 0x3
 449 0033 08       		.uleb128 0x8
 450 0034 00       		.byte	0
 451 0035 00       		.byte	0
 452 0036 05       		.uleb128 0x5
 453 0037 2E       		.uleb128 0x2e
 454 0038 01       		.byte	0x1
 455 0039 3F       		.uleb128 0x3f
 456 003a 19       		.uleb128 0x19
 457 003b 03       		.uleb128 0x3
 458 003c 0E       		.uleb128 0xe
 459 003d 3A       		.uleb128 0x3a
 460 003e 0B       		.uleb128 0xb
 461 003f 3B       		.uleb128 0x3b
 462 0040 0B       		.uleb128 0xb
 463 0041 27       		.uleb128 0x27
 464 0042 19       		.uleb128 0x19
 465 0043 11       		.uleb128 0x11
 466 0044 01       		.uleb128 0x1
 467 0045 12       		.uleb128 0x12
 468 0046 06       		.uleb128 0x6
 469 0047 40       		.uleb128 0x40
 470 0048 18       		.uleb128 0x18
 471 0049 9742     		.uleb128 0x2117
 472 004b 19       		.uleb128 0x19
 473 004c 01       		.uleb128 0x1
 474 004d 13       		.uleb128 0x13
 475 004e 00       		.byte	0
 476 004f 00       		.byte	0
ARM GAS  C:\Users\ZakiN\AppData\Local\Temp\ccCCxoOa.s 			page 10


 477 0050 06       		.uleb128 0x6
 478 0051 898201   		.uleb128 0x4109
 479 0054 00       		.byte	0
 480 0055 11       		.uleb128 0x11
 481 0056 01       		.uleb128 0x1
 482 0057 31       		.uleb128 0x31
 483 0058 13       		.uleb128 0x13
 484 0059 00       		.byte	0
 485 005a 00       		.byte	0
 486 005b 07       		.uleb128 0x7
 487 005c 898201   		.uleb128 0x4109
 488 005f 01       		.byte	0x1
 489 0060 11       		.uleb128 0x11
 490 0061 01       		.uleb128 0x1
 491 0062 31       		.uleb128 0x31
 492 0063 13       		.uleb128 0x13
 493 0064 01       		.uleb128 0x1
 494 0065 13       		.uleb128 0x13
 495 0066 00       		.byte	0
 496 0067 00       		.byte	0
 497 0068 08       		.uleb128 0x8
 498 0069 8A8201   		.uleb128 0x410a
 499 006c 00       		.byte	0
 500 006d 02       		.uleb128 0x2
 501 006e 18       		.uleb128 0x18
 502 006f 9142     		.uleb128 0x2111
 503 0071 18       		.uleb128 0x18
 504 0072 00       		.byte	0
 505 0073 00       		.byte	0
 506 0074 09       		.uleb128 0x9
 507 0075 898201   		.uleb128 0x4109
 508 0078 01       		.byte	0x1
 509 0079 11       		.uleb128 0x11
 510 007a 01       		.uleb128 0x1
 511 007b 31       		.uleb128 0x31
 512 007c 13       		.uleb128 0x13
 513 007d 00       		.byte	0
 514 007e 00       		.byte	0
 515 007f 0A       		.uleb128 0xa
 516 0080 05       		.uleb128 0x5
 517 0081 00       		.byte	0
 518 0082 03       		.uleb128 0x3
 519 0083 0E       		.uleb128 0xe
 520 0084 3A       		.uleb128 0x3a
 521 0085 0B       		.uleb128 0xb
 522 0086 3B       		.uleb128 0x3b
 523 0087 0B       		.uleb128 0xb
 524 0088 49       		.uleb128 0x49
 525 0089 13       		.uleb128 0x13
 526 008a 02       		.uleb128 0x2
 527 008b 17       		.uleb128 0x17
 528 008c 00       		.byte	0
 529 008d 00       		.byte	0
 530 008e 0B       		.uleb128 0xb
 531 008f 34       		.uleb128 0x34
 532 0090 00       		.byte	0
 533 0091 03       		.uleb128 0x3
ARM GAS  C:\Users\ZakiN\AppData\Local\Temp\ccCCxoOa.s 			page 11


 534 0092 0E       		.uleb128 0xe
 535 0093 3A       		.uleb128 0x3a
 536 0094 0B       		.uleb128 0xb
 537 0095 3B       		.uleb128 0x3b
 538 0096 05       		.uleb128 0x5
 539 0097 49       		.uleb128 0x49
 540 0098 13       		.uleb128 0x13
 541 0099 3F       		.uleb128 0x3f
 542 009a 19       		.uleb128 0x19
 543 009b 3C       		.uleb128 0x3c
 544 009c 19       		.uleb128 0x19
 545 009d 00       		.byte	0
 546 009e 00       		.byte	0
 547 009f 0C       		.uleb128 0xc
 548 00a0 35       		.uleb128 0x35
 549 00a1 00       		.byte	0
 550 00a2 49       		.uleb128 0x49
 551 00a3 13       		.uleb128 0x13
 552 00a4 00       		.byte	0
 553 00a5 00       		.byte	0
 554 00a6 0D       		.uleb128 0xd
 555 00a7 2E       		.uleb128 0x2e
 556 00a8 00       		.byte	0
 557 00a9 3F       		.uleb128 0x3f
 558 00aa 19       		.uleb128 0x19
 559 00ab 3C       		.uleb128 0x3c
 560 00ac 19       		.uleb128 0x19
 561 00ad 6E       		.uleb128 0x6e
 562 00ae 0E       		.uleb128 0xe
 563 00af 03       		.uleb128 0x3
 564 00b0 0E       		.uleb128 0xe
 565 00b1 3A       		.uleb128 0x3a
 566 00b2 0B       		.uleb128 0xb
 567 00b3 3B       		.uleb128 0x3b
 568 00b4 0B       		.uleb128 0xb
 569 00b5 00       		.byte	0
 570 00b6 00       		.byte	0
 571 00b7 00       		.byte	0
 572              		.section	.debug_loc,"",%progbits
 573              	.Ldebug_loc0:
 574              	.LLST0:
 575 0000 00000000 		.4byte	.LVL3
 576 0004 07000000 		.4byte	.LVL4-1
 577 0008 0100     		.2byte	0x1
 578 000a 50       		.byte	0x50
 579 000b 07000000 		.4byte	.LVL4-1
 580 000f 0A000000 		.4byte	.LFE65
 581 0013 0400     		.2byte	0x4
 582 0015 F3       		.byte	0xf3
 583 0016 01       		.uleb128 0x1
 584 0017 50       		.byte	0x50
 585 0018 9F       		.byte	0x9f
 586 0019 00000000 		.4byte	0
 587 001d 00000000 		.4byte	0
 588              	.LLST1:
 589 0021 00000000 		.4byte	.LVL6
 590 0025 07000000 		.4byte	.LVL7-1
ARM GAS  C:\Users\ZakiN\AppData\Local\Temp\ccCCxoOa.s 			page 12


 591 0029 0100     		.2byte	0x1
 592 002b 50       		.byte	0x50
 593 002c 07000000 		.4byte	.LVL7-1
 594 0030 0A000000 		.4byte	.LFE67
 595 0034 0400     		.2byte	0x4
 596 0036 F3       		.byte	0xf3
 597 0037 01       		.uleb128 0x1
 598 0038 50       		.byte	0x50
 599 0039 9F       		.byte	0x9f
 600 003a 00000000 		.4byte	0
 601 003e 00000000 		.4byte	0
 602              		.section	.debug_aranges,"",%progbits
 603 0000 3C000000 		.4byte	0x3c
 604 0004 0200     		.2byte	0x2
 605 0006 00000000 		.4byte	.Ldebug_info0
 606 000a 04       		.byte	0x4
 607 000b 00       		.byte	0
 608 000c 0000     		.2byte	0
 609 000e 0000     		.2byte	0
 610 0010 00000000 		.4byte	.LFB64
 611 0014 14000000 		.4byte	.LFE64-.LFB64
 612 0018 00000000 		.4byte	.LFB65
 613 001c 0A000000 		.4byte	.LFE65-.LFB65
 614 0020 00000000 		.4byte	.LFB66
 615 0024 0A000000 		.4byte	.LFE66-.LFB66
 616 0028 00000000 		.4byte	.LFB67
 617 002c 0A000000 		.4byte	.LFE67-.LFB67
 618 0030 00000000 		.4byte	.LFB68
 619 0034 0A000000 		.4byte	.LFE68-.LFB68
 620 0038 00000000 		.4byte	0
 621 003c 00000000 		.4byte	0
 622              		.section	.debug_ranges,"",%progbits
 623              	.Ldebug_ranges0:
 624 0000 00000000 		.4byte	.LFB64
 625 0004 14000000 		.4byte	.LFE64
 626 0008 00000000 		.4byte	.LFB65
 627 000c 0A000000 		.4byte	.LFE65
 628 0010 00000000 		.4byte	.LFB66
 629 0014 0A000000 		.4byte	.LFE66
 630 0018 00000000 		.4byte	.LFB67
 631 001c 0A000000 		.4byte	.LFE67
 632 0020 00000000 		.4byte	.LFB68
 633 0024 0A000000 		.4byte	.LFE68
 634 0028 00000000 		.4byte	0
 635 002c 00000000 		.4byte	0
 636              		.section	.debug_line,"",%progbits
 637              	.Ldebug_line0:
 638 0000 A1010000 		.section	.debug_str,"MS",%progbits,1
 638      02004901 
 638      00000201 
 638      FB0E0D00 
 638      01010101 
 639              	.LASF19:
 640 0000 73746172 		.ascii	"startLedGreen\000"
 640      744C6564 
 640      47726565 
 640      6E00
ARM GAS  C:\Users\ZakiN\AppData\Local\Temp\ccCCxoOa.s 			page 13


 641              	.LASF4:
 642 000e 5F5F696E 		.ascii	"__int8_t\000"
 642      74385F74 
 642      00
 643              	.LASF22:
 644 0017 64757479 		.ascii	"dutyCycle\000"
 644      4379636C 
 644      6500
 645              	.LASF5:
 646 0021 5F5F696E 		.ascii	"__int32_t\000"
 646      7433325F 
 646      7400
 647              	.LASF3:
 648 002b 73686F72 		.ascii	"short unsigned int\000"
 648      7420756E 
 648      7369676E 
 648      65642069 
 648      6E7400
 649              	.LASF25:
 650 003e 50574D5F 		.ascii	"PWM_1_WriteCompare1\000"
 650      315F5772 
 650      69746543 
 650      6F6D7061 
 650      72653100 
 651              	.LASF26:
 652 0052 50574D5F 		.ascii	"PWM_1_WriteCompare2\000"
 652      315F5772 
 652      69746543 
 652      6F6D7061 
 652      72653200 
 653              	.LASF20:
 654 0066 73746F70 		.ascii	"stopLedGreen\000"
 654      4C656447 
 654      7265656E 
 654      00
 655              	.LASF11:
 656 0073 696E7438 		.ascii	"int8_t\000"
 656      5F7400
 657              	.LASF13:
 658 007a 666C6F61 		.ascii	"float\000"
 658      7400
 659              	.LASF1:
 660 0080 756E7369 		.ascii	"unsigned char\000"
 660      676E6564 
 660      20636861 
 660      7200
 661              	.LASF27:
 662 008e 474E5520 		.ascii	"GNU C11 5.4.1 20160609 (release) [ARM/embedded-5-br"
 662      43313120 
 662      352E342E 
 662      31203230 
 662      31363036 
 663 00c1 616E6368 		.ascii	"anch revision 237715] -mcpu=cortex-m3 -mthumb -g -O"
 663      20726576 
 663      6973696F 
 663      6E203233 
 663      37373135 
ARM GAS  C:\Users\ZakiN\AppData\Local\Temp\ccCCxoOa.s 			page 14


 664 00f4 67202D66 		.ascii	"g -ffunction-sections -ffat-lto-objects\000"
 664      66756E63 
 664      74696F6E 
 664      2D736563 
 664      74696F6E 
 665              	.LASF7:
 666 011c 6C6F6E67 		.ascii	"long unsigned int\000"
 666      20756E73 
 666      69676E65 
 666      6420696E 
 666      7400
 667              	.LASF21:
 668 012e 73746172 		.ascii	"startLedRed\000"
 668      744C6564 
 668      52656400 
 669              	.LASF24:
 670 013a 50574D5F 		.ascii	"PWM_1_Start\000"
 670      315F5374 
 670      61727400 
 671              	.LASF28:
 672 0146 6C65642E 		.ascii	"led.c\000"
 672      6300
 673              	.LASF30:
 674 014c 49544D5F 		.ascii	"ITM_RxBuffer\000"
 674      52784275 
 674      66666572 
 674      00
 675              	.LASF14:
 676 0159 646F7562 		.ascii	"double\000"
 676      6C6500
 677              	.LASF29:
 678 0160 433A5C55 		.ascii	"C:\\Users\\ZakiN\\OneDrive\\Skrivebord\\SPI_Slave\\"
 678      73657273 
 678      5C5A616B 
 678      694E5C4F 
 678      6E654472 
 679 018d 44657369 		.ascii	"Design01.cydsn\000"
 679      676E3031 
 679      2E637964 
 679      736E00
 680              	.LASF10:
 681 019c 756E7369 		.ascii	"unsigned int\000"
 681      676E6564 
 681      20696E74 
 681      00
 682              	.LASF9:
 683 01a9 6C6F6E67 		.ascii	"long long unsigned int\000"
 683      206C6F6E 
 683      6720756E 
 683      7369676E 
 683      65642069 
 684              	.LASF12:
 685 01c0 696E7433 		.ascii	"int32_t\000"
 685      325F7400 
 686              	.LASF17:
 687 01c8 73697A65 		.ascii	"sizetype\000"
 687      74797065 
ARM GAS  C:\Users\ZakiN\AppData\Local\Temp\ccCCxoOa.s 			page 15


 687      00
 688              	.LASF8:
 689 01d1 6C6F6E67 		.ascii	"long long int\000"
 689      206C6F6E 
 689      6720696E 
 689      7400
 690              	.LASF15:
 691 01df 63686172 		.ascii	"char\000"
 691      00
 692              	.LASF23:
 693 01e4 73746F70 		.ascii	"stopLedRed\000"
 693      4C656452 
 693      656400
 694              	.LASF2:
 695 01ef 73686F72 		.ascii	"short int\000"
 695      7420696E 
 695      7400
 696              	.LASF18:
 697 01f9 696E6974 		.ascii	"initLed\000"
 697      4C656400 
 698              	.LASF6:
 699 0201 6C6F6E67 		.ascii	"long int\000"
 699      20696E74 
 699      00
 700              	.LASF16:
 701 020a 6C6F6E67 		.ascii	"long double\000"
 701      20646F75 
 701      626C6500 
 702              	.LASF0:
 703 0216 7369676E 		.ascii	"signed char\000"
 703      65642063 
 703      68617200 
 704              		.ident	"GCC: (GNU Tools for ARM Embedded Processors) 5.4.1 20160609 (release) [ARM/embedded-5-bran
