ARM GAS  C:\Users\deniz\AppData\Local\Temp\ccw7qzZP.s 			page 1


   1              		.syntax unified
   2              		.cpu cortex-m3
   3              		.fpu softvfp
   4              		.eabi_attribute 20, 1
   5              		.eabi_attribute 21, 1
   6              		.eabi_attribute 23, 3
   7              		.eabi_attribute 24, 1
   8              		.eabi_attribute 25, 1
   9              		.eabi_attribute 26, 1
  10              		.eabi_attribute 30, 1
  11              		.eabi_attribute 34, 1
  12              		.eabi_attribute 18, 4
  13              		.thumb
  14              		.syntax unified
  15              		.file	"spi_Slave.c"
  16              		.text
  17              	.Ltext0:
  18              		.cfi_sections	.debug_frame
  19              		.section	.text.InitializeSPI,"ax",%progbits
  20              		.align	2
  21              		.global	InitializeSPI
  22              		.thumb
  23              		.thumb_func
  24              		.type	InitializeSPI, %function
  25              	InitializeSPI:
  26              	.LFB63:
  27              		.file 1 "spi_Slave.c"
   1:spi_Slave.c   **** /* ========================================
   2:spi_Slave.c   ****  *
   3:spi_Slave.c   ****  * Copyright YOUR COMPANY, THE YEAR
   4:spi_Slave.c   ****  * All Rights Reserved
   5:spi_Slave.c   ****  * UNPUBLISHED, LICENSED SOFTWARE.
   6:spi_Slave.c   ****  *
   7:spi_Slave.c   ****  * CONFIDENTIAL AND PROPRIETARY INFORMATION
   8:spi_Slave.c   ****  * WHICH IS THE PROPERTY OF your company.
   9:spi_Slave.c   ****  *
  10:spi_Slave.c   ****  * ========================================
  11:spi_Slave.c   **** */
  12:spi_Slave.c   **** 
  13:spi_Slave.c   **** #include "spi_Slave.h"
  14:spi_Slave.c   **** 
  15:spi_Slave.c   **** void InitializeSPI(void)
  16:spi_Slave.c   **** {
  28              		.loc 1 16 0
  29              		.cfi_startproc
  30              		@ args = 0, pretend = 0, frame = 0
  31              		@ frame_needed = 0, uses_anonymous_args = 0
  32 0000 08B5     		push	{r3, lr}
  33              		.cfi_def_cfa_offset 8
  34              		.cfi_offset 3, -8
  35              		.cfi_offset 14, -4
  17:spi_Slave.c   ****     // Initialiser SPI-modulet her
  18:spi_Slave.c   ****     SPIS_2_Start();
  36              		.loc 1 18 0
  37 0002 FFF7FEFF 		bl	SPIS_2_Start
  38              	.LVL0:
  39 0006 08BD     		pop	{r3, pc}
ARM GAS  C:\Users\deniz\AppData\Local\Temp\ccw7qzZP.s 			page 2


  40              		.cfi_endproc
  41              	.LFE63:
  42              		.size	InitializeSPI, .-InitializeSPI
  43              		.section	.text.modtagetSPi,"ax",%progbits
  44              		.align	2
  45              		.global	modtagetSPi
  46              		.thumb
  47              		.thumb_func
  48              		.type	modtagetSPi, %function
  49              	modtagetSPi:
  50              	.LFB64:
  19:spi_Slave.c   ****     
  20:spi_Slave.c   **** }
  21:spi_Slave.c   **** 
  22:spi_Slave.c   **** uint8_t modtagetSPi(void)
  23:spi_Slave.c   **** {
  51              		.loc 1 23 0
  52              		.cfi_startproc
  53              		@ args = 0, pretend = 0, frame = 0
  54              		@ frame_needed = 0, uses_anonymous_args = 0
  55 0000 10B5     		push	{r4, lr}
  56              		.cfi_def_cfa_offset 8
  57              		.cfi_offset 4, -8
  58              		.cfi_offset 14, -4
  59              	.LVL1:
  24:spi_Slave.c   ****     
  25:spi_Slave.c   ****     uint8_t receivedData = 0;
  60              		.loc 1 25 0
  61 0002 0024     		movs	r4, #0
  26:spi_Slave.c   ****     // Lyt for kommandoer fra masteren via SPI
  27:spi_Slave.c   ****     
  28:spi_Slave.c   ****     while(SPIS_2_GetRxBufferSize() != 0)
  62              		.loc 1 28 0
  63 0004 02E0     		b	.L4
  64              	.LVL2:
  65              	.L5:
  29:spi_Slave.c   ****     {
  30:spi_Slave.c   ****         receivedData = SPIS_2_ReadRxData();
  66              		.loc 1 30 0
  67 0006 FFF7FEFF 		bl	SPIS_2_ReadRxData
  68              	.LVL3:
  69 000a 0446     		mov	r4, r0
  70              	.LVL4:
  71              	.L4:
  28:spi_Slave.c   ****     {
  72              		.loc 1 28 0
  73 000c FFF7FEFF 		bl	SPIS_2_GetRxBufferSize
  74              	.LVL5:
  75 0010 0028     		cmp	r0, #0
  76 0012 F8D1     		bne	.L5
  31:spi_Slave.c   ****     }
  32:spi_Slave.c   ****    //returnere dataen    
  33:spi_Slave.c   ****     return receivedData;
  34:spi_Slave.c   ****      
  35:spi_Slave.c   **** }
  77              		.loc 1 35 0
  78 0014 2046     		mov	r0, r4
ARM GAS  C:\Users\deniz\AppData\Local\Temp\ccw7qzZP.s 			page 3


  79 0016 10BD     		pop	{r4, pc}
  80              		.cfi_endproc
  81              	.LFE64:
  82              		.size	modtagetSPi, .-modtagetSPi
  83              		.section	.text.sendSPi,"ax",%progbits
  84              		.align	2
  85              		.global	sendSPi
  86              		.thumb
  87              		.thumb_func
  88              		.type	sendSPi, %function
  89              	sendSPi:
  90              	.LFB65:
  36:spi_Slave.c   **** void sendSPi(uint8_t data)
  37:spi_Slave.c   **** {
  91              		.loc 1 37 0
  92              		.cfi_startproc
  93              		@ args = 0, pretend = 0, frame = 0
  94              		@ frame_needed = 0, uses_anonymous_args = 0
  95              	.LVL6:
  96 0000 10B5     		push	{r4, lr}
  97              		.cfi_def_cfa_offset 8
  98              		.cfi_offset 4, -8
  99              		.cfi_offset 14, -4
 100 0002 0446     		mov	r4, r0
  38:spi_Slave.c   ****    // Vent, indtil TX-bufferen er klar til at sende data
  39:spi_Slave.c   **** //    while ((SPIS_2_ReadTxStatus() & SPIS_2_STS_TX_FIFO_NOT_FULL)==0)
  40:spi_Slave.c   **** //    {
  41:spi_Slave.c   ****         // Vent, indtil TX-bufferen er klar
  42:spi_Slave.c   **** //    }
  43:spi_Slave.c   ****     SPIS_2_ClearTxBuffer();
 101              		.loc 1 43 0
 102 0004 FFF7FEFF 		bl	SPIS_2_ClearTxBuffer
 103              	.LVL7:
  44:spi_Slave.c   ****     // Skriver data til TX-bufferen for at sende det til masteren
  45:spi_Slave.c   ****     SPIS_2_WriteTxData(data);
 104              		.loc 1 45 0
 105 0008 2046     		mov	r0, r4
 106 000a FFF7FEFF 		bl	SPIS_2_WriteTxData
 107              	.LVL8:
 108 000e 10BD     		pop	{r4, pc}
 109              		.cfi_endproc
 110              	.LFE65:
 111              		.size	sendSPi, .-sendSPi
 112              		.text
 113              	.Letext0:
 114              		.file 2 "c:\\program files (x86)\\cypress\\psoc creator\\4.4\\psoc creator\\import\\gnu\\arm\\5.4.
 115              		.file 3 "c:\\program files (x86)\\cypress\\psoc creator\\4.4\\psoc creator\\import\\gnu\\arm\\5.4.
 116              		.file 4 "Generated_Source\\PSoC5/SPIS_2.h"
 117              		.file 5 "Generated_Source\\PSoC5/core_cm3.h"
 118              		.section	.debug_info,"",%progbits
 119              	.Ldebug_info0:
 120 0000 97010000 		.4byte	0x197
 121 0004 0400     		.2byte	0x4
 122 0006 00000000 		.4byte	.Ldebug_abbrev0
 123 000a 04       		.byte	0x4
 124 000b 01       		.uleb128 0x1
 125 000c B1000000 		.4byte	.LASF25
ARM GAS  C:\Users\deniz\AppData\Local\Temp\ccw7qzZP.s 			page 4


 126 0010 0C       		.byte	0xc
 127 0011 80000000 		.4byte	.LASF26
 128 0015 0D000000 		.4byte	.LASF27
 129 0019 00000000 		.4byte	.Ldebug_ranges0+0
 130 001d 00000000 		.4byte	0
 131 0021 00000000 		.4byte	.Ldebug_line0
 132 0025 02       		.uleb128 0x2
 133 0026 01       		.byte	0x1
 134 0027 06       		.byte	0x6
 135 0028 45020000 		.4byte	.LASF0
 136 002c 03       		.uleb128 0x3
 137 002d 56000000 		.4byte	.LASF4
 138 0031 02       		.byte	0x2
 139 0032 1D       		.byte	0x1d
 140 0033 37000000 		.4byte	0x37
 141 0037 02       		.uleb128 0x2
 142 0038 01       		.byte	0x1
 143 0039 08       		.byte	0x8
 144 003a A3000000 		.4byte	.LASF1
 145 003e 02       		.uleb128 0x2
 146 003f 02       		.byte	0x2
 147 0040 05       		.byte	0x5
 148 0041 02020000 		.4byte	.LASF2
 149 0045 02       		.uleb128 0x2
 150 0046 02       		.byte	0x2
 151 0047 07       		.byte	0x7
 152 0048 51010000 		.4byte	.LASF3
 153 004c 03       		.uleb128 0x3
 154 004d 68000000 		.4byte	.LASF5
 155 0051 02       		.byte	0x2
 156 0052 3F       		.byte	0x3f
 157 0053 57000000 		.4byte	0x57
 158 0057 02       		.uleb128 0x2
 159 0058 04       		.byte	0x4
 160 0059 05       		.byte	0x5
 161 005a 23020000 		.4byte	.LASF6
 162 005e 02       		.uleb128 0x2
 163 005f 04       		.byte	0x4
 164 0060 07       		.byte	0x7
 165 0061 3F010000 		.4byte	.LASF7
 166 0065 02       		.uleb128 0x2
 167 0066 08       		.byte	0x8
 168 0067 05       		.byte	0x5
 169 0068 EF010000 		.4byte	.LASF8
 170 006c 02       		.uleb128 0x2
 171 006d 08       		.byte	0x8
 172 006e 07       		.byte	0x7
 173 006f BF010000 		.4byte	.LASF9
 174 0073 04       		.uleb128 0x4
 175 0074 04       		.byte	0x4
 176 0075 05       		.byte	0x5
 177 0076 696E7400 		.ascii	"int\000"
 178 007a 02       		.uleb128 0x2
 179 007b 04       		.byte	0x4
 180 007c 07       		.byte	0x7
 181 007d B2010000 		.4byte	.LASF10
 182 0081 03       		.uleb128 0x3
ARM GAS  C:\Users\deniz\AppData\Local\Temp\ccw7qzZP.s 			page 5


 183 0082 D6010000 		.4byte	.LASF11
 184 0086 03       		.byte	0x3
 185 0087 18       		.byte	0x18
 186 0088 2C000000 		.4byte	0x2c
 187 008c 03       		.uleb128 0x3
 188 008d DE010000 		.4byte	.LASF12
 189 0091 03       		.byte	0x3
 190 0092 2C       		.byte	0x2c
 191 0093 4C000000 		.4byte	0x4c
 192 0097 02       		.uleb128 0x2
 193 0098 04       		.byte	0x4
 194 0099 04       		.byte	0x4
 195 009a 98000000 		.4byte	.LASF13
 196 009e 02       		.uleb128 0x2
 197 009f 08       		.byte	0x8
 198 00a0 04       		.byte	0x4
 199 00a1 8B010000 		.4byte	.LASF14
 200 00a5 02       		.uleb128 0x2
 201 00a6 01       		.byte	0x1
 202 00a7 08       		.byte	0x8
 203 00a8 FD010000 		.4byte	.LASF15
 204 00ac 02       		.uleb128 0x2
 205 00ad 08       		.byte	0x8
 206 00ae 04       		.byte	0x4
 207 00af 39020000 		.4byte	.LASF16
 208 00b3 02       		.uleb128 0x2
 209 00b4 04       		.byte	0x4
 210 00b5 07       		.byte	0x7
 211 00b6 E6010000 		.4byte	.LASF17
 212 00ba 05       		.uleb128 0x5
 213 00bb 72000000 		.4byte	.LASF18
 214 00bf 01       		.byte	0x1
 215 00c0 0F       		.byte	0xf
 216 00c1 00000000 		.4byte	.LFB63
 217 00c5 08000000 		.4byte	.LFE63-.LFB63
 218 00c9 01       		.uleb128 0x1
 219 00ca 9C       		.byte	0x9c
 220 00cb D9000000 		.4byte	0xd9
 221 00cf 06       		.uleb128 0x6
 222 00d0 06000000 		.4byte	.LVL0
 223 00d4 63010000 		.4byte	0x163
 224 00d8 00       		.byte	0
 225 00d9 07       		.uleb128 0x7
 226 00da 8C000000 		.4byte	.LASF28
 227 00de 01       		.byte	0x1
 228 00df 16       		.byte	0x16
 229 00e0 81000000 		.4byte	0x81
 230 00e4 00000000 		.4byte	.LFB64
 231 00e8 18000000 		.4byte	.LFE64-.LFB64
 232 00ec 01       		.uleb128 0x1
 233 00ed 9C       		.byte	0x9c
 234 00ee 14010000 		.4byte	0x114
 235 00f2 08       		.uleb128 0x8
 236 00f3 2C020000 		.4byte	.LASF29
 237 00f7 01       		.byte	0x1
 238 00f8 19       		.byte	0x19
 239 00f9 81000000 		.4byte	0x81
ARM GAS  C:\Users\deniz\AppData\Local\Temp\ccw7qzZP.s 			page 6


 240 00fd 00000000 		.4byte	.LLST0
 241 0101 06       		.uleb128 0x6
 242 0102 0A000000 		.4byte	.LVL3
 243 0106 6E010000 		.4byte	0x16e
 244 010a 06       		.uleb128 0x6
 245 010b 10000000 		.4byte	.LVL5
 246 010f 79010000 		.4byte	0x179
 247 0113 00       		.byte	0
 248 0114 05       		.uleb128 0x5
 249 0115 60000000 		.4byte	.LASF19
 250 0119 01       		.byte	0x1
 251 011a 24       		.byte	0x24
 252 011b 00000000 		.4byte	.LFB65
 253 011f 10000000 		.4byte	.LFE65-.LFB65
 254 0123 01       		.uleb128 0x1
 255 0124 9C       		.byte	0x9c
 256 0125 52010000 		.4byte	0x152
 257 0129 09       		.uleb128 0x9
 258 012a 9E000000 		.4byte	.LASF30
 259 012e 01       		.byte	0x1
 260 012f 24       		.byte	0x24
 261 0130 81000000 		.4byte	0x81
 262 0134 1F000000 		.4byte	.LLST1
 263 0138 06       		.uleb128 0x6
 264 0139 08000000 		.4byte	.LVL7
 265 013d 84010000 		.4byte	0x184
 266 0141 0A       		.uleb128 0xa
 267 0142 0E000000 		.4byte	.LVL8
 268 0146 8F010000 		.4byte	0x18f
 269 014a 0B       		.uleb128 0xb
 270 014b 01       		.uleb128 0x1
 271 014c 50       		.byte	0x50
 272 014d 02       		.uleb128 0x2
 273 014e 74       		.byte	0x74
 274 014f 00       		.sleb128 0
 275 0150 00       		.byte	0
 276 0151 00       		.byte	0
 277 0152 0C       		.uleb128 0xc
 278 0153 A5010000 		.4byte	.LASF31
 279 0157 05       		.byte	0x5
 280 0158 1207     		.2byte	0x712
 281 015a 5E010000 		.4byte	0x15e
 282 015e 0D       		.uleb128 0xd
 283 015f 8C000000 		.4byte	0x8c
 284 0163 0E       		.uleb128 0xe
 285 0164 00000000 		.4byte	.LASF20
 286 0168 00000000 		.4byte	.LASF20
 287 016c 04       		.byte	0x4
 288 016d 46       		.byte	0x46
 289 016e 0E       		.uleb128 0xe
 290 016f 64010000 		.4byte	.LASF21
 291 0173 64010000 		.4byte	.LASF21
 292 0177 04       		.byte	0x4
 293 0178 57       		.byte	0x57
 294 0179 0E       		.uleb128 0xe
 295 017a 0C020000 		.4byte	.LASF22
 296 017e 0C020000 		.4byte	.LASF22
ARM GAS  C:\Users\deniz\AppData\Local\Temp\ccw7qzZP.s 			page 7


 297 0182 04       		.byte	0x4
 298 0183 58       		.byte	0x58
 299 0184 0E       		.uleb128 0xe
 300 0185 76010000 		.4byte	.LASF23
 301 0189 76010000 		.4byte	.LASF23
 302 018d 04       		.byte	0x4
 303 018e 5B       		.byte	0x5b
 304 018f 0E       		.uleb128 0xe
 305 0190 92010000 		.4byte	.LASF24
 306 0194 92010000 		.4byte	.LASF24
 307 0198 04       		.byte	0x4
 308 0199 50       		.byte	0x50
 309 019a 00       		.byte	0
 310              		.section	.debug_abbrev,"",%progbits
 311              	.Ldebug_abbrev0:
 312 0000 01       		.uleb128 0x1
 313 0001 11       		.uleb128 0x11
 314 0002 01       		.byte	0x1
 315 0003 25       		.uleb128 0x25
 316 0004 0E       		.uleb128 0xe
 317 0005 13       		.uleb128 0x13
 318 0006 0B       		.uleb128 0xb
 319 0007 03       		.uleb128 0x3
 320 0008 0E       		.uleb128 0xe
 321 0009 1B       		.uleb128 0x1b
 322 000a 0E       		.uleb128 0xe
 323 000b 55       		.uleb128 0x55
 324 000c 17       		.uleb128 0x17
 325 000d 11       		.uleb128 0x11
 326 000e 01       		.uleb128 0x1
 327 000f 10       		.uleb128 0x10
 328 0010 17       		.uleb128 0x17
 329 0011 00       		.byte	0
 330 0012 00       		.byte	0
 331 0013 02       		.uleb128 0x2
 332 0014 24       		.uleb128 0x24
 333 0015 00       		.byte	0
 334 0016 0B       		.uleb128 0xb
 335 0017 0B       		.uleb128 0xb
 336 0018 3E       		.uleb128 0x3e
 337 0019 0B       		.uleb128 0xb
 338 001a 03       		.uleb128 0x3
 339 001b 0E       		.uleb128 0xe
 340 001c 00       		.byte	0
 341 001d 00       		.byte	0
 342 001e 03       		.uleb128 0x3
 343 001f 16       		.uleb128 0x16
 344 0020 00       		.byte	0
 345 0021 03       		.uleb128 0x3
 346 0022 0E       		.uleb128 0xe
 347 0023 3A       		.uleb128 0x3a
 348 0024 0B       		.uleb128 0xb
 349 0025 3B       		.uleb128 0x3b
 350 0026 0B       		.uleb128 0xb
 351 0027 49       		.uleb128 0x49
 352 0028 13       		.uleb128 0x13
 353 0029 00       		.byte	0
ARM GAS  C:\Users\deniz\AppData\Local\Temp\ccw7qzZP.s 			page 8


 354 002a 00       		.byte	0
 355 002b 04       		.uleb128 0x4
 356 002c 24       		.uleb128 0x24
 357 002d 00       		.byte	0
 358 002e 0B       		.uleb128 0xb
 359 002f 0B       		.uleb128 0xb
 360 0030 3E       		.uleb128 0x3e
 361 0031 0B       		.uleb128 0xb
 362 0032 03       		.uleb128 0x3
 363 0033 08       		.uleb128 0x8
 364 0034 00       		.byte	0
 365 0035 00       		.byte	0
 366 0036 05       		.uleb128 0x5
 367 0037 2E       		.uleb128 0x2e
 368 0038 01       		.byte	0x1
 369 0039 3F       		.uleb128 0x3f
 370 003a 19       		.uleb128 0x19
 371 003b 03       		.uleb128 0x3
 372 003c 0E       		.uleb128 0xe
 373 003d 3A       		.uleb128 0x3a
 374 003e 0B       		.uleb128 0xb
 375 003f 3B       		.uleb128 0x3b
 376 0040 0B       		.uleb128 0xb
 377 0041 27       		.uleb128 0x27
 378 0042 19       		.uleb128 0x19
 379 0043 11       		.uleb128 0x11
 380 0044 01       		.uleb128 0x1
 381 0045 12       		.uleb128 0x12
 382 0046 06       		.uleb128 0x6
 383 0047 40       		.uleb128 0x40
 384 0048 18       		.uleb128 0x18
 385 0049 9742     		.uleb128 0x2117
 386 004b 19       		.uleb128 0x19
 387 004c 01       		.uleb128 0x1
 388 004d 13       		.uleb128 0x13
 389 004e 00       		.byte	0
 390 004f 00       		.byte	0
 391 0050 06       		.uleb128 0x6
 392 0051 898201   		.uleb128 0x4109
 393 0054 00       		.byte	0
 394 0055 11       		.uleb128 0x11
 395 0056 01       		.uleb128 0x1
 396 0057 31       		.uleb128 0x31
 397 0058 13       		.uleb128 0x13
 398 0059 00       		.byte	0
 399 005a 00       		.byte	0
 400 005b 07       		.uleb128 0x7
 401 005c 2E       		.uleb128 0x2e
 402 005d 01       		.byte	0x1
 403 005e 3F       		.uleb128 0x3f
 404 005f 19       		.uleb128 0x19
 405 0060 03       		.uleb128 0x3
 406 0061 0E       		.uleb128 0xe
 407 0062 3A       		.uleb128 0x3a
 408 0063 0B       		.uleb128 0xb
 409 0064 3B       		.uleb128 0x3b
 410 0065 0B       		.uleb128 0xb
ARM GAS  C:\Users\deniz\AppData\Local\Temp\ccw7qzZP.s 			page 9


 411 0066 27       		.uleb128 0x27
 412 0067 19       		.uleb128 0x19
 413 0068 49       		.uleb128 0x49
 414 0069 13       		.uleb128 0x13
 415 006a 11       		.uleb128 0x11
 416 006b 01       		.uleb128 0x1
 417 006c 12       		.uleb128 0x12
 418 006d 06       		.uleb128 0x6
 419 006e 40       		.uleb128 0x40
 420 006f 18       		.uleb128 0x18
 421 0070 9742     		.uleb128 0x2117
 422 0072 19       		.uleb128 0x19
 423 0073 01       		.uleb128 0x1
 424 0074 13       		.uleb128 0x13
 425 0075 00       		.byte	0
 426 0076 00       		.byte	0
 427 0077 08       		.uleb128 0x8
 428 0078 34       		.uleb128 0x34
 429 0079 00       		.byte	0
 430 007a 03       		.uleb128 0x3
 431 007b 0E       		.uleb128 0xe
 432 007c 3A       		.uleb128 0x3a
 433 007d 0B       		.uleb128 0xb
 434 007e 3B       		.uleb128 0x3b
 435 007f 0B       		.uleb128 0xb
 436 0080 49       		.uleb128 0x49
 437 0081 13       		.uleb128 0x13
 438 0082 02       		.uleb128 0x2
 439 0083 17       		.uleb128 0x17
 440 0084 00       		.byte	0
 441 0085 00       		.byte	0
 442 0086 09       		.uleb128 0x9
 443 0087 05       		.uleb128 0x5
 444 0088 00       		.byte	0
 445 0089 03       		.uleb128 0x3
 446 008a 0E       		.uleb128 0xe
 447 008b 3A       		.uleb128 0x3a
 448 008c 0B       		.uleb128 0xb
 449 008d 3B       		.uleb128 0x3b
 450 008e 0B       		.uleb128 0xb
 451 008f 49       		.uleb128 0x49
 452 0090 13       		.uleb128 0x13
 453 0091 02       		.uleb128 0x2
 454 0092 17       		.uleb128 0x17
 455 0093 00       		.byte	0
 456 0094 00       		.byte	0
 457 0095 0A       		.uleb128 0xa
 458 0096 898201   		.uleb128 0x4109
 459 0099 01       		.byte	0x1
 460 009a 11       		.uleb128 0x11
 461 009b 01       		.uleb128 0x1
 462 009c 31       		.uleb128 0x31
 463 009d 13       		.uleb128 0x13
 464 009e 00       		.byte	0
 465 009f 00       		.byte	0
 466 00a0 0B       		.uleb128 0xb
 467 00a1 8A8201   		.uleb128 0x410a
ARM GAS  C:\Users\deniz\AppData\Local\Temp\ccw7qzZP.s 			page 10


 468 00a4 00       		.byte	0
 469 00a5 02       		.uleb128 0x2
 470 00a6 18       		.uleb128 0x18
 471 00a7 9142     		.uleb128 0x2111
 472 00a9 18       		.uleb128 0x18
 473 00aa 00       		.byte	0
 474 00ab 00       		.byte	0
 475 00ac 0C       		.uleb128 0xc
 476 00ad 34       		.uleb128 0x34
 477 00ae 00       		.byte	0
 478 00af 03       		.uleb128 0x3
 479 00b0 0E       		.uleb128 0xe
 480 00b1 3A       		.uleb128 0x3a
 481 00b2 0B       		.uleb128 0xb
 482 00b3 3B       		.uleb128 0x3b
 483 00b4 05       		.uleb128 0x5
 484 00b5 49       		.uleb128 0x49
 485 00b6 13       		.uleb128 0x13
 486 00b7 3F       		.uleb128 0x3f
 487 00b8 19       		.uleb128 0x19
 488 00b9 3C       		.uleb128 0x3c
 489 00ba 19       		.uleb128 0x19
 490 00bb 00       		.byte	0
 491 00bc 00       		.byte	0
 492 00bd 0D       		.uleb128 0xd
 493 00be 35       		.uleb128 0x35
 494 00bf 00       		.byte	0
 495 00c0 49       		.uleb128 0x49
 496 00c1 13       		.uleb128 0x13
 497 00c2 00       		.byte	0
 498 00c3 00       		.byte	0
 499 00c4 0E       		.uleb128 0xe
 500 00c5 2E       		.uleb128 0x2e
 501 00c6 00       		.byte	0
 502 00c7 3F       		.uleb128 0x3f
 503 00c8 19       		.uleb128 0x19
 504 00c9 3C       		.uleb128 0x3c
 505 00ca 19       		.uleb128 0x19
 506 00cb 6E       		.uleb128 0x6e
 507 00cc 0E       		.uleb128 0xe
 508 00cd 03       		.uleb128 0x3
 509 00ce 0E       		.uleb128 0xe
 510 00cf 3A       		.uleb128 0x3a
 511 00d0 0B       		.uleb128 0xb
 512 00d1 3B       		.uleb128 0x3b
 513 00d2 0B       		.uleb128 0xb
 514 00d3 00       		.byte	0
 515 00d4 00       		.byte	0
 516 00d5 00       		.byte	0
 517              		.section	.debug_loc,"",%progbits
 518              	.Ldebug_loc0:
 519              	.LLST0:
 520 0000 02000000 		.4byte	.LVL1
 521 0004 06000000 		.4byte	.LVL2
 522 0008 0200     		.2byte	0x2
 523 000a 30       		.byte	0x30
 524 000b 9F       		.byte	0x9f
ARM GAS  C:\Users\deniz\AppData\Local\Temp\ccw7qzZP.s 			page 11


 525 000c 06000000 		.4byte	.LVL2
 526 0010 18000000 		.4byte	.LFE64
 527 0014 0100     		.2byte	0x1
 528 0016 54       		.byte	0x54
 529 0017 00000000 		.4byte	0
 530 001b 00000000 		.4byte	0
 531              	.LLST1:
 532 001f 00000000 		.4byte	.LVL6
 533 0023 07000000 		.4byte	.LVL7-1
 534 0027 0100     		.2byte	0x1
 535 0029 50       		.byte	0x50
 536 002a 07000000 		.4byte	.LVL7-1
 537 002e 10000000 		.4byte	.LFE65
 538 0032 0400     		.2byte	0x4
 539 0034 F3       		.byte	0xf3
 540 0035 01       		.uleb128 0x1
 541 0036 50       		.byte	0x50
 542 0037 9F       		.byte	0x9f
 543 0038 00000000 		.4byte	0
 544 003c 00000000 		.4byte	0
 545              		.section	.debug_aranges,"",%progbits
 546 0000 2C000000 		.4byte	0x2c
 547 0004 0200     		.2byte	0x2
 548 0006 00000000 		.4byte	.Ldebug_info0
 549 000a 04       		.byte	0x4
 550 000b 00       		.byte	0
 551 000c 0000     		.2byte	0
 552 000e 0000     		.2byte	0
 553 0010 00000000 		.4byte	.LFB63
 554 0014 08000000 		.4byte	.LFE63-.LFB63
 555 0018 00000000 		.4byte	.LFB64
 556 001c 18000000 		.4byte	.LFE64-.LFB64
 557 0020 00000000 		.4byte	.LFB65
 558 0024 10000000 		.4byte	.LFE65-.LFB65
 559 0028 00000000 		.4byte	0
 560 002c 00000000 		.4byte	0
 561              		.section	.debug_ranges,"",%progbits
 562              	.Ldebug_ranges0:
 563 0000 00000000 		.4byte	.LFB63
 564 0004 08000000 		.4byte	.LFE63
 565 0008 00000000 		.4byte	.LFB64
 566 000c 18000000 		.4byte	.LFE64
 567 0010 00000000 		.4byte	.LFB65
 568 0014 10000000 		.4byte	.LFE65
 569 0018 00000000 		.4byte	0
 570 001c 00000000 		.4byte	0
 571              		.section	.debug_line,"",%progbits
 572              	.Ldebug_line0:
 573 0000 8B010000 		.section	.debug_str,"MS",%progbits,1
 573      02005001 
 573      00000201 
 573      FB0E0D00 
 573      01010101 
 574              	.LASF20:
 575 0000 53504953 		.ascii	"SPIS_2_Start\000"
 575      5F325F53 
 575      74617274 
ARM GAS  C:\Users\deniz\AppData\Local\Temp\ccw7qzZP.s 			page 12


 575      00
 576              	.LASF27:
 577 000d 433A5C55 		.ascii	"C:\\Users\\deniz\\OneDrive\\Dokumenter\\GitHub\\B-C"
 577      73657273 
 577      5C64656E 
 577      697A5C4F 
 577      6E654472 
 578 003a 41435C53 		.ascii	"AC\\SPI_Slave\\Design01.cydsn\000"
 578      50495F53 
 578      6C617665 
 578      5C446573 
 578      69676E30 
 579              	.LASF4:
 580 0056 5F5F7569 		.ascii	"__uint8_t\000"
 580      6E74385F 
 580      7400
 581              	.LASF19:
 582 0060 73656E64 		.ascii	"sendSPi\000"
 582      53506900 
 583              	.LASF5:
 584 0068 5F5F696E 		.ascii	"__int32_t\000"
 584      7433325F 
 584      7400
 585              	.LASF18:
 586 0072 496E6974 		.ascii	"InitializeSPI\000"
 586      69616C69 
 586      7A655350 
 586      4900
 587              	.LASF26:
 588 0080 7370695F 		.ascii	"spi_Slave.c\000"
 588      536C6176 
 588      652E6300 
 589              	.LASF28:
 590 008c 6D6F6474 		.ascii	"modtagetSPi\000"
 590      61676574 
 590      53506900 
 591              	.LASF13:
 592 0098 666C6F61 		.ascii	"float\000"
 592      7400
 593              	.LASF30:
 594 009e 64617461 		.ascii	"data\000"
 594      00
 595              	.LASF1:
 596 00a3 756E7369 		.ascii	"unsigned char\000"
 596      676E6564 
 596      20636861 
 596      7200
 597              	.LASF25:
 598 00b1 474E5520 		.ascii	"GNU C11 5.4.1 20160609 (release) [ARM/embedded-5-br"
 598      43313120 
 598      352E342E 
 598      31203230 
 598      31363036 
 599 00e4 616E6368 		.ascii	"anch revision 237715] -mcpu=cortex-m3 -mthumb -g -O"
 599      20726576 
 599      6973696F 
 599      6E203233 
ARM GAS  C:\Users\deniz\AppData\Local\Temp\ccw7qzZP.s 			page 13


 599      37373135 
 600 0117 67202D66 		.ascii	"g -ffunction-sections -ffat-lto-objects\000"
 600      66756E63 
 600      74696F6E 
 600      2D736563 
 600      74696F6E 
 601              	.LASF7:
 602 013f 6C6F6E67 		.ascii	"long unsigned int\000"
 602      20756E73 
 602      69676E65 
 602      6420696E 
 602      7400
 603              	.LASF3:
 604 0151 73686F72 		.ascii	"short unsigned int\000"
 604      7420756E 
 604      7369676E 
 604      65642069 
 604      6E7400
 605              	.LASF21:
 606 0164 53504953 		.ascii	"SPIS_2_ReadRxData\000"
 606      5F325F52 
 606      65616452 
 606      78446174 
 606      6100
 607              	.LASF23:
 608 0176 53504953 		.ascii	"SPIS_2_ClearTxBuffer\000"
 608      5F325F43 
 608      6C656172 
 608      54784275 
 608      66666572 
 609              	.LASF14:
 610 018b 646F7562 		.ascii	"double\000"
 610      6C6500
 611              	.LASF24:
 612 0192 53504953 		.ascii	"SPIS_2_WriteTxData\000"
 612      5F325F57 
 612      72697465 
 612      54784461 
 612      746100
 613              	.LASF31:
 614 01a5 49544D5F 		.ascii	"ITM_RxBuffer\000"
 614      52784275 
 614      66666572 
 614      00
 615              	.LASF10:
 616 01b2 756E7369 		.ascii	"unsigned int\000"
 616      676E6564 
 616      20696E74 
 616      00
 617              	.LASF9:
 618 01bf 6C6F6E67 		.ascii	"long long unsigned int\000"
 618      206C6F6E 
 618      6720756E 
 618      7369676E 
 618      65642069 
 619              	.LASF11:
 620 01d6 75696E74 		.ascii	"uint8_t\000"
ARM GAS  C:\Users\deniz\AppData\Local\Temp\ccw7qzZP.s 			page 14


 620      385F7400 
 621              	.LASF12:
 622 01de 696E7433 		.ascii	"int32_t\000"
 622      325F7400 
 623              	.LASF17:
 624 01e6 73697A65 		.ascii	"sizetype\000"
 624      74797065 
 624      00
 625              	.LASF8:
 626 01ef 6C6F6E67 		.ascii	"long long int\000"
 626      206C6F6E 
 626      6720696E 
 626      7400
 627              	.LASF15:
 628 01fd 63686172 		.ascii	"char\000"
 628      00
 629              	.LASF2:
 630 0202 73686F72 		.ascii	"short int\000"
 630      7420696E 
 630      7400
 631              	.LASF22:
 632 020c 53504953 		.ascii	"SPIS_2_GetRxBufferSize\000"
 632      5F325F47 
 632      65745278 
 632      42756666 
 632      65725369 
 633              	.LASF6:
 634 0223 6C6F6E67 		.ascii	"long int\000"
 634      20696E74 
 634      00
 635              	.LASF29:
 636 022c 72656365 		.ascii	"receivedData\000"
 636      69766564 
 636      44617461 
 636      00
 637              	.LASF16:
 638 0239 6C6F6E67 		.ascii	"long double\000"
 638      20646F75 
 638      626C6500 
 639              	.LASF0:
 640 0245 7369676E 		.ascii	"signed char\000"
 640      65642063 
 640      68617200 
 641              		.ident	"GCC: (GNU Tools for ARM Embedded Processors) 5.4.1 20160609 (release) [ARM/embedded-5-bran
