ARM GAS  C:\Users\ZakiN\AppData\Local\Temp\ccNT7Ee2.s 			page 1


   1              		.syntax unified
   2              		.cpu cortex-m3
   3              		.fpu softvfp
   4              		.eabi_attribute 20, 1
   5              		.eabi_attribute 21, 1
   6              		.eabi_attribute 23, 3
   7              		.eabi_attribute 24, 1
   8              		.eabi_attribute 25, 1
   9              		.eabi_attribute 26, 1
  10              		.eabi_attribute 30, 1
  11              		.eabi_attribute 34, 1
  12              		.eabi_attribute 18, 4
  13              		.thumb
  14              		.syntax unified
  15              		.file	"Timer.c"
  16              		.text
  17              	.Ltext0:
  18              		.cfi_sections	.debug_frame
  19              		.section	.text.startTidsTagning,"ax",%progbits
  20              		.align	2
  21              		.global	startTidsTagning
  22              		.thumb
  23              		.thumb_func
  24              		.type	startTidsTagning, %function
  25              	startTidsTagning:
  26              	.LFB64:
  27              		.file 1 "Timer.c"
   1:Timer.c       **** /* ========================================
   2:Timer.c       ****  *
   3:Timer.c       ****  * Copyright YOUR COMPANY, THE YEAR
   4:Timer.c       ****  * All Rights Reserved
   5:Timer.c       ****  * UNPUBLISHED, LICENSED SOFTWARE.
   6:Timer.c       ****  *
   7:Timer.c       ****  * CONFIDENTIAL AND PROPRIETARY INFORMATION
   8:Timer.c       ****  * WHICH IS THE PROPERTY OF your company.
   9:Timer.c       ****  *
  10:Timer.c       ****  * ========================================
  11:Timer.c       **** */
  12:Timer.c       **** #include "project.h"
  13:Timer.c       **** #include "Timer.h"
  14:Timer.c       **** #include "spi_Slave.h"
  15:Timer.c       **** #include <stdio.h>
  16:Timer.c       **** 
  17:Timer.c       **** volatile uint16 startCount = 0;
  18:Timer.c       **** volatile uint16 stopCount = 0;
  19:Timer.c       **** uint32 counter=0;
  20:Timer.c       **** 
  21:Timer.c       **** const uint32 tick_period_ms = 10;
  22:Timer.c       **** uint32 start_counter = 0;
  23:Timer.c       **** uint32 stop_counter=0;
  24:Timer.c       **** uint32 time_interval_ticks = 0;
  25:Timer.c       **** uint32 time_interval_ms=0;
  26:Timer.c       **** 
  27:Timer.c       **** 
  28:Timer.c       **** 
  29:Timer.c       **** void startTidsTagning()
  30:Timer.c       **** {
ARM GAS  C:\Users\ZakiN\AppData\Local\Temp\ccNT7Ee2.s 			page 2


  28              		.loc 1 30 0
  29              		.cfi_startproc
  30              		@ args = 0, pretend = 0, frame = 0
  31              		@ frame_needed = 0, uses_anonymous_args = 0
  32 0000 08B5     		push	{r3, lr}
  33              		.cfi_def_cfa_offset 8
  34              		.cfi_offset 3, -8
  35              		.cfi_offset 14, -4
  31:Timer.c       ****     
  32:Timer.c       ****     Timer_1_Start();
  36              		.loc 1 32 0
  37 0002 FFF7FEFF 		bl	Timer_1_Start
  38              	.LVL0:
  33:Timer.c       ****     start_counter = Timer_1_ReadCounter();
  39              		.loc 1 33 0
  40 0006 FFF7FEFF 		bl	Timer_1_ReadCounter
  41              	.LVL1:
  42 000a 014B     		ldr	r3, .L3
  43 000c 1860     		str	r0, [r3]
  44 000e 08BD     		pop	{r3, pc}
  45              	.L4:
  46              		.align	2
  47              	.L3:
  48 0010 00000000 		.word	.LANCHOR0
  49              		.cfi_endproc
  50              	.LFE64:
  51              		.size	startTidsTagning, .-startTidsTagning
  52              		.section	.text.stopTidsTagning,"ax",%progbits
  53              		.align	2
  54              		.global	stopTidsTagning
  55              		.thumb
  56              		.thumb_func
  57              		.type	stopTidsTagning, %function
  58              	stopTidsTagning:
  59              	.LFB65:
  34:Timer.c       **** }
  35:Timer.c       **** uint32 stopTidsTagning()
  36:Timer.c       **** {
  60              		.loc 1 36 0
  61              		.cfi_startproc
  62              		@ args = 0, pretend = 0, frame = 0
  63              		@ frame_needed = 0, uses_anonymous_args = 0
  64 0000 10B5     		push	{r4, lr}
  65              		.cfi_def_cfa_offset 8
  66              		.cfi_offset 4, -8
  67              		.cfi_offset 14, -4
  37:Timer.c       ****     
  38:Timer.c       ****     stop_counter = Timer_1_ReadCounter();
  68              		.loc 1 38 0
  69 0002 FFF7FEFF 		bl	Timer_1_ReadCounter
  70              	.LVL2:
  71 0006 074C     		ldr	r4, .L7
  72 0008 6060     		str	r0, [r4, #4]
  39:Timer.c       **** 
  40:Timer.c       ****     // Beregn tidsintervallet i ticks
  41:Timer.c       ****     time_interval_ticks = start_counter - stop_counter;
  73              		.loc 1 41 0
ARM GAS  C:\Users\ZakiN\AppData\Local\Temp\ccNT7Ee2.s 			page 3


  74 000a 2368     		ldr	r3, [r4]
  75 000c 181A     		subs	r0, r3, r0
  76 000e A060     		str	r0, [r4, #8]
  42:Timer.c       **** 
  43:Timer.c       ****     // Konverter tidsintervallet til tid i millisekunder
  44:Timer.c       ****     time_interval_ms = time_interval_ticks/100;
  77              		.loc 1 44 0
  78 0010 054B     		ldr	r3, .L7+4
  79 0012 A3FB0030 		umull	r3, r0, r3, r0
  80 0016 4009     		lsrs	r0, r0, #5
  81 0018 E060     		str	r0, [r4, #12]
  45:Timer.c       ****         
  46:Timer.c       **** 
  47:Timer.c       ****     Timer_1_Stop();
  82              		.loc 1 47 0
  83 001a FFF7FEFF 		bl	Timer_1_Stop
  84              	.LVL3:
  48:Timer.c       ****     
  49:Timer.c       ****     return time_interval_ms;
  50:Timer.c       **** }
  85              		.loc 1 50 0
  86 001e E068     		ldr	r0, [r4, #12]
  87 0020 10BD     		pop	{r4, pc}
  88              	.L8:
  89 0022 00BF     		.align	2
  90              	.L7:
  91 0024 00000000 		.word	.LANCHOR0
  92 0028 1F85EB51 		.word	1374389535
  93              		.cfi_endproc
  94              	.LFE65:
  95              		.size	stopTidsTagning, .-stopTidsTagning
  96              		.section	.text.sendTimeOverSPI,"ax",%progbits
  97              		.align	2
  98              		.global	sendTimeOverSPI
  99              		.thumb
 100              		.thumb_func
 101              		.type	sendTimeOverSPI, %function
 102              	sendTimeOverSPI:
 103              	.LFB66:
  51:Timer.c       **** 
  52:Timer.c       **** void sendTimeOverSPI(uint32_t time)
  53:Timer.c       **** {
 104              		.loc 1 53 0
 105              		.cfi_startproc
 106              		@ args = 0, pretend = 0, frame = 8
 107              		@ frame_needed = 0, uses_anonymous_args = 0
 108              	.LVL4:
 109 0000 10B5     		push	{r4, lr}
 110              		.cfi_def_cfa_offset 8
 111              		.cfi_offset 4, -8
 112              		.cfi_offset 14, -4
 113 0002 82B0     		sub	sp, sp, #8
 114              		.cfi_def_cfa_offset 16
  54:Timer.c       ****     // Assuming time is a 32-bit integer
  55:Timer.c       ****     uint8_t tx_buf[4];
  56:Timer.c       ****     tx_buf[0] = (time >> 24) & 0xFF;
 115              		.loc 1 56 0
ARM GAS  C:\Users\ZakiN\AppData\Local\Temp\ccNT7Ee2.s 			page 4


 116 0004 030E     		lsrs	r3, r0, #24
 117 0006 8DF80430 		strb	r3, [sp, #4]
  57:Timer.c       ****     tx_buf[1] = (time >> 16) & 0xFF;
 118              		.loc 1 57 0
 119 000a 030C     		lsrs	r3, r0, #16
 120 000c 8DF80530 		strb	r3, [sp, #5]
  58:Timer.c       ****     tx_buf[2] = (time >> 8) & 0xFF;
 121              		.loc 1 58 0
 122 0010 030A     		lsrs	r3, r0, #8
 123 0012 8DF80630 		strb	r3, [sp, #6]
  59:Timer.c       ****     tx_buf[3] = time & 0xFF;
 124              		.loc 1 59 0
 125 0016 8DF80700 		strb	r0, [sp, #7]
  60:Timer.c       **** 
  61:Timer.c       ****     // Initialize SPI
  62:Timer.c       ****     InitializeSPI();
 126              		.loc 1 62 0
 127 001a FFF7FEFF 		bl	InitializeSPI
 128              	.LVL5:
 129              	.LBB2:
  63:Timer.c       **** 
  64:Timer.c       ****     // Send each byte over SPI
  65:Timer.c       ****     for (int i = 0; i < 4; ++i)
 130              		.loc 1 65 0
 131 001e 0024     		movs	r4, #0
 132 0020 06E0     		b	.L10
 133              	.LVL6:
 134              	.L11:
  66:Timer.c       ****     {
  67:Timer.c       ****         sendSPi(tx_buf[i]);
 135              		.loc 1 67 0 discriminator 3
 136 0022 02AB     		add	r3, sp, #8
 137 0024 2344     		add	r3, r3, r4
 138 0026 13F8040C 		ldrb	r0, [r3, #-4]	@ zero_extendqisi2
 139 002a FFF7FEFF 		bl	sendSPi
 140              	.LVL7:
  65:Timer.c       ****     {
 141              		.loc 1 65 0 discriminator 3
 142 002e 0134     		adds	r4, r4, #1
 143              	.LVL8:
 144              	.L10:
  65:Timer.c       ****     {
 145              		.loc 1 65 0 is_stmt 0 discriminator 1
 146 0030 032C     		cmp	r4, #3
 147 0032 F6DD     		ble	.L11
 148              	.LBE2:
  68:Timer.c       ****     }
  69:Timer.c       **** }...
 149              		.loc 1 69 0 is_stmt 1
 150 0034 02B0     		add	sp, sp, #8
 151              		.cfi_def_cfa_offset 8
 152              		@ sp needed
 153 0036 10BD     		pop	{r4, pc}
 154              		.cfi_endproc
 155              	.LFE66:
 156              		.size	sendTimeOverSPI, .-sendTimeOverSPI
 157              		.global	time_interval_ms
ARM GAS  C:\Users\ZakiN\AppData\Local\Temp\ccNT7Ee2.s 			page 5


 158              		.global	time_interval_ticks
 159              		.global	stop_counter
 160              		.global	start_counter
 161              		.global	tick_period_ms
 162              		.global	counter
 163              		.global	stopCount
 164              		.global	startCount
 165              		.section	.rodata
 166              		.align	2
 167              		.type	tick_period_ms, %object
 168              		.size	tick_period_ms, 4
 169              	tick_period_ms:
 170 0000 0A000000 		.word	10
 171              		.bss
 172              		.align	2
 173              		.set	.LANCHOR0,. + 0
 174              		.type	start_counter, %object
 175              		.size	start_counter, 4
 176              	start_counter:
 177 0000 00000000 		.space	4
 178              		.type	stop_counter, %object
 179              		.size	stop_counter, 4
 180              	stop_counter:
 181 0004 00000000 		.space	4
 182              		.type	time_interval_ticks, %object
 183              		.size	time_interval_ticks, 4
 184              	time_interval_ticks:
 185 0008 00000000 		.space	4
 186              		.type	time_interval_ms, %object
 187              		.size	time_interval_ms, 4
 188              	time_interval_ms:
 189 000c 00000000 		.space	4
 190              		.type	counter, %object
 191              		.size	counter, 4
 192              	counter:
 193 0010 00000000 		.space	4
 194              		.type	stopCount, %object
 195              		.size	stopCount, 2
 196              	stopCount:
 197 0014 0000     		.space	2
 198              		.type	startCount, %object
 199              		.size	startCount, 2
 200              	startCount:
 201 0016 0000     		.space	2
 202              		.text
 203              	.Letext0:
 204              		.file 2 "c:\\program files (x86)\\cypress\\psoc creator\\4.4\\psoc creator\\import\\gnu\\arm\\5.4.
 205              		.file 3 "c:\\program files (x86)\\cypress\\psoc creator\\4.4\\psoc creator\\import\\gnu\\arm\\5.4.
 206              		.file 4 "Generated_Source\\PSoC5/cytypes.h"
 207              		.file 5 "Generated_Source\\PSoC5/core_cm3.h"
 208              		.file 6 "Generated_Source\\PSoC5/Timer_1.h"
 209              		.file 7 "spi_Slave.h"
 210              		.section	.debug_info,"",%progbits
 211              	.Ldebug_info0:
 212 0000 91020000 		.4byte	0x291
 213 0004 0400     		.2byte	0x4
 214 0006 00000000 		.4byte	.Ldebug_abbrev0
ARM GAS  C:\Users\ZakiN\AppData\Local\Temp\ccNT7Ee2.s 			page 6


 215 000a 04       		.byte	0x4
 216 000b 01       		.uleb128 0x1
 217 000c 9D000000 		.4byte	.LASF39
 218 0010 0C       		.byte	0xc
 219 0011 6D010000 		.4byte	.LASF40
 220 0015 82020000 		.4byte	.LASF41
 221 0019 00000000 		.4byte	.Ldebug_ranges0+0
 222 001d 00000000 		.4byte	0
 223 0021 00000000 		.4byte	.Ldebug_line0
 224 0025 02       		.uleb128 0x2
 225 0026 01       		.byte	0x1
 226 0027 06       		.byte	0x6
 227 0028 69020000 		.4byte	.LASF0
 228 002c 03       		.uleb128 0x3
 229 002d 0A000000 		.4byte	.LASF4
 230 0031 02       		.byte	0x2
 231 0032 1D       		.byte	0x1d
 232 0033 37000000 		.4byte	0x37
 233 0037 02       		.uleb128 0x2
 234 0038 01       		.byte	0x1
 235 0039 08       		.byte	0x8
 236 003a 8F000000 		.4byte	.LASF1
 237 003e 02       		.uleb128 0x2
 238 003f 02       		.byte	0x2
 239 0040 05       		.byte	0x5
 240 0041 30020000 		.4byte	.LASF2
 241 0045 02       		.uleb128 0x2
 242 0046 02       		.byte	0x2
 243 0047 07       		.byte	0x7
 244 0048 4D010000 		.4byte	.LASF3
 245 004c 03       		.uleb128 0x3
 246 004d 33000000 		.4byte	.LASF5
 247 0051 02       		.byte	0x2
 248 0052 3F       		.byte	0x3f
 249 0053 57000000 		.4byte	0x57
 250 0057 02       		.uleb128 0x2
 251 0058 04       		.byte	0x4
 252 0059 05       		.byte	0x5
 253 005a 54020000 		.4byte	.LASF6
 254 005e 03       		.uleb128 0x3
 255 005f 99010000 		.4byte	.LASF7
 256 0063 02       		.byte	0x2
 257 0064 41       		.byte	0x41
 258 0065 69000000 		.4byte	0x69
 259 0069 02       		.uleb128 0x2
 260 006a 04       		.byte	0x4
 261 006b 07       		.byte	0x7
 262 006c 3B010000 		.4byte	.LASF8
 263 0070 02       		.uleb128 0x2
 264 0071 08       		.byte	0x8
 265 0072 05       		.byte	0x5
 266 0073 F4010000 		.4byte	.LASF9
 267 0077 02       		.uleb128 0x2
 268 0078 08       		.byte	0x8
 269 0079 07       		.byte	0x7
 270 007a BF010000 		.4byte	.LASF10
 271 007e 04       		.uleb128 0x4
ARM GAS  C:\Users\ZakiN\AppData\Local\Temp\ccNT7Ee2.s 			page 7


 272 007f 04       		.byte	0x4
 273 0080 05       		.byte	0x5
 274 0081 696E7400 		.ascii	"int\000"
 275 0085 02       		.uleb128 0x2
 276 0086 04       		.byte	0x4
 277 0087 07       		.byte	0x7
 278 0088 B2010000 		.4byte	.LASF11
 279 008c 03       		.uleb128 0x3
 280 008d D6010000 		.4byte	.LASF12
 281 0091 03       		.byte	0x3
 282 0092 18       		.byte	0x18
 283 0093 2C000000 		.4byte	0x2c
 284 0097 03       		.uleb128 0x3
 285 0098 E3010000 		.4byte	.LASF13
 286 009c 03       		.byte	0x3
 287 009d 2C       		.byte	0x2c
 288 009e 4C000000 		.4byte	0x4c
 289 00a2 03       		.uleb128 0x3
 290 00a3 4B020000 		.4byte	.LASF14
 291 00a7 03       		.byte	0x3
 292 00a8 30       		.byte	0x30
 293 00a9 5E000000 		.4byte	0x5e
 294 00ad 05       		.uleb128 0x5
 295 00ae A4010000 		.4byte	.LASF15
 296 00b2 04       		.byte	0x4
 297 00b3 EA01     		.2byte	0x1ea
 298 00b5 45000000 		.4byte	0x45
 299 00b9 05       		.uleb128 0x5
 300 00ba AB010000 		.4byte	.LASF16
 301 00be 04       		.byte	0x4
 302 00bf EB01     		.2byte	0x1eb
 303 00c1 69000000 		.4byte	0x69
 304 00c5 02       		.uleb128 0x2
 305 00c6 04       		.byte	0x4
 306 00c7 04       		.byte	0x4
 307 00c8 81000000 		.4byte	.LASF17
 308 00cc 02       		.uleb128 0x2
 309 00cd 08       		.byte	0x8
 310 00ce 04       		.byte	0x4
 311 00cf 75010000 		.4byte	.LASF18
 312 00d3 02       		.uleb128 0x2
 313 00d4 01       		.byte	0x1
 314 00d5 08       		.byte	0x8
 315 00d6 02020000 		.4byte	.LASF19
 316 00da 06       		.uleb128 0x6
 317 00db AD000000 		.4byte	0xad
 318 00df 02       		.uleb128 0x2
 319 00e0 08       		.byte	0x8
 320 00e1 04       		.byte	0x4
 321 00e2 5D020000 		.4byte	.LASF20
 322 00e6 02       		.uleb128 0x2
 323 00e7 04       		.byte	0x4
 324 00e8 07       		.byte	0x7
 325 00e9 EB010000 		.4byte	.LASF21
 326 00ed 07       		.uleb128 0x7
 327 00ee 3A020000 		.4byte	.LASF22
 328 00f2 01       		.byte	0x1
ARM GAS  C:\Users\ZakiN\AppData\Local\Temp\ccNT7Ee2.s 			page 8


 329 00f3 1D       		.byte	0x1d
 330 00f4 00000000 		.4byte	.LFB64
 331 00f8 14000000 		.4byte	.LFE64-.LFB64
 332 00fc 01       		.uleb128 0x1
 333 00fd 9C       		.byte	0x9c
 334 00fe 15010000 		.4byte	0x115
 335 0102 08       		.uleb128 0x8
 336 0103 06000000 		.4byte	.LVL0
 337 0107 5D020000 		.4byte	0x25d
 338 010b 08       		.uleb128 0x8
 339 010c 0A000000 		.4byte	.LVL1
 340 0110 68020000 		.4byte	0x268
 341 0114 00       		.byte	0
 342 0115 09       		.uleb128 0x9
 343 0116 89010000 		.4byte	.LASF42
 344 011a 01       		.byte	0x1
 345 011b 23       		.byte	0x23
 346 011c B9000000 		.4byte	0xb9
 347 0120 00000000 		.4byte	.LFB65
 348 0124 2C000000 		.4byte	.LFE65-.LFB65
 349 0128 01       		.uleb128 0x1
 350 0129 9C       		.byte	0x9c
 351 012a 41010000 		.4byte	0x141
 352 012e 08       		.uleb128 0x8
 353 012f 06000000 		.4byte	.LVL2
 354 0133 68020000 		.4byte	0x268
 355 0137 08       		.uleb128 0x8
 356 0138 1E000000 		.4byte	.LVL3
 357 013c 73020000 		.4byte	0x273
 358 0140 00       		.byte	0
 359 0141 07       		.uleb128 0x7
 360 0142 2B010000 		.4byte	.LASF23
 361 0146 01       		.byte	0x1
 362 0147 34       		.byte	0x34
 363 0148 00000000 		.4byte	.LFB66
 364 014c 38000000 		.4byte	.LFE66-.LFB66
 365 0150 01       		.uleb128 0x1
 366 0151 9C       		.byte	0x9c
 367 0152 AF010000 		.4byte	0x1af
 368 0156 0A       		.uleb128 0xa
 369 0157 DE010000 		.4byte	.LASF43
 370 015b 01       		.byte	0x1
 371 015c 34       		.byte	0x34
 372 015d A2000000 		.4byte	0xa2
 373 0161 00000000 		.4byte	.LLST0
 374 0165 0B       		.uleb128 0xb
 375 0166 29020000 		.4byte	.LASF24
 376 016a 01       		.byte	0x1
 377 016b 37       		.byte	0x37
 378 016c AF010000 		.4byte	0x1af
 379 0170 02       		.uleb128 0x2
 380 0171 91       		.byte	0x91
 381 0172 74       		.sleb128 -12
 382 0173 0C       		.uleb128 0xc
 383 0174 1E000000 		.4byte	.LBB2
 384 0178 16000000 		.4byte	.LBE2-.LBB2
 385 017c A5010000 		.4byte	0x1a5
ARM GAS  C:\Users\ZakiN\AppData\Local\Temp\ccNT7Ee2.s 			page 9


 386 0180 0D       		.uleb128 0xd
 387 0181 6900     		.ascii	"i\000"
 388 0183 01       		.byte	0x1
 389 0184 41       		.byte	0x41
 390 0185 7E000000 		.4byte	0x7e
 391 0189 21000000 		.4byte	.LLST1
 392 018d 0E       		.uleb128 0xe
 393 018e 2E000000 		.4byte	.LVL7
 394 0192 7E020000 		.4byte	0x27e
 395 0196 0F       		.uleb128 0xf
 396 0197 01       		.uleb128 0x1
 397 0198 50       		.byte	0x50
 398 0199 09       		.uleb128 0x9
 399 019a 91       		.byte	0x91
 400 019b 00       		.sleb128 0
 401 019c 74       		.byte	0x74
 402 019d 00       		.sleb128 0
 403 019e 22       		.byte	0x22
 404 019f 3C       		.byte	0x3c
 405 01a0 1C       		.byte	0x1c
 406 01a1 94       		.byte	0x94
 407 01a2 01       		.byte	0x1
 408 01a3 00       		.byte	0
 409 01a4 00       		.byte	0
 410 01a5 08       		.uleb128 0x8
 411 01a6 1E000000 		.4byte	.LVL5
 412 01aa 89020000 		.4byte	0x289
 413 01ae 00       		.byte	0
 414 01af 10       		.uleb128 0x10
 415 01b0 8C000000 		.4byte	0x8c
 416 01b4 BF010000 		.4byte	0x1bf
 417 01b8 11       		.uleb128 0x11
 418 01b9 E6000000 		.4byte	0xe6
 419 01bd 03       		.byte	0x3
 420 01be 00       		.byte	0
 421 01bf 12       		.uleb128 0x12
 422 01c0 60010000 		.4byte	.LASF25
 423 01c4 05       		.byte	0x5
 424 01c5 1207     		.2byte	0x712
 425 01c7 CB010000 		.4byte	0x1cb
 426 01cb 06       		.uleb128 0x6
 427 01cc 97000000 		.4byte	0x97
 428 01d0 13       		.uleb128 0x13
 429 01d1 76000000 		.4byte	.LASF26
 430 01d5 01       		.byte	0x1
 431 01d6 11       		.byte	0x11
 432 01d7 DA000000 		.4byte	0xda
 433 01db 05       		.uleb128 0x5
 434 01dc 03       		.byte	0x3
 435 01dd 00000000 		.4byte	startCount
 436 01e1 13       		.uleb128 0x13
 437 01e2 00000000 		.4byte	.LASF27
 438 01e6 01       		.byte	0x1
 439 01e7 12       		.byte	0x12
 440 01e8 DA000000 		.4byte	0xda
 441 01ec 05       		.uleb128 0x5
 442 01ed 03       		.byte	0x3
ARM GAS  C:\Users\ZakiN\AppData\Local\Temp\ccNT7Ee2.s 			page 10


 443 01ee 00000000 		.4byte	stopCount
 444 01f2 13       		.uleb128 0x13
 445 01f3 87000000 		.4byte	.LASF28
 446 01f7 01       		.byte	0x1
 447 01f8 13       		.byte	0x13
 448 01f9 B9000000 		.4byte	0xb9
 449 01fd 05       		.uleb128 0x5
 450 01fe 03       		.byte	0x3
 451 01ff 00000000 		.4byte	counter
 452 0203 13       		.uleb128 0x13
 453 0204 67000000 		.4byte	.LASF29
 454 0208 01       		.byte	0x1
 455 0209 15       		.byte	0x15
 456 020a 14020000 		.4byte	0x214
 457 020e 05       		.uleb128 0x5
 458 020f 03       		.byte	0x3
 459 0210 00000000 		.4byte	tick_period_ms
 460 0214 14       		.uleb128 0x14
 461 0215 B9000000 		.4byte	0xb9
 462 0219 13       		.uleb128 0x13
 463 021a 1B020000 		.4byte	.LASF30
 464 021e 01       		.byte	0x1
 465 021f 16       		.byte	0x16
 466 0220 B9000000 		.4byte	0xb9
 467 0224 05       		.uleb128 0x5
 468 0225 03       		.byte	0x3
 469 0226 00000000 		.4byte	start_counter
 470 022a 13       		.uleb128 0x13
 471 022b 7C010000 		.4byte	.LASF31
 472 022f 01       		.byte	0x1
 473 0230 17       		.byte	0x17
 474 0231 B9000000 		.4byte	0xb9
 475 0235 05       		.uleb128 0x5
 476 0236 03       		.byte	0x3
 477 0237 00000000 		.4byte	stop_counter
 478 023b 13       		.uleb128 0x13
 479 023c 3D000000 		.4byte	.LASF32
 480 0240 01       		.byte	0x1
 481 0241 18       		.byte	0x18
 482 0242 B9000000 		.4byte	0xb9
 483 0246 05       		.uleb128 0x5
 484 0247 03       		.byte	0x3
 485 0248 00000000 		.4byte	time_interval_ticks
 486 024c 13       		.uleb128 0x13
 487 024d 22000000 		.4byte	.LASF33
 488 0251 01       		.byte	0x1
 489 0252 19       		.byte	0x19
 490 0253 B9000000 		.4byte	0xb9
 491 0257 05       		.uleb128 0x5
 492 0258 03       		.byte	0x3
 493 0259 00000000 		.4byte	time_interval_ms
 494 025d 15       		.uleb128 0x15
 495 025e 14000000 		.4byte	.LASF34
 496 0262 14000000 		.4byte	.LASF34
 497 0266 06       		.byte	0x6
 498 0267 5A       		.byte	0x5a
 499 0268 15       		.uleb128 0x15
ARM GAS  C:\Users\ZakiN\AppData\Local\Temp\ccNT7Ee2.s 			page 11


 500 0269 07020000 		.4byte	.LASF35
 501 026d 07020000 		.4byte	.LASF35
 502 0271 06       		.byte	0x6
 503 0272 69       		.byte	0x69
 504 0273 15       		.uleb128 0x15
 505 0274 75020000 		.4byte	.LASF36
 506 0278 75020000 		.4byte	.LASF36
 507 027c 06       		.byte	0x6
 508 027d 5B       		.byte	0x5b
 509 027e 15       		.uleb128 0x15
 510 027f 5F000000 		.4byte	.LASF37
 511 0283 5F000000 		.4byte	.LASF37
 512 0287 07       		.byte	0x7
 513 0288 10       		.byte	0x10
 514 0289 15       		.uleb128 0x15
 515 028a 51000000 		.4byte	.LASF38
 516 028e 51000000 		.4byte	.LASF38
 517 0292 07       		.byte	0x7
 518 0293 0E       		.byte	0xe
 519 0294 00       		.byte	0
 520              		.section	.debug_abbrev,"",%progbits
 521              	.Ldebug_abbrev0:
 522 0000 01       		.uleb128 0x1
 523 0001 11       		.uleb128 0x11
 524 0002 01       		.byte	0x1
 525 0003 25       		.uleb128 0x25
 526 0004 0E       		.uleb128 0xe
 527 0005 13       		.uleb128 0x13
 528 0006 0B       		.uleb128 0xb
 529 0007 03       		.uleb128 0x3
 530 0008 0E       		.uleb128 0xe
 531 0009 1B       		.uleb128 0x1b
 532 000a 0E       		.uleb128 0xe
 533 000b 55       		.uleb128 0x55
 534 000c 17       		.uleb128 0x17
 535 000d 11       		.uleb128 0x11
 536 000e 01       		.uleb128 0x1
 537 000f 10       		.uleb128 0x10
 538 0010 17       		.uleb128 0x17
 539 0011 00       		.byte	0
 540 0012 00       		.byte	0
 541 0013 02       		.uleb128 0x2
 542 0014 24       		.uleb128 0x24
 543 0015 00       		.byte	0
 544 0016 0B       		.uleb128 0xb
 545 0017 0B       		.uleb128 0xb
 546 0018 3E       		.uleb128 0x3e
 547 0019 0B       		.uleb128 0xb
 548 001a 03       		.uleb128 0x3
 549 001b 0E       		.uleb128 0xe
 550 001c 00       		.byte	0
 551 001d 00       		.byte	0
 552 001e 03       		.uleb128 0x3
 553 001f 16       		.uleb128 0x16
 554 0020 00       		.byte	0
 555 0021 03       		.uleb128 0x3
 556 0022 0E       		.uleb128 0xe
ARM GAS  C:\Users\ZakiN\AppData\Local\Temp\ccNT7Ee2.s 			page 12


 557 0023 3A       		.uleb128 0x3a
 558 0024 0B       		.uleb128 0xb
 559 0025 3B       		.uleb128 0x3b
 560 0026 0B       		.uleb128 0xb
 561 0027 49       		.uleb128 0x49
 562 0028 13       		.uleb128 0x13
 563 0029 00       		.byte	0
 564 002a 00       		.byte	0
 565 002b 04       		.uleb128 0x4
 566 002c 24       		.uleb128 0x24
 567 002d 00       		.byte	0
 568 002e 0B       		.uleb128 0xb
 569 002f 0B       		.uleb128 0xb
 570 0030 3E       		.uleb128 0x3e
 571 0031 0B       		.uleb128 0xb
 572 0032 03       		.uleb128 0x3
 573 0033 08       		.uleb128 0x8
 574 0034 00       		.byte	0
 575 0035 00       		.byte	0
 576 0036 05       		.uleb128 0x5
 577 0037 16       		.uleb128 0x16
 578 0038 00       		.byte	0
 579 0039 03       		.uleb128 0x3
 580 003a 0E       		.uleb128 0xe
 581 003b 3A       		.uleb128 0x3a
 582 003c 0B       		.uleb128 0xb
 583 003d 3B       		.uleb128 0x3b
 584 003e 05       		.uleb128 0x5
 585 003f 49       		.uleb128 0x49
 586 0040 13       		.uleb128 0x13
 587 0041 00       		.byte	0
 588 0042 00       		.byte	0
 589 0043 06       		.uleb128 0x6
 590 0044 35       		.uleb128 0x35
 591 0045 00       		.byte	0
 592 0046 49       		.uleb128 0x49
 593 0047 13       		.uleb128 0x13
 594 0048 00       		.byte	0
 595 0049 00       		.byte	0
 596 004a 07       		.uleb128 0x7
 597 004b 2E       		.uleb128 0x2e
 598 004c 01       		.byte	0x1
 599 004d 3F       		.uleb128 0x3f
 600 004e 19       		.uleb128 0x19
 601 004f 03       		.uleb128 0x3
 602 0050 0E       		.uleb128 0xe
 603 0051 3A       		.uleb128 0x3a
 604 0052 0B       		.uleb128 0xb
 605 0053 3B       		.uleb128 0x3b
 606 0054 0B       		.uleb128 0xb
 607 0055 27       		.uleb128 0x27
 608 0056 19       		.uleb128 0x19
 609 0057 11       		.uleb128 0x11
 610 0058 01       		.uleb128 0x1
 611 0059 12       		.uleb128 0x12
 612 005a 06       		.uleb128 0x6
 613 005b 40       		.uleb128 0x40
ARM GAS  C:\Users\ZakiN\AppData\Local\Temp\ccNT7Ee2.s 			page 13


 614 005c 18       		.uleb128 0x18
 615 005d 9742     		.uleb128 0x2117
 616 005f 19       		.uleb128 0x19
 617 0060 01       		.uleb128 0x1
 618 0061 13       		.uleb128 0x13
 619 0062 00       		.byte	0
 620 0063 00       		.byte	0
 621 0064 08       		.uleb128 0x8
 622 0065 898201   		.uleb128 0x4109
 623 0068 00       		.byte	0
 624 0069 11       		.uleb128 0x11
 625 006a 01       		.uleb128 0x1
 626 006b 31       		.uleb128 0x31
 627 006c 13       		.uleb128 0x13
 628 006d 00       		.byte	0
 629 006e 00       		.byte	0
 630 006f 09       		.uleb128 0x9
 631 0070 2E       		.uleb128 0x2e
 632 0071 01       		.byte	0x1
 633 0072 3F       		.uleb128 0x3f
 634 0073 19       		.uleb128 0x19
 635 0074 03       		.uleb128 0x3
 636 0075 0E       		.uleb128 0xe
 637 0076 3A       		.uleb128 0x3a
 638 0077 0B       		.uleb128 0xb
 639 0078 3B       		.uleb128 0x3b
 640 0079 0B       		.uleb128 0xb
 641 007a 27       		.uleb128 0x27
 642 007b 19       		.uleb128 0x19
 643 007c 49       		.uleb128 0x49
 644 007d 13       		.uleb128 0x13
 645 007e 11       		.uleb128 0x11
 646 007f 01       		.uleb128 0x1
 647 0080 12       		.uleb128 0x12
 648 0081 06       		.uleb128 0x6
 649 0082 40       		.uleb128 0x40
 650 0083 18       		.uleb128 0x18
 651 0084 9742     		.uleb128 0x2117
 652 0086 19       		.uleb128 0x19
 653 0087 01       		.uleb128 0x1
 654 0088 13       		.uleb128 0x13
 655 0089 00       		.byte	0
 656 008a 00       		.byte	0
 657 008b 0A       		.uleb128 0xa
 658 008c 05       		.uleb128 0x5
 659 008d 00       		.byte	0
 660 008e 03       		.uleb128 0x3
 661 008f 0E       		.uleb128 0xe
 662 0090 3A       		.uleb128 0x3a
 663 0091 0B       		.uleb128 0xb
 664 0092 3B       		.uleb128 0x3b
 665 0093 0B       		.uleb128 0xb
 666 0094 49       		.uleb128 0x49
 667 0095 13       		.uleb128 0x13
 668 0096 02       		.uleb128 0x2
 669 0097 17       		.uleb128 0x17
 670 0098 00       		.byte	0
ARM GAS  C:\Users\ZakiN\AppData\Local\Temp\ccNT7Ee2.s 			page 14


 671 0099 00       		.byte	0
 672 009a 0B       		.uleb128 0xb
 673 009b 34       		.uleb128 0x34
 674 009c 00       		.byte	0
 675 009d 03       		.uleb128 0x3
 676 009e 0E       		.uleb128 0xe
 677 009f 3A       		.uleb128 0x3a
 678 00a0 0B       		.uleb128 0xb
 679 00a1 3B       		.uleb128 0x3b
 680 00a2 0B       		.uleb128 0xb
 681 00a3 49       		.uleb128 0x49
 682 00a4 13       		.uleb128 0x13
 683 00a5 02       		.uleb128 0x2
 684 00a6 18       		.uleb128 0x18
 685 00a7 00       		.byte	0
 686 00a8 00       		.byte	0
 687 00a9 0C       		.uleb128 0xc
 688 00aa 0B       		.uleb128 0xb
 689 00ab 01       		.byte	0x1
 690 00ac 11       		.uleb128 0x11
 691 00ad 01       		.uleb128 0x1
 692 00ae 12       		.uleb128 0x12
 693 00af 06       		.uleb128 0x6
 694 00b0 01       		.uleb128 0x1
 695 00b1 13       		.uleb128 0x13
 696 00b2 00       		.byte	0
 697 00b3 00       		.byte	0
 698 00b4 0D       		.uleb128 0xd
 699 00b5 34       		.uleb128 0x34
 700 00b6 00       		.byte	0
 701 00b7 03       		.uleb128 0x3
 702 00b8 08       		.uleb128 0x8
 703 00b9 3A       		.uleb128 0x3a
 704 00ba 0B       		.uleb128 0xb
 705 00bb 3B       		.uleb128 0x3b
 706 00bc 0B       		.uleb128 0xb
 707 00bd 49       		.uleb128 0x49
 708 00be 13       		.uleb128 0x13
 709 00bf 02       		.uleb128 0x2
 710 00c0 17       		.uleb128 0x17
 711 00c1 00       		.byte	0
 712 00c2 00       		.byte	0
 713 00c3 0E       		.uleb128 0xe
 714 00c4 898201   		.uleb128 0x4109
 715 00c7 01       		.byte	0x1
 716 00c8 11       		.uleb128 0x11
 717 00c9 01       		.uleb128 0x1
 718 00ca 31       		.uleb128 0x31
 719 00cb 13       		.uleb128 0x13
 720 00cc 00       		.byte	0
 721 00cd 00       		.byte	0
 722 00ce 0F       		.uleb128 0xf
 723 00cf 8A8201   		.uleb128 0x410a
 724 00d2 00       		.byte	0
 725 00d3 02       		.uleb128 0x2
 726 00d4 18       		.uleb128 0x18
 727 00d5 9142     		.uleb128 0x2111
ARM GAS  C:\Users\ZakiN\AppData\Local\Temp\ccNT7Ee2.s 			page 15


 728 00d7 18       		.uleb128 0x18
 729 00d8 00       		.byte	0
 730 00d9 00       		.byte	0
 731 00da 10       		.uleb128 0x10
 732 00db 01       		.uleb128 0x1
 733 00dc 01       		.byte	0x1
 734 00dd 49       		.uleb128 0x49
 735 00de 13       		.uleb128 0x13
 736 00df 01       		.uleb128 0x1
 737 00e0 13       		.uleb128 0x13
 738 00e1 00       		.byte	0
 739 00e2 00       		.byte	0
 740 00e3 11       		.uleb128 0x11
 741 00e4 21       		.uleb128 0x21
 742 00e5 00       		.byte	0
 743 00e6 49       		.uleb128 0x49
 744 00e7 13       		.uleb128 0x13
 745 00e8 2F       		.uleb128 0x2f
 746 00e9 0B       		.uleb128 0xb
 747 00ea 00       		.byte	0
 748 00eb 00       		.byte	0
 749 00ec 12       		.uleb128 0x12
 750 00ed 34       		.uleb128 0x34
 751 00ee 00       		.byte	0
 752 00ef 03       		.uleb128 0x3
 753 00f0 0E       		.uleb128 0xe
 754 00f1 3A       		.uleb128 0x3a
 755 00f2 0B       		.uleb128 0xb
 756 00f3 3B       		.uleb128 0x3b
 757 00f4 05       		.uleb128 0x5
 758 00f5 49       		.uleb128 0x49
 759 00f6 13       		.uleb128 0x13
 760 00f7 3F       		.uleb128 0x3f
 761 00f8 19       		.uleb128 0x19
 762 00f9 3C       		.uleb128 0x3c
 763 00fa 19       		.uleb128 0x19
 764 00fb 00       		.byte	0
 765 00fc 00       		.byte	0
 766 00fd 13       		.uleb128 0x13
 767 00fe 34       		.uleb128 0x34
 768 00ff 00       		.byte	0
 769 0100 03       		.uleb128 0x3
 770 0101 0E       		.uleb128 0xe
 771 0102 3A       		.uleb128 0x3a
 772 0103 0B       		.uleb128 0xb
 773 0104 3B       		.uleb128 0x3b
 774 0105 0B       		.uleb128 0xb
 775 0106 49       		.uleb128 0x49
 776 0107 13       		.uleb128 0x13
 777 0108 3F       		.uleb128 0x3f
 778 0109 19       		.uleb128 0x19
 779 010a 02       		.uleb128 0x2
 780 010b 18       		.uleb128 0x18
 781 010c 00       		.byte	0
 782 010d 00       		.byte	0
 783 010e 14       		.uleb128 0x14
 784 010f 26       		.uleb128 0x26
ARM GAS  C:\Users\ZakiN\AppData\Local\Temp\ccNT7Ee2.s 			page 16


 785 0110 00       		.byte	0
 786 0111 49       		.uleb128 0x49
 787 0112 13       		.uleb128 0x13
 788 0113 00       		.byte	0
 789 0114 00       		.byte	0
 790 0115 15       		.uleb128 0x15
 791 0116 2E       		.uleb128 0x2e
 792 0117 00       		.byte	0
 793 0118 3F       		.uleb128 0x3f
 794 0119 19       		.uleb128 0x19
 795 011a 3C       		.uleb128 0x3c
 796 011b 19       		.uleb128 0x19
 797 011c 6E       		.uleb128 0x6e
 798 011d 0E       		.uleb128 0xe
 799 011e 03       		.uleb128 0x3
 800 011f 0E       		.uleb128 0xe
 801 0120 3A       		.uleb128 0x3a
 802 0121 0B       		.uleb128 0xb
 803 0122 3B       		.uleb128 0x3b
 804 0123 0B       		.uleb128 0xb
 805 0124 00       		.byte	0
 806 0125 00       		.byte	0
 807 0126 00       		.byte	0
 808              		.section	.debug_loc,"",%progbits
 809              	.Ldebug_loc0:
 810              	.LLST0:
 811 0000 00000000 		.4byte	.LVL4
 812 0004 1D000000 		.4byte	.LVL5-1
 813 0008 0100     		.2byte	0x1
 814 000a 50       		.byte	0x50
 815 000b 1D000000 		.4byte	.LVL5-1
 816 000f 38000000 		.4byte	.LFE66
 817 0013 0400     		.2byte	0x4
 818 0015 F3       		.byte	0xf3
 819 0016 01       		.uleb128 0x1
 820 0017 50       		.byte	0x50
 821 0018 9F       		.byte	0x9f
 822 0019 00000000 		.4byte	0
 823 001d 00000000 		.4byte	0
 824              	.LLST1:
 825 0021 1E000000 		.4byte	.LVL5
 826 0025 22000000 		.4byte	.LVL6
 827 0029 0200     		.2byte	0x2
 828 002b 30       		.byte	0x30
 829 002c 9F       		.byte	0x9f
 830 002d 22000000 		.4byte	.LVL6
 831 0031 38000000 		.4byte	.LFE66
 832 0035 0100     		.2byte	0x1
 833 0037 54       		.byte	0x54
 834 0038 00000000 		.4byte	0
 835 003c 00000000 		.4byte	0
 836              		.section	.debug_aranges,"",%progbits
 837 0000 2C000000 		.4byte	0x2c
 838 0004 0200     		.2byte	0x2
 839 0006 00000000 		.4byte	.Ldebug_info0
 840 000a 04       		.byte	0x4
 841 000b 00       		.byte	0
ARM GAS  C:\Users\ZakiN\AppData\Local\Temp\ccNT7Ee2.s 			page 17


 842 000c 0000     		.2byte	0
 843 000e 0000     		.2byte	0
 844 0010 00000000 		.4byte	.LFB64
 845 0014 14000000 		.4byte	.LFE64-.LFB64
 846 0018 00000000 		.4byte	.LFB65
 847 001c 2C000000 		.4byte	.LFE65-.LFB65
 848 0020 00000000 		.4byte	.LFB66
 849 0024 38000000 		.4byte	.LFE66-.LFB66
 850 0028 00000000 		.4byte	0
 851 002c 00000000 		.4byte	0
 852              		.section	.debug_ranges,"",%progbits
 853              	.Ldebug_ranges0:
 854 0000 00000000 		.4byte	.LFB64
 855 0004 14000000 		.4byte	.LFE64
 856 0008 00000000 		.4byte	.LFB65
 857 000c 2C000000 		.4byte	.LFE65
 858 0010 00000000 		.4byte	.LFB66
 859 0014 38000000 		.4byte	.LFE66
 860 0018 00000000 		.4byte	0
 861 001c 00000000 		.4byte	0
 862              		.section	.debug_line,"",%progbits
 863              	.Ldebug_line0:
 864 0000 BB010000 		.section	.debug_str,"MS",%progbits,1
 864      02006901 
 864      00000201 
 864      FB0E0D00 
 864      01010101 
 865              	.LASF27:
 866 0000 73746F70 		.ascii	"stopCount\000"
 866      436F756E 
 866      7400
 867              	.LASF4:
 868 000a 5F5F7569 		.ascii	"__uint8_t\000"
 868      6E74385F 
 868      7400
 869              	.LASF34:
 870 0014 54696D65 		.ascii	"Timer_1_Start\000"
 870      725F315F 
 870      53746172 
 870      7400
 871              	.LASF33:
 872 0022 74696D65 		.ascii	"time_interval_ms\000"
 872      5F696E74 
 872      65727661 
 872      6C5F6D73 
 872      00
 873              	.LASF5:
 874 0033 5F5F696E 		.ascii	"__int32_t\000"
 874      7433325F 
 874      7400
 875              	.LASF32:
 876 003d 74696D65 		.ascii	"time_interval_ticks\000"
 876      5F696E74 
 876      65727661 
 876      6C5F7469 
 876      636B7300 
 877              	.LASF38:
ARM GAS  C:\Users\ZakiN\AppData\Local\Temp\ccNT7Ee2.s 			page 18


 878 0051 496E6974 		.ascii	"InitializeSPI\000"
 878      69616C69 
 878      7A655350 
 878      4900
 879              	.LASF37:
 880 005f 73656E64 		.ascii	"sendSPi\000"
 880      53506900 
 881              	.LASF29:
 882 0067 7469636B 		.ascii	"tick_period_ms\000"
 882      5F706572 
 882      696F645F 
 882      6D7300
 883              	.LASF26:
 884 0076 73746172 		.ascii	"startCount\000"
 884      74436F75 
 884      6E7400
 885              	.LASF17:
 886 0081 666C6F61 		.ascii	"float\000"
 886      7400
 887              	.LASF28:
 888 0087 636F756E 		.ascii	"counter\000"
 888      74657200 
 889              	.LASF1:
 890 008f 756E7369 		.ascii	"unsigned char\000"
 890      676E6564 
 890      20636861 
 890      7200
 891              	.LASF39:
 892 009d 474E5520 		.ascii	"GNU C11 5.4.1 20160609 (release) [ARM/embedded-5-br"
 892      43313120 
 892      352E342E 
 892      31203230 
 892      31363036 
 893 00d0 616E6368 		.ascii	"anch revision 237715] -mcpu=cortex-m3 -mthumb -g -O"
 893      20726576 
 893      6973696F 
 893      6E203233 
 893      37373135 
 894 0103 67202D66 		.ascii	"g -ffunction-sections -ffat-lto-objects\000"
 894      66756E63 
 894      74696F6E 
 894      2D736563 
 894      74696F6E 
 895              	.LASF23:
 896 012b 73656E64 		.ascii	"sendTimeOverSPI\000"
 896      54696D65 
 896      4F766572 
 896      53504900 
 897              	.LASF8:
 898 013b 6C6F6E67 		.ascii	"long unsigned int\000"
 898      20756E73 
 898      69676E65 
 898      6420696E 
 898      7400
 899              	.LASF3:
 900 014d 73686F72 		.ascii	"short unsigned int\000"
 900      7420756E 
ARM GAS  C:\Users\ZakiN\AppData\Local\Temp\ccNT7Ee2.s 			page 19


 900      7369676E 
 900      65642069 
 900      6E7400
 901              	.LASF25:
 902 0160 49544D5F 		.ascii	"ITM_RxBuffer\000"
 902      52784275 
 902      66666572 
 902      00
 903              	.LASF40:
 904 016d 54696D65 		.ascii	"Timer.c\000"
 904      722E6300 
 905              	.LASF18:
 906 0175 646F7562 		.ascii	"double\000"
 906      6C6500
 907              	.LASF31:
 908 017c 73746F70 		.ascii	"stop_counter\000"
 908      5F636F75 
 908      6E746572 
 908      00
 909              	.LASF42:
 910 0189 73746F70 		.ascii	"stopTidsTagning\000"
 910      54696473 
 910      5461676E 
 910      696E6700 
 911              	.LASF7:
 912 0199 5F5F7569 		.ascii	"__uint32_t\000"
 912      6E743332 
 912      5F7400
 913              	.LASF15:
 914 01a4 75696E74 		.ascii	"uint16\000"
 914      313600
 915              	.LASF16:
 916 01ab 75696E74 		.ascii	"uint32\000"
 916      333200
 917              	.LASF11:
 918 01b2 756E7369 		.ascii	"unsigned int\000"
 918      676E6564 
 918      20696E74 
 918      00
 919              	.LASF10:
 920 01bf 6C6F6E67 		.ascii	"long long unsigned int\000"
 920      206C6F6E 
 920      6720756E 
 920      7369676E 
 920      65642069 
 921              	.LASF12:
 922 01d6 75696E74 		.ascii	"uint8_t\000"
 922      385F7400 
 923              	.LASF43:
 924 01de 74696D65 		.ascii	"time\000"
 924      00
 925              	.LASF13:
 926 01e3 696E7433 		.ascii	"int32_t\000"
 926      325F7400 
 927              	.LASF21:
 928 01eb 73697A65 		.ascii	"sizetype\000"
 928      74797065 
ARM GAS  C:\Users\ZakiN\AppData\Local\Temp\ccNT7Ee2.s 			page 20


 928      00
 929              	.LASF9:
 930 01f4 6C6F6E67 		.ascii	"long long int\000"
 930      206C6F6E 
 930      6720696E 
 930      7400
 931              	.LASF19:
 932 0202 63686172 		.ascii	"char\000"
 932      00
 933              	.LASF35:
 934 0207 54696D65 		.ascii	"Timer_1_ReadCounter\000"
 934      725F315F 
 934      52656164 
 934      436F756E 
 934      74657200 
 935              	.LASF30:
 936 021b 73746172 		.ascii	"start_counter\000"
 936      745F636F 
 936      756E7465 
 936      7200
 937              	.LASF24:
 938 0229 74785F62 		.ascii	"tx_buf\000"
 938      756600
 939              	.LASF2:
 940 0230 73686F72 		.ascii	"short int\000"
 940      7420696E 
 940      7400
 941              	.LASF22:
 942 023a 73746172 		.ascii	"startTidsTagning\000"
 942      74546964 
 942      73546167 
 942      6E696E67 
 942      00
 943              	.LASF14:
 944 024b 75696E74 		.ascii	"uint32_t\000"
 944      33325F74 
 944      00
 945              	.LASF6:
 946 0254 6C6F6E67 		.ascii	"long int\000"
 946      20696E74 
 946      00
 947              	.LASF20:
 948 025d 6C6F6E67 		.ascii	"long double\000"
 948      20646F75 
 948      626C6500 
 949              	.LASF0:
 950 0269 7369676E 		.ascii	"signed char\000"
 950      65642063 
 950      68617200 
 951              	.LASF36:
 952 0275 54696D65 		.ascii	"Timer_1_Stop\000"
 952      725F315F 
 952      53746F70 
 952      00
 953              	.LASF41:
 954 0282 433A5C55 		.ascii	"C:\\Users\\ZakiN\\OneDrive\\Skrivebord\\projekt3\\B"
 954      73657273 
ARM GAS  C:\Users\ZakiN\AppData\Local\Temp\ccNT7Ee2.s 			page 21


 954      5C5A616B 
 954      694E5C4F 
 954      6E654472 
 955 02af 2D434143 		.ascii	"-CAC\\SPI_Slave\\Design01.cydsn\000"
 955      5C535049 
 955      5F536C61 
 955      76655C44 
 955      65736967 
 956              		.ident	"GCC: (GNU Tools for ARM Embedded Processors) 5.4.1 20160609 (release) [ARM/embedded-5-bran
