ARM GAS  C:\Users\jespe\AppData\Local\Temp\ccKhcU5h.s 			page 1


   1              		.syntax unified
   2              		.cpu cortex-m3
   3              		.fpu softvfp
   4              		.eabi_attribute 20, 1
   5              		.eabi_attribute 21, 1
   6              		.eabi_attribute 23, 3
   7              		.eabi_attribute 24, 1
   8              		.eabi_attribute 25, 1
   9              		.eabi_attribute 26, 1
  10              		.eabi_attribute 30, 6
  11              		.eabi_attribute 34, 1
  12              		.eabi_attribute 18, 4
  13              		.thumb
  14              		.syntax unified
  15              		.file	"main.c"
  16              		.text
  17              	.Ltext0:
  18              		.cfi_sections	.debug_frame
  19              		.comm	InterruptCnt,1,1
  20              		.section	.text.InterruptHandler,"ax",%progbits
  21              		.align	2
  22              		.global	InterruptHandler
  23              		.thumb
  24              		.thumb_func
  25              		.type	InterruptHandler, %function
  26              	InterruptHandler:
  27              	.LFB63:
  28              		.file 1 "main.c"
   1:main.c        **** /********************************************************************************
   2:main.c        **** * File Name: main.c
   3:main.c        **** *
   4:main.c        **** * Version : 1.10
   5:main.c        **** *
   6:main.c        **** * Description: 
   7:main.c        **** *  This is a source code for example project of 16 bit Timer UDB Block.
   8:main.c        **** *
   9:main.c        **** * Test Result:
  10:main.c        **** *  Watch capture output on P0_0, tc output on P0_1, and Period, Compare and 
  11:main.c        **** *  Count value on LCD.
  12:main.c        **** *
  13:main.c        **** ********************************************************************************
  14:main.c        **** * Copyright 2012-2017, Cypress Semiconductor Corporation. All rights reserved.
  15:main.c        **** * This software is owned by Cypress Semiconductor Corporation and is protected
  16:main.c        **** * by and subject to worldwide patent and copyright laws and treaties.
  17:main.c        **** * Therefore, you may use this software only as provided in the license agreement
  18:main.c        **** * accompanying the software package from which you obtained this software.
  19:main.c        **** * CYPRESS AND ITS SUPPLIERS MAKE NO WARRANTY OF ANY KIND, EXPRESS OR IMPLIED,
  20:main.c        **** * WITH REGARD TO THIS SOFTWARE, INCLUDING, BUT NOT LIMITED TO, NONINFRINGEMENT,
  21:main.c        **** * IMPLIED WARRANTIES OF MERCHANTABILITY AND FITNESS FOR A PARTICULAR PURPOSE.
  22:main.c        **** *******************************************************************************/
  23:main.c        **** #include <project.h>
  24:main.c        **** 
  25:main.c        **** uint8 InterruptCnt;
  26:main.c        **** 
  27:main.c        **** 
  28:main.c        **** /*******************************************************************************
  29:main.c        **** * Define Interrupt service routine and allocate an vector to the Interrupt
ARM GAS  C:\Users\jespe\AppData\Local\Temp\ccKhcU5h.s 			page 2


  30:main.c        **** ********************************************************************************/
  31:main.c        **** CY_ISR(InterruptHandler)
  32:main.c        **** {
  29              		.loc 1 32 0
  30              		.cfi_startproc
  31              		@ args = 0, pretend = 0, frame = 0
  32              		@ frame_needed = 1, uses_anonymous_args = 0
  33              		@ link register save eliminated.
  34 0000 80B4     		push	{r7}
  35              		.cfi_def_cfa_offset 4
  36              		.cfi_offset 7, -4
  37 0002 00AF     		add	r7, sp, #0
  38              		.cfi_def_cfa_register 7
  33:main.c        **** 	/* Read Status register in order to clear the sticky Terminal Count (TC) bit 
  34:main.c        **** 	 * in the status register. Note that the function is not called, but rather 
  35:main.c        **** 	 * the status is read directly.
  36:main.c        **** 	 */
  37:main.c        ****    	Timer_1_STATUS;
  39              		.loc 1 37 0
  40 0004 054B     		ldr	r3, .L2
  41 0006 1B78     		ldrb	r3, [r3]
  38:main.c        ****     
  39:main.c        **** 	/* Increment the Counter to indicate the keep track of the number of 
  40:main.c        ****      * interrupts received */
  41:main.c        ****     InterruptCnt++;    
  42              		.loc 1 41 0
  43 0008 054B     		ldr	r3, .L2+4
  44 000a 1B78     		ldrb	r3, [r3]	@ zero_extendqisi2
  45 000c 0133     		adds	r3, r3, #1
  46 000e DAB2     		uxtb	r2, r3
  47 0010 034B     		ldr	r3, .L2+4
  48 0012 1A70     		strb	r2, [r3]
  42:main.c        **** }
  49              		.loc 1 42 0
  50 0014 00BF     		nop
  51 0016 BD46     		mov	sp, r7
  52              		.cfi_def_cfa_register 13
  53              		@ sp needed
  54 0018 80BC     		pop	{r7}
  55              		.cfi_restore 7
  56              		.cfi_def_cfa_offset 0
  57 001a 7047     		bx	lr
  58              	.L3:
  59              		.align	2
  60              	.L2:
  61 001c 63640040 		.word	1073767523
  62 0020 00000000 		.word	InterruptCnt
  63              		.cfi_endproc
  64              	.LFE63:
  65              		.size	InterruptHandler, .-InterruptHandler
  66              		.section	.rodata
  67              		.align	2
  68              	.LC0:
  69 0000 544D522D 		.ascii	"TMR-16\000"
  69      313600
  70 0007 00       		.align	2
  71              	.LC1:
ARM GAS  C:\Users\jespe\AppData\Local\Temp\ccKhcU5h.s 			page 3


  72 0008 496E7443 		.ascii	"IntCnt:\000"
  72      6E743A00 
  73              		.section	.text.main,"ax",%progbits
  74              		.align	2
  75              		.global	main
  76              		.thumb
  77              		.thumb_func
  78              		.type	main, %function
  79              	main:
  80              	.LFB64:
  43:main.c        **** 
  44:main.c        **** 
  45:main.c        **** /*******************************************************************************
  46:main.c        **** * Function Name: main
  47:main.c        **** ********************************************************************************
  48:main.c        **** *
  49:main.c        **** * Summary:
  50:main.c        **** * Main function performs following functions:
  51:main.c        **** * 1: Enables the clock
  52:main.c        **** * 2: Start the Timer
  53:main.c        **** * 3: Initializes the LCD
  54:main.c        **** * 4: Print Period, capture, counter value on LCD
  55:main.c        **** * 
  56:main.c        **** * Parameters:
  57:main.c        **** *  None.
  58:main.c        **** *
  59:main.c        **** * Return:
  60:main.c        **** *  None.
  61:main.c        **** *
  62:main.c        **** *******************************************************************************/
  63:main.c        **** int main()
  64:main.c        **** {   
  81              		.loc 1 64 0
  82              		.cfi_startproc
  83              		@ args = 0, pretend = 0, frame = 0
  84              		@ frame_needed = 1, uses_anonymous_args = 0
  85 0000 80B5     		push	{r7, lr}
  86              		.cfi_def_cfa_offset 8
  87              		.cfi_offset 7, -8
  88              		.cfi_offset 14, -4
  89 0002 00AF     		add	r7, sp, #0
  90              		.cfi_def_cfa_register 7
  65:main.c        ****     /* Enable the global interrupt */
  66:main.c        ****     CyGlobalIntEnable;
  91              		.loc 1 66 0
  92              		.syntax unified
  93              	@ 66 "main.c" 1
  94 0004 62B6     		CPSIE   i
  95              	@ 0 "" 2
  67:main.c        ****     
  68:main.c        ****     /* Enable the Interrupt component connected to Timer interrupt */
  69:main.c        ****     TimerISR_StartEx(InterruptHandler);
  96              		.loc 1 69 0
  97              		.thumb
  98              		.syntax unified
  99 0006 1E48     		ldr	r0, .L6
 100 0008 FFF7FEFF 		bl	TimerISR_StartEx
ARM GAS  C:\Users\jespe\AppData\Local\Temp\ccKhcU5h.s 			page 4


  70:main.c        **** 
  71:main.c        **** 	/* Start the components */
  72:main.c        ****     Timer_1_Start();
 101              		.loc 1 72 0
 102 000c FFF7FEFF 		bl	Timer_1_Start
  73:main.c        **** 
  74:main.c        ****     /* Display TMR-16 on LCD */
  75:main.c        ****     LCD_Start();
 103              		.loc 1 75 0
 104 0010 FFF7FEFF 		bl	LCD_Start
  76:main.c        ****     LCD_Position(0u, 0u);
 105              		.loc 1 76 0
 106 0014 0021     		movs	r1, #0
 107 0016 0020     		movs	r0, #0
 108 0018 FFF7FEFF 		bl	LCD_Position
  77:main.c        ****     LCD_PrintString("TMR-16"); 
 109              		.loc 1 77 0
 110 001c 1948     		ldr	r0, .L6+4
 111 001e FFF7FEFF 		bl	LCD_PrintString
 112              	.L5:
  78:main.c        **** 
  79:main.c        ****     for(;;)
  80:main.c        ****     {
  81:main.c        ****         /* To display Period on LCD */
  82:main.c        ****         LCD_Position(0u, 7u);
 113              		.loc 1 82 0 discriminator 1
 114 0022 0721     		movs	r1, #7
 115 0024 0020     		movs	r0, #0
 116 0026 FFF7FEFF 		bl	LCD_Position
  83:main.c        ****         LCD_PrintInt16(Timer_1_ReadPeriod());
 117              		.loc 1 83 0 discriminator 1
 118 002a FFF7FEFF 		bl	Timer_1_ReadPeriod
 119 002e 0346     		mov	r3, r0
 120 0030 1846     		mov	r0, r3
 121 0032 FFF7FEFF 		bl	LCD_PrintInt16
  84:main.c        **** 
  85:main.c        ****         /* To display Capture value on LCD */
  86:main.c        ****         LCD_Position(0u, 12u);
 122              		.loc 1 86 0 discriminator 1
 123 0036 0C21     		movs	r1, #12
 124 0038 0020     		movs	r0, #0
 125 003a FFF7FEFF 		bl	LCD_Position
  87:main.c        ****         LCD_PrintInt16(Timer_1_ReadCapture());
 126              		.loc 1 87 0 discriminator 1
 127 003e FFF7FEFF 		bl	Timer_1_ReadCapture
 128 0042 0346     		mov	r3, r0
 129 0044 1846     		mov	r0, r3
 130 0046 FFF7FEFF 		bl	LCD_PrintInt16
  88:main.c        **** 
  89:main.c        ****         /* To display count on LCD */
  90:main.c        ****         LCD_Position(1u, 0u);
 131              		.loc 1 90 0 discriminator 1
 132 004a 0021     		movs	r1, #0
 133 004c 0120     		movs	r0, #1
 134 004e FFF7FEFF 		bl	LCD_Position
  91:main.c        ****         LCD_PrintInt16(Timer_1_ReadCounter());
 135              		.loc 1 91 0 discriminator 1
ARM GAS  C:\Users\jespe\AppData\Local\Temp\ccKhcU5h.s 			page 5


 136 0052 FFF7FEFF 		bl	Timer_1_ReadCounter
 137 0056 0346     		mov	r3, r0
 138 0058 1846     		mov	r0, r3
 139 005a FFF7FEFF 		bl	LCD_PrintInt16
  92:main.c        **** 
  93:main.c        ****         /* To display Interrupt count on LCD */
  94:main.c        ****         LCD_Position(1u, 5u);
 140              		.loc 1 94 0 discriminator 1
 141 005e 0521     		movs	r1, #5
 142 0060 0120     		movs	r0, #1
 143 0062 FFF7FEFF 		bl	LCD_Position
  95:main.c        ****         LCD_PrintString("IntCnt:");
 144              		.loc 1 95 0 discriminator 1
 145 0066 0848     		ldr	r0, .L6+8
 146 0068 FFF7FEFF 		bl	LCD_PrintString
  96:main.c        ****         LCD_PrintInt16(InterruptCnt);
 147              		.loc 1 96 0 discriminator 1
 148 006c 074B     		ldr	r3, .L6+12
 149 006e 1B78     		ldrb	r3, [r3]	@ zero_extendqisi2
 150 0070 9BB2     		uxth	r3, r3
 151 0072 1846     		mov	r0, r3
 152 0074 FFF7FEFF 		bl	LCD_PrintInt16
  97:main.c        **** 		
  98:main.c        **** 		CyDelay(100u);
 153              		.loc 1 98 0 discriminator 1
 154 0078 6420     		movs	r0, #100
 155 007a FFF7FEFF 		bl	CyDelay
  99:main.c        ****     }
 156              		.loc 1 99 0 discriminator 1
 157 007e D0E7     		b	.L5
 158              	.L7:
 159              		.align	2
 160              	.L6:
 161 0080 00000000 		.word	InterruptHandler
 162 0084 00000000 		.word	.LC0
 163 0088 08000000 		.word	.LC1
 164 008c 00000000 		.word	InterruptCnt
 165              		.cfi_endproc
 166              	.LFE64:
 167              		.size	main, .-main
 168              		.text
 169              	.Letext0:
 170              		.file 2 "c:\\program files (x86)\\cypress\\psoc creator\\4.2\\psoc creator\\import\\gnu\\arm\\5.4.
 171              		.file 3 "c:\\program files (x86)\\cypress\\psoc creator\\4.2\\psoc creator\\import\\gnu\\arm\\5.4.
 172              		.file 4 "Generated_Source\\PSoC5/cytypes.h"
 173              		.file 5 "Generated_Source\\PSoC5/core_cm3.h"
 174              		.section	.debug_info,"",%progbits
 175              	.Ldebug_info0:
 176 0000 06010000 		.4byte	0x106
 177 0004 0400     		.2byte	0x4
 178 0006 00000000 		.4byte	.Ldebug_abbrev0
 179 000a 04       		.byte	0x4
 180 000b 01       		.uleb128 0x1
 181 000c 9D000000 		.4byte	.LASF22
 182 0010 0C       		.byte	0xc
 183 0011 62000000 		.4byte	.LASF23
 184 0015 2E000000 		.4byte	.LASF24
ARM GAS  C:\Users\jespe\AppData\Local\Temp\ccKhcU5h.s 			page 6


 185 0019 00000000 		.4byte	.Ldebug_ranges0+0
 186 001d 00000000 		.4byte	0
 187 0021 00000000 		.4byte	.Ldebug_line0
 188 0025 02       		.uleb128 0x2
 189 0026 01       		.byte	0x1
 190 0027 06       		.byte	0x6
 191 0028 6D010000 		.4byte	.LASF0
 192 002c 02       		.uleb128 0x2
 193 002d 01       		.byte	0x1
 194 002e 08       		.byte	0x8
 195 002f 2B010000 		.4byte	.LASF1
 196 0033 02       		.uleb128 0x2
 197 0034 02       		.byte	0x2
 198 0035 05       		.byte	0x5
 199 0036 95010000 		.4byte	.LASF2
 200 003a 02       		.uleb128 0x2
 201 003b 02       		.byte	0x2
 202 003c 07       		.byte	0x7
 203 003d 0E000000 		.4byte	.LASF3
 204 0041 03       		.uleb128 0x3
 205 0042 85010000 		.4byte	.LASF9
 206 0046 02       		.byte	0x2
 207 0047 3F       		.byte	0x3f
 208 0048 4C000000 		.4byte	0x4c
 209 004c 02       		.uleb128 0x2
 210 004d 04       		.byte	0x4
 211 004e 05       		.byte	0x5
 212 004f 57010000 		.4byte	.LASF4
 213 0053 02       		.uleb128 0x2
 214 0054 04       		.byte	0x4
 215 0055 07       		.byte	0x7
 216 0056 74000000 		.4byte	.LASF5
 217 005a 02       		.uleb128 0x2
 218 005b 08       		.byte	0x8
 219 005c 05       		.byte	0x5
 220 005d 00000000 		.4byte	.LASF6
 221 0061 02       		.uleb128 0x2
 222 0062 08       		.byte	0x8
 223 0063 07       		.byte	0x7
 224 0064 86000000 		.4byte	.LASF7
 225 0068 04       		.uleb128 0x4
 226 0069 04       		.byte	0x4
 227 006a 05       		.byte	0x5
 228 006b 696E7400 		.ascii	"int\000"
 229 006f 02       		.uleb128 0x2
 230 0070 04       		.byte	0x4
 231 0071 07       		.byte	0x7
 232 0072 21000000 		.4byte	.LASF8
 233 0076 03       		.uleb128 0x3
 234 0077 9F010000 		.4byte	.LASF10
 235 007b 03       		.byte	0x3
 236 007c 2C       		.byte	0x2c
 237 007d 41000000 		.4byte	0x41
 238 0081 05       		.uleb128 0x5
 239 0082 6E000000 		.4byte	.LASF11
 240 0086 04       		.byte	0x4
 241 0087 E401     		.2byte	0x1e4
ARM GAS  C:\Users\jespe\AppData\Local\Temp\ccKhcU5h.s 			page 7


 242 0089 2C000000 		.4byte	0x2c
 243 008d 02       		.uleb128 0x2
 244 008e 04       		.byte	0x4
 245 008f 04       		.byte	0x4
 246 0090 8F010000 		.4byte	.LASF12
 247 0094 02       		.uleb128 0x2
 248 0095 08       		.byte	0x8
 249 0096 04       		.byte	0x4
 250 0097 50010000 		.4byte	.LASF13
 251 009b 02       		.uleb128 0x2
 252 009c 01       		.byte	0x1
 253 009d 08       		.byte	0x8
 254 009e 39010000 		.4byte	.LASF14
 255 00a2 05       		.uleb128 0x5
 256 00a3 4B010000 		.4byte	.LASF15
 257 00a7 04       		.byte	0x4
 258 00a8 8E02     		.2byte	0x28e
 259 00aa AE000000 		.4byte	0xae
 260 00ae 06       		.uleb128 0x6
 261 00af 81000000 		.4byte	0x81
 262 00b3 02       		.uleb128 0x2
 263 00b4 08       		.byte	0x8
 264 00b5 04       		.byte	0x4
 265 00b6 79010000 		.4byte	.LASF16
 266 00ba 02       		.uleb128 0x2
 267 00bb 04       		.byte	0x4
 268 00bc 07       		.byte	0x7
 269 00bd B8010000 		.4byte	.LASF17
 270 00c1 07       		.uleb128 0x7
 271 00c2 A7010000 		.4byte	.LASF18
 272 00c6 01       		.byte	0x1
 273 00c7 1F       		.byte	0x1f
 274 00c8 00000000 		.4byte	.LFB63
 275 00cc 24000000 		.4byte	.LFE63-.LFB63
 276 00d0 01       		.uleb128 0x1
 277 00d1 9C       		.byte	0x9c
 278 00d2 08       		.uleb128 0x8
 279 00d3 69000000 		.4byte	.LASF19
 280 00d7 01       		.byte	0x1
 281 00d8 3F       		.byte	0x3f
 282 00d9 68000000 		.4byte	0x68
 283 00dd 00000000 		.4byte	.LFB64
 284 00e1 90000000 		.4byte	.LFE64-.LFB64
 285 00e5 01       		.uleb128 0x1
 286 00e6 9C       		.byte	0x9c
 287 00e7 09       		.uleb128 0x9
 288 00e8 60010000 		.4byte	.LASF20
 289 00ec 05       		.byte	0x5
 290 00ed 1207     		.2byte	0x712
 291 00ef F3000000 		.4byte	0xf3
 292 00f3 06       		.uleb128 0x6
 293 00f4 76000000 		.4byte	0x76
 294 00f8 0A       		.uleb128 0xa
 295 00f9 3E010000 		.4byte	.LASF21
 296 00fd 01       		.byte	0x1
 297 00fe 19       		.byte	0x19
 298 00ff 81000000 		.4byte	0x81
ARM GAS  C:\Users\jespe\AppData\Local\Temp\ccKhcU5h.s 			page 8


 299 0103 05       		.uleb128 0x5
 300 0104 03       		.byte	0x3
 301 0105 00000000 		.4byte	InterruptCnt
 302 0109 00       		.byte	0
 303              		.section	.debug_abbrev,"",%progbits
 304              	.Ldebug_abbrev0:
 305 0000 01       		.uleb128 0x1
 306 0001 11       		.uleb128 0x11
 307 0002 01       		.byte	0x1
 308 0003 25       		.uleb128 0x25
 309 0004 0E       		.uleb128 0xe
 310 0005 13       		.uleb128 0x13
 311 0006 0B       		.uleb128 0xb
 312 0007 03       		.uleb128 0x3
 313 0008 0E       		.uleb128 0xe
 314 0009 1B       		.uleb128 0x1b
 315 000a 0E       		.uleb128 0xe
 316 000b 55       		.uleb128 0x55
 317 000c 17       		.uleb128 0x17
 318 000d 11       		.uleb128 0x11
 319 000e 01       		.uleb128 0x1
 320 000f 10       		.uleb128 0x10
 321 0010 17       		.uleb128 0x17
 322 0011 00       		.byte	0
 323 0012 00       		.byte	0
 324 0013 02       		.uleb128 0x2
 325 0014 24       		.uleb128 0x24
 326 0015 00       		.byte	0
 327 0016 0B       		.uleb128 0xb
 328 0017 0B       		.uleb128 0xb
 329 0018 3E       		.uleb128 0x3e
 330 0019 0B       		.uleb128 0xb
 331 001a 03       		.uleb128 0x3
 332 001b 0E       		.uleb128 0xe
 333 001c 00       		.byte	0
 334 001d 00       		.byte	0
 335 001e 03       		.uleb128 0x3
 336 001f 16       		.uleb128 0x16
 337 0020 00       		.byte	0
 338 0021 03       		.uleb128 0x3
 339 0022 0E       		.uleb128 0xe
 340 0023 3A       		.uleb128 0x3a
 341 0024 0B       		.uleb128 0xb
 342 0025 3B       		.uleb128 0x3b
 343 0026 0B       		.uleb128 0xb
 344 0027 49       		.uleb128 0x49
 345 0028 13       		.uleb128 0x13
 346 0029 00       		.byte	0
 347 002a 00       		.byte	0
 348 002b 04       		.uleb128 0x4
 349 002c 24       		.uleb128 0x24
 350 002d 00       		.byte	0
 351 002e 0B       		.uleb128 0xb
 352 002f 0B       		.uleb128 0xb
 353 0030 3E       		.uleb128 0x3e
 354 0031 0B       		.uleb128 0xb
 355 0032 03       		.uleb128 0x3
ARM GAS  C:\Users\jespe\AppData\Local\Temp\ccKhcU5h.s 			page 9


 356 0033 08       		.uleb128 0x8
 357 0034 00       		.byte	0
 358 0035 00       		.byte	0
 359 0036 05       		.uleb128 0x5
 360 0037 16       		.uleb128 0x16
 361 0038 00       		.byte	0
 362 0039 03       		.uleb128 0x3
 363 003a 0E       		.uleb128 0xe
 364 003b 3A       		.uleb128 0x3a
 365 003c 0B       		.uleb128 0xb
 366 003d 3B       		.uleb128 0x3b
 367 003e 05       		.uleb128 0x5
 368 003f 49       		.uleb128 0x49
 369 0040 13       		.uleb128 0x13
 370 0041 00       		.byte	0
 371 0042 00       		.byte	0
 372 0043 06       		.uleb128 0x6
 373 0044 35       		.uleb128 0x35
 374 0045 00       		.byte	0
 375 0046 49       		.uleb128 0x49
 376 0047 13       		.uleb128 0x13
 377 0048 00       		.byte	0
 378 0049 00       		.byte	0
 379 004a 07       		.uleb128 0x7
 380 004b 2E       		.uleb128 0x2e
 381 004c 00       		.byte	0
 382 004d 3F       		.uleb128 0x3f
 383 004e 19       		.uleb128 0x19
 384 004f 03       		.uleb128 0x3
 385 0050 0E       		.uleb128 0xe
 386 0051 3A       		.uleb128 0x3a
 387 0052 0B       		.uleb128 0xb
 388 0053 3B       		.uleb128 0x3b
 389 0054 0B       		.uleb128 0xb
 390 0055 27       		.uleb128 0x27
 391 0056 19       		.uleb128 0x19
 392 0057 11       		.uleb128 0x11
 393 0058 01       		.uleb128 0x1
 394 0059 12       		.uleb128 0x12
 395 005a 06       		.uleb128 0x6
 396 005b 40       		.uleb128 0x40
 397 005c 18       		.uleb128 0x18
 398 005d 9742     		.uleb128 0x2117
 399 005f 19       		.uleb128 0x19
 400 0060 00       		.byte	0
 401 0061 00       		.byte	0
 402 0062 08       		.uleb128 0x8
 403 0063 2E       		.uleb128 0x2e
 404 0064 00       		.byte	0
 405 0065 3F       		.uleb128 0x3f
 406 0066 19       		.uleb128 0x19
 407 0067 03       		.uleb128 0x3
 408 0068 0E       		.uleb128 0xe
 409 0069 3A       		.uleb128 0x3a
 410 006a 0B       		.uleb128 0xb
 411 006b 3B       		.uleb128 0x3b
 412 006c 0B       		.uleb128 0xb
ARM GAS  C:\Users\jespe\AppData\Local\Temp\ccKhcU5h.s 			page 10


 413 006d 49       		.uleb128 0x49
 414 006e 13       		.uleb128 0x13
 415 006f 11       		.uleb128 0x11
 416 0070 01       		.uleb128 0x1
 417 0071 12       		.uleb128 0x12
 418 0072 06       		.uleb128 0x6
 419 0073 40       		.uleb128 0x40
 420 0074 18       		.uleb128 0x18
 421 0075 9642     		.uleb128 0x2116
 422 0077 19       		.uleb128 0x19
 423 0078 00       		.byte	0
 424 0079 00       		.byte	0
 425 007a 09       		.uleb128 0x9
 426 007b 34       		.uleb128 0x34
 427 007c 00       		.byte	0
 428 007d 03       		.uleb128 0x3
 429 007e 0E       		.uleb128 0xe
 430 007f 3A       		.uleb128 0x3a
 431 0080 0B       		.uleb128 0xb
 432 0081 3B       		.uleb128 0x3b
 433 0082 05       		.uleb128 0x5
 434 0083 49       		.uleb128 0x49
 435 0084 13       		.uleb128 0x13
 436 0085 3F       		.uleb128 0x3f
 437 0086 19       		.uleb128 0x19
 438 0087 3C       		.uleb128 0x3c
 439 0088 19       		.uleb128 0x19
 440 0089 00       		.byte	0
 441 008a 00       		.byte	0
 442 008b 0A       		.uleb128 0xa
 443 008c 34       		.uleb128 0x34
 444 008d 00       		.byte	0
 445 008e 03       		.uleb128 0x3
 446 008f 0E       		.uleb128 0xe
 447 0090 3A       		.uleb128 0x3a
 448 0091 0B       		.uleb128 0xb
 449 0092 3B       		.uleb128 0x3b
 450 0093 0B       		.uleb128 0xb
 451 0094 49       		.uleb128 0x49
 452 0095 13       		.uleb128 0x13
 453 0096 3F       		.uleb128 0x3f
 454 0097 19       		.uleb128 0x19
 455 0098 02       		.uleb128 0x2
 456 0099 18       		.uleb128 0x18
 457 009a 00       		.byte	0
 458 009b 00       		.byte	0
 459 009c 00       		.byte	0
 460              		.section	.debug_aranges,"",%progbits
 461 0000 24000000 		.4byte	0x24
 462 0004 0200     		.2byte	0x2
 463 0006 00000000 		.4byte	.Ldebug_info0
 464 000a 04       		.byte	0x4
 465 000b 00       		.byte	0
 466 000c 0000     		.2byte	0
 467 000e 0000     		.2byte	0
 468 0010 00000000 		.4byte	.LFB63
 469 0014 24000000 		.4byte	.LFE63-.LFB63
ARM GAS  C:\Users\jespe\AppData\Local\Temp\ccKhcU5h.s 			page 11


 470 0018 00000000 		.4byte	.LFB64
 471 001c 90000000 		.4byte	.LFE64-.LFB64
 472 0020 00000000 		.4byte	0
 473 0024 00000000 		.4byte	0
 474              		.section	.debug_ranges,"",%progbits
 475              	.Ldebug_ranges0:
 476 0000 00000000 		.4byte	.LFB63
 477 0004 24000000 		.4byte	.LFE63
 478 0008 00000000 		.4byte	.LFB64
 479 000c 90000000 		.4byte	.LFE64
 480 0010 00000000 		.4byte	0
 481 0014 00000000 		.4byte	0
 482              		.section	.debug_line,"",%progbits
 483              	.Ldebug_line0:
 484 0000 B0010000 		.section	.debug_str,"MS",%progbits,1
 484      02004C01 
 484      00000201 
 484      FB0E0D00 
 484      01010101 
 485              	.LASF6:
 486 0000 6C6F6E67 		.ascii	"long long int\000"
 486      206C6F6E 
 486      6720696E 
 486      7400
 487              	.LASF3:
 488 000e 73686F72 		.ascii	"short unsigned int\000"
 488      7420756E 
 488      7369676E 
 488      65642069 
 488      6E7400
 489              	.LASF8:
 490 0021 756E7369 		.ascii	"unsigned int\000"
 490      676E6564 
 490      20696E74 
 490      00
 491              	.LASF24:
 492 002e 433A5C55 		.ascii	"C:\\Users\\jespe\\Downloads\\DC-Motor-PWM\\Timer01."
 492      73657273 
 492      5C6A6573 
 492      70655C44 
 492      6F776E6C 
 493 005c 63796473 		.ascii	"cydsn\000"
 493      6E00
 494              	.LASF23:
 495 0062 6D61696E 		.ascii	"main.c\000"
 495      2E6300
 496              	.LASF19:
 497 0069 6D61696E 		.ascii	"main\000"
 497      00
 498              	.LASF11:
 499 006e 75696E74 		.ascii	"uint8\000"
 499      3800
 500              	.LASF5:
 501 0074 6C6F6E67 		.ascii	"long unsigned int\000"
 501      20756E73 
 501      69676E65 
 501      6420696E 
ARM GAS  C:\Users\jespe\AppData\Local\Temp\ccKhcU5h.s 			page 12


 501      7400
 502              	.LASF7:
 503 0086 6C6F6E67 		.ascii	"long long unsigned int\000"
 503      206C6F6E 
 503      6720756E 
 503      7369676E 
 503      65642069 
 504              	.LASF22:
 505 009d 474E5520 		.ascii	"GNU C11 5.4.1 20160609 (release) [ARM/embedded-5-br"
 505      43313120 
 505      352E342E 
 505      31203230 
 505      31363036 
 506 00d0 616E6368 		.ascii	"anch revision 237715] -mcpu=cortex-m3 -mthumb -g -O"
 506      20726576 
 506      6973696F 
 506      6E203233 
 506      37373135 
 507 0103 30202D66 		.ascii	"0 -ffunction-sections -ffat-lto-objects\000"
 507      66756E63 
 507      74696F6E 
 507      2D736563 
 507      74696F6E 
 508              	.LASF1:
 509 012b 756E7369 		.ascii	"unsigned char\000"
 509      676E6564 
 509      20636861 
 509      7200
 510              	.LASF14:
 511 0139 63686172 		.ascii	"char\000"
 511      00
 512              	.LASF21:
 513 013e 496E7465 		.ascii	"InterruptCnt\000"
 513      72727570 
 513      74436E74 
 513      00
 514              	.LASF15:
 515 014b 72656738 		.ascii	"reg8\000"
 515      00
 516              	.LASF13:
 517 0150 646F7562 		.ascii	"double\000"
 517      6C6500
 518              	.LASF4:
 519 0157 6C6F6E67 		.ascii	"long int\000"
 519      20696E74 
 519      00
 520              	.LASF20:
 521 0160 49544D5F 		.ascii	"ITM_RxBuffer\000"
 521      52784275 
 521      66666572 
 521      00
 522              	.LASF0:
 523 016d 7369676E 		.ascii	"signed char\000"
 523      65642063 
 523      68617200 
 524              	.LASF16:
 525 0179 6C6F6E67 		.ascii	"long double\000"
ARM GAS  C:\Users\jespe\AppData\Local\Temp\ccKhcU5h.s 			page 13


 525      20646F75 
 525      626C6500 
 526              	.LASF9:
 527 0185 5F5F696E 		.ascii	"__int32_t\000"
 527      7433325F 
 527      7400
 528              	.LASF12:
 529 018f 666C6F61 		.ascii	"float\000"
 529      7400
 530              	.LASF2:
 531 0195 73686F72 		.ascii	"short int\000"
 531      7420696E 
 531      7400
 532              	.LASF10:
 533 019f 696E7433 		.ascii	"int32_t\000"
 533      325F7400 
 534              	.LASF18:
 535 01a7 496E7465 		.ascii	"InterruptHandler\000"
 535      72727570 
 535      7448616E 
 535      646C6572 
 535      00
 536              	.LASF17:
 537 01b8 73697A65 		.ascii	"sizetype\000"
 537      74797065 
 537      00
 538              		.ident	"GCC: (GNU Tools for ARM Embedded Processors) 5.4.1 20160609 (release) [ARM/embedded-5-bran
