ARM GAS  C:\Users\jespe\AppData\Local\Temp\ccM4zm2Q.s 			page 1


   1              		.syntax unified
   2              		.cpu cortex-m3
   3              		.fpu softvfp
   4              		.eabi_attribute 20, 1
   5              		.eabi_attribute 21, 1
   6              		.eabi_attribute 23, 3
   7              		.eabi_attribute 24, 1
   8              		.eabi_attribute 25, 1
   9              		.eabi_attribute 26, 1
  10              		.eabi_attribute 30, 6
  11              		.eabi_attribute 34, 1
  12              		.eabi_attribute 18, 4
  13              		.thumb
  14              		.syntax unified
  15              		.file	"Timer_1_PM.c"
  16              		.text
  17              	.Ltext0:
  18              		.cfi_sections	.debug_frame
  19              		.bss
  20              		.align	2
  21              	Timer_1_backup:
  22 0000 00000000 		.space	6
  22      0000
  23              		.section	.text.Timer_1_SaveConfig,"ax",%progbits
  24              		.align	2
  25              		.global	Timer_1_SaveConfig
  26              		.thumb
  27              		.thumb_func
  28              		.type	Timer_1_SaveConfig, %function
  29              	Timer_1_SaveConfig:
  30              	.LFB0:
  31              		.file 1 "Generated_Source\\PSoC5\\Timer_1_PM.c"
   1:Generated_Source\PSoC5/Timer_1_PM.c **** /*******************************************************************************
   2:Generated_Source\PSoC5/Timer_1_PM.c **** * File Name: Timer_1_PM.c
   3:Generated_Source\PSoC5/Timer_1_PM.c **** * Version 2.80
   4:Generated_Source\PSoC5/Timer_1_PM.c **** *
   5:Generated_Source\PSoC5/Timer_1_PM.c **** *  Description:
   6:Generated_Source\PSoC5/Timer_1_PM.c **** *     This file provides the power management source code to API for the
   7:Generated_Source\PSoC5/Timer_1_PM.c **** *     Timer.
   8:Generated_Source\PSoC5/Timer_1_PM.c **** *
   9:Generated_Source\PSoC5/Timer_1_PM.c **** *   Note:
  10:Generated_Source\PSoC5/Timer_1_PM.c **** *     None
  11:Generated_Source\PSoC5/Timer_1_PM.c **** *
  12:Generated_Source\PSoC5/Timer_1_PM.c **** *******************************************************************************
  13:Generated_Source\PSoC5/Timer_1_PM.c **** * Copyright 2008-2017, Cypress Semiconductor Corporation.  All rights reserved.
  14:Generated_Source\PSoC5/Timer_1_PM.c **** * You may use this file only in accordance with the license, terms, conditions,
  15:Generated_Source\PSoC5/Timer_1_PM.c **** * disclaimers, and limitations in the end user license agreement accompanying
  16:Generated_Source\PSoC5/Timer_1_PM.c **** * the software package with which this file was provided.
  17:Generated_Source\PSoC5/Timer_1_PM.c **** ********************************************************************************/
  18:Generated_Source\PSoC5/Timer_1_PM.c **** 
  19:Generated_Source\PSoC5/Timer_1_PM.c **** #include "Timer_1.h"
  20:Generated_Source\PSoC5/Timer_1_PM.c **** 
  21:Generated_Source\PSoC5/Timer_1_PM.c **** static Timer_1_backupStruct Timer_1_backup;
  22:Generated_Source\PSoC5/Timer_1_PM.c **** 
  23:Generated_Source\PSoC5/Timer_1_PM.c **** 
  24:Generated_Source\PSoC5/Timer_1_PM.c **** /*******************************************************************************
  25:Generated_Source\PSoC5/Timer_1_PM.c **** * Function Name: Timer_1_SaveConfig
ARM GAS  C:\Users\jespe\AppData\Local\Temp\ccM4zm2Q.s 			page 2


  26:Generated_Source\PSoC5/Timer_1_PM.c **** ********************************************************************************
  27:Generated_Source\PSoC5/Timer_1_PM.c **** *
  28:Generated_Source\PSoC5/Timer_1_PM.c **** * Summary:
  29:Generated_Source\PSoC5/Timer_1_PM.c **** *     Save the current user configuration
  30:Generated_Source\PSoC5/Timer_1_PM.c **** *
  31:Generated_Source\PSoC5/Timer_1_PM.c **** * Parameters:
  32:Generated_Source\PSoC5/Timer_1_PM.c **** *  void
  33:Generated_Source\PSoC5/Timer_1_PM.c **** *
  34:Generated_Source\PSoC5/Timer_1_PM.c **** * Return:
  35:Generated_Source\PSoC5/Timer_1_PM.c **** *  void
  36:Generated_Source\PSoC5/Timer_1_PM.c **** *
  37:Generated_Source\PSoC5/Timer_1_PM.c **** * Global variables:
  38:Generated_Source\PSoC5/Timer_1_PM.c **** *  Timer_1_backup:  Variables of this global structure are modified to
  39:Generated_Source\PSoC5/Timer_1_PM.c **** *  store the values of non retention configuration registers when Sleep() API is
  40:Generated_Source\PSoC5/Timer_1_PM.c **** *  called.
  41:Generated_Source\PSoC5/Timer_1_PM.c **** *
  42:Generated_Source\PSoC5/Timer_1_PM.c **** *******************************************************************************/
  43:Generated_Source\PSoC5/Timer_1_PM.c **** void Timer_1_SaveConfig(void) 
  44:Generated_Source\PSoC5/Timer_1_PM.c **** {
  32              		.loc 1 44 0
  33              		.cfi_startproc
  34              		@ args = 0, pretend = 0, frame = 0
  35              		@ frame_needed = 1, uses_anonymous_args = 0
  36 0000 80B5     		push	{r7, lr}
  37              		.cfi_def_cfa_offset 8
  38              		.cfi_offset 7, -8
  39              		.cfi_offset 14, -4
  40 0002 00AF     		add	r7, sp, #0
  41              		.cfi_def_cfa_register 7
  45:Generated_Source\PSoC5/Timer_1_PM.c ****     #if (!Timer_1_UsingFixedFunction)
  46:Generated_Source\PSoC5/Timer_1_PM.c ****         Timer_1_backup.TimerUdb = Timer_1_ReadCounter();
  42              		.loc 1 46 0
  43 0004 FFF7FEFF 		bl	Timer_1_ReadCounter
  44 0008 0346     		mov	r3, r0
  45 000a 1A46     		mov	r2, r3
  46 000c 074B     		ldr	r3, .L2
  47 000e 5A80     		strh	r2, [r3, #2]	@ movhi
  47:Generated_Source\PSoC5/Timer_1_PM.c ****         Timer_1_backup.InterruptMaskValue = Timer_1_STATUS_MASK;
  48              		.loc 1 47 0
  49 0010 074B     		ldr	r3, .L2+4
  50 0012 1B78     		ldrb	r3, [r3]
  51 0014 DAB2     		uxtb	r2, r3
  52 0016 054B     		ldr	r3, .L2
  53 0018 1A71     		strb	r2, [r3, #4]
  48:Generated_Source\PSoC5/Timer_1_PM.c ****         #if (Timer_1_UsingHWCaptureCounter)
  49:Generated_Source\PSoC5/Timer_1_PM.c ****             Timer_1_backup.TimerCaptureCounter = Timer_1_ReadCaptureCount();
  50:Generated_Source\PSoC5/Timer_1_PM.c ****         #endif /* Back Up capture counter register  */
  51:Generated_Source\PSoC5/Timer_1_PM.c **** 
  52:Generated_Source\PSoC5/Timer_1_PM.c ****         #if(!Timer_1_UDB_CONTROL_REG_REMOVED)
  53:Generated_Source\PSoC5/Timer_1_PM.c ****             Timer_1_backup.TimerControlRegister = Timer_1_ReadControlRegister();
  54              		.loc 1 53 0
  55 001a FFF7FEFF 		bl	Timer_1_ReadControlRegister
  56 001e 0346     		mov	r3, r0
  57 0020 1A46     		mov	r2, r3
  58 0022 024B     		ldr	r3, .L2
  59 0024 5A71     		strb	r2, [r3, #5]
  54:Generated_Source\PSoC5/Timer_1_PM.c ****         #endif /* Backup the enable state of the Timer component */
ARM GAS  C:\Users\jespe\AppData\Local\Temp\ccM4zm2Q.s 			page 3


  55:Generated_Source\PSoC5/Timer_1_PM.c ****     #endif /* Backup non retention registers in UDB implementation. All fixed function registers ar
  56:Generated_Source\PSoC5/Timer_1_PM.c **** }
  60              		.loc 1 56 0
  61 0026 00BF     		nop
  62 0028 80BD     		pop	{r7, pc}
  63              	.L3:
  64 002a 00BF     		.align	2
  65              	.L2:
  66 002c 00000000 		.word	Timer_1_backup
  67 0030 83640040 		.word	1073767555
  68              		.cfi_endproc
  69              	.LFE0:
  70              		.size	Timer_1_SaveConfig, .-Timer_1_SaveConfig
  71              		.section	.text.Timer_1_RestoreConfig,"ax",%progbits
  72              		.align	2
  73              		.global	Timer_1_RestoreConfig
  74              		.thumb
  75              		.thumb_func
  76              		.type	Timer_1_RestoreConfig, %function
  77              	Timer_1_RestoreConfig:
  78              	.LFB1:
  57:Generated_Source\PSoC5/Timer_1_PM.c **** 
  58:Generated_Source\PSoC5/Timer_1_PM.c **** 
  59:Generated_Source\PSoC5/Timer_1_PM.c **** /*******************************************************************************
  60:Generated_Source\PSoC5/Timer_1_PM.c **** * Function Name: Timer_1_RestoreConfig
  61:Generated_Source\PSoC5/Timer_1_PM.c **** ********************************************************************************
  62:Generated_Source\PSoC5/Timer_1_PM.c **** *
  63:Generated_Source\PSoC5/Timer_1_PM.c **** * Summary:
  64:Generated_Source\PSoC5/Timer_1_PM.c **** *  Restores the current user configuration.
  65:Generated_Source\PSoC5/Timer_1_PM.c **** *
  66:Generated_Source\PSoC5/Timer_1_PM.c **** * Parameters:
  67:Generated_Source\PSoC5/Timer_1_PM.c **** *  void
  68:Generated_Source\PSoC5/Timer_1_PM.c **** *
  69:Generated_Source\PSoC5/Timer_1_PM.c **** * Return:
  70:Generated_Source\PSoC5/Timer_1_PM.c **** *  void
  71:Generated_Source\PSoC5/Timer_1_PM.c **** *
  72:Generated_Source\PSoC5/Timer_1_PM.c **** * Global variables:
  73:Generated_Source\PSoC5/Timer_1_PM.c **** *  Timer_1_backup:  Variables of this global structure are used to
  74:Generated_Source\PSoC5/Timer_1_PM.c **** *  restore the values of non retention registers on wakeup from sleep mode.
  75:Generated_Source\PSoC5/Timer_1_PM.c **** *
  76:Generated_Source\PSoC5/Timer_1_PM.c **** *******************************************************************************/
  77:Generated_Source\PSoC5/Timer_1_PM.c **** void Timer_1_RestoreConfig(void) 
  78:Generated_Source\PSoC5/Timer_1_PM.c **** {   
  79              		.loc 1 78 0
  80              		.cfi_startproc
  81              		@ args = 0, pretend = 0, frame = 0
  82              		@ frame_needed = 1, uses_anonymous_args = 0
  83 0000 80B5     		push	{r7, lr}
  84              		.cfi_def_cfa_offset 8
  85              		.cfi_offset 7, -8
  86              		.cfi_offset 14, -4
  87 0002 00AF     		add	r7, sp, #0
  88              		.cfi_def_cfa_register 7
  79:Generated_Source\PSoC5/Timer_1_PM.c ****     #if (!Timer_1_UsingFixedFunction)
  80:Generated_Source\PSoC5/Timer_1_PM.c **** 
  81:Generated_Source\PSoC5/Timer_1_PM.c ****         Timer_1_WriteCounter(Timer_1_backup.TimerUdb);
  89              		.loc 1 81 0
ARM GAS  C:\Users\jespe\AppData\Local\Temp\ccM4zm2Q.s 			page 4


  90 0004 074B     		ldr	r3, .L5
  91 0006 5B88     		ldrh	r3, [r3, #2]
  92 0008 1846     		mov	r0, r3
  93 000a FFF7FEFF 		bl	Timer_1_WriteCounter
  82:Generated_Source\PSoC5/Timer_1_PM.c ****         Timer_1_STATUS_MASK =Timer_1_backup.InterruptMaskValue;
  94              		.loc 1 82 0
  95 000e 064B     		ldr	r3, .L5+4
  96 0010 044A     		ldr	r2, .L5
  97 0012 1279     		ldrb	r2, [r2, #4]	@ zero_extendqisi2
  98 0014 1A70     		strb	r2, [r3]
  83:Generated_Source\PSoC5/Timer_1_PM.c ****         #if (Timer_1_UsingHWCaptureCounter)
  84:Generated_Source\PSoC5/Timer_1_PM.c ****             Timer_1_SetCaptureCount(Timer_1_backup.TimerCaptureCounter);
  85:Generated_Source\PSoC5/Timer_1_PM.c ****         #endif /* Restore Capture counter register*/
  86:Generated_Source\PSoC5/Timer_1_PM.c **** 
  87:Generated_Source\PSoC5/Timer_1_PM.c ****         #if(!Timer_1_UDB_CONTROL_REG_REMOVED)
  88:Generated_Source\PSoC5/Timer_1_PM.c ****             Timer_1_WriteControlRegister(Timer_1_backup.TimerControlRegister);
  99              		.loc 1 88 0
 100 0016 034B     		ldr	r3, .L5
 101 0018 5B79     		ldrb	r3, [r3, #5]	@ zero_extendqisi2
 102 001a 1846     		mov	r0, r3
 103 001c FFF7FEFF 		bl	Timer_1_WriteControlRegister
  89:Generated_Source\PSoC5/Timer_1_PM.c ****         #endif /* Restore the enable state of the Timer component */
  90:Generated_Source\PSoC5/Timer_1_PM.c ****     #endif /* Restore non retention registers in the UDB implementation only */
  91:Generated_Source\PSoC5/Timer_1_PM.c **** }
 104              		.loc 1 91 0
 105 0020 00BF     		nop
 106 0022 80BD     		pop	{r7, pc}
 107              	.L6:
 108              		.align	2
 109              	.L5:
 110 0024 00000000 		.word	Timer_1_backup
 111 0028 83640040 		.word	1073767555
 112              		.cfi_endproc
 113              	.LFE1:
 114              		.size	Timer_1_RestoreConfig, .-Timer_1_RestoreConfig
 115              		.section	.text.Timer_1_Sleep,"ax",%progbits
 116              		.align	2
 117              		.global	Timer_1_Sleep
 118              		.thumb
 119              		.thumb_func
 120              		.type	Timer_1_Sleep, %function
 121              	Timer_1_Sleep:
 122              	.LFB2:
  92:Generated_Source\PSoC5/Timer_1_PM.c **** 
  93:Generated_Source\PSoC5/Timer_1_PM.c **** 
  94:Generated_Source\PSoC5/Timer_1_PM.c **** /*******************************************************************************
  95:Generated_Source\PSoC5/Timer_1_PM.c **** * Function Name: Timer_1_Sleep
  96:Generated_Source\PSoC5/Timer_1_PM.c **** ********************************************************************************
  97:Generated_Source\PSoC5/Timer_1_PM.c **** *
  98:Generated_Source\PSoC5/Timer_1_PM.c **** * Summary:
  99:Generated_Source\PSoC5/Timer_1_PM.c **** *     Stop and Save the user configuration
 100:Generated_Source\PSoC5/Timer_1_PM.c **** *
 101:Generated_Source\PSoC5/Timer_1_PM.c **** * Parameters:
 102:Generated_Source\PSoC5/Timer_1_PM.c **** *  void
 103:Generated_Source\PSoC5/Timer_1_PM.c **** *
 104:Generated_Source\PSoC5/Timer_1_PM.c **** * Return:
 105:Generated_Source\PSoC5/Timer_1_PM.c **** *  void
ARM GAS  C:\Users\jespe\AppData\Local\Temp\ccM4zm2Q.s 			page 5


 106:Generated_Source\PSoC5/Timer_1_PM.c **** *
 107:Generated_Source\PSoC5/Timer_1_PM.c **** * Global variables:
 108:Generated_Source\PSoC5/Timer_1_PM.c **** *  Timer_1_backup.TimerEnableState:  Is modified depending on the
 109:Generated_Source\PSoC5/Timer_1_PM.c **** *  enable state of the block before entering sleep mode.
 110:Generated_Source\PSoC5/Timer_1_PM.c **** *
 111:Generated_Source\PSoC5/Timer_1_PM.c **** *******************************************************************************/
 112:Generated_Source\PSoC5/Timer_1_PM.c **** void Timer_1_Sleep(void) 
 113:Generated_Source\PSoC5/Timer_1_PM.c **** {
 123              		.loc 1 113 0
 124              		.cfi_startproc
 125              		@ args = 0, pretend = 0, frame = 0
 126              		@ frame_needed = 1, uses_anonymous_args = 0
 127 0000 80B5     		push	{r7, lr}
 128              		.cfi_def_cfa_offset 8
 129              		.cfi_offset 7, -8
 130              		.cfi_offset 14, -4
 131 0002 00AF     		add	r7, sp, #0
 132              		.cfi_def_cfa_register 7
 114:Generated_Source\PSoC5/Timer_1_PM.c ****     #if(!Timer_1_UDB_CONTROL_REG_REMOVED)
 115:Generated_Source\PSoC5/Timer_1_PM.c ****         /* Save Counter's enable state */
 116:Generated_Source\PSoC5/Timer_1_PM.c ****         if(Timer_1_CTRL_ENABLE == (Timer_1_CONTROL & Timer_1_CTRL_ENABLE))
 133              		.loc 1 116 0
 134 0004 094B     		ldr	r3, .L10
 135 0006 1B78     		ldrb	r3, [r3]
 136 0008 DBB2     		uxtb	r3, r3
 137 000a 5BB2     		sxtb	r3, r3
 138 000c 002B     		cmp	r3, #0
 139 000e 03DA     		bge	.L8
 117:Generated_Source\PSoC5/Timer_1_PM.c ****         {
 118:Generated_Source\PSoC5/Timer_1_PM.c ****             /* Timer is enabled */
 119:Generated_Source\PSoC5/Timer_1_PM.c ****             Timer_1_backup.TimerEnableState = 1u;
 140              		.loc 1 119 0
 141 0010 074B     		ldr	r3, .L10+4
 142 0012 0122     		movs	r2, #1
 143 0014 1A70     		strb	r2, [r3]
 144 0016 02E0     		b	.L9
 145              	.L8:
 120:Generated_Source\PSoC5/Timer_1_PM.c ****         }
 121:Generated_Source\PSoC5/Timer_1_PM.c ****         else
 122:Generated_Source\PSoC5/Timer_1_PM.c ****         {
 123:Generated_Source\PSoC5/Timer_1_PM.c ****             /* Timer is disabled */
 124:Generated_Source\PSoC5/Timer_1_PM.c ****             Timer_1_backup.TimerEnableState = 0u;
 146              		.loc 1 124 0
 147 0018 054B     		ldr	r3, .L10+4
 148 001a 0022     		movs	r2, #0
 149 001c 1A70     		strb	r2, [r3]
 150              	.L9:
 125:Generated_Source\PSoC5/Timer_1_PM.c ****         }
 126:Generated_Source\PSoC5/Timer_1_PM.c ****     #endif /* Back up enable state from the Timer control register */
 127:Generated_Source\PSoC5/Timer_1_PM.c ****     Timer_1_Stop();
 151              		.loc 1 127 0
 152 001e FFF7FEFF 		bl	Timer_1_Stop
 128:Generated_Source\PSoC5/Timer_1_PM.c ****     Timer_1_SaveConfig();
 153              		.loc 1 128 0
 154 0022 FFF7FEFF 		bl	Timer_1_SaveConfig
 129:Generated_Source\PSoC5/Timer_1_PM.c **** }
 155              		.loc 1 129 0
ARM GAS  C:\Users\jespe\AppData\Local\Temp\ccM4zm2Q.s 			page 6


 156 0026 00BF     		nop
 157 0028 80BD     		pop	{r7, pc}
 158              	.L11:
 159 002a 00BF     		.align	2
 160              	.L10:
 161 002c 73640040 		.word	1073767539
 162 0030 00000000 		.word	Timer_1_backup
 163              		.cfi_endproc
 164              	.LFE2:
 165              		.size	Timer_1_Sleep, .-Timer_1_Sleep
 166              		.section	.text.Timer_1_Wakeup,"ax",%progbits
 167              		.align	2
 168              		.global	Timer_1_Wakeup
 169              		.thumb
 170              		.thumb_func
 171              		.type	Timer_1_Wakeup, %function
 172              	Timer_1_Wakeup:
 173              	.LFB3:
 130:Generated_Source\PSoC5/Timer_1_PM.c **** 
 131:Generated_Source\PSoC5/Timer_1_PM.c **** 
 132:Generated_Source\PSoC5/Timer_1_PM.c **** /*******************************************************************************
 133:Generated_Source\PSoC5/Timer_1_PM.c **** * Function Name: Timer_1_Wakeup
 134:Generated_Source\PSoC5/Timer_1_PM.c **** ********************************************************************************
 135:Generated_Source\PSoC5/Timer_1_PM.c **** *
 136:Generated_Source\PSoC5/Timer_1_PM.c **** * Summary:
 137:Generated_Source\PSoC5/Timer_1_PM.c **** *  Restores and enables the user configuration
 138:Generated_Source\PSoC5/Timer_1_PM.c **** *
 139:Generated_Source\PSoC5/Timer_1_PM.c **** * Parameters:
 140:Generated_Source\PSoC5/Timer_1_PM.c **** *  void
 141:Generated_Source\PSoC5/Timer_1_PM.c **** *
 142:Generated_Source\PSoC5/Timer_1_PM.c **** * Return:
 143:Generated_Source\PSoC5/Timer_1_PM.c **** *  void
 144:Generated_Source\PSoC5/Timer_1_PM.c **** *
 145:Generated_Source\PSoC5/Timer_1_PM.c **** * Global variables:
 146:Generated_Source\PSoC5/Timer_1_PM.c **** *  Timer_1_backup.enableState:  Is used to restore the enable state of
 147:Generated_Source\PSoC5/Timer_1_PM.c **** *  block on wakeup from sleep mode.
 148:Generated_Source\PSoC5/Timer_1_PM.c **** *
 149:Generated_Source\PSoC5/Timer_1_PM.c **** *******************************************************************************/
 150:Generated_Source\PSoC5/Timer_1_PM.c **** void Timer_1_Wakeup(void) 
 151:Generated_Source\PSoC5/Timer_1_PM.c **** {
 174              		.loc 1 151 0
 175              		.cfi_startproc
 176              		@ args = 0, pretend = 0, frame = 0
 177              		@ frame_needed = 1, uses_anonymous_args = 0
 178 0000 80B5     		push	{r7, lr}
 179              		.cfi_def_cfa_offset 8
 180              		.cfi_offset 7, -8
 181              		.cfi_offset 14, -4
 182 0002 00AF     		add	r7, sp, #0
 183              		.cfi_def_cfa_register 7
 152:Generated_Source\PSoC5/Timer_1_PM.c ****     Timer_1_RestoreConfig();
 184              		.loc 1 152 0
 185 0004 FFF7FEFF 		bl	Timer_1_RestoreConfig
 153:Generated_Source\PSoC5/Timer_1_PM.c ****     #if(!Timer_1_UDB_CONTROL_REG_REMOVED)
 154:Generated_Source\PSoC5/Timer_1_PM.c ****         if(Timer_1_backup.TimerEnableState == 1u)
 186              		.loc 1 154 0
 187 0008 034B     		ldr	r3, .L15
ARM GAS  C:\Users\jespe\AppData\Local\Temp\ccM4zm2Q.s 			page 7


 188 000a 1B78     		ldrb	r3, [r3]	@ zero_extendqisi2
 189 000c 012B     		cmp	r3, #1
 190 000e 01D1     		bne	.L14
 155:Generated_Source\PSoC5/Timer_1_PM.c ****         {     /* Enable Timer's operation */
 156:Generated_Source\PSoC5/Timer_1_PM.c ****                 Timer_1_Enable();
 191              		.loc 1 156 0
 192 0010 FFF7FEFF 		bl	Timer_1_Enable
 193              	.L14:
 157:Generated_Source\PSoC5/Timer_1_PM.c ****         } /* Do nothing if Timer was disabled before */
 158:Generated_Source\PSoC5/Timer_1_PM.c ****     #endif /* Remove this code section if Control register is removed */
 159:Generated_Source\PSoC5/Timer_1_PM.c **** }
 194              		.loc 1 159 0
 195 0014 00BF     		nop
 196 0016 80BD     		pop	{r7, pc}
 197              	.L16:
 198              		.align	2
 199              	.L15:
 200 0018 00000000 		.word	Timer_1_backup
 201              		.cfi_endproc
 202              	.LFE3:
 203              		.size	Timer_1_Wakeup, .-Timer_1_Wakeup
 204              		.text
 205              	.Letext0:
 206              		.file 2 "Generated_Source\\PSoC5\\cytypes.h"
 207              		.file 3 "Generated_Source\\PSoC5\\Timer_1.h"
 208              		.section	.debug_info,"",%progbits
 209              	.Ldebug_info0:
 210 0000 4D010000 		.4byte	0x14d
 211 0004 0400     		.2byte	0x4
 212 0006 00000000 		.4byte	.Ldebug_abbrev0
 213 000a 04       		.byte	0x4
 214 000b 01       		.uleb128 0x1
 215 000c 26000000 		.4byte	.LASF26
 216 0010 0C       		.byte	0xc
 217 0011 1D010000 		.4byte	.LASF27
 218 0015 E3000000 		.4byte	.LASF28
 219 0019 00000000 		.4byte	.Ldebug_ranges0+0
 220 001d 00000000 		.4byte	0
 221 0021 00000000 		.4byte	.Ldebug_line0
 222 0025 02       		.uleb128 0x2
 223 0026 01       		.byte	0x1
 224 0027 06       		.byte	0x6
 225 0028 1B020000 		.4byte	.LASF0
 226 002c 02       		.uleb128 0x2
 227 002d 01       		.byte	0x1
 228 002e 08       		.byte	0x8
 229 002f 41010000 		.4byte	.LASF1
 230 0033 02       		.uleb128 0x2
 231 0034 02       		.byte	0x2
 232 0035 05       		.byte	0x5
 233 0036 ED010000 		.4byte	.LASF2
 234 003a 02       		.uleb128 0x2
 235 003b 02       		.byte	0x2
 236 003c 07       		.byte	0x7
 237 003d B4000000 		.4byte	.LASF3
 238 0041 02       		.uleb128 0x2
 239 0042 04       		.byte	0x4
ARM GAS  C:\Users\jespe\AppData\Local\Temp\ccM4zm2Q.s 			page 8


 240 0043 05       		.byte	0x5
 241 0044 F7010000 		.4byte	.LASF4
 242 0048 02       		.uleb128 0x2
 243 0049 04       		.byte	0x4
 244 004a 07       		.byte	0x7
 245 004b 54010000 		.4byte	.LASF5
 246 004f 02       		.uleb128 0x2
 247 0050 08       		.byte	0x8
 248 0051 05       		.byte	0x5
 249 0052 CB010000 		.4byte	.LASF6
 250 0056 02       		.uleb128 0x2
 251 0057 08       		.byte	0x8
 252 0058 07       		.byte	0x7
 253 0059 95010000 		.4byte	.LASF7
 254 005d 03       		.uleb128 0x3
 255 005e 04       		.byte	0x4
 256 005f 05       		.byte	0x5
 257 0060 696E7400 		.ascii	"int\000"
 258 0064 02       		.uleb128 0x2
 259 0065 04       		.byte	0x4
 260 0066 07       		.byte	0x7
 261 0067 88010000 		.4byte	.LASF8
 262 006b 04       		.uleb128 0x4
 263 006c 74010000 		.4byte	.LASF9
 264 0070 02       		.byte	0x2
 265 0071 E401     		.2byte	0x1e4
 266 0073 2C000000 		.4byte	0x2c
 267 0077 04       		.uleb128 0x4
 268 0078 81010000 		.4byte	.LASF10
 269 007c 02       		.byte	0x2
 270 007d E501     		.2byte	0x1e5
 271 007f 3A000000 		.4byte	0x3a
 272 0083 02       		.uleb128 0x2
 273 0084 04       		.byte	0x4
 274 0085 04       		.byte	0x4
 275 0086 17010000 		.4byte	.LASF11
 276 008a 02       		.uleb128 0x2
 277 008b 08       		.byte	0x8
 278 008c 04       		.byte	0x4
 279 008d 7A010000 		.4byte	.LASF12
 280 0091 02       		.uleb128 0x2
 281 0092 01       		.byte	0x1
 282 0093 08       		.byte	0x8
 283 0094 D9010000 		.4byte	.LASF13
 284 0098 04       		.uleb128 0x4
 285 0099 4F010000 		.4byte	.LASF14
 286 009d 02       		.byte	0x2
 287 009e 8E02     		.2byte	0x28e
 288 00a0 A4000000 		.4byte	0xa4
 289 00a4 05       		.uleb128 0x5
 290 00a5 6B000000 		.4byte	0x6b
 291 00a9 02       		.uleb128 0x2
 292 00aa 08       		.byte	0x8
 293 00ab 04       		.byte	0x4
 294 00ac 0F020000 		.4byte	.LASF15
 295 00b0 02       		.uleb128 0x2
 296 00b1 04       		.byte	0x4
ARM GAS  C:\Users\jespe\AppData\Local\Temp\ccM4zm2Q.s 			page 9


 297 00b2 07       		.byte	0x7
 298 00b3 C2010000 		.4byte	.LASF16
 299 00b7 06       		.uleb128 0x6
 300 00b8 06       		.byte	0x6
 301 00b9 03       		.byte	0x3
 302 00ba 43       		.byte	0x43
 303 00bb F0000000 		.4byte	0xf0
 304 00bf 07       		.uleb128 0x7
 305 00c0 00000000 		.4byte	.LASF17
 306 00c4 03       		.byte	0x3
 307 00c5 45       		.byte	0x45
 308 00c6 6B000000 		.4byte	0x6b
 309 00ca 00       		.byte	0
 310 00cb 07       		.uleb128 0x7
 311 00cc DA000000 		.4byte	.LASF18
 312 00d0 03       		.byte	0x3
 313 00d1 48       		.byte	0x48
 314 00d2 77000000 		.4byte	0x77
 315 00d6 02       		.byte	0x2
 316 00d7 07       		.uleb128 0x7
 317 00d8 27020000 		.4byte	.LASF19
 318 00dc 03       		.byte	0x3
 319 00dd 49       		.byte	0x49
 320 00de 6B000000 		.4byte	0x6b
 321 00e2 04       		.byte	0x4
 322 00e3 07       		.uleb128 0x7
 323 00e4 3A020000 		.4byte	.LASF20
 324 00e8 03       		.byte	0x3
 325 00e9 4F       		.byte	0x4f
 326 00ea 6B000000 		.4byte	0x6b
 327 00ee 05       		.byte	0x5
 328 00ef 00       		.byte	0
 329 00f0 08       		.uleb128 0x8
 330 00f1 11000000 		.4byte	.LASF21
 331 00f5 03       		.byte	0x3
 332 00f6 53       		.byte	0x53
 333 00f7 B7000000 		.4byte	0xb7
 334 00fb 09       		.uleb128 0x9
 335 00fc C7000000 		.4byte	.LASF22
 336 0100 01       		.byte	0x1
 337 0101 2B       		.byte	0x2b
 338 0102 00000000 		.4byte	.LFB0
 339 0106 34000000 		.4byte	.LFE0-.LFB0
 340 010a 01       		.uleb128 0x1
 341 010b 9C       		.byte	0x9c
 342 010c 09       		.uleb128 0x9
 343 010d AC010000 		.4byte	.LASF23
 344 0111 01       		.byte	0x1
 345 0112 4D       		.byte	0x4d
 346 0113 00000000 		.4byte	.LFB1
 347 0117 2C000000 		.4byte	.LFE1-.LFB1
 348 011b 01       		.uleb128 0x1
 349 011c 9C       		.byte	0x9c
 350 011d 09       		.uleb128 0x9
 351 011e 66010000 		.4byte	.LASF24
 352 0122 01       		.byte	0x1
 353 0123 70       		.byte	0x70
ARM GAS  C:\Users\jespe\AppData\Local\Temp\ccM4zm2Q.s 			page 10


 354 0124 00000000 		.4byte	.LFB2
 355 0128 34000000 		.4byte	.LFE2-.LFB2
 356 012c 01       		.uleb128 0x1
 357 012d 9C       		.byte	0x9c
 358 012e 09       		.uleb128 0x9
 359 012f 00020000 		.4byte	.LASF25
 360 0133 01       		.byte	0x1
 361 0134 96       		.byte	0x96
 362 0135 00000000 		.4byte	.LFB3
 363 0139 1C000000 		.4byte	.LFE3-.LFB3
 364 013d 01       		.uleb128 0x1
 365 013e 9C       		.byte	0x9c
 366 013f 0A       		.uleb128 0xa
 367 0140 DE010000 		.4byte	.LASF29
 368 0144 01       		.byte	0x1
 369 0145 15       		.byte	0x15
 370 0146 F0000000 		.4byte	0xf0
 371 014a 05       		.uleb128 0x5
 372 014b 03       		.byte	0x3
 373 014c 00000000 		.4byte	Timer_1_backup
 374 0150 00       		.byte	0
 375              		.section	.debug_abbrev,"",%progbits
 376              	.Ldebug_abbrev0:
 377 0000 01       		.uleb128 0x1
 378 0001 11       		.uleb128 0x11
 379 0002 01       		.byte	0x1
 380 0003 25       		.uleb128 0x25
 381 0004 0E       		.uleb128 0xe
 382 0005 13       		.uleb128 0x13
 383 0006 0B       		.uleb128 0xb
 384 0007 03       		.uleb128 0x3
 385 0008 0E       		.uleb128 0xe
 386 0009 1B       		.uleb128 0x1b
 387 000a 0E       		.uleb128 0xe
 388 000b 55       		.uleb128 0x55
 389 000c 17       		.uleb128 0x17
 390 000d 11       		.uleb128 0x11
 391 000e 01       		.uleb128 0x1
 392 000f 10       		.uleb128 0x10
 393 0010 17       		.uleb128 0x17
 394 0011 00       		.byte	0
 395 0012 00       		.byte	0
 396 0013 02       		.uleb128 0x2
 397 0014 24       		.uleb128 0x24
 398 0015 00       		.byte	0
 399 0016 0B       		.uleb128 0xb
 400 0017 0B       		.uleb128 0xb
 401 0018 3E       		.uleb128 0x3e
 402 0019 0B       		.uleb128 0xb
 403 001a 03       		.uleb128 0x3
 404 001b 0E       		.uleb128 0xe
 405 001c 00       		.byte	0
 406 001d 00       		.byte	0
 407 001e 03       		.uleb128 0x3
 408 001f 24       		.uleb128 0x24
 409 0020 00       		.byte	0
 410 0021 0B       		.uleb128 0xb
ARM GAS  C:\Users\jespe\AppData\Local\Temp\ccM4zm2Q.s 			page 11


 411 0022 0B       		.uleb128 0xb
 412 0023 3E       		.uleb128 0x3e
 413 0024 0B       		.uleb128 0xb
 414 0025 03       		.uleb128 0x3
 415 0026 08       		.uleb128 0x8
 416 0027 00       		.byte	0
 417 0028 00       		.byte	0
 418 0029 04       		.uleb128 0x4
 419 002a 16       		.uleb128 0x16
 420 002b 00       		.byte	0
 421 002c 03       		.uleb128 0x3
 422 002d 0E       		.uleb128 0xe
 423 002e 3A       		.uleb128 0x3a
 424 002f 0B       		.uleb128 0xb
 425 0030 3B       		.uleb128 0x3b
 426 0031 05       		.uleb128 0x5
 427 0032 49       		.uleb128 0x49
 428 0033 13       		.uleb128 0x13
 429 0034 00       		.byte	0
 430 0035 00       		.byte	0
 431 0036 05       		.uleb128 0x5
 432 0037 35       		.uleb128 0x35
 433 0038 00       		.byte	0
 434 0039 49       		.uleb128 0x49
 435 003a 13       		.uleb128 0x13
 436 003b 00       		.byte	0
 437 003c 00       		.byte	0
 438 003d 06       		.uleb128 0x6
 439 003e 13       		.uleb128 0x13
 440 003f 01       		.byte	0x1
 441 0040 0B       		.uleb128 0xb
 442 0041 0B       		.uleb128 0xb
 443 0042 3A       		.uleb128 0x3a
 444 0043 0B       		.uleb128 0xb
 445 0044 3B       		.uleb128 0x3b
 446 0045 0B       		.uleb128 0xb
 447 0046 01       		.uleb128 0x1
 448 0047 13       		.uleb128 0x13
 449 0048 00       		.byte	0
 450 0049 00       		.byte	0
 451 004a 07       		.uleb128 0x7
 452 004b 0D       		.uleb128 0xd
 453 004c 00       		.byte	0
 454 004d 03       		.uleb128 0x3
 455 004e 0E       		.uleb128 0xe
 456 004f 3A       		.uleb128 0x3a
 457 0050 0B       		.uleb128 0xb
 458 0051 3B       		.uleb128 0x3b
 459 0052 0B       		.uleb128 0xb
 460 0053 49       		.uleb128 0x49
 461 0054 13       		.uleb128 0x13
 462 0055 38       		.uleb128 0x38
 463 0056 0B       		.uleb128 0xb
 464 0057 00       		.byte	0
 465 0058 00       		.byte	0
 466 0059 08       		.uleb128 0x8
 467 005a 16       		.uleb128 0x16
ARM GAS  C:\Users\jespe\AppData\Local\Temp\ccM4zm2Q.s 			page 12


 468 005b 00       		.byte	0
 469 005c 03       		.uleb128 0x3
 470 005d 0E       		.uleb128 0xe
 471 005e 3A       		.uleb128 0x3a
 472 005f 0B       		.uleb128 0xb
 473 0060 3B       		.uleb128 0x3b
 474 0061 0B       		.uleb128 0xb
 475 0062 49       		.uleb128 0x49
 476 0063 13       		.uleb128 0x13
 477 0064 00       		.byte	0
 478 0065 00       		.byte	0
 479 0066 09       		.uleb128 0x9
 480 0067 2E       		.uleb128 0x2e
 481 0068 00       		.byte	0
 482 0069 3F       		.uleb128 0x3f
 483 006a 19       		.uleb128 0x19
 484 006b 03       		.uleb128 0x3
 485 006c 0E       		.uleb128 0xe
 486 006d 3A       		.uleb128 0x3a
 487 006e 0B       		.uleb128 0xb
 488 006f 3B       		.uleb128 0x3b
 489 0070 0B       		.uleb128 0xb
 490 0071 27       		.uleb128 0x27
 491 0072 19       		.uleb128 0x19
 492 0073 11       		.uleb128 0x11
 493 0074 01       		.uleb128 0x1
 494 0075 12       		.uleb128 0x12
 495 0076 06       		.uleb128 0x6
 496 0077 40       		.uleb128 0x40
 497 0078 18       		.uleb128 0x18
 498 0079 9642     		.uleb128 0x2116
 499 007b 19       		.uleb128 0x19
 500 007c 00       		.byte	0
 501 007d 00       		.byte	0
 502 007e 0A       		.uleb128 0xa
 503 007f 34       		.uleb128 0x34
 504 0080 00       		.byte	0
 505 0081 03       		.uleb128 0x3
 506 0082 0E       		.uleb128 0xe
 507 0083 3A       		.uleb128 0x3a
 508 0084 0B       		.uleb128 0xb
 509 0085 3B       		.uleb128 0x3b
 510 0086 0B       		.uleb128 0xb
 511 0087 49       		.uleb128 0x49
 512 0088 13       		.uleb128 0x13
 513 0089 02       		.uleb128 0x2
 514 008a 18       		.uleb128 0x18
 515 008b 00       		.byte	0
 516 008c 00       		.byte	0
 517 008d 00       		.byte	0
 518              		.section	.debug_aranges,"",%progbits
 519 0000 34000000 		.4byte	0x34
 520 0004 0200     		.2byte	0x2
 521 0006 00000000 		.4byte	.Ldebug_info0
 522 000a 04       		.byte	0x4
 523 000b 00       		.byte	0
 524 000c 0000     		.2byte	0
ARM GAS  C:\Users\jespe\AppData\Local\Temp\ccM4zm2Q.s 			page 13


 525 000e 0000     		.2byte	0
 526 0010 00000000 		.4byte	.LFB0
 527 0014 34000000 		.4byte	.LFE0-.LFB0
 528 0018 00000000 		.4byte	.LFB1
 529 001c 2C000000 		.4byte	.LFE1-.LFB1
 530 0020 00000000 		.4byte	.LFB2
 531 0024 34000000 		.4byte	.LFE2-.LFB2
 532 0028 00000000 		.4byte	.LFB3
 533 002c 1C000000 		.4byte	.LFE3-.LFB3
 534 0030 00000000 		.4byte	0
 535 0034 00000000 		.4byte	0
 536              		.section	.debug_ranges,"",%progbits
 537              	.Ldebug_ranges0:
 538 0000 00000000 		.4byte	.LFB0
 539 0004 34000000 		.4byte	.LFE0
 540 0008 00000000 		.4byte	.LFB1
 541 000c 2C000000 		.4byte	.LFE1
 542 0010 00000000 		.4byte	.LFB2
 543 0014 34000000 		.4byte	.LFE2
 544 0018 00000000 		.4byte	.LFB3
 545 001c 1C000000 		.4byte	.LFE3
 546 0020 00000000 		.4byte	0
 547 0024 00000000 		.4byte	0
 548              		.section	.debug_line,"",%progbits
 549              	.Ldebug_line0:
 550 0000 AB000000 		.section	.debug_str,"MS",%progbits,1
 550      02005400 
 550      00000201 
 550      FB0E0D00 
 550      01010101 
 551              	.LASF17:
 552 0000 54696D65 		.ascii	"TimerEnableState\000"
 552      72456E61 
 552      626C6553 
 552      74617465 
 552      00
 553              	.LASF21:
 554 0011 54696D65 		.ascii	"Timer_1_backupStruct\000"
 554      725F315F 
 554      6261636B 
 554      75705374 
 554      72756374 
 555              	.LASF26:
 556 0026 474E5520 		.ascii	"GNU C11 5.4.1 20160609 (release) [ARM/embedded-5-br"
 556      43313120 
 556      352E342E 
 556      31203230 
 556      31363036 
 557 0059 616E6368 		.ascii	"anch revision 237715] -mcpu=cortex-m3 -mthumb -g -O"
 557      20726576 
 557      6973696F 
 557      6E203233 
 557      37373135 
 558 008c 30202D66 		.ascii	"0 -ffunction-sections -ffat-lto-objects\000"
 558      66756E63 
 558      74696F6E 
 558      2D736563 
ARM GAS  C:\Users\jespe\AppData\Local\Temp\ccM4zm2Q.s 			page 14


 558      74696F6E 
 559              	.LASF3:
 560 00b4 73686F72 		.ascii	"short unsigned int\000"
 560      7420756E 
 560      7369676E 
 560      65642069 
 560      6E7400
 561              	.LASF22:
 562 00c7 54696D65 		.ascii	"Timer_1_SaveConfig\000"
 562      725F315F 
 562      53617665 
 562      436F6E66 
 562      696700
 563              	.LASF18:
 564 00da 54696D65 		.ascii	"TimerUdb\000"
 564      72556462 
 564      00
 565              	.LASF28:
 566 00e3 433A5C55 		.ascii	"C:\\Users\\jespe\\Downloads\\DC-Motor-PWM\\Timer01."
 566      73657273 
 566      5C6A6573 
 566      70655C44 
 566      6F776E6C 
 567 0111 63796473 		.ascii	"cydsn\000"
 567      6E00
 568              	.LASF11:
 569 0117 666C6F61 		.ascii	"float\000"
 569      7400
 570              	.LASF27:
 571 011d 47656E65 		.ascii	"Generated_Source\\PSoC5\\Timer_1_PM.c\000"
 571      72617465 
 571      645F536F 
 571      75726365 
 571      5C50536F 
 572              	.LASF1:
 573 0141 756E7369 		.ascii	"unsigned char\000"
 573      676E6564 
 573      20636861 
 573      7200
 574              	.LASF14:
 575 014f 72656738 		.ascii	"reg8\000"
 575      00
 576              	.LASF5:
 577 0154 6C6F6E67 		.ascii	"long unsigned int\000"
 577      20756E73 
 577      69676E65 
 577      6420696E 
 577      7400
 578              	.LASF24:
 579 0166 54696D65 		.ascii	"Timer_1_Sleep\000"
 579      725F315F 
 579      536C6565 
 579      7000
 580              	.LASF9:
 581 0174 75696E74 		.ascii	"uint8\000"
 581      3800
 582              	.LASF12:
ARM GAS  C:\Users\jespe\AppData\Local\Temp\ccM4zm2Q.s 			page 15


 583 017a 646F7562 		.ascii	"double\000"
 583      6C6500
 584              	.LASF10:
 585 0181 75696E74 		.ascii	"uint16\000"
 585      313600
 586              	.LASF8:
 587 0188 756E7369 		.ascii	"unsigned int\000"
 587      676E6564 
 587      20696E74 
 587      00
 588              	.LASF7:
 589 0195 6C6F6E67 		.ascii	"long long unsigned int\000"
 589      206C6F6E 
 589      6720756E 
 589      7369676E 
 589      65642069 
 590              	.LASF23:
 591 01ac 54696D65 		.ascii	"Timer_1_RestoreConfig\000"
 591      725F315F 
 591      52657374 
 591      6F726543 
 591      6F6E6669 
 592              	.LASF16:
 593 01c2 73697A65 		.ascii	"sizetype\000"
 593      74797065 
 593      00
 594              	.LASF6:
 595 01cb 6C6F6E67 		.ascii	"long long int\000"
 595      206C6F6E 
 595      6720696E 
 595      7400
 596              	.LASF13:
 597 01d9 63686172 		.ascii	"char\000"
 597      00
 598              	.LASF29:
 599 01de 54696D65 		.ascii	"Timer_1_backup\000"
 599      725F315F 
 599      6261636B 
 599      757000
 600              	.LASF2:
 601 01ed 73686F72 		.ascii	"short int\000"
 601      7420696E 
 601      7400
 602              	.LASF4:
 603 01f7 6C6F6E67 		.ascii	"long int\000"
 603      20696E74 
 603      00
 604              	.LASF25:
 605 0200 54696D65 		.ascii	"Timer_1_Wakeup\000"
 605      725F315F 
 605      57616B65 
 605      757000
 606              	.LASF15:
 607 020f 6C6F6E67 		.ascii	"long double\000"
 607      20646F75 
 607      626C6500 
 608              	.LASF0:
ARM GAS  C:\Users\jespe\AppData\Local\Temp\ccM4zm2Q.s 			page 16


 609 021b 7369676E 		.ascii	"signed char\000"
 609      65642063 
 609      68617200 
 610              	.LASF19:
 611 0227 496E7465 		.ascii	"InterruptMaskValue\000"
 611      72727570 
 611      744D6173 
 611      6B56616C 
 611      756500
 612              	.LASF20:
 613 023a 54696D65 		.ascii	"TimerControlRegister\000"
 613      72436F6E 
 613      74726F6C 
 613      52656769 
 613      73746572 
 614              		.ident	"GCC: (GNU Tools for ARM Embedded Processors) 5.4.1 20160609 (release) [ARM/embedded-5-bran
