ARM GAS  C:\Users\raduf\AppData\Local\Temp\ccvideNl.s 			page 1


   1              		.syntax unified
   2              		.cpu cortex-m3
   3              		.fpu softvfp
   4              		.eabi_attribute 20, 1
   5              		.eabi_attribute 21, 1
   6              		.eabi_attribute 23, 3
   7              		.eabi_attribute 24, 1
   8              		.eabi_attribute 25, 1
   9              		.eabi_attribute 26, 1
  10              		.eabi_attribute 30, 1
  11              		.eabi_attribute 34, 1
  12              		.eabi_attribute 18, 4
  13              		.thumb
  14              		.syntax unified
  15              		.file	"cymetadata.c"
  16              		.text
  17              	.Ltext0:
  18              		.cfi_sections	.debug_frame
  19              		.global	cy_metadata
  20              		.global	cy_meta_flashprotect
  21              		.global	cy_meta_wonvl
  22              		.global	cy_meta_custnvl
  23              		.global	cy_meta_configecc
  24              		.section	.cyconfigecc,"a",%progbits
  25              		.align	2
  26              		.type	cy_meta_configecc, %object
  27              		.size	cy_meta_configecc, 1420
  28              	cy_meta_configecc:
  29 0000 05       		.byte	5
  30 0001 52       		.byte	82
  31 0002 00       		.byte	0
  32 0003 40       		.byte	64
  33 0004 02       		.byte	2
  34 0005 64       		.byte	100
  35 0006 00       		.byte	0
  36 0007 40       		.byte	64
  37 0008 02       		.byte	2
  38 0009 65       		.byte	101
  39 000a 00       		.byte	0
  40 000b 40       		.byte	64
  41 000c 3E       		.byte	62
  42 000d 08       		.byte	8
  43 000e 01       		.byte	1
  44 000f 40       		.byte	64
  45 0010 43       		.byte	67
  46 0011 09       		.byte	9
  47 0012 01       		.byte	1
  48 0013 40       		.byte	64
  49 0014 10       		.byte	16
  50 0015 0A       		.byte	10
  51 0016 01       		.byte	1
  52 0017 40       		.byte	64
  53 0018 33       		.byte	51
  54 0019 0B       		.byte	11
  55 001a 01       		.byte	1
  56 001b 40       		.byte	64
  57 001c 01       		.byte	1
ARM GAS  C:\Users\raduf\AppData\Local\Temp\ccvideNl.s 			page 2


  58 001d 17       		.byte	23
  59 001e 01       		.byte	1
  60 001f 40       		.byte	64
  61 0020 5A       		.byte	90
  62 0021 18       		.byte	24
  63 0022 01       		.byte	1
  64 0023 40       		.byte	64
  65 0024 40       		.byte	64
  66 0025 19       		.byte	25
  67 0026 01       		.byte	1
  68 0027 40       		.byte	64
  69 0028 67       		.byte	103
  70 0029 1A       		.byte	26
  71 002a 01       		.byte	1
  72 002b 40       		.byte	64
  73 002c 45       		.byte	69
  74 002d 1B       		.byte	27
  75 002e 01       		.byte	1
  76 002f 40       		.byte	64
  77 0030 06       		.byte	6
  78 0031 40       		.byte	64
  79 0032 01       		.byte	1
  80 0033 40       		.byte	64
  81 0034 02       		.byte	2
  82 0035 41       		.byte	65
  83 0036 01       		.byte	1
  84 0037 40       		.byte	64
  85 0038 02       		.byte	2
  86 0039 42       		.byte	66
  87 003a 01       		.byte	1
  88 003b 40       		.byte	64
  89 003c 02       		.byte	2
  90 003d 43       		.byte	67
  91 003e 01       		.byte	1
  92 003f 40       		.byte	64
  93 0040 02       		.byte	2
  94 0041 45       		.byte	69
  95 0042 01       		.byte	1
  96 0043 40       		.byte	64
  97 0044 03       		.byte	3
  98 0045 46       		.byte	70
  99 0046 01       		.byte	1
 100 0047 40       		.byte	64
 101 0048 04       		.byte	4
 102 0049 47       		.byte	71
 103 004a 01       		.byte	1
 104 004b 40       		.byte	64
 105 004c 04       		.byte	4
 106 004d 48       		.byte	72
 107 004e 01       		.byte	1
 108 004f 40       		.byte	64
 109 0050 07       		.byte	7
 110 0051 4C       		.byte	76
 111 0052 01       		.byte	1
 112 0053 40       		.byte	64
 113 0054 0B       		.byte	11
 114 0055 4D       		.byte	77
ARM GAS  C:\Users\raduf\AppData\Local\Temp\ccvideNl.s 			page 3


 115 0056 01       		.byte	1
 116 0057 40       		.byte	64
 117 0058 04       		.byte	4
 118 0059 50       		.byte	80
 119 005a 01       		.byte	1
 120 005b 40       		.byte	64
 121 005c 01       		.byte	1
 122 005d 51       		.byte	81
 123 005e 01       		.byte	1
 124 005f 40       		.byte	64
 125 0060 09       		.byte	9
 126 0061 80       		.byte	-128
 127 0062 11       		.byte	17
 128 0063 01       		.byte	1
 129 0064 61       		.byte	97
 130 0065 80       		.byte	-128
 131 0066 64       		.byte	100
 132 0067 40       		.byte	64
 133 0068 78       		.byte	120
 134 0069 10       		.byte	16
 135 006a 89       		.byte	-119
 136 006b 72       		.byte	114
 137 006c 8B       		.byte	-117
 138 006d 0F       		.byte	15
 139 006e 89       		.byte	-119
 140 006f 38       		.byte	56
 141 0070 8B       		.byte	-117
 142 0071 0F       		.byte	15
 143 0072 00       		.byte	0
 144 0073 10       		.byte	16
 145 0074 03       		.byte	3
 146 0075 02       		.byte	2
 147 0076 04       		.byte	4
 148 0077 23       		.byte	35
 149 0078 05       		.byte	5
 150 0079 02       		.byte	2
 151 007a 06       		.byte	6
 152 007b 14       		.byte	20
 153 007c 08       		.byte	8
 154 007d 21       		.byte	33
 155 007e 0A       		.byte	10
 156 007f 1A       		.byte	26
 157 0080 0D       		.byte	13
 158 0081 02       		.byte	2
 159 0082 0E       		.byte	14
 160 0083 10       		.byte	16
 161 0084 15       		.byte	21
 162 0085 02       		.byte	2
 163 0086 1B       		.byte	27
 164 0087 01       		.byte	1
 165 0088 1C       		.byte	28
 166 0089 02       		.byte	2
 167 008a 1D       		.byte	29
 168 008b 02       		.byte	2
 169 008c 1E       		.byte	30
 170 008d 1D       		.byte	29
 171 008e 20       		.byte	32
ARM GAS  C:\Users\raduf\AppData\Local\Temp\ccvideNl.s 			page 4


 172 008f 23       		.byte	35
 173 0090 22       		.byte	34
 174 0091 0C       		.byte	12
 175 0092 23       		.byte	35
 176 0093 01       		.byte	1
 177 0094 24       		.byte	36
 178 0095 10       		.byte	16
 179 0096 28       		.byte	40
 180 0097 10       		.byte	16
 181 0098 29       		.byte	41
 182 0099 01       		.byte	1
 183 009a 2C       		.byte	44
 184 009b 10       		.byte	16
 185 009c 2F       		.byte	47
 186 009d 02       		.byte	2
 187 009e 30       		.byte	48
 188 009f 20       		.byte	32
 189 00a0 31       		.byte	49
 190 00a1 01       		.byte	1
 191 00a2 35       		.byte	53
 192 00a3 02       		.byte	2
 193 00a4 36       		.byte	54
 194 00a5 1F       		.byte	31
 195 00a6 3A       		.byte	58
 196 00a7 80       		.byte	-128
 197 00a8 3E       		.byte	62
 198 00a9 01       		.byte	1
 199 00aa 3F       		.byte	63
 200 00ab 11       		.byte	17
 201 00ac 54       		.byte	84
 202 00ad 09       		.byte	9
 203 00ae 58       		.byte	88
 204 00af 04       		.byte	4
 205 00b0 59       		.byte	89
 206 00b1 04       		.byte	4
 207 00b2 5B       		.byte	91
 208 00b3 04       		.byte	4
 209 00b4 5F       		.byte	95
 210 00b5 01       		.byte	1
 211 00b6 83       		.byte	-125
 212 00b7 02       		.byte	2
 213 00b8 85       		.byte	-123
 214 00b9 01       		.byte	1
 215 00ba 89       		.byte	-119
 216 00bb 01       		.byte	1
 217 00bc 8A       		.byte	-118
 218 00bd 03       		.byte	3
 219 00be 96       		.byte	-106
 220 00bf 04       		.byte	4
 221 00c0 98       		.byte	-104
 222 00c1 02       		.byte	2
 223 00c2 9A       		.byte	-102
 224 00c3 04       		.byte	4
 225 00c4 9D       		.byte	-99
 226 00c5 01       		.byte	1
 227 00c6 A0       		.byte	-96
 228 00c7 05       		.byte	5
ARM GAS  C:\Users\raduf\AppData\Local\Temp\ccvideNl.s 			page 5


 229 00c8 A2       		.byte	-94
 230 00c9 02       		.byte	2
 231 00ca A3       		.byte	-93
 232 00cb 04       		.byte	4
 233 00cc A4       		.byte	-92
 234 00cd 06       		.byte	6
 235 00ce A6       		.byte	-90
 236 00cf 01       		.byte	1
 237 00d0 A7       		.byte	-89
 238 00d1 02       		.byte	2
 239 00d2 AF       		.byte	-81
 240 00d3 04       		.byte	4
 241 00d4 B1       		.byte	-79
 242 00d5 04       		.byte	4
 243 00d6 B2       		.byte	-78
 244 00d7 07       		.byte	7
 245 00d8 B3       		.byte	-77
 246 00d9 01       		.byte	1
 247 00da B5       		.byte	-75
 248 00db 02       		.byte	2
 249 00dc BF       		.byte	-65
 250 00dd 11       		.byte	17
 251 00de D6       		.byte	-42
 252 00df 02       		.byte	2
 253 00e0 D7       		.byte	-41
 254 00e1 12       		.byte	18
 255 00e2 D8       		.byte	-40
 256 00e3 04       		.byte	4
 257 00e4 D9       		.byte	-39
 258 00e5 04       		.byte	4
 259 00e6 DB       		.byte	-37
 260 00e7 04       		.byte	4
 261 00e8 DC       		.byte	-36
 262 00e9 10       		.byte	16
 263 00ea DD       		.byte	-35
 264 00eb 10       		.byte	16
 265 00ec DF       		.byte	-33
 266 00ed 01       		.byte	1
 267 00ee 00       		.byte	0
 268 00ef 10       		.byte	16
 269 00f0 05       		.byte	5
 270 00f1 20       		.byte	32
 271 00f2 06       		.byte	6
 272 00f3 A0       		.byte	-96
 273 00f4 07       		.byte	7
 274 00f5 01       		.byte	1
 275 00f6 09       		.byte	9
 276 00f7 04       		.byte	4
 277 00f8 0B       		.byte	11
 278 00f9 08       		.byte	8
 279 00fa 0E       		.byte	14
 280 00fb 21       		.byte	33
 281 00fc 0F       		.byte	15
 282 00fd 10       		.byte	16
 283 00fe 10       		.byte	16
 284 00ff 50       		.byte	80
 285 0100 14       		.byte	20
ARM GAS  C:\Users\raduf\AppData\Local\Temp\ccvideNl.s 			page 6


 286 0101 40       		.byte	64
 287 0102 17       		.byte	23
 288 0103 54       		.byte	84
 289 0104 18       		.byte	24
 290 0105 10       		.byte	16
 291 0106 1E       		.byte	30
 292 0107 01       		.byte	1
 293 0108 1F       		.byte	31
 294 0109 41       		.byte	65
 295 010a 20       		.byte	32
 296 010b 04       		.byte	4
 297 010c 21       		.byte	33
 298 010d 04       		.byte	4
 299 010e 23       		.byte	35
 300 010f 40       		.byte	64
 301 0110 24       		.byte	36
 302 0111 40       		.byte	64
 303 0112 26       		.byte	38
 304 0113 10       		.byte	16
 305 0114 29       		.byte	41
 306 0115 42       		.byte	66
 307 0116 2A       		.byte	42
 308 0117 04       		.byte	4
 309 0118 2C       		.byte	44
 310 0119 40       		.byte	64
 311 011a 2E       		.byte	46
 312 011b 20       		.byte	32
 313 011c 2F       		.byte	47
 314 011d 06       		.byte	6
 315 011e 32       		.byte	50
 316 011f 40       		.byte	64
 317 0120 34       		.byte	52
 318 0121 10       		.byte	16
 319 0122 35       		.byte	53
 320 0123 20       		.byte	32
 321 0124 37       		.byte	55
 322 0125 44       		.byte	68
 323 0126 39       		.byte	57
 324 0127 16       		.byte	22
 325 0128 3A       		.byte	58
 326 0129 40       		.byte	64
 327 012a 3B       		.byte	59
 328 012b 40       		.byte	64
 329 012c 3C       		.byte	60
 330 012d 80       		.byte	-128
 331 012e 3E       		.byte	62
 332 012f 84       		.byte	-124
 333 0130 3F       		.byte	63
 334 0131 01       		.byte	1
 335 0132 5A       		.byte	90
 336 0133 08       		.byte	8
 337 0134 5C       		.byte	92
 338 0135 60       		.byte	96
 339 0136 5D       		.byte	93
 340 0137 09       		.byte	9
 341 0138 67       		.byte	103
 342 0139 02       		.byte	2
ARM GAS  C:\Users\raduf\AppData\Local\Temp\ccvideNl.s 			page 7


 343 013a 69       		.byte	105
 344 013b 14       		.byte	20
 345 013c 6A       		.byte	106
 346 013d 80       		.byte	-128
 347 013e 70       		.byte	112
 348 013f 08       		.byte	8
 349 0140 72       		.byte	114
 350 0141 08       		.byte	8
 351 0142 73       		.byte	115
 352 0143 02       		.byte	2
 353 0144 8D       		.byte	-115
 354 0145 01       		.byte	1
 355 0146 8E       		.byte	-114
 356 0147 08       		.byte	8
 357 0148 91       		.byte	-111
 358 0149 41       		.byte	65
 359 014a 92       		.byte	-110
 360 014b 04       		.byte	4
 361 014c 93       		.byte	-109
 362 014d 09       		.byte	9
 363 014e 94       		.byte	-108
 364 014f 02       		.byte	2
 365 0150 97       		.byte	-105
 366 0151 80       		.byte	-128
 367 0152 98       		.byte	-104
 368 0153 40       		.byte	64
 369 0154 99       		.byte	-103
 370 0155 28       		.byte	40
 371 0156 9A       		.byte	-102
 372 0157 10       		.byte	16
 373 0158 9B       		.byte	-101
 374 0159 55       		.byte	85
 375 015a A0       		.byte	-96
 376 015b 40       		.byte	64
 377 015c A1       		.byte	-95
 378 015d 04       		.byte	4
 379 015e A3       		.byte	-93
 380 015f 02       		.byte	2
 381 0160 B0       		.byte	-80
 382 0161 01       		.byte	1
 383 0162 B4       		.byte	-76
 384 0163 40       		.byte	64
 385 0164 C0       		.byte	-64
 386 0165 F2       		.byte	-14
 387 0166 C2       		.byte	-62
 388 0167 86       		.byte	-122
 389 0168 C4       		.byte	-60
 390 0169 FC       		.byte	-4
 391 016a CA       		.byte	-54
 392 016b BB       		.byte	-69
 393 016c CC       		.byte	-52
 394 016d 78       		.byte	120
 395 016e CE       		.byte	-50
 396 016f D7       		.byte	-41
 397 0170 D6       		.byte	-42
 398 0171 F2       		.byte	-14
 399 0172 D8       		.byte	-40
ARM GAS  C:\Users\raduf\AppData\Local\Temp\ccvideNl.s 			page 8


 400 0173 10       		.byte	16
 401 0174 08       		.byte	8
 402 0175 06       		.byte	6
 403 0176 10       		.byte	16
 404 0177 03       		.byte	3
 405 0178 11       		.byte	17
 406 0179 01       		.byte	1
 407 017a 12       		.byte	18
 408 017b 04       		.byte	4
 409 017c 14       		.byte	20
 410 017d 05       		.byte	5
 411 017e 16       		.byte	22
 412 017f 02       		.byte	2
 413 0180 17       		.byte	23
 414 0181 01       		.byte	1
 415 0182 29       		.byte	41
 416 0183 01       		.byte	1
 417 0184 2A       		.byte	42
 418 0185 01       		.byte	1
 419 0186 30       		.byte	48
 420 0187 07       		.byte	7
 421 0188 32       		.byte	50
 422 0189 07       		.byte	7
 423 018a 37       		.byte	55
 424 018b 01       		.byte	1
 425 018c 38       		.byte	56
 426 018d 0A       		.byte	10
 427 018e 58       		.byte	88
 428 018f 04       		.byte	4
 429 0190 59       		.byte	89
 430 0191 04       		.byte	4
 431 0192 5F       		.byte	95
 432 0193 01       		.byte	1
 433 0194 00       		.byte	0
 434 0195 10       		.byte	16
 435 0196 05       		.byte	5
 436 0197 20       		.byte	32
 437 0198 06       		.byte	6
 438 0199 02       		.byte	2
 439 019a 07       		.byte	7
 440 019b 40       		.byte	64
 441 019c 09       		.byte	9
 442 019d 0A       		.byte	10
 443 019e 0C       		.byte	12
 444 019f 42       		.byte	66
 445 01a0 0D       		.byte	13
 446 01a1 08       		.byte	8
 447 01a2 0F       		.byte	15
 448 01a3 40       		.byte	64
 449 01a4 12       		.byte	18
 450 01a5 08       		.byte	8
 451 01a6 17       		.byte	23
 452 01a7 15       		.byte	21
 453 01a8 18       		.byte	24
 454 01a9 90       		.byte	-112
 455 01aa 1D       		.byte	29
 456 01ab 2A       		.byte	42
ARM GAS  C:\Users\raduf\AppData\Local\Temp\ccvideNl.s 			page 9


 457 01ac 1F       		.byte	31
 458 01ad 04       		.byte	4
 459 01ae 20       		.byte	32
 460 01af 02       		.byte	2
 461 01b0 25       		.byte	37
 462 01b1 10       		.byte	16
 463 01b2 26       		.byte	38
 464 01b3 08       		.byte	8
 465 01b4 29       		.byte	41
 466 01b5 20       		.byte	32
 467 01b6 2C       		.byte	44
 468 01b7 40       		.byte	64
 469 01b8 2D       		.byte	45
 470 01b9 80       		.byte	-128
 471 01ba 2F       		.byte	47
 472 01bb 04       		.byte	4
 473 01bc 31       		.byte	49
 474 01bd 0A       		.byte	10
 475 01be 35       		.byte	53
 476 01bf 20       		.byte	32
 477 01c0 37       		.byte	55
 478 01c1 45       		.byte	69
 479 01c2 3D       		.byte	61
 480 01c3 60       		.byte	96
 481 01c4 3E       		.byte	62
 482 01c5 04       		.byte	4
 483 01c6 3F       		.byte	63
 484 01c7 40       		.byte	64
 485 01c8 44       		.byte	68
 486 01c9 40       		.byte	64
 487 01ca 45       		.byte	69
 488 01cb 2A       		.byte	42
 489 01cc 4C       		.byte	76
 490 01cd 01       		.byte	1
 491 01ce 4D       		.byte	77
 492 01cf 28       		.byte	40
 493 01d0 4E       		.byte	78
 494 01d1 08       		.byte	8
 495 01d2 4F       		.byte	79
 496 01d3 01       		.byte	1
 497 01d4 54       		.byte	84
 498 01d5 02       		.byte	2
 499 01d6 55       		.byte	85
 500 01d7 04       		.byte	4
 501 01d8 56       		.byte	86
 502 01d9 10       		.byte	16
 503 01da 67       		.byte	103
 504 01db 80       		.byte	-128
 505 01dc 6E       		.byte	110
 506 01dd 04       		.byte	4
 507 01de 6F       		.byte	111
 508 01df 57       		.byte	87
 509 01e0 74       		.byte	116
 510 01e1 40       		.byte	64
 511 01e2 75       		.byte	117
 512 01e3 80       		.byte	-128
 513 01e4 76       		.byte	118
ARM GAS  C:\Users\raduf\AppData\Local\Temp\ccvideNl.s 			page 10


 514 01e5 02       		.byte	2
 515 01e6 89       		.byte	-119
 516 01e7 21       		.byte	33
 517 01e8 C0       		.byte	-64
 518 01e9 D2       		.byte	-46
 519 01ea C2       		.byte	-62
 520 01eb BC       		.byte	-68
 521 01ec C4       		.byte	-60
 522 01ed 72       		.byte	114
 523 01ee CA       		.byte	-54
 524 01ef B4       		.byte	-76
 525 01f0 CC       		.byte	-52
 526 01f1 F3       		.byte	-13
 527 01f2 CE       		.byte	-50
 528 01f3 70       		.byte	112
 529 01f4 D0       		.byte	-48
 530 01f5 E0       		.byte	-32
 531 01f6 D2       		.byte	-46
 532 01f7 30       		.byte	48
 533 01f8 D8       		.byte	-40
 534 01f9 80       		.byte	-128
 535 01fa E2       		.byte	-30
 536 01fb 60       		.byte	96
 537 01fc 01       		.byte	1
 538 01fd 10       		.byte	16
 539 01fe 07       		.byte	7
 540 01ff 20       		.byte	32
 541 0200 0B       		.byte	11
 542 0201 03       		.byte	3
 543 0202 11       		.byte	17
 544 0203 09       		.byte	9
 545 0204 13       		.byte	19
 546 0205 10       		.byte	16
 547 0206 14       		.byte	20
 548 0207 01       		.byte	1
 549 0208 15       		.byte	21
 550 0209 5C       		.byte	92
 551 020a 17       		.byte	23
 552 020b 02       		.byte	2
 553 020c 19       		.byte	25
 554 020d 6C       		.byte	108
 555 020e 1B       		.byte	27
 556 020f 11       		.byte	17
 557 0210 21       		.byte	33
 558 0211 70       		.byte	112
 559 0212 23       		.byte	35
 560 0213 0C       		.byte	12
 561 0214 29       		.byte	41
 562 0215 14       		.byte	20
 563 0216 30       		.byte	48
 564 0217 01       		.byte	1
 565 0218 33       		.byte	51
 566 0219 60       		.byte	96
 567 021a 35       		.byte	53
 568 021b 1F       		.byte	31
 569 021c 39       		.byte	57
 570 021d 08       		.byte	8
ARM GAS  C:\Users\raduf\AppData\Local\Temp\ccvideNl.s 			page 11


 571 021e 3E       		.byte	62
 572 021f 01       		.byte	1
 573 0220 3F       		.byte	63
 574 0221 04       		.byte	4
 575 0222 40       		.byte	64
 576 0223 02       		.byte	2
 577 0224 45       		.byte	69
 578 0225 40       		.byte	64
 579 0226 49       		.byte	73
 580 0227 FF       		.byte	-1
 581 0228 4A       		.byte	74
 582 0229 07       		.byte	7
 583 022a 4B       		.byte	75
 584 022b FF       		.byte	-1
 585 022c 4C       		.byte	76
 586 022d 40       		.byte	64
 587 022e 4D       		.byte	77
 588 022f 20       		.byte	32
 589 0230 4E       		.byte	78
 590 0231 F0       		.byte	-16
 591 0232 4F       		.byte	79
 592 0233 05       		.byte	5
 593 0234 50       		.byte	80
 594 0235 08       		.byte	8
 595 0236 54       		.byte	84
 596 0237 40       		.byte	64
 597 0238 56       		.byte	86
 598 0239 04       		.byte	4
 599 023a 58       		.byte	88
 600 023b 04       		.byte	4
 601 023c 59       		.byte	89
 602 023d 04       		.byte	4
 603 023e 5A       		.byte	90
 604 023f 04       		.byte	4
 605 0240 5B       		.byte	91
 606 0241 04       		.byte	4
 607 0242 5C       		.byte	92
 608 0243 10       		.byte	16
 609 0244 5D       		.byte	93
 610 0245 01       		.byte	1
 611 0246 5F       		.byte	95
 612 0247 01       		.byte	1
 613 0248 60       		.byte	96
 614 0249 40       		.byte	64
 615 024a 61       		.byte	97
 616 024b A8       		.byte	-88
 617 024c 62       		.byte	98
 618 024d 40       		.byte	64
 619 024e 63       		.byte	99
 620 024f 20       		.byte	32
 621 0250 80       		.byte	-128
 622 0251 1C       		.byte	28
 623 0252 81       		.byte	-127
 624 0253 08       		.byte	8
 625 0254 82       		.byte	-126
 626 0255 E1       		.byte	-31
 627 0256 84       		.byte	-124
ARM GAS  C:\Users\raduf\AppData\Local\Temp\ccvideNl.s 			page 12


 628 0257 C0       		.byte	-64
 629 0258 87       		.byte	-121
 630 0259 23       		.byte	35
 631 025a 88       		.byte	-120
 632 025b 3C       		.byte	60
 633 025c 89       		.byte	-119
 634 025d 1F       		.byte	31
 635 025e 8A       		.byte	-118
 636 025f C2       		.byte	-62
 637 0260 8B       		.byte	-117
 638 0261 60       		.byte	96
 639 0262 8C       		.byte	-116
 640 0263 44       		.byte	68
 641 0264 8D       		.byte	-115
 642 0265 01       		.byte	1
 643 0266 90       		.byte	-112
 644 0267 08       		.byte	8
 645 0268 91       		.byte	-111
 646 0269 7F       		.byte	127
 647 026a 94       		.byte	-108
 648 026b FF       		.byte	-1
 649 026c 95       		.byte	-107
 650 026d 0C       		.byte	12
 651 026e 99       		.byte	-103
 652 026f 03       		.byte	3
 653 0270 9A       		.byte	-102
 654 0271 E3       		.byte	-29
 655 0272 9C       		.byte	-100
 656 0273 E7       		.byte	-25
 657 0274 9D       		.byte	-99
 658 0275 73       		.byte	115
 659 0276 9E       		.byte	-98
 660 0277 18       		.byte	24
 661 0278 9F       		.byte	-97
 662 0279 0C       		.byte	12
 663 027a A0       		.byte	-96
 664 027b 10       		.byte	16
 665 027c A4       		.byte	-92
 666 027d 80       		.byte	-128
 667 027e A5       		.byte	-91
 668 027f 02       		.byte	2
 669 0280 A8       		.byte	-88
 670 0281 18       		.byte	24
 671 0282 A9       		.byte	-87
 672 0283 1C       		.byte	28
 673 0284 AB       		.byte	-85
 674 0285 63       		.byte	99
 675 0286 AD       		.byte	-83
 676 0287 04       		.byte	4
 677 0288 AE       		.byte	-82
 678 0289 04       		.byte	4
 679 028a B0       		.byte	-80
 680 028b C0       		.byte	-64
 681 028c B1       		.byte	-79
 682 028d 40       		.byte	64
 683 028e B3       		.byte	-77
 684 028f 10       		.byte	16
ARM GAS  C:\Users\raduf\AppData\Local\Temp\ccvideNl.s 			page 13


 685 0290 B4       		.byte	-76
 686 0291 1F       		.byte	31
 687 0292 B5       		.byte	-75
 688 0293 2C       		.byte	44
 689 0294 B6       		.byte	-74
 690 0295 38       		.byte	56
 691 0296 B7       		.byte	-73
 692 0297 0F       		.byte	15
 693 0298 B9       		.byte	-71
 694 0299 02       		.byte	2
 695 029a BA       		.byte	-70
 696 029b 20       		.byte	32
 697 029c BB       		.byte	-69
 698 029d A0       		.byte	-96
 699 029e BF       		.byte	-65
 700 029f 04       		.byte	4
 701 02a0 D4       		.byte	-44
 702 02a1 18       		.byte	24
 703 02a2 D6       		.byte	-42
 704 02a3 04       		.byte	4
 705 02a4 D8       		.byte	-40
 706 02a5 04       		.byte	4
 707 02a6 D9       		.byte	-39
 708 02a7 04       		.byte	4
 709 02a8 DB       		.byte	-37
 710 02a9 04       		.byte	4
 711 02aa DC       		.byte	-36
 712 02ab 11       		.byte	17
 713 02ac DD       		.byte	-35
 714 02ad 10       		.byte	16
 715 02ae DF       		.byte	-33
 716 02af 01       		.byte	1
 717 02b0 01       		.byte	1
 718 02b1 60       		.byte	96
 719 02b2 03       		.byte	3
 720 02b3 60       		.byte	96
 721 02b4 08       		.byte	8
 722 02b5 A1       		.byte	-95
 723 02b6 09       		.byte	9
 724 02b7 89       		.byte	-119
 725 02b8 0E       		.byte	14
 726 02b9 20       		.byte	32
 727 02ba 10       		.byte	16
 728 02bb 18       		.byte	24
 729 02bc 11       		.byte	17
 730 02bd 01       		.byte	1
 731 02be 12       		.byte	18
 732 02bf 02       		.byte	2
 733 02c0 13       		.byte	19
 734 02c1 02       		.byte	2
 735 02c2 14       		.byte	20
 736 02c3 20       		.byte	32
 737 02c4 15       		.byte	21
 738 02c5 08       		.byte	8
 739 02c6 19       		.byte	25
 740 02c7 71       		.byte	113
 741 02c8 1C       		.byte	28
ARM GAS  C:\Users\raduf\AppData\Local\Temp\ccvideNl.s 			page 14


 742 02c9 80       		.byte	-128
 743 02ca 21       		.byte	33
 744 02cb 91       		.byte	-111
 745 02cc 22       		.byte	34
 746 02cd 24       		.byte	36
 747 02ce 25       		.byte	37
 748 02cf 10       		.byte	16
 749 02d0 26       		.byte	38
 750 02d1 10       		.byte	16
 751 02d2 27       		.byte	39
 752 02d3 20       		.byte	32
 753 02d4 28       		.byte	40
 754 02d5 11       		.byte	17
 755 02d6 29       		.byte	41
 756 02d7 10       		.byte	16
 757 02d8 2F       		.byte	47
 758 02d9 88       		.byte	-120
 759 02da 30       		.byte	48
 760 02db 08       		.byte	8
 761 02dc 31       		.byte	49
 762 02dd 80       		.byte	-128
 763 02de 33       		.byte	51
 764 02df 22       		.byte	34
 765 02e0 37       		.byte	55
 766 02e1 19       		.byte	25
 767 02e2 39       		.byte	57
 768 02e3 69       		.byte	105
 769 02e4 3D       		.byte	61
 770 02e5 28       		.byte	40
 771 02e6 3F       		.byte	63
 772 02e7 0A       		.byte	10
 773 02e8 47       		.byte	71
 774 02e9 20       		.byte	32
 775 02ea 4F       		.byte	79
 776 02eb 0A       		.byte	10
 777 02ec 59       		.byte	89
 778 02ed 01       		.byte	1
 779 02ee 60       		.byte	96
 780 02ef 44       		.byte	68
 781 02f0 62       		.byte	98
 782 02f1 40       		.byte	64
 783 02f2 66       		.byte	102
 784 02f3 10       		.byte	16
 785 02f4 67       		.byte	103
 786 02f5 51       		.byte	81
 787 02f6 8B       		.byte	-117
 788 02f7 40       		.byte	64
 789 02f8 8C       		.byte	-116
 790 02f9 40       		.byte	64
 791 02fa 8E       		.byte	-114
 792 02fb 20       		.byte	32
 793 02fc 8F       		.byte	-113
 794 02fd 40       		.byte	64
 795 02fe 90       		.byte	-112
 796 02ff 04       		.byte	4
 797 0300 91       		.byte	-111
 798 0301 1C       		.byte	28
ARM GAS  C:\Users\raduf\AppData\Local\Temp\ccvideNl.s 			page 15


 799 0302 93       		.byte	-109
 800 0303 11       		.byte	17
 801 0304 94       		.byte	-108
 802 0305 02       		.byte	2
 803 0306 95       		.byte	-107
 804 0307 02       		.byte	2
 805 0308 96       		.byte	-106
 806 0309 08       		.byte	8
 807 030a 9A       		.byte	-102
 808 030b 50       		.byte	80
 809 030c 9B       		.byte	-101
 810 030d 02       		.byte	2
 811 030e 9D       		.byte	-99
 812 030f 42       		.byte	66
 813 0310 9E       		.byte	-98
 814 0311 04       		.byte	4
 815 0312 A0       		.byte	-96
 816 0313 08       		.byte	8
 817 0314 A1       		.byte	-95
 818 0315 01       		.byte	1
 819 0316 A8       		.byte	-88
 820 0317 20       		.byte	32
 821 0318 A9       		.byte	-87
 822 0319 40       		.byte	64
 823 031a B4       		.byte	-76
 824 031b 10       		.byte	16
 825 031c C0       		.byte	-64
 826 031d 0F       		.byte	15
 827 031e C2       		.byte	-62
 828 031f 2F       		.byte	47
 829 0320 C4       		.byte	-60
 830 0321 0F       		.byte	15
 831 0322 CA       		.byte	-54
 832 0323 AE       		.byte	-82
 833 0324 CC       		.byte	-52
 834 0325 EF       		.byte	-17
 835 0326 CE       		.byte	-50
 836 0327 EF       		.byte	-17
 837 0328 D0       		.byte	-48
 838 0329 20       		.byte	32
 839 032a D6       		.byte	-42
 840 032b 01       		.byte	1
 841 032c D8       		.byte	-40
 842 032d FD       		.byte	-3
 843 032e E2       		.byte	-30
 844 032f 60       		.byte	96
 845 0330 01       		.byte	1
 846 0331 08       		.byte	8
 847 0332 03       		.byte	3
 848 0333 16       		.byte	22
 849 0334 04       		.byte	4
 850 0335 01       		.byte	1
 851 0336 05       		.byte	5
 852 0337 18       		.byte	24
 853 0338 06       		.byte	6
 854 0339 06       		.byte	6
 855 033a 09       		.byte	9
ARM GAS  C:\Users\raduf\AppData\Local\Temp\ccvideNl.s 			page 16


 856 033b 18       		.byte	24
 857 033c 18       		.byte	24
 858 033d 04       		.byte	4
 859 033e 19       		.byte	25
 860 033f 10       		.byte	16
 861 0340 1A       		.byte	26
 862 0341 01       		.byte	1
 863 0342 1B       		.byte	27
 864 0343 0A       		.byte	10
 865 0344 24       		.byte	36
 866 0345 07       		.byte	7
 867 0346 27       		.byte	39
 868 0347 01       		.byte	1
 869 0348 28       		.byte	40
 870 0349 07       		.byte	7
 871 034a 2C       		.byte	44
 872 034b 02       		.byte	2
 873 034c 2E       		.byte	46
 874 034d 01       		.byte	1
 875 034e 31       		.byte	49
 876 034f 04       		.byte	4
 877 0350 32       		.byte	50
 878 0351 07       		.byte	7
 879 0352 35       		.byte	53
 880 0353 18       		.byte	24
 881 0354 37       		.byte	55
 882 0355 03       		.byte	3
 883 0356 3B       		.byte	59
 884 0357 08       		.byte	8
 885 0358 3F       		.byte	63
 886 0359 40       		.byte	64
 887 035a 40       		.byte	64
 888 035b 43       		.byte	67
 889 035c 41       		.byte	65
 890 035d 06       		.byte	6
 891 035e 42       		.byte	66
 892 035f 05       		.byte	5
 893 0360 44       		.byte	68
 894 0361 01       		.byte	1
 895 0362 45       		.byte	69
 896 0363 C0       		.byte	-64
 897 0364 47       		.byte	71
 898 0365 0E       		.byte	14
 899 0366 48       		.byte	72
 900 0367 12       		.byte	18
 901 0368 49       		.byte	73
 902 0369 FF       		.byte	-1
 903 036a 4A       		.byte	74
 904 036b FF       		.byte	-1
 905 036c 4B       		.byte	75
 906 036d FF       		.byte	-1
 907 036e 4C       		.byte	76
 908 036f 62       		.byte	98
 909 0370 4D       		.byte	77
 910 0371 A0       		.byte	-96
 911 0372 4E       		.byte	78
 912 0373 F0       		.byte	-16
ARM GAS  C:\Users\raduf\AppData\Local\Temp\ccvideNl.s 			page 17


 913 0374 4F       		.byte	79
 914 0375 41       		.byte	65
 915 0376 50       		.byte	80
 916 0377 0C       		.byte	12
 917 0378 58       		.byte	88
 918 0379 04       		.byte	4
 919 037a 59       		.byte	89
 920 037b 04       		.byte	4
 921 037c 5A       		.byte	90
 922 037d 04       		.byte	4
 923 037e 5C       		.byte	92
 924 037f 11       		.byte	17
 925 0380 5D       		.byte	93
 926 0381 01       		.byte	1
 927 0382 5F       		.byte	95
 928 0383 01       		.byte	1
 929 0384 66       		.byte	102
 930 0385 40       		.byte	64
 931 0386 67       		.byte	103
 932 0387 02       		.byte	2
 933 0388 69       		.byte	105
 934 0389 10       		.byte	16
 935 038a 6A       		.byte	106
 936 038b 30       		.byte	48
 937 038c 6B       		.byte	107
 938 038d 10       		.byte	16
 939 038e 6D       		.byte	109
 940 038f 10       		.byte	16
 941 0390 6E       		.byte	110
 942 0391 10       		.byte	16
 943 0392 6F       		.byte	111
 944 0393 12       		.byte	18
 945 0394 83       		.byte	-125
 946 0395 08       		.byte	8
 947 0396 84       		.byte	-124
 948 0397 13       		.byte	19
 949 0398 85       		.byte	-123
 950 0399 20       		.byte	32
 951 039a 86       		.byte	-122
 952 039b 04       		.byte	4
 953 039c 87       		.byte	-121
 954 039d 03       		.byte	3
 955 039e 88       		.byte	-120
 956 039f 0A       		.byte	10
 957 03a0 8A       		.byte	-118
 958 03a1 14       		.byte	20
 959 03a2 8E       		.byte	-114
 960 03a3 08       		.byte	8
 961 03a4 90       		.byte	-112
 962 03a5 20       		.byte	32
 963 03a6 93       		.byte	-109
 964 03a7 4C       		.byte	76
 965 03a8 95       		.byte	-107
 966 03a9 4C       		.byte	76
 967 03aa 97       		.byte	-105
 968 03ab 13       		.byte	19
 969 03ac 99       		.byte	-103
ARM GAS  C:\Users\raduf\AppData\Local\Temp\ccvideNl.s 			page 18


 970 03ad 11       		.byte	17
 971 03ae 9B       		.byte	-101
 972 03af 0E       		.byte	14
 973 03b0 9C       		.byte	-100
 974 03b1 13       		.byte	19
 975 03b2 9E       		.byte	-98
 976 03b3 0C       		.byte	12
 977 03b4 A0       		.byte	-96
 978 03b5 03       		.byte	3
 979 03b6 A1       		.byte	-95
 980 03b7 11       		.byte	17
 981 03b8 A2       		.byte	-94
 982 03b9 14       		.byte	20
 983 03ba A3       		.byte	-93
 984 03bb 46       		.byte	70
 985 03bc A6       		.byte	-90
 986 03bd 15       		.byte	21
 987 03be B0       		.byte	-80
 988 03bf 10       		.byte	16
 989 03c0 B3       		.byte	-77
 990 03c1 4A       		.byte	74
 991 03c2 B4       		.byte	-76
 992 03c3 20       		.byte	32
 993 03c4 B5       		.byte	-75
 994 03c5 0F       		.byte	15
 995 03c6 B6       		.byte	-74
 996 03c7 0F       		.byte	15
 997 03c8 B7       		.byte	-73
 998 03c9 30       		.byte	48
 999 03ca B9       		.byte	-71
 1000 03cb 80       		.byte	-128
 1001 03cc BA       		.byte	-70
 1002 03cd 80       		.byte	-128
 1003 03ce BB       		.byte	-69
 1004 03cf 28       		.byte	40
 1005 03d0 BE       		.byte	-66
 1006 03d1 11       		.byte	17
 1007 03d2 C0       		.byte	-64
 1008 03d3 13       		.byte	19
 1009 03d4 C1       		.byte	-63
 1010 03d5 02       		.byte	2
 1011 03d6 C6       		.byte	-58
 1012 03d7 0C       		.byte	12
 1013 03d8 C7       		.byte	-57
 1014 03d9 EB       		.byte	-21
 1015 03da C8       		.byte	-56
 1016 03db 34       		.byte	52
 1017 03dc C9       		.byte	-55
 1018 03dd FF       		.byte	-1
 1019 03de CA       		.byte	-54
 1020 03df FF       		.byte	-1
 1021 03e0 CB       		.byte	-53
 1022 03e1 FF       		.byte	-1
 1023 03e2 CE       		.byte	-50
 1024 03e3 F0       		.byte	-16
 1025 03e4 CF       		.byte	-49
 1026 03e5 44       		.byte	68
ARM GAS  C:\Users\raduf\AppData\Local\Temp\ccvideNl.s 			page 19


 1027 03e6 D0       		.byte	-48
 1028 03e7 0C       		.byte	12
 1029 03e8 D4       		.byte	-44
 1030 03e9 01       		.byte	1
 1031 03ea D8       		.byte	-40
 1032 03eb 04       		.byte	4
 1033 03ec D9       		.byte	-39
 1034 03ed 04       		.byte	4
 1035 03ee DA       		.byte	-38
 1036 03ef 04       		.byte	4
 1037 03f0 DB       		.byte	-37
 1038 03f1 04       		.byte	4
 1039 03f2 DC       		.byte	-36
 1040 03f3 11       		.byte	17
 1041 03f4 DD       		.byte	-35
 1042 03f5 11       		.byte	17
 1043 03f6 DF       		.byte	-33
 1044 03f7 01       		.byte	1
 1045 03f8 E6       		.byte	-26
 1046 03f9 C0       		.byte	-64
 1047 03fa EA       		.byte	-22
 1048 03fb 40       		.byte	64
 1049 03fc EB       		.byte	-21
 1050 03fd 02       		.byte	2
 1051 03fe 03       		.byte	3
 1052 03ff 20       		.byte	32
 1053 0400 07       		.byte	7
 1054 0401 19       		.byte	25
 1055 0402 08       		.byte	8
 1056 0403 02       		.byte	2
 1057 0404 09       		.byte	9
 1058 0405 22       		.byte	34
 1059 0406 0D       		.byte	13
 1060 0407 82       		.byte	-126
 1061 0408 11       		.byte	17
 1062 0409 54       		.byte	84
 1063 040a 16       		.byte	22
 1064 040b 40       		.byte	64
 1065 040c 17       		.byte	23
 1066 040d 04       		.byte	4
 1067 040e 19       		.byte	25
 1068 040f 04       		.byte	4
 1069 0410 1D       		.byte	29
 1070 0411 80       		.byte	-128
 1071 0412 1E       		.byte	30
 1072 0413 48       		.byte	72
 1073 0414 1F       		.byte	31
 1074 0415 80       		.byte	-128
 1075 0416 20       		.byte	32
 1076 0417 01       		.byte	1
 1077 0418 21       		.byte	33
 1078 0419 28       		.byte	40
 1079 041a 22       		.byte	34
 1080 041b 0A       		.byte	10
 1081 041c 27       		.byte	39
 1082 041d 19       		.byte	25
 1083 041e 29       		.byte	41
ARM GAS  C:\Users\raduf\AppData\Local\Temp\ccvideNl.s 			page 20


 1084 041f 04       		.byte	4
 1085 0420 2B       		.byte	43
 1086 0421 20       		.byte	32
 1087 0422 2F       		.byte	47
 1088 0423 80       		.byte	-128
 1089 0424 30       		.byte	48
 1090 0425 10       		.byte	16
 1091 0426 31       		.byte	49
 1092 0427 20       		.byte	32
 1093 0428 37       		.byte	55
 1094 0429 19       		.byte	25
 1095 042a 38       		.byte	56
 1096 042b 02       		.byte	2
 1097 042c 39       		.byte	57
 1098 042d 14       		.byte	20
 1099 042e 3D       		.byte	61
 1100 042f 08       		.byte	8
 1101 0430 3F       		.byte	63
 1102 0431 02       		.byte	2
 1103 0432 40       		.byte	64
 1104 0433 81       		.byte	-127
 1105 0434 41       		.byte	65
 1106 0435 04       		.byte	4
 1107 0436 45       		.byte	69
 1108 0437 84       		.byte	-124
 1109 0438 47       		.byte	71
 1110 0439 14       		.byte	20
 1111 043a 49       		.byte	73
 1112 043b 42       		.byte	66
 1113 043c 4A       		.byte	74
 1114 043d 08       		.byte	8
 1115 043e 52       		.byte	82
 1116 043f 04       		.byte	4
 1117 0440 55       		.byte	85
 1118 0441 02       		.byte	2
 1119 0442 56       		.byte	86
 1120 0443 40       		.byte	64
 1121 0444 57       		.byte	87
 1122 0445 08       		.byte	8
 1123 0446 5C       		.byte	92
 1124 0447 02       		.byte	2
 1125 0448 5E       		.byte	94
 1126 0449 48       		.byte	72
 1127 044a 5F       		.byte	95
 1128 044b 10       		.byte	16
 1129 044c 82       		.byte	-126
 1130 044d 08       		.byte	8
 1131 044e 83       		.byte	-125
 1132 044f 02       		.byte	2
 1133 0450 86       		.byte	-122
 1134 0451 40       		.byte	64
 1135 0452 87       		.byte	-121
 1136 0453 10       		.byte	16
 1137 0454 8C       		.byte	-116
 1138 0455 01       		.byte	1
 1139 0456 8D       		.byte	-115
 1140 0457 40       		.byte	64
ARM GAS  C:\Users\raduf\AppData\Local\Temp\ccvideNl.s 			page 21


 1141 0458 91       		.byte	-111
 1142 0459 1C       		.byte	28
 1143 045a 95       		.byte	-107
 1144 045b 40       		.byte	64
 1145 045c 98       		.byte	-104
 1146 045d 80       		.byte	-128
 1147 045e 99       		.byte	-103
 1148 045f 40       		.byte	64
 1149 0460 9C       		.byte	-100
 1150 0461 10       		.byte	16
 1151 0462 9D       		.byte	-99
 1152 0463 02       		.byte	2
 1153 0464 9E       		.byte	-98
 1154 0465 04       		.byte	4
 1155 0466 9F       		.byte	-97
 1156 0467 19       		.byte	25
 1157 0468 A1       		.byte	-95
 1158 0469 04       		.byte	4
 1159 046a A3       		.byte	-93
 1160 046b 01       		.byte	1
 1161 046c A5       		.byte	-91
 1162 046d 08       		.byte	8
 1163 046e A6       		.byte	-90
 1164 046f 02       		.byte	2
 1165 0470 A7       		.byte	-89
 1166 0471 AA       		.byte	-86
 1167 0472 B0       		.byte	-80
 1168 0473 40       		.byte	64
 1169 0474 B4       		.byte	-76
 1170 0475 01       		.byte	1
 1171 0476 C0       		.byte	-64
 1172 0477 E4       		.byte	-28
 1173 0478 C2       		.byte	-62
 1174 0479 92       		.byte	-110
 1175 047a C4       		.byte	-60
 1176 047b 37       		.byte	55
 1177 047c CA       		.byte	-54
 1178 047d 82       		.byte	-126
 1179 047e CC       		.byte	-52
 1180 047f E4       		.byte	-28
 1181 0480 CE       		.byte	-50
 1182 0481 C7       		.byte	-57
 1183 0482 D0       		.byte	-48
 1184 0483 7B       		.byte	123
 1185 0484 D2       		.byte	-46
 1186 0485 0C       		.byte	12
 1187 0486 D6       		.byte	-42
 1188 0487 F0       		.byte	-16
 1189 0488 32       		.byte	50
 1190 0489 01       		.byte	1
 1191 048a 33       		.byte	51
 1192 048b 10       		.byte	16
 1193 048c 36       		.byte	54
 1194 048d 80       		.byte	-128
 1195 048e 77       		.byte	119
 1196 048f 10       		.byte	16
 1197 0490 7E       		.byte	126
ARM GAS  C:\Users\raduf\AppData\Local\Temp\ccvideNl.s 			page 22


 1198 0491 01       		.byte	1
 1199 0492 CC       		.byte	-52
 1200 0493 70       		.byte	112
 1201 0494 96       		.byte	-106
 1202 0495 02       		.byte	2
 1203 0496 A6       		.byte	-90
 1204 0497 80       		.byte	-128
 1205 0498 96       		.byte	-106
 1206 0499 02       		.byte	2
 1207 049a A6       		.byte	-90
 1208 049b 80       		.byte	-128
 1209 049c 96       		.byte	-106
 1210 049d 02       		.byte	2
 1211 049e A6       		.byte	-90
 1212 049f 80       		.byte	-128
 1213 04a0 58       		.byte	88
 1214 04a1 40       		.byte	64
 1215 04a2 D4       		.byte	-44
 1216 04a3 01       		.byte	1
 1217 04a4 54       		.byte	84
 1218 04a5 20       		.byte	32
 1219 04a6 9C       		.byte	-100
 1220 04a7 40       		.byte	64
 1221 04a8 D4       		.byte	-44
 1222 04a9 02       		.byte	2
 1223 04aa B0       		.byte	-80
 1224 04ab 40       		.byte	64
 1225 04ac B4       		.byte	-76
 1226 04ad 20       		.byte	32
 1227 04ae E8       		.byte	-24
 1228 04af 01       		.byte	1
 1229 04b0 EC       		.byte	-20
 1230 04b1 08       		.byte	8
 1231 04b2 8A       		.byte	-118
 1232 04b3 01       		.byte	1
 1233 04b4 8E       		.byte	-114
 1234 04b5 80       		.byte	-128
 1235 04b6 96       		.byte	-106
 1236 04b7 02       		.byte	2
 1237 04b8 A6       		.byte	-90
 1238 04b9 80       		.byte	-128
 1239 04ba 0B       		.byte	11
 1240 04bb 02       		.byte	2
 1241 04bc 63       		.byte	99
 1242 04bd 20       		.byte	32
 1243 04be A3       		.byte	-93
 1244 04bf 10       		.byte	16
 1245 04c0 B7       		.byte	-73
 1246 04c1 10       		.byte	16
 1247 04c2 C2       		.byte	-62
 1248 04c3 02       		.byte	2
 1249 04c4 D8       		.byte	-40
 1250 04c5 02       		.byte	2
 1251 04c6 E8       		.byte	-24
 1252 04c7 08       		.byte	8
 1253 04c8 12       		.byte	18
 1254 04c9 80       		.byte	-128
ARM GAS  C:\Users\raduf\AppData\Local\Temp\ccvideNl.s 			page 23


 1255 04ca 71       		.byte	113
 1256 04cb 08       		.byte	8
 1257 04cc 8E       		.byte	-114
 1258 04cd 80       		.byte	-128
 1259 04ce A1       		.byte	-95
 1260 04cf 08       		.byte	8
 1261 04d0 B1       		.byte	-79
 1262 04d1 08       		.byte	8
 1263 04d2 B7       		.byte	-73
 1264 04d3 01       		.byte	1
 1265 04d4 C4       		.byte	-60
 1266 04d5 08       		.byte	8
 1267 04d6 DC       		.byte	-36
 1268 04d7 01       		.byte	1
 1269 04d8 E2       		.byte	-30
 1270 04d9 02       		.byte	2
 1271 04da EA       		.byte	-22
 1272 04db 02       		.byte	2
 1273 04dc EC       		.byte	-20
 1274 04dd 04       		.byte	4
 1275 04de 00       		.byte	0
 1276 04df 03       		.byte	3
 1277 04e0 0C       		.byte	12
 1278 04e1 03       		.byte	3
 1279 04e2 10       		.byte	16
 1280 04e3 03       		.byte	3
 1281 04e4 1C       		.byte	28
 1282 04e5 03       		.byte	3
 1283 04e6 00       		.byte	0
 1284 04e7 3F       		.byte	63
 1285 04e8 F2       		.byte	-14
 1286 04e9 00       		.byte	0
 1287 04ea 00       		.byte	0
 1288 04eb 00       		.byte	0
 1289 04ec 00       		.byte	0
 1290 04ed D9       		.byte	-39
 1291 04ee 00       		.byte	0
 1292 04ef 00       		.byte	0
 1293 04f0 23       		.byte	35
 1294 04f1 20       		.byte	32
 1295 04f2 58       		.byte	88
 1296 04f3 D0       		.byte	-48
 1297 04f4 F2       		.byte	-14
 1298 04f5 08       		.byte	8
 1299 04f6 00       		.byte	0
 1300 04f7 04       		.byte	4
 1301 04f8 22       		.byte	34
 1302 04f9 D8       		.byte	-40
 1303 04fa 00       		.byte	0
 1304 04fb 01       		.byte	1
 1305 04fc 01       		.byte	1
 1306 04fd D1       		.byte	-47
 1307 04fe 74       		.byte	116
 1308 04ff 08       		.byte	8
 1309 0500 00       		.byte	0
 1310 0501 2E       		.byte	46
 1311 0502 00       		.byte	0
ARM GAS  C:\Users\raduf\AppData\Local\Temp\ccvideNl.s 			page 24


 1312 0503 81       		.byte	-127
 1313 0504 63       		.byte	99
 1314 0505 D9       		.byte	-39
 1315 0506 0C       		.byte	12
 1316 0507 00       		.byte	0
 1317 0508 22       		.byte	34
 1318 0509 11       		.byte	17
 1319 050a D0       		.byte	-48
 1320 050b 22       		.byte	34
 1321 050c D0       		.byte	-48
 1322 050d 00       		.byte	0
 1323 050e 22       		.byte	34
 1324 050f 00       		.byte	0
 1325 0510 F2       		.byte	-14
 1326 0511 24       		.byte	36
 1327 0512 00       		.byte	0
 1328 0513 49       		.byte	73
 1329 0514 00       		.byte	0
 1330 0515 D9       		.byte	-39
 1331 0516 00       		.byte	0
 1332 0517 00       		.byte	0
 1333 0518 60       		.byte	96
 1334 0519 00       		.byte	0
 1335 051a 1F       		.byte	31
 1336 051b 0F       		.byte	15
 1337 051c 80       		.byte	-128
 1338 051d F0       		.byte	-16
 1339 051e 00       		.byte	0
 1340 051f 00       		.byte	0
 1341 0520 08       		.byte	8
 1342 0521 00       		.byte	0
 1343 0522 00       		.byte	0
 1344 0523 2C       		.byte	44
 1345 0524 00       		.byte	0
 1346 0525 00       		.byte	0
 1347 0526 10       		.byte	16
 1348 0527 00       		.byte	0
 1349 0528 36       		.byte	54
 1350 0529 04       		.byte	4
 1351 052a 20       		.byte	32
 1352 052b 00       		.byte	0
 1353 052c 05       		.byte	5
 1354 052d DE       		.byte	-34
 1355 052e F0       		.byte	-16
 1356 052f CB       		.byte	-53
 1357 0530 3B       		.byte	59
 1358 0531 FF       		.byte	-1
 1359 0532 FF       		.byte	-1
 1360 0533 FF       		.byte	-1
 1361 0534 22       		.byte	34
 1362 0535 00       		.byte	0
 1363 0536 F0       		.byte	-16
 1364 0537 0C       		.byte	12
 1365 0538 04       		.byte	4
 1366 0539 00       		.byte	0
 1367 053a 00       		.byte	0
 1368 053b 00       		.byte	0
ARM GAS  C:\Users\raduf\AppData\Local\Temp\ccvideNl.s 			page 25


 1369 053c 00       		.byte	0
 1370 053d 00       		.byte	0
 1371 053e 02       		.byte	2
 1372 053f 2C       		.byte	44
 1373 0540 04       		.byte	4
 1374 0541 04       		.byte	4
 1375 0542 04       		.byte	4
 1376 0543 04       		.byte	4
 1377 0544 00       		.byte	0
 1378 0545 00       		.byte	0
 1379 0546 00       		.byte	0
 1380 0547 01       		.byte	1
 1381 0548 00       		.byte	0
 1382 0549 00       		.byte	0
 1383 054a C0       		.byte	-64
 1384 054b 00       		.byte	0
 1385 054c 40       		.byte	64
 1386 054d 01       		.byte	1
 1387 054e 10       		.byte	16
 1388 054f 11       		.byte	17
 1389 0550 C0       		.byte	-64
 1390 0551 01       		.byte	1
 1391 0552 00       		.byte	0
 1392 0553 11       		.byte	17
 1393 0554 40       		.byte	64
 1394 0555 01       		.byte	1
 1395 0556 40       		.byte	64
 1396 0557 01       		.byte	1
 1397 0558 00       		.byte	0
 1398 0559 00       		.byte	0
 1399 055a 00       		.byte	0
 1400 055b 00       		.byte	0
 1401 055c 00       		.byte	0
 1402 055d 00       		.byte	0
 1403 055e 00       		.byte	0
 1404 055f 00       		.byte	0
 1405 0560 00       		.byte	0
 1406 0561 00       		.byte	0
 1407 0562 00       		.byte	0
 1408 0563 00       		.byte	0
 1409 0564 00       		.byte	0
 1410 0565 00       		.byte	0
 1411 0566 00       		.byte	0
 1412 0567 00       		.byte	0
 1413 0568 80       		.byte	-128
 1414 0569 00       		.byte	0
 1415 056a 40       		.byte	64
 1416 056b 80       		.byte	-128
 1417 056c 80       		.byte	-128
 1418 056d 00       		.byte	0
 1419 056e 80       		.byte	-128
 1420 056f 00       		.byte	0
 1421 0570 00       		.byte	0
 1422 0571 00       		.byte	0
 1423 0572 00       		.byte	0
 1424 0573 00       		.byte	0
 1425 0574 00       		.byte	0
ARM GAS  C:\Users\raduf\AppData\Local\Temp\ccvideNl.s 			page 26


 1426 0575 10       		.byte	16
 1427 0576 10       		.byte	16
 1428 0577 00       		.byte	0
 1429 0578 10       		.byte	16
 1430 0579 00       		.byte	0
 1431 057a 00       		.byte	0
 1432 057b 00       		.byte	0
 1433 057c 40       		.byte	64
 1434 057d 8B       		.byte	-117
 1435 057e 8B       		.byte	-117
 1436 057f 00       		.byte	0
 1437 0580 80       		.byte	-128
 1438 0581 00       		.byte	0
 1439 0582 00       		.byte	0
 1440 0583 00       		.byte	0
 1441 0584 00       		.byte	0
 1442 0585 01       		.byte	1
 1443 0586 01       		.byte	1
 1444 0587 00       		.byte	0
 1445 0588 01       		.byte	1
 1446 0589 00       		.byte	0
 1447 058a 00       		.byte	0
 1448 058b 00       		.byte	0
 1449              		.section	.cywolatch,"a",%progbits
 1450              		.align	2
 1451              		.type	cy_meta_wonvl, %object
 1452              		.size	cy_meta_wonvl, 4
 1453              	cy_meta_wonvl:
 1454 0000 BC       		.byte	-68
 1455 0001 90       		.byte	-112
 1456 0002 AC       		.byte	-84
 1457 0003 AF       		.byte	-81
 1458              		.section	.cycustnvl,"a",%progbits
 1459              		.align	2
 1460              		.type	cy_meta_custnvl, %object
 1461              		.size	cy_meta_custnvl, 4
 1462              	cy_meta_custnvl:
 1463 0000 00       		.byte	0
 1464 0001 00       		.byte	0
 1465 0002 40       		.byte	64
 1466 0003 05       		.byte	5
 1467              		.section	.cymeta,"a",%progbits
 1468              		.align	2
 1469              		.type	cy_metadata, %object
 1470              		.size	cy_metadata, 12
 1471              	cy_metadata:
 1472 0000 00       		.byte	0
 1473 0001 01       		.byte	1
 1474 0002 2E       		.byte	46
 1475 0003 16       		.byte	22
 1476 0004 10       		.byte	16
 1477 0005 69       		.byte	105
 1478 0006 00       		.byte	0
 1479 0007 01       		.byte	1
 1480 0008 00       		.byte	0
 1481 0009 00       		.byte	0
 1482 000a 00       		.byte	0
ARM GAS  C:\Users\raduf\AppData\Local\Temp\ccvideNl.s 			page 27


 1483 000b 00       		.byte	0
 1484              		.section	.cyflashprotect,"a",%progbits
 1485              		.align	2
 1486              		.type	cy_meta_flashprotect, %object
 1487              		.size	cy_meta_flashprotect, 256
 1488              	cy_meta_flashprotect:
 1489 0000 00000000 		.space	256
 1489      00000000 
 1489      00000000 
 1489      00000000 
 1489      00000000 
 1490              		.text
 1491              	.Letext0:
 1492              		.file 1 "c:\\program files (x86)\\cypress\\psoc creator\\4.4\\psoc creator\\import\\gnu\\arm\\5.4.
 1493              		.file 2 "c:\\program files (x86)\\cypress\\psoc creator\\4.4\\psoc creator\\import\\gnu\\arm\\5.4.
 1494              		.file 3 "Generated_Source\\PSoC5\\cymetadata.c"
 1495              		.section	.debug_info,"",%progbits
 1496              	.Ldebug_info0:
 1497 0000 32010000 		.4byte	0x132
 1498 0004 0400     		.2byte	0x4
 1499 0006 00000000 		.4byte	.Ldebug_abbrev0
 1500 000a 04       		.byte	0x4
 1501 000b 01       		.uleb128 0x1
 1502 000c 77000000 		.4byte	.LASF17
 1503 0010 0C       		.byte	0xc
 1504 0011 D1010000 		.4byte	.LASF18
 1505 0015 0A000000 		.4byte	.LASF19
 1506 0019 00000000 		.4byte	.Ldebug_line0
 1507 001d 02       		.uleb128 0x2
 1508 001e 01       		.byte	0x1
 1509 001f 06       		.byte	0x6
 1510 0020 C5010000 		.4byte	.LASF0
 1511 0024 03       		.uleb128 0x3
 1512 0025 00000000 		.4byte	.LASF9
 1513 0029 01       		.byte	0x1
 1514 002a 1D       		.byte	0x1d
 1515 002b 2F000000 		.4byte	0x2f
 1516 002f 02       		.uleb128 0x2
 1517 0030 01       		.byte	0x1
 1518 0031 08       		.byte	0x8
 1519 0032 69000000 		.4byte	.LASF1
 1520 0036 02       		.uleb128 0x2
 1521 0037 02       		.byte	0x2
 1522 0038 05       		.byte	0x5
 1523 0039 B2010000 		.4byte	.LASF2
 1524 003d 02       		.uleb128 0x2
 1525 003e 02       		.byte	0x2
 1526 003f 07       		.byte	0x7
 1527 0040 17010000 		.4byte	.LASF3
 1528 0044 02       		.uleb128 0x2
 1529 0045 04       		.byte	0x4
 1530 0046 05       		.byte	0x5
 1531 0047 BC010000 		.4byte	.LASF4
 1532 004b 02       		.uleb128 0x2
 1533 004c 04       		.byte	0x4
 1534 004d 07       		.byte	0x7
 1535 004e 05010000 		.4byte	.LASF5
ARM GAS  C:\Users\raduf\AppData\Local\Temp\ccvideNl.s 			page 28


 1536 0052 02       		.uleb128 0x2
 1537 0053 08       		.byte	0x8
 1538 0054 05       		.byte	0x5
 1539 0055 A4010000 		.4byte	.LASF6
 1540 0059 02       		.uleb128 0x2
 1541 005a 08       		.byte	0x8
 1542 005b 07       		.byte	0x7
 1543 005c 59010000 		.4byte	.LASF7
 1544 0060 04       		.uleb128 0x4
 1545 0061 04       		.byte	0x4
 1546 0062 05       		.byte	0x5
 1547 0063 696E7400 		.ascii	"int\000"
 1548 0067 02       		.uleb128 0x2
 1549 0068 04       		.byte	0x4
 1550 0069 07       		.byte	0x7
 1551 006a 4C010000 		.4byte	.LASF8
 1552 006e 03       		.uleb128 0x3
 1553 006f 70010000 		.4byte	.LASF10
 1554 0073 02       		.byte	0x2
 1555 0074 18       		.byte	0x18
 1556 0075 24000000 		.4byte	0x24
 1557 0079 05       		.uleb128 0x5
 1558 007a 91000000 		.4byte	0x91
 1559 007e 8A000000 		.4byte	0x8a
 1560 0082 06       		.uleb128 0x6
 1561 0083 8A000000 		.4byte	0x8a
 1562 0087 8B05     		.2byte	0x58b
 1563 0089 00       		.byte	0
 1564 008a 02       		.uleb128 0x2
 1565 008b 04       		.byte	0x4
 1566 008c 07       		.byte	0x7
 1567 008d 9B010000 		.4byte	.LASF11
 1568 0091 07       		.uleb128 0x7
 1569 0092 6E000000 		.4byte	0x6e
 1570 0096 08       		.uleb128 0x8
 1571 0097 3A010000 		.4byte	.LASF12
 1572 009b 03       		.byte	0x3
 1573 009c 1F       		.byte	0x1f
 1574 009d A7000000 		.4byte	0xa7
 1575 00a1 05       		.uleb128 0x5
 1576 00a2 03       		.byte	0x3
 1577 00a3 00000000 		.4byte	cy_meta_configecc
 1578 00a7 07       		.uleb128 0x7
 1579 00a8 79000000 		.4byte	0x79
 1580 00ac 05       		.uleb128 0x5
 1581 00ad 91000000 		.4byte	0x91
 1582 00b1 BC000000 		.4byte	0xbc
 1583 00b5 09       		.uleb128 0x9
 1584 00b6 8A000000 		.4byte	0x8a
 1585 00ba 03       		.byte	0x3
 1586 00bb 00       		.byte	0
 1587 00bc 08       		.uleb128 0x8
 1588 00bd 2A010000 		.4byte	.LASF13
 1589 00c1 03       		.byte	0x3
 1590 00c2 DE       		.byte	0xde
 1591 00c3 CD000000 		.4byte	0xcd
 1592 00c7 05       		.uleb128 0x5
ARM GAS  C:\Users\raduf\AppData\Local\Temp\ccvideNl.s 			page 29


 1593 00c8 03       		.byte	0x3
 1594 00c9 00000000 		.4byte	cy_meta_custnvl
 1595 00cd 07       		.uleb128 0x7
 1596 00ce AC000000 		.4byte	0xac
 1597 00d2 08       		.uleb128 0x8
 1598 00d3 8D010000 		.4byte	.LASF14
 1599 00d7 03       		.byte	0x3
 1600 00d8 EC       		.byte	0xec
 1601 00d9 E3000000 		.4byte	0xe3
 1602 00dd 05       		.uleb128 0x5
 1603 00de 03       		.byte	0x3
 1604 00df 00000000 		.4byte	cy_meta_wonvl
 1605 00e3 07       		.uleb128 0x7
 1606 00e4 AC000000 		.4byte	0xac
 1607 00e8 05       		.uleb128 0x5
 1608 00e9 91000000 		.4byte	0x91
 1609 00ed F8000000 		.4byte	0xf8
 1610 00f1 09       		.uleb128 0x9
 1611 00f2 8A000000 		.4byte	0x8a
 1612 00f6 FF       		.byte	0xff
 1613 00f7 00       		.byte	0
 1614 00f8 08       		.uleb128 0x8
 1615 00f9 78010000 		.4byte	.LASF15
 1616 00fd 03       		.byte	0x3
 1617 00fe FA       		.byte	0xfa
 1618 00ff 09010000 		.4byte	0x109
 1619 0103 05       		.uleb128 0x5
 1620 0104 03       		.byte	0x3
 1621 0105 00000000 		.4byte	cy_meta_flashprotect
 1622 0109 07       		.uleb128 0x7
 1623 010a E8000000 		.4byte	0xe8
 1624 010e 05       		.uleb128 0x5
 1625 010f 91000000 		.4byte	0x91
 1626 0113 1E010000 		.4byte	0x11e
 1627 0117 09       		.uleb128 0x9
 1628 0118 8A000000 		.4byte	0x8a
 1629 011c 0B       		.byte	0xb
 1630 011d 00       		.byte	0
 1631 011e 0A       		.uleb128 0xa
 1632 011f 5D000000 		.4byte	.LASF16
 1633 0123 03       		.byte	0x3
 1634 0124 2701     		.2byte	0x127
 1635 0126 30010000 		.4byte	0x130
 1636 012a 05       		.uleb128 0x5
 1637 012b 03       		.byte	0x3
 1638 012c 00000000 		.4byte	cy_metadata
 1639 0130 07       		.uleb128 0x7
 1640 0131 0E010000 		.4byte	0x10e
 1641 0135 00       		.byte	0
 1642              		.section	.debug_abbrev,"",%progbits
 1643              	.Ldebug_abbrev0:
 1644 0000 01       		.uleb128 0x1
 1645 0001 11       		.uleb128 0x11
 1646 0002 01       		.byte	0x1
 1647 0003 25       		.uleb128 0x25
 1648 0004 0E       		.uleb128 0xe
 1649 0005 13       		.uleb128 0x13
ARM GAS  C:\Users\raduf\AppData\Local\Temp\ccvideNl.s 			page 30


 1650 0006 0B       		.uleb128 0xb
 1651 0007 03       		.uleb128 0x3
 1652 0008 0E       		.uleb128 0xe
 1653 0009 1B       		.uleb128 0x1b
 1654 000a 0E       		.uleb128 0xe
 1655 000b 10       		.uleb128 0x10
 1656 000c 17       		.uleb128 0x17
 1657 000d 00       		.byte	0
 1658 000e 00       		.byte	0
 1659 000f 02       		.uleb128 0x2
 1660 0010 24       		.uleb128 0x24
 1661 0011 00       		.byte	0
 1662 0012 0B       		.uleb128 0xb
 1663 0013 0B       		.uleb128 0xb
 1664 0014 3E       		.uleb128 0x3e
 1665 0015 0B       		.uleb128 0xb
 1666 0016 03       		.uleb128 0x3
 1667 0017 0E       		.uleb128 0xe
 1668 0018 00       		.byte	0
 1669 0019 00       		.byte	0
 1670 001a 03       		.uleb128 0x3
 1671 001b 16       		.uleb128 0x16
 1672 001c 00       		.byte	0
 1673 001d 03       		.uleb128 0x3
 1674 001e 0E       		.uleb128 0xe
 1675 001f 3A       		.uleb128 0x3a
 1676 0020 0B       		.uleb128 0xb
 1677 0021 3B       		.uleb128 0x3b
 1678 0022 0B       		.uleb128 0xb
 1679 0023 49       		.uleb128 0x49
 1680 0024 13       		.uleb128 0x13
 1681 0025 00       		.byte	0
 1682 0026 00       		.byte	0
 1683 0027 04       		.uleb128 0x4
 1684 0028 24       		.uleb128 0x24
 1685 0029 00       		.byte	0
 1686 002a 0B       		.uleb128 0xb
 1687 002b 0B       		.uleb128 0xb
 1688 002c 3E       		.uleb128 0x3e
 1689 002d 0B       		.uleb128 0xb
 1690 002e 03       		.uleb128 0x3
 1691 002f 08       		.uleb128 0x8
 1692 0030 00       		.byte	0
 1693 0031 00       		.byte	0
 1694 0032 05       		.uleb128 0x5
 1695 0033 01       		.uleb128 0x1
 1696 0034 01       		.byte	0x1
 1697 0035 49       		.uleb128 0x49
 1698 0036 13       		.uleb128 0x13
 1699 0037 01       		.uleb128 0x1
 1700 0038 13       		.uleb128 0x13
 1701 0039 00       		.byte	0
 1702 003a 00       		.byte	0
 1703 003b 06       		.uleb128 0x6
 1704 003c 21       		.uleb128 0x21
 1705 003d 00       		.byte	0
 1706 003e 49       		.uleb128 0x49
ARM GAS  C:\Users\raduf\AppData\Local\Temp\ccvideNl.s 			page 31


 1707 003f 13       		.uleb128 0x13
 1708 0040 2F       		.uleb128 0x2f
 1709 0041 05       		.uleb128 0x5
 1710 0042 00       		.byte	0
 1711 0043 00       		.byte	0
 1712 0044 07       		.uleb128 0x7
 1713 0045 26       		.uleb128 0x26
 1714 0046 00       		.byte	0
 1715 0047 49       		.uleb128 0x49
 1716 0048 13       		.uleb128 0x13
 1717 0049 00       		.byte	0
 1718 004a 00       		.byte	0
 1719 004b 08       		.uleb128 0x8
 1720 004c 34       		.uleb128 0x34
 1721 004d 00       		.byte	0
 1722 004e 03       		.uleb128 0x3
 1723 004f 0E       		.uleb128 0xe
 1724 0050 3A       		.uleb128 0x3a
 1725 0051 0B       		.uleb128 0xb
 1726 0052 3B       		.uleb128 0x3b
 1727 0053 0B       		.uleb128 0xb
 1728 0054 49       		.uleb128 0x49
 1729 0055 13       		.uleb128 0x13
 1730 0056 3F       		.uleb128 0x3f
 1731 0057 19       		.uleb128 0x19
 1732 0058 02       		.uleb128 0x2
 1733 0059 18       		.uleb128 0x18
 1734 005a 00       		.byte	0
 1735 005b 00       		.byte	0
 1736 005c 09       		.uleb128 0x9
 1737 005d 21       		.uleb128 0x21
 1738 005e 00       		.byte	0
 1739 005f 49       		.uleb128 0x49
 1740 0060 13       		.uleb128 0x13
 1741 0061 2F       		.uleb128 0x2f
 1742 0062 0B       		.uleb128 0xb
 1743 0063 00       		.byte	0
 1744 0064 00       		.byte	0
 1745 0065 0A       		.uleb128 0xa
 1746 0066 34       		.uleb128 0x34
 1747 0067 00       		.byte	0
 1748 0068 03       		.uleb128 0x3
 1749 0069 0E       		.uleb128 0xe
 1750 006a 3A       		.uleb128 0x3a
 1751 006b 0B       		.uleb128 0xb
 1752 006c 3B       		.uleb128 0x3b
 1753 006d 05       		.uleb128 0x5
 1754 006e 49       		.uleb128 0x49
 1755 006f 13       		.uleb128 0x13
 1756 0070 3F       		.uleb128 0x3f
 1757 0071 19       		.uleb128 0x19
 1758 0072 02       		.uleb128 0x2
 1759 0073 18       		.uleb128 0x18
 1760 0074 00       		.byte	0
 1761 0075 00       		.byte	0
 1762 0076 00       		.byte	0
 1763              		.section	.debug_aranges,"",%progbits
ARM GAS  C:\Users\raduf\AppData\Local\Temp\ccvideNl.s 			page 32


 1764 0000 14000000 		.4byte	0x14
 1765 0004 0200     		.2byte	0x2
 1766 0006 00000000 		.4byte	.Ldebug_info0
 1767 000a 04       		.byte	0x4
 1768 000b 00       		.byte	0
 1769 000c 0000     		.2byte	0
 1770 000e 0000     		.2byte	0
 1771 0010 00000000 		.4byte	0
 1772 0014 00000000 		.4byte	0
 1773              		.section	.debug_line,"",%progbits
 1774              	.Ldebug_line0:
 1775 0000 3D010000 		.section	.debug_str,"MS",%progbits,1
 1775      02003701 
 1775      00000201 
 1775      FB0E0D00 
 1775      01010101 
 1776              	.LASF9:
 1777 0000 5F5F7569 		.ascii	"__uint8_t\000"
 1777      6E74385F 
 1777      7400
 1778              	.LASF19:
 1779 000a 433A5C55 		.ascii	"C:\\Users\\raduf\\OneDrive\\Desktop\\SemesterProjek"
 1779      73657273 
 1779      5C726164 
 1779      75665C4F 
 1779      6E654472 
 1780 0038 745C422D 		.ascii	"t\\B-CAC\\Workspace01\\SPI_Master.cydsn\000"
 1780      4341435C 
 1780      576F726B 
 1780      73706163 
 1780      6530315C 
 1781              	.LASF16:
 1782 005d 63795F6D 		.ascii	"cy_metadata\000"
 1782      65746164 
 1782      61746100 
 1783              	.LASF1:
 1784 0069 756E7369 		.ascii	"unsigned char\000"
 1784      676E6564 
 1784      20636861 
 1784      7200
 1785              	.LASF17:
 1786 0077 474E5520 		.ascii	"GNU C11 5.4.1 20160609 (release) [ARM/embedded-5-br"
 1786      43313120 
 1786      352E342E 
 1786      31203230 
 1786      31363036 
 1787 00aa 616E6368 		.ascii	"anch revision 237715] -mcpu=cortex-m3 -mthumb -g -O"
 1787      20726576 
 1787      6973696F 
 1787      6E203233 
 1787      37373135 
 1788 00dd 67202D66 		.ascii	"g -ffunction-sections -ffat-lto-objects\000"
 1788      66756E63 
 1788      74696F6E 
 1788      2D736563 
 1788      74696F6E 
 1789              	.LASF5:
ARM GAS  C:\Users\raduf\AppData\Local\Temp\ccvideNl.s 			page 33


 1790 0105 6C6F6E67 		.ascii	"long unsigned int\000"
 1790      20756E73 
 1790      69676E65 
 1790      6420696E 
 1790      7400
 1791              	.LASF3:
 1792 0117 73686F72 		.ascii	"short unsigned int\000"
 1792      7420756E 
 1792      7369676E 
 1792      65642069 
 1792      6E7400
 1793              	.LASF13:
 1794 012a 63795F6D 		.ascii	"cy_meta_custnvl\000"
 1794      6574615F 
 1794      63757374 
 1794      6E766C00 
 1795              	.LASF12:
 1796 013a 63795F6D 		.ascii	"cy_meta_configecc\000"
 1796      6574615F 
 1796      636F6E66 
 1796      69676563 
 1796      6300
 1797              	.LASF8:
 1798 014c 756E7369 		.ascii	"unsigned int\000"
 1798      676E6564 
 1798      20696E74 
 1798      00
 1799              	.LASF7:
 1800 0159 6C6F6E67 		.ascii	"long long unsigned int\000"
 1800      206C6F6E 
 1800      6720756E 
 1800      7369676E 
 1800      65642069 
 1801              	.LASF10:
 1802 0170 75696E74 		.ascii	"uint8_t\000"
 1802      385F7400 
 1803              	.LASF15:
 1804 0178 63795F6D 		.ascii	"cy_meta_flashprotect\000"
 1804      6574615F 
 1804      666C6173 
 1804      6870726F 
 1804      74656374 
 1805              	.LASF14:
 1806 018d 63795F6D 		.ascii	"cy_meta_wonvl\000"
 1806      6574615F 
 1806      776F6E76 
 1806      6C00
 1807              	.LASF11:
 1808 019b 73697A65 		.ascii	"sizetype\000"
 1808      74797065 
 1808      00
 1809              	.LASF6:
 1810 01a4 6C6F6E67 		.ascii	"long long int\000"
 1810      206C6F6E 
 1810      6720696E 
 1810      7400
 1811              	.LASF2:
ARM GAS  C:\Users\raduf\AppData\Local\Temp\ccvideNl.s 			page 34


 1812 01b2 73686F72 		.ascii	"short int\000"
 1812      7420696E 
 1812      7400
 1813              	.LASF4:
 1814 01bc 6C6F6E67 		.ascii	"long int\000"
 1814      20696E74 
 1814      00
 1815              	.LASF0:
 1816 01c5 7369676E 		.ascii	"signed char\000"
 1816      65642063 
 1816      68617200 
 1817              	.LASF18:
 1818 01d1 47656E65 		.ascii	"Generated_Source\\PSoC5\\cymetadata.c\000"
 1818      72617465 
 1818      645F536F 
 1818      75726365 
 1818      5C50536F 
 1819              		.ident	"GCC: (GNU Tools for ARM Embedded Processors) 5.4.1 20160609 (release) [ARM/embedded-5-bran
