ARM GAS  C:\Users\rgram\AppData\Local\Temp\ccLOxq3E.s 			page 1


   1              		.syntax unified
   2              		.cpu cortex-m3
   3              		.fpu softvfp
   4              		.eabi_attribute 20, 1
   5              		.eabi_attribute 21, 1
   6              		.eabi_attribute 23, 3
   7              		.eabi_attribute 24, 1
   8              		.eabi_attribute 25, 1
   9              		.eabi_attribute 26, 1
  10              		.eabi_attribute 30, 1
  11              		.eabi_attribute 34, 1
  12              		.eabi_attribute 18, 4
  13              		.thumb
  14              		.syntax unified
  15              		.file	"main.c"
  16              		.text
  17              	.Ltext0:
  18              		.cfi_sections	.debug_frame
  19              		.section	.text.SPI_RX_ISR,"ax",%progbits
  20              		.align	2
  21              		.global	SPI_RX_ISR
  22              		.thumb
  23              		.thumb_func
  24              		.type	SPI_RX_ISR, %function
  25              	SPI_RX_ISR:
  26              	.LFB64:
  27              		.file 1 "main.c"
   1:main.c        **** /* ========================================
   2:main.c        ****  *
   3:main.c        ****  * Copyright YOUR COMPANY, THE YEAR
   4:main.c        ****  * All Rights Reserved
   5:main.c        ****  * UNPUBLISHED, LICENSED SOFTWARE.
   6:main.c        ****  *
   7:main.c        ****  * CONFIDENTIAL AND PROPRIETARY INFORMATION
   8:main.c        ****  * WHICH IS THE PROPERTY OF your company.
   9:main.c        ****  *
  10:main.c        ****  * ========================================
  11:main.c        **** */
  12:main.c        **** #include "project.h"
  13:main.c        **** #include "SPI_Master.h"
  14:main.c        **** #include "Terminal.h"
  15:main.c        **** 
  16:main.c        **** 
  17:main.c        **** 
  18:main.c        **** CY_ISR(SPI_RX_ISR){
  28              		.loc 1 18 0
  29              		.cfi_startproc
  30              		@ args = 0, pretend = 0, frame = 0
  31              		@ frame_needed = 0, uses_anonymous_args = 0
  32 0000 08B5     		push	{r3, lr}
  33              		.cfi_def_cfa_offset 8
  34              		.cfi_offset 3, -8
  35              		.cfi_offset 14, -4
  19:main.c        ****     while(SPIM_1_ReadRxStatus() & SPIM_1_STS_RX_FIFO_NOT_EMPTY){
  36              		.loc 1 19 0
  37 0002 03E0     		b	.L2
  38              	.L3:
ARM GAS  C:\Users\rgram\AppData\Local\Temp\ccLOxq3E.s 			page 2


  20:main.c        ****         setData_UART(SPIM_1_ReadRxData());    
  39              		.loc 1 20 0
  40 0004 FFF7FEFF 		bl	SPIM_1_ReadRxData
  41              	.LVL0:
  42 0008 FFF7FEFF 		bl	setData_UART
  43              	.LVL1:
  44              	.L2:
  19:main.c        ****     while(SPIM_1_ReadRxStatus() & SPIM_1_STS_RX_FIFO_NOT_EMPTY){
  45              		.loc 1 19 0
  46 000c FFF7FEFF 		bl	SPIM_1_ReadRxStatus
  47              	.LVL2:
  48 0010 10F0200F 		tst	r0, #32
  49 0014 F6D1     		bne	.L3
  21:main.c        ****     }
  22:main.c        **** }
  50              		.loc 1 22 0
  51 0016 08BD     		pop	{r3, pc}
  52              		.cfi_endproc
  53              	.LFE64:
  54              		.size	SPI_RX_ISR, .-SPI_RX_ISR
  55              		.section	.text.UART_RX_ISR,"ax",%progbits
  56              		.align	2
  57              		.global	UART_RX_ISR
  58              		.thumb
  59              		.thumb_func
  60              		.type	UART_RX_ISR, %function
  61              	UART_RX_ISR:
  62              	.LFB65:
  23:main.c        **** 
  24:main.c        **** CY_ISR(UART_RX_ISR){
  63              		.loc 1 24 0
  64              		.cfi_startproc
  65              		@ args = 0, pretend = 0, frame = 0
  66              		@ frame_needed = 0, uses_anonymous_args = 0
  67 0000 10B5     		push	{r4, lr}
  68              		.cfi_def_cfa_offset 8
  69              		.cfi_offset 4, -8
  70              		.cfi_offset 14, -4
  25:main.c        ****     
  26:main.c        ****     char data;
  27:main.c        ****     data = UART_1_ReadRxData();
  71              		.loc 1 27 0
  72 0002 FFF7FEFF 		bl	UART_1_ReadRxData
  73              	.LVL3:
  74 0006 0446     		mov	r4, r0
  75              	.LVL4:
  28:main.c        ****     UART_1_PutString("\033[2J");
  76              		.loc 1 28 0
  77 0008 1048     		ldr	r0, .L11
  78 000a FFF7FEFF 		bl	UART_1_PutString
  79              	.LVL5:
  29:main.c        ****     
  30:main.c        ****     switch(data){
  80              		.loc 1 30 0
  81 000e 312C     		cmp	r4, #49
  82 0010 04D0     		beq	.L7
  83 0012 732C     		cmp	r4, #115
ARM GAS  C:\Users\rgram\AppData\Local\Temp\ccLOxq3E.s 			page 3


  84 0014 16D0     		beq	.L8
  85 0016 302C     		cmp	r4, #48
  86 0018 16D1     		bne	.L5
  87 001a 09E0     		b	.L9
  88              	.L7:
  31:main.c        ****         case '1':
  32:main.c        ****         setData_SPI(0x80);
  89              		.loc 1 32 0
  90 001c 8020     		movs	r0, #128
  91 001e FFF7FEFF 		bl	setData_SPI
  92              	.LVL6:
  33:main.c        ****         UART_1_PutString("LED taendt\n\r");
  93              		.loc 1 33 0
  94 0022 0B48     		ldr	r0, .L11+4
  95 0024 FFF7FEFF 		bl	UART_1_PutString
  96              	.LVL7:
  34:main.c        ****         UART_1_PutString("Tryk s for update, 0 for slukke LED, og 1 for taend LED\n\r");   
  97              		.loc 1 34 0
  98 0028 0A48     		ldr	r0, .L11+8
  99 002a FFF7FEFF 		bl	UART_1_PutString
 100              	.LVL8:
  35:main.c        ****         break;
 101              		.loc 1 35 0
 102 002e 10BD     		pop	{r4, pc}
 103              	.LVL9:
 104              	.L9:
  36:main.c        ****         
  37:main.c        ****         case '0':
  38:main.c        ****         setData_SPI(0x00);
 105              		.loc 1 38 0
 106 0030 0020     		movs	r0, #0
 107 0032 FFF7FEFF 		bl	setData_SPI
 108              	.LVL10:
  39:main.c        ****         UART_1_PutString("LED slukket\n\r");
 109              		.loc 1 39 0
 110 0036 0848     		ldr	r0, .L11+12
 111 0038 FFF7FEFF 		bl	UART_1_PutString
 112              	.LVL11:
  40:main.c        ****         UART_1_PutString("Tryk s for update, 0 for slukke LED, og 1 for taend LED\n\r");   
 113              		.loc 1 40 0
 114 003c 0548     		ldr	r0, .L11+8
 115 003e FFF7FEFF 		bl	UART_1_PutString
 116              	.LVL12:
  41:main.c        ****         break;
 117              		.loc 1 41 0
 118 0042 10BD     		pop	{r4, pc}
 119              	.LVL13:
 120              	.L8:
  42:main.c        ****         
  43:main.c        ****         case 's':
  44:main.c        ****         print();
 121              		.loc 1 44 0
 122 0044 FFF7FEFF 		bl	print
 123              	.LVL14:
 124              	.L5:
 125 0048 10BD     		pop	{r4, pc}
 126              	.LVL15:
ARM GAS  C:\Users\rgram\AppData\Local\Temp\ccLOxq3E.s 			page 4


 127              	.L12:
 128 004a 00BF     		.align	2
 129              	.L11:
 130 004c 00000000 		.word	.LC0
 131 0050 08000000 		.word	.LC1
 132 0054 18000000 		.word	.LC2
 133 0058 54000000 		.word	.LC3
 134              		.cfi_endproc
 135              	.LFE65:
 136              		.size	UART_RX_ISR, .-UART_RX_ISR
 137              		.section	.text.main,"ax",%progbits
 138              		.align	2
 139              		.global	main
 140              		.thumb
 141              		.thumb_func
 142              		.type	main, %function
 143              	main:
 144              	.LFB66:
  45:main.c        ****         break;
  46:main.c        ****     }
  47:main.c        **** }
  48:main.c        **** 
  49:main.c        **** int main(void)
  50:main.c        **** {
 145              		.loc 1 50 0
 146              		.cfi_startproc
 147              		@ Volatile: function does not return.
 148              		@ args = 0, pretend = 0, frame = 0
 149              		@ frame_needed = 0, uses_anonymous_args = 0
 150 0000 08B5     		push	{r3, lr}
 151              		.cfi_def_cfa_offset 8
 152              		.cfi_offset 3, -8
 153              		.cfi_offset 14, -4
  51:main.c        ****     CyGlobalIntEnable; /* Enable global interrupts. */
 154              		.loc 1 51 0
 155              		.syntax unified
 156              	@ 51 "main.c" 1
 157 0002 62B6     		CPSIE   i
 158              	@ 0 "" 2
  52:main.c        ****     SPI_RX_ISR_StartEx(SPI_RX_ISR);
 159              		.loc 1 52 0
 160              		.thumb
 161              		.syntax unified
 162 0004 0748     		ldr	r0, .L16
 163 0006 FFF7FEFF 		bl	SPI_RX_ISR_StartEx
 164              	.LVL16:
  53:main.c        ****     UART_RX_ISR_StartEx(UART_RX_ISR);
 165              		.loc 1 53 0
 166 000a 0748     		ldr	r0, .L16+4
 167 000c FFF7FEFF 		bl	UART_RX_ISR_StartEx
 168              	.LVL17:
  54:main.c        ****     UART_1_Start();
 169              		.loc 1 54 0
 170 0010 FFF7FEFF 		bl	UART_1_Start
 171              	.LVL18:
  55:main.c        ****     SPIM_1_Start();
 172              		.loc 1 55 0
ARM GAS  C:\Users\rgram\AppData\Local\Temp\ccLOxq3E.s 			page 5


 173 0014 FFF7FEFF 		bl	SPIM_1_Start
 174              	.LVL19:
 175              	.L14:
  56:main.c        ****         
  57:main.c        **** 
  58:main.c        ****     /* Place your initialization/startup code here (e.g. MyInst_Start()) */
  59:main.c        ****     for(;;)
  60:main.c        ****     {
  61:main.c        ****         /* Place your application code here. */
  62:main.c        ****         requestStatus();
 176              		.loc 1 62 0 discriminator 1
 177 0018 FFF7FEFF 		bl	requestStatus
 178              	.LVL20:
  63:main.c        ****         CyDelay(100);
 179              		.loc 1 63 0 discriminator 1
 180 001c 6420     		movs	r0, #100
 181 001e FFF7FEFF 		bl	CyDelay
 182              	.LVL21:
 183 0022 F9E7     		b	.L14
 184              	.L17:
 185              		.align	2
 186              	.L16:
 187 0024 00000000 		.word	SPI_RX_ISR
 188 0028 00000000 		.word	UART_RX_ISR
 189              		.cfi_endproc
 190              	.LFE66:
 191              		.size	main, .-main
 192              		.section	.rodata.str1.4,"aMS",%progbits,1
 193              		.align	2
 194              	.LC0:
 195 0000 1B5B324A 		.ascii	"\033[2J\000"
 195      00
 196 0005 000000   		.space	3
 197              	.LC1:
 198 0008 4C454420 		.ascii	"LED taendt\012\015\000"
 198      7461656E 
 198      64740A0D 
 198      00
 199 0015 000000   		.space	3
 200              	.LC2:
 201 0018 5472796B 		.ascii	"Tryk s for update, 0 for slukke LED, og 1 for taend"
 201      20732066 
 201      6F722075 
 201      70646174 
 201      652C2030 
 202 004b 204C4544 		.ascii	" LED\012\015\000"
 202      0A0D00
 203 0052 0000     		.space	2
 204              	.LC3:
 205 0054 4C454420 		.ascii	"LED slukket\012\015\000"
 205      736C756B 
 205      6B65740A 
 205      0D00
 206              		.text
 207              	.Letext0:
 208              		.file 2 "c:\\program files (x86)\\cypress\\psoc creator\\4.4\\psoc creator\\import\\gnu\\arm\\5.4.
 209              		.file 3 "c:\\program files (x86)\\cypress\\psoc creator\\4.4\\psoc creator\\import\\gnu\\arm\\5.4.
ARM GAS  C:\Users\rgram\AppData\Local\Temp\ccLOxq3E.s 			page 6


 210              		.file 4 "Generated_Source\\PSoC5/cytypes.h"
 211              		.file 5 "Generated_Source\\PSoC5/SPIM_1.h"
 212              		.file 6 "Terminal.h"
 213              		.file 7 "Generated_Source\\PSoC5/UART_1.h"
 214              		.file 8 "SPI_Master.h"
 215              		.file 9 "Generated_Source\\PSoC5/SPI_RX_ISR.h"
 216              		.file 10 "Generated_Source\\PSoC5/UART_RX_ISR.h"
 217              		.file 11 "Generated_Source\\PSoC5/CyLib.h"
 218              		.file 12 "Generated_Source\\PSoC5/core_cm3.h"
 219              		.section	.debug_info,"",%progbits
 220              	.Ldebug_info0:
 221 0000 C2020000 		.4byte	0x2c2
 222 0004 0400     		.2byte	0x4
 223 0006 00000000 		.4byte	.Ldebug_abbrev0
 224 000a 04       		.byte	0x4
 225 000b 01       		.uleb128 0x1
 226 000c A8000000 		.4byte	.LASF32
 227 0010 0C       		.byte	0xc
 228 0011 03020000 		.4byte	.LASF33
 229 0015 00000000 		.4byte	.LASF34
 230 0019 00000000 		.4byte	.Ldebug_ranges0+0
 231 001d 00000000 		.4byte	0
 232 0021 00000000 		.4byte	.Ldebug_line0
 233 0025 02       		.uleb128 0x2
 234 0026 01       		.byte	0x1
 235 0027 06       		.byte	0x6
 236 0028 6A020000 		.4byte	.LASF0
 237 002c 02       		.uleb128 0x2
 238 002d 01       		.byte	0x1
 239 002e 08       		.byte	0x8
 240 002f 9A000000 		.4byte	.LASF1
 241 0033 02       		.uleb128 0x2
 242 0034 02       		.byte	0x2
 243 0035 05       		.byte	0x5
 244 0036 3A020000 		.4byte	.LASF2
 245 003a 02       		.uleb128 0x2
 246 003b 02       		.byte	0x2
 247 003c 07       		.byte	0x7
 248 003d 6E000000 		.4byte	.LASF3
 249 0041 03       		.uleb128 0x3
 250 0042 64000000 		.4byte	.LASF9
 251 0046 02       		.byte	0x2
 252 0047 3F       		.byte	0x3f
 253 0048 4C000000 		.4byte	0x4c
 254 004c 02       		.uleb128 0x2
 255 004d 04       		.byte	0x4
 256 004e 05       		.byte	0x5
 257 004f 4A020000 		.4byte	.LASF4
 258 0053 02       		.uleb128 0x2
 259 0054 04       		.byte	0x4
 260 0055 07       		.byte	0x7
 261 0056 36010000 		.4byte	.LASF5
 262 005a 02       		.uleb128 0x2
 263 005b 08       		.byte	0x8
 264 005c 05       		.byte	0x5
 265 005d F5010000 		.4byte	.LASF6
 266 0061 02       		.uleb128 0x2
ARM GAS  C:\Users\rgram\AppData\Local\Temp\ccLOxq3E.s 			page 7


 267 0062 08       		.byte	0x8
 268 0063 07       		.byte	0x7
 269 0064 CD010000 		.4byte	.LASF7
 270 0068 04       		.uleb128 0x4
 271 0069 04       		.byte	0x4
 272 006a 05       		.byte	0x5
 273 006b 696E7400 		.ascii	"int\000"
 274 006f 02       		.uleb128 0x2
 275 0070 04       		.byte	0x4
 276 0071 07       		.byte	0x7
 277 0072 9F010000 		.4byte	.LASF8
 278 0076 03       		.uleb128 0x3
 279 0077 E4010000 		.4byte	.LASF10
 280 007b 03       		.byte	0x3
 281 007c 2C       		.byte	0x2c
 282 007d 41000000 		.4byte	0x41
 283 0081 05       		.uleb128 0x5
 284 0082 44020000 		.4byte	.LASF11
 285 0086 04       		.byte	0x4
 286 0087 E801     		.2byte	0x1e8
 287 0089 2C000000 		.4byte	0x2c
 288 008d 02       		.uleb128 0x2
 289 008e 04       		.byte	0x4
 290 008f 04       		.byte	0x4
 291 0090 8F000000 		.4byte	.LASF12
 292 0094 02       		.uleb128 0x2
 293 0095 08       		.byte	0x8
 294 0096 04       		.byte	0x4
 295 0097 87010000 		.4byte	.LASF13
 296 009b 02       		.uleb128 0x2
 297 009c 01       		.byte	0x1
 298 009d 08       		.byte	0x8
 299 009e 0A020000 		.4byte	.LASF14
 300 00a2 02       		.uleb128 0x2
 301 00a3 08       		.byte	0x8
 302 00a4 04       		.byte	0x4
 303 00a5 53020000 		.4byte	.LASF15
 304 00a9 02       		.uleb128 0x2
 305 00aa 04       		.byte	0x4
 306 00ab 07       		.byte	0x7
 307 00ac EC010000 		.4byte	.LASF16
 308 00b0 06       		.uleb128 0x6
 309 00b1 5F020000 		.4byte	.LASF17
 310 00b5 01       		.byte	0x1
 311 00b6 12       		.byte	0x12
 312 00b7 00000000 		.4byte	.LFB64
 313 00bb 18000000 		.4byte	.LFE64-.LFB64
 314 00bf 01       		.uleb128 0x1
 315 00c0 9C       		.byte	0x9c
 316 00c1 E1000000 		.4byte	0xe1
 317 00c5 07       		.uleb128 0x7
 318 00c6 08000000 		.4byte	.LVL0
 319 00ca 36020000 		.4byte	0x236
 320 00ce 07       		.uleb128 0x7
 321 00cf 0C000000 		.4byte	.LVL1
 322 00d3 41020000 		.4byte	0x241
 323 00d7 07       		.uleb128 0x7
ARM GAS  C:\Users\rgram\AppData\Local\Temp\ccLOxq3E.s 			page 8


 324 00d8 10000000 		.4byte	.LVL2
 325 00dc 4C020000 		.4byte	0x24c
 326 00e0 00       		.byte	0
 327 00e1 06       		.uleb128 0x6
 328 00e2 93010000 		.4byte	.LASF18
 329 00e6 01       		.byte	0x1
 330 00e7 18       		.byte	0x18
 331 00e8 00000000 		.4byte	.LFB65
 332 00ec 5C000000 		.4byte	.LFE65-.LFB65
 333 00f0 01       		.uleb128 0x1
 334 00f1 9C       		.byte	0x9c
 335 00f2 B2010000 		.4byte	0x1b2
 336 00f6 08       		.uleb128 0x8
 337 00f7 95000000 		.4byte	.LASF35
 338 00fb 01       		.byte	0x1
 339 00fc 1A       		.byte	0x1a
 340 00fd 9B000000 		.4byte	0x9b
 341 0101 00000000 		.4byte	.LLST0
 342 0105 07       		.uleb128 0x7
 343 0106 06000000 		.4byte	.LVL3
 344 010a 57020000 		.4byte	0x257
 345 010e 09       		.uleb128 0x9
 346 010f 0E000000 		.4byte	.LVL5
 347 0113 62020000 		.4byte	0x262
 348 0117 25010000 		.4byte	0x125
 349 011b 0A       		.uleb128 0xa
 350 011c 01       		.uleb128 0x1
 351 011d 50       		.byte	0x50
 352 011e 05       		.uleb128 0x5
 353 011f 03       		.byte	0x3
 354 0120 00000000 		.4byte	.LC0
 355 0124 00       		.byte	0
 356 0125 09       		.uleb128 0x9
 357 0126 22000000 		.4byte	.LVL6
 358 012a 6D020000 		.4byte	0x26d
 359 012e 39010000 		.4byte	0x139
 360 0132 0A       		.uleb128 0xa
 361 0133 01       		.uleb128 0x1
 362 0134 50       		.byte	0x50
 363 0135 02       		.uleb128 0x2
 364 0136 09       		.byte	0x9
 365 0137 80       		.byte	0x80
 366 0138 00       		.byte	0
 367 0139 09       		.uleb128 0x9
 368 013a 28000000 		.4byte	.LVL7
 369 013e 62020000 		.4byte	0x262
 370 0142 50010000 		.4byte	0x150
 371 0146 0A       		.uleb128 0xa
 372 0147 01       		.uleb128 0x1
 373 0148 50       		.byte	0x50
 374 0149 05       		.uleb128 0x5
 375 014a 03       		.byte	0x3
 376 014b 08000000 		.4byte	.LC1
 377 014f 00       		.byte	0
 378 0150 09       		.uleb128 0x9
 379 0151 2E000000 		.4byte	.LVL8
 380 0155 62020000 		.4byte	0x262
ARM GAS  C:\Users\rgram\AppData\Local\Temp\ccLOxq3E.s 			page 9


 381 0159 67010000 		.4byte	0x167
 382 015d 0A       		.uleb128 0xa
 383 015e 01       		.uleb128 0x1
 384 015f 50       		.byte	0x50
 385 0160 05       		.uleb128 0x5
 386 0161 03       		.byte	0x3
 387 0162 18000000 		.4byte	.LC2
 388 0166 00       		.byte	0
 389 0167 09       		.uleb128 0x9
 390 0168 36000000 		.4byte	.LVL10
 391 016c 6D020000 		.4byte	0x26d
 392 0170 7A010000 		.4byte	0x17a
 393 0174 0A       		.uleb128 0xa
 394 0175 01       		.uleb128 0x1
 395 0176 50       		.byte	0x50
 396 0177 01       		.uleb128 0x1
 397 0178 30       		.byte	0x30
 398 0179 00       		.byte	0
 399 017a 09       		.uleb128 0x9
 400 017b 3C000000 		.4byte	.LVL11
 401 017f 62020000 		.4byte	0x262
 402 0183 91010000 		.4byte	0x191
 403 0187 0A       		.uleb128 0xa
 404 0188 01       		.uleb128 0x1
 405 0189 50       		.byte	0x50
 406 018a 05       		.uleb128 0x5
 407 018b 03       		.byte	0x3
 408 018c 54000000 		.4byte	.LC3
 409 0190 00       		.byte	0
 410 0191 09       		.uleb128 0x9
 411 0192 42000000 		.4byte	.LVL12
 412 0196 62020000 		.4byte	0x262
 413 019a A8010000 		.4byte	0x1a8
 414 019e 0A       		.uleb128 0xa
 415 019f 01       		.uleb128 0x1
 416 01a0 50       		.byte	0x50
 417 01a1 05       		.uleb128 0x5
 418 01a2 03       		.byte	0x3
 419 01a3 18000000 		.4byte	.LC2
 420 01a7 00       		.byte	0
 421 01a8 07       		.uleb128 0x7
 422 01a9 48000000 		.4byte	.LVL14
 423 01ad 78020000 		.4byte	0x278
 424 01b1 00       		.byte	0
 425 01b2 0B       		.uleb128 0xb
 426 01b3 8E010000 		.4byte	.LASF36
 427 01b7 01       		.byte	0x1
 428 01b8 31       		.byte	0x31
 429 01b9 68000000 		.4byte	0x68
 430 01bd 00000000 		.4byte	.LFB66
 431 01c1 2C000000 		.4byte	.LFE66-.LFB66
 432 01c5 01       		.uleb128 0x1
 433 01c6 9C       		.byte	0x9c
 434 01c7 25020000 		.4byte	0x225
 435 01cb 09       		.uleb128 0x9
 436 01cc 0A000000 		.4byte	.LVL16
 437 01d0 83020000 		.4byte	0x283
ARM GAS  C:\Users\rgram\AppData\Local\Temp\ccLOxq3E.s 			page 10


 438 01d4 E2010000 		.4byte	0x1e2
 439 01d8 0A       		.uleb128 0xa
 440 01d9 01       		.uleb128 0x1
 441 01da 50       		.byte	0x50
 442 01db 05       		.uleb128 0x5
 443 01dc 03       		.byte	0x3
 444 01dd 00000000 		.4byte	SPI_RX_ISR
 445 01e1 00       		.byte	0
 446 01e2 09       		.uleb128 0x9
 447 01e3 10000000 		.4byte	.LVL17
 448 01e7 8E020000 		.4byte	0x28e
 449 01eb F9010000 		.4byte	0x1f9
 450 01ef 0A       		.uleb128 0xa
 451 01f0 01       		.uleb128 0x1
 452 01f1 50       		.byte	0x50
 453 01f2 05       		.uleb128 0x5
 454 01f3 03       		.byte	0x3
 455 01f4 00000000 		.4byte	UART_RX_ISR
 456 01f8 00       		.byte	0
 457 01f9 07       		.uleb128 0x7
 458 01fa 14000000 		.4byte	.LVL18
 459 01fe 99020000 		.4byte	0x299
 460 0202 07       		.uleb128 0x7
 461 0203 18000000 		.4byte	.LVL19
 462 0207 A4020000 		.4byte	0x2a4
 463 020b 07       		.uleb128 0x7
 464 020c 1C000000 		.4byte	.LVL20
 465 0210 AF020000 		.4byte	0x2af
 466 0214 0C       		.uleb128 0xc
 467 0215 22000000 		.4byte	.LVL21
 468 0219 BA020000 		.4byte	0x2ba
 469 021d 0A       		.uleb128 0xa
 470 021e 01       		.uleb128 0x1
 471 021f 50       		.byte	0x50
 472 0220 02       		.uleb128 0x2
 473 0221 08       		.byte	0x8
 474 0222 64       		.byte	0x64
 475 0223 00       		.byte	0
 476 0224 00       		.byte	0
 477 0225 0D       		.uleb128 0xd
 478 0226 6E010000 		.4byte	.LASF37
 479 022a 0C       		.byte	0xc
 480 022b 1207     		.2byte	0x712
 481 022d 31020000 		.4byte	0x231
 482 0231 0E       		.uleb128 0xe
 483 0232 76000000 		.4byte	0x76
 484 0236 0F       		.uleb128 0xf
 485 0237 28020000 		.4byte	.LASF19
 486 023b 28020000 		.4byte	.LASF19
 487 023f 05       		.byte	0x5
 488 0240 60       		.byte	0x60
 489 0241 0F       		.uleb128 0xf
 490 0242 AC010000 		.4byte	.LASF20
 491 0246 AC010000 		.4byte	.LASF20
 492 024a 06       		.byte	0x6
 493 024b 10       		.byte	0x10
 494 024c 0F       		.uleb128 0xf
ARM GAS  C:\Users\rgram\AppData\Local\Temp\ccLOxq3E.s 			page 11


 495 024d B9010000 		.4byte	.LASF21
 496 0251 B9010000 		.4byte	.LASF21
 497 0255 05       		.byte	0x5
 498 0256 5D       		.byte	0x5d
 499 0257 0F       		.uleb128 0xf
 500 0258 48010000 		.4byte	.LASF22
 501 025c 48010000 		.4byte	.LASF22
 502 0260 07       		.byte	0x7
 503 0261 6F       		.byte	0x6f
 504 0262 0F       		.uleb128 0xf
 505 0263 76020000 		.4byte	.LASF23
 506 0267 76020000 		.4byte	.LASF23
 507 026b 07       		.byte	0x7
 508 026c 8B       		.byte	0x8b
 509 026d 0F       		.uleb128 0xf
 510 026e 7B010000 		.4byte	.LASF24
 511 0272 7B010000 		.4byte	.LASF24
 512 0276 08       		.byte	0x8
 513 0277 0F       		.byte	0xf
 514 0278 0F       		.uleb128 0xf
 515 0279 0F020000 		.4byte	.LASF25
 516 027d 0F020000 		.4byte	.LASF25
 517 0281 06       		.byte	0x6
 518 0282 0F       		.byte	0xf
 519 0283 0F       		.uleb128 0xf
 520 0284 15020000 		.4byte	.LASF26
 521 0288 15020000 		.4byte	.LASF26
 522 028c 09       		.byte	0x9
 523 028d 18       		.byte	0x18
 524 028e 0F       		.uleb128 0xf
 525 028f 5A010000 		.4byte	.LASF27
 526 0293 5A010000 		.4byte	.LASF27
 527 0297 0A       		.byte	0xa
 528 0298 18       		.byte	0x18
 529 0299 0F       		.uleb128 0xf
 530 029a 4A000000 		.4byte	.LASF28
 531 029e 4A000000 		.4byte	.LASF28
 532 02a2 07       		.byte	0x7
 533 02a3 54       		.byte	0x54
 534 02a4 0F       		.uleb128 0xf
 535 02a5 57000000 		.4byte	.LASF29
 536 02a9 57000000 		.4byte	.LASF29
 537 02ad 05       		.byte	0x5
 538 02ae 4D       		.byte	0x4d
 539 02af 0F       		.uleb128 0xf
 540 02b0 81000000 		.4byte	.LASF30
 541 02b4 81000000 		.4byte	.LASF30
 542 02b8 08       		.byte	0x8
 543 02b9 0E       		.byte	0xe
 544 02ba 0F       		.uleb128 0xf
 545 02bb 87020000 		.4byte	.LASF31
 546 02bf 87020000 		.4byte	.LASF31
 547 02c3 0B       		.byte	0xb
 548 02c4 76       		.byte	0x76
 549 02c5 00       		.byte	0
 550              		.section	.debug_abbrev,"",%progbits
 551              	.Ldebug_abbrev0:
ARM GAS  C:\Users\rgram\AppData\Local\Temp\ccLOxq3E.s 			page 12


 552 0000 01       		.uleb128 0x1
 553 0001 11       		.uleb128 0x11
 554 0002 01       		.byte	0x1
 555 0003 25       		.uleb128 0x25
 556 0004 0E       		.uleb128 0xe
 557 0005 13       		.uleb128 0x13
 558 0006 0B       		.uleb128 0xb
 559 0007 03       		.uleb128 0x3
 560 0008 0E       		.uleb128 0xe
 561 0009 1B       		.uleb128 0x1b
 562 000a 0E       		.uleb128 0xe
 563 000b 55       		.uleb128 0x55
 564 000c 17       		.uleb128 0x17
 565 000d 11       		.uleb128 0x11
 566 000e 01       		.uleb128 0x1
 567 000f 10       		.uleb128 0x10
 568 0010 17       		.uleb128 0x17
 569 0011 00       		.byte	0
 570 0012 00       		.byte	0
 571 0013 02       		.uleb128 0x2
 572 0014 24       		.uleb128 0x24
 573 0015 00       		.byte	0
 574 0016 0B       		.uleb128 0xb
 575 0017 0B       		.uleb128 0xb
 576 0018 3E       		.uleb128 0x3e
 577 0019 0B       		.uleb128 0xb
 578 001a 03       		.uleb128 0x3
 579 001b 0E       		.uleb128 0xe
 580 001c 00       		.byte	0
 581 001d 00       		.byte	0
 582 001e 03       		.uleb128 0x3
 583 001f 16       		.uleb128 0x16
 584 0020 00       		.byte	0
 585 0021 03       		.uleb128 0x3
 586 0022 0E       		.uleb128 0xe
 587 0023 3A       		.uleb128 0x3a
 588 0024 0B       		.uleb128 0xb
 589 0025 3B       		.uleb128 0x3b
 590 0026 0B       		.uleb128 0xb
 591 0027 49       		.uleb128 0x49
 592 0028 13       		.uleb128 0x13
 593 0029 00       		.byte	0
 594 002a 00       		.byte	0
 595 002b 04       		.uleb128 0x4
 596 002c 24       		.uleb128 0x24
 597 002d 00       		.byte	0
 598 002e 0B       		.uleb128 0xb
 599 002f 0B       		.uleb128 0xb
 600 0030 3E       		.uleb128 0x3e
 601 0031 0B       		.uleb128 0xb
 602 0032 03       		.uleb128 0x3
 603 0033 08       		.uleb128 0x8
 604 0034 00       		.byte	0
 605 0035 00       		.byte	0
 606 0036 05       		.uleb128 0x5
 607 0037 16       		.uleb128 0x16
 608 0038 00       		.byte	0
ARM GAS  C:\Users\rgram\AppData\Local\Temp\ccLOxq3E.s 			page 13


 609 0039 03       		.uleb128 0x3
 610 003a 0E       		.uleb128 0xe
 611 003b 3A       		.uleb128 0x3a
 612 003c 0B       		.uleb128 0xb
 613 003d 3B       		.uleb128 0x3b
 614 003e 05       		.uleb128 0x5
 615 003f 49       		.uleb128 0x49
 616 0040 13       		.uleb128 0x13
 617 0041 00       		.byte	0
 618 0042 00       		.byte	0
 619 0043 06       		.uleb128 0x6
 620 0044 2E       		.uleb128 0x2e
 621 0045 01       		.byte	0x1
 622 0046 3F       		.uleb128 0x3f
 623 0047 19       		.uleb128 0x19
 624 0048 03       		.uleb128 0x3
 625 0049 0E       		.uleb128 0xe
 626 004a 3A       		.uleb128 0x3a
 627 004b 0B       		.uleb128 0xb
 628 004c 3B       		.uleb128 0x3b
 629 004d 0B       		.uleb128 0xb
 630 004e 27       		.uleb128 0x27
 631 004f 19       		.uleb128 0x19
 632 0050 11       		.uleb128 0x11
 633 0051 01       		.uleb128 0x1
 634 0052 12       		.uleb128 0x12
 635 0053 06       		.uleb128 0x6
 636 0054 40       		.uleb128 0x40
 637 0055 18       		.uleb128 0x18
 638 0056 9742     		.uleb128 0x2117
 639 0058 19       		.uleb128 0x19
 640 0059 01       		.uleb128 0x1
 641 005a 13       		.uleb128 0x13
 642 005b 00       		.byte	0
 643 005c 00       		.byte	0
 644 005d 07       		.uleb128 0x7
 645 005e 898201   		.uleb128 0x4109
 646 0061 00       		.byte	0
 647 0062 11       		.uleb128 0x11
 648 0063 01       		.uleb128 0x1
 649 0064 31       		.uleb128 0x31
 650 0065 13       		.uleb128 0x13
 651 0066 00       		.byte	0
 652 0067 00       		.byte	0
 653 0068 08       		.uleb128 0x8
 654 0069 34       		.uleb128 0x34
 655 006a 00       		.byte	0
 656 006b 03       		.uleb128 0x3
 657 006c 0E       		.uleb128 0xe
 658 006d 3A       		.uleb128 0x3a
 659 006e 0B       		.uleb128 0xb
 660 006f 3B       		.uleb128 0x3b
 661 0070 0B       		.uleb128 0xb
 662 0071 49       		.uleb128 0x49
 663 0072 13       		.uleb128 0x13
 664 0073 02       		.uleb128 0x2
 665 0074 17       		.uleb128 0x17
ARM GAS  C:\Users\rgram\AppData\Local\Temp\ccLOxq3E.s 			page 14


 666 0075 00       		.byte	0
 667 0076 00       		.byte	0
 668 0077 09       		.uleb128 0x9
 669 0078 898201   		.uleb128 0x4109
 670 007b 01       		.byte	0x1
 671 007c 11       		.uleb128 0x11
 672 007d 01       		.uleb128 0x1
 673 007e 31       		.uleb128 0x31
 674 007f 13       		.uleb128 0x13
 675 0080 01       		.uleb128 0x1
 676 0081 13       		.uleb128 0x13
 677 0082 00       		.byte	0
 678 0083 00       		.byte	0
 679 0084 0A       		.uleb128 0xa
 680 0085 8A8201   		.uleb128 0x410a
 681 0088 00       		.byte	0
 682 0089 02       		.uleb128 0x2
 683 008a 18       		.uleb128 0x18
 684 008b 9142     		.uleb128 0x2111
 685 008d 18       		.uleb128 0x18
 686 008e 00       		.byte	0
 687 008f 00       		.byte	0
 688 0090 0B       		.uleb128 0xb
 689 0091 2E       		.uleb128 0x2e
 690 0092 01       		.byte	0x1
 691 0093 3F       		.uleb128 0x3f
 692 0094 19       		.uleb128 0x19
 693 0095 03       		.uleb128 0x3
 694 0096 0E       		.uleb128 0xe
 695 0097 3A       		.uleb128 0x3a
 696 0098 0B       		.uleb128 0xb
 697 0099 3B       		.uleb128 0x3b
 698 009a 0B       		.uleb128 0xb
 699 009b 27       		.uleb128 0x27
 700 009c 19       		.uleb128 0x19
 701 009d 49       		.uleb128 0x49
 702 009e 13       		.uleb128 0x13
 703 009f 8701     		.uleb128 0x87
 704 00a1 19       		.uleb128 0x19
 705 00a2 11       		.uleb128 0x11
 706 00a3 01       		.uleb128 0x1
 707 00a4 12       		.uleb128 0x12
 708 00a5 06       		.uleb128 0x6
 709 00a6 40       		.uleb128 0x40
 710 00a7 18       		.uleb128 0x18
 711 00a8 9742     		.uleb128 0x2117
 712 00aa 19       		.uleb128 0x19
 713 00ab 01       		.uleb128 0x1
 714 00ac 13       		.uleb128 0x13
 715 00ad 00       		.byte	0
 716 00ae 00       		.byte	0
 717 00af 0C       		.uleb128 0xc
 718 00b0 898201   		.uleb128 0x4109
 719 00b3 01       		.byte	0x1
 720 00b4 11       		.uleb128 0x11
 721 00b5 01       		.uleb128 0x1
 722 00b6 31       		.uleb128 0x31
ARM GAS  C:\Users\rgram\AppData\Local\Temp\ccLOxq3E.s 			page 15


 723 00b7 13       		.uleb128 0x13
 724 00b8 00       		.byte	0
 725 00b9 00       		.byte	0
 726 00ba 0D       		.uleb128 0xd
 727 00bb 34       		.uleb128 0x34
 728 00bc 00       		.byte	0
 729 00bd 03       		.uleb128 0x3
 730 00be 0E       		.uleb128 0xe
 731 00bf 3A       		.uleb128 0x3a
 732 00c0 0B       		.uleb128 0xb
 733 00c1 3B       		.uleb128 0x3b
 734 00c2 05       		.uleb128 0x5
 735 00c3 49       		.uleb128 0x49
 736 00c4 13       		.uleb128 0x13
 737 00c5 3F       		.uleb128 0x3f
 738 00c6 19       		.uleb128 0x19
 739 00c7 3C       		.uleb128 0x3c
 740 00c8 19       		.uleb128 0x19
 741 00c9 00       		.byte	0
 742 00ca 00       		.byte	0
 743 00cb 0E       		.uleb128 0xe
 744 00cc 35       		.uleb128 0x35
 745 00cd 00       		.byte	0
 746 00ce 49       		.uleb128 0x49
 747 00cf 13       		.uleb128 0x13
 748 00d0 00       		.byte	0
 749 00d1 00       		.byte	0
 750 00d2 0F       		.uleb128 0xf
 751 00d3 2E       		.uleb128 0x2e
 752 00d4 00       		.byte	0
 753 00d5 3F       		.uleb128 0x3f
 754 00d6 19       		.uleb128 0x19
 755 00d7 3C       		.uleb128 0x3c
 756 00d8 19       		.uleb128 0x19
 757 00d9 6E       		.uleb128 0x6e
 758 00da 0E       		.uleb128 0xe
 759 00db 03       		.uleb128 0x3
 760 00dc 0E       		.uleb128 0xe
 761 00dd 3A       		.uleb128 0x3a
 762 00de 0B       		.uleb128 0xb
 763 00df 3B       		.uleb128 0x3b
 764 00e0 0B       		.uleb128 0xb
 765 00e1 00       		.byte	0
 766 00e2 00       		.byte	0
 767 00e3 00       		.byte	0
 768              		.section	.debug_loc,"",%progbits
 769              	.Ldebug_loc0:
 770              	.LLST0:
 771 0000 08000000 		.4byte	.LVL4
 772 0004 4A000000 		.4byte	.LVL15
 773 0008 0100     		.2byte	0x1
 774 000a 54       		.byte	0x54
 775 000b 00000000 		.4byte	0
 776 000f 00000000 		.4byte	0
 777              		.section	.debug_aranges,"",%progbits
 778 0000 2C000000 		.4byte	0x2c
 779 0004 0200     		.2byte	0x2
ARM GAS  C:\Users\rgram\AppData\Local\Temp\ccLOxq3E.s 			page 16


 780 0006 00000000 		.4byte	.Ldebug_info0
 781 000a 04       		.byte	0x4
 782 000b 00       		.byte	0
 783 000c 0000     		.2byte	0
 784 000e 0000     		.2byte	0
 785 0010 00000000 		.4byte	.LFB64
 786 0014 18000000 		.4byte	.LFE64-.LFB64
 787 0018 00000000 		.4byte	.LFB65
 788 001c 5C000000 		.4byte	.LFE65-.LFB65
 789 0020 00000000 		.4byte	.LFB66
 790 0024 2C000000 		.4byte	.LFE66-.LFB66
 791 0028 00000000 		.4byte	0
 792 002c 00000000 		.4byte	0
 793              		.section	.debug_ranges,"",%progbits
 794              	.Ldebug_ranges0:
 795 0000 00000000 		.4byte	.LFB64
 796 0004 18000000 		.4byte	.LFE64
 797 0008 00000000 		.4byte	.LFB65
 798 000c 5C000000 		.4byte	.LFE65
 799 0010 00000000 		.4byte	.LFB66
 800 0014 2C000000 		.4byte	.LFE66
 801 0018 00000000 		.4byte	0
 802 001c 00000000 		.4byte	0
 803              		.section	.debug_line,"",%progbits
 804              	.Ldebug_line0:
 805 0000 00020000 		.section	.debug_str,"MS",%progbits,1
 805      0200AE01 
 805      00000201 
 805      FB0E0D00 
 805      01010101 
 806              	.LASF34:
 807 0000 433A5C55 		.ascii	"C:\\Users\\rgram\\Documents\\GitHub\\GFV_Oevelse2\\"
 807      73657273 
 807      5C726772 
 807      616D5C44 
 807      6F63756D 
 808 002d 576F726B 		.ascii	"Workspace01\\SPI_Master.cydsn\000"
 808      73706163 
 808      6530315C 
 808      5350495F 
 808      4D617374 
 809              	.LASF28:
 810 004a 55415254 		.ascii	"UART_1_Start\000"
 810      5F315F53 
 810      74617274 
 810      00
 811              	.LASF29:
 812 0057 5350494D 		.ascii	"SPIM_1_Start\000"
 812      5F315F53 
 812      74617274 
 812      00
 813              	.LASF9:
 814 0064 5F5F696E 		.ascii	"__int32_t\000"
 814      7433325F 
 814      7400
 815              	.LASF3:
 816 006e 73686F72 		.ascii	"short unsigned int\000"
ARM GAS  C:\Users\rgram\AppData\Local\Temp\ccLOxq3E.s 			page 17


 816      7420756E 
 816      7369676E 
 816      65642069 
 816      6E7400
 817              	.LASF30:
 818 0081 72657175 		.ascii	"requestStatus\000"
 818      65737453 
 818      74617475 
 818      7300
 819              	.LASF12:
 820 008f 666C6F61 		.ascii	"float\000"
 820      7400
 821              	.LASF35:
 822 0095 64617461 		.ascii	"data\000"
 822      00
 823              	.LASF1:
 824 009a 756E7369 		.ascii	"unsigned char\000"
 824      676E6564 
 824      20636861 
 824      7200
 825              	.LASF32:
 826 00a8 474E5520 		.ascii	"GNU C11 5.4.1 20160609 (release) [ARM/embedded-5-br"
 826      43313120 
 826      352E342E 
 826      31203230 
 826      31363036 
 827 00db 616E6368 		.ascii	"anch revision 237715] -mcpu=cortex-m3 -mthumb -g -O"
 827      20726576 
 827      6973696F 
 827      6E203233 
 827      37373135 
 828 010e 67202D66 		.ascii	"g -ffunction-sections -ffat-lto-objects\000"
 828      66756E63 
 828      74696F6E 
 828      2D736563 
 828      74696F6E 
 829              	.LASF5:
 830 0136 6C6F6E67 		.ascii	"long unsigned int\000"
 830      20756E73 
 830      69676E65 
 830      6420696E 
 830      7400
 831              	.LASF22:
 832 0148 55415254 		.ascii	"UART_1_ReadRxData\000"
 832      5F315F52 
 832      65616452 
 832      78446174 
 832      6100
 833              	.LASF27:
 834 015a 55415254 		.ascii	"UART_RX_ISR_StartEx\000"
 834      5F52585F 
 834      4953525F 
 834      53746172 
 834      74457800 
 835              	.LASF37:
 836 016e 49544D5F 		.ascii	"ITM_RxBuffer\000"
 836      52784275 
ARM GAS  C:\Users\rgram\AppData\Local\Temp\ccLOxq3E.s 			page 18


 836      66666572 
 836      00
 837              	.LASF24:
 838 017b 73657444 		.ascii	"setData_SPI\000"
 838      6174615F 
 838      53504900 
 839              	.LASF13:
 840 0187 646F7562 		.ascii	"double\000"
 840      6C6500
 841              	.LASF36:
 842 018e 6D61696E 		.ascii	"main\000"
 842      00
 843              	.LASF18:
 844 0193 55415254 		.ascii	"UART_RX_ISR\000"
 844      5F52585F 
 844      49535200 
 845              	.LASF8:
 846 019f 756E7369 		.ascii	"unsigned int\000"
 846      676E6564 
 846      20696E74 
 846      00
 847              	.LASF20:
 848 01ac 73657444 		.ascii	"setData_UART\000"
 848      6174615F 
 848      55415254 
 848      00
 849              	.LASF21:
 850 01b9 5350494D 		.ascii	"SPIM_1_ReadRxStatus\000"
 850      5F315F52 
 850      65616452 
 850      78537461 
 850      74757300 
 851              	.LASF7:
 852 01cd 6C6F6E67 		.ascii	"long long unsigned int\000"
 852      206C6F6E 
 852      6720756E 
 852      7369676E 
 852      65642069 
 853              	.LASF10:
 854 01e4 696E7433 		.ascii	"int32_t\000"
 854      325F7400 
 855              	.LASF16:
 856 01ec 73697A65 		.ascii	"sizetype\000"
 856      74797065 
 856      00
 857              	.LASF6:
 858 01f5 6C6F6E67 		.ascii	"long long int\000"
 858      206C6F6E 
 858      6720696E 
 858      7400
 859              	.LASF33:
 860 0203 6D61696E 		.ascii	"main.c\000"
 860      2E6300
 861              	.LASF14:
 862 020a 63686172 		.ascii	"char\000"
 862      00
 863              	.LASF25:
ARM GAS  C:\Users\rgram\AppData\Local\Temp\ccLOxq3E.s 			page 19


 864 020f 7072696E 		.ascii	"print\000"
 864      7400
 865              	.LASF26:
 866 0215 5350495F 		.ascii	"SPI_RX_ISR_StartEx\000"
 866      52585F49 
 866      53525F53 
 866      74617274 
 866      457800
 867              	.LASF19:
 868 0228 5350494D 		.ascii	"SPIM_1_ReadRxData\000"
 868      5F315F52 
 868      65616452 
 868      78446174 
 868      6100
 869              	.LASF2:
 870 023a 73686F72 		.ascii	"short int\000"
 870      7420696E 
 870      7400
 871              	.LASF11:
 872 0244 75696E74 		.ascii	"uint8\000"
 872      3800
 873              	.LASF4:
 874 024a 6C6F6E67 		.ascii	"long int\000"
 874      20696E74 
 874      00
 875              	.LASF15:
 876 0253 6C6F6E67 		.ascii	"long double\000"
 876      20646F75 
 876      626C6500 
 877              	.LASF17:
 878 025f 5350495F 		.ascii	"SPI_RX_ISR\000"
 878      52585F49 
 878      535200
 879              	.LASF0:
 880 026a 7369676E 		.ascii	"signed char\000"
 880      65642063 
 880      68617200 
 881              	.LASF23:
 882 0276 55415254 		.ascii	"UART_1_PutString\000"
 882      5F315F50 
 882      75745374 
 882      72696E67 
 882      00
 883              	.LASF31:
 884 0287 43794465 		.ascii	"CyDelay\000"
 884      6C617900 
 885              		.ident	"GCC: (GNU Tools for ARM Embedded Processors) 5.4.1 20160609 (release) [ARM/embedded-5-bran
