ARM GAS  C:\Users\rgram\AppData\Local\Temp\ccsxC5My.s 			page 1


   1              		.syntax unified
   2              		.cpu cortex-m3
   3              		.fpu softvfp
   4              		.eabi_attribute 20, 1
   5              		.eabi_attribute 21, 1
   6              		.eabi_attribute 23, 3
   7              		.eabi_attribute 24, 1
   8              		.eabi_attribute 25, 1
   9              		.eabi_attribute 26, 1
  10              		.eabi_attribute 30, 1
  11              		.eabi_attribute 34, 1
  12              		.eabi_attribute 18, 4
  13              		.thumb
  14              		.syntax unified
  15              		.file	"SPI_Master.c"
  16              		.text
  17              	.Ltext0:
  18              		.cfi_sections	.debug_frame
  19              		.section	.text.requestStatus,"ax",%progbits
  20              		.align	2
  21              		.global	requestStatus
  22              		.thumb
  23              		.thumb_func
  24              		.type	requestStatus, %function
  25              	requestStatus:
  26              	.LFB63:
  27              		.file 1 "SPI_Master.c"
   1:SPI_Master.c  **** /* ========================================
   2:SPI_Master.c  ****  *
   3:SPI_Master.c  ****  * Copyright YOUR COMPANY, THE YEAR
   4:SPI_Master.c  ****  * All Rights Reserved
   5:SPI_Master.c  ****  * UNPUBLISHED, LICENSED SOFTWARE.
   6:SPI_Master.c  ****  *
   7:SPI_Master.c  ****  * CONFIDENTIAL AND PROPRIETARY INFORMATION
   8:SPI_Master.c  ****  * WHICH IS THE PROPERTY OF your company.
   9:SPI_Master.c  ****  *
  10:SPI_Master.c  ****  * ========================================
  11:SPI_Master.c  **** */
  12:SPI_Master.c  **** #include "SPI_Master.h"
  13:SPI_Master.c  **** uint8_t send_data = 0x00;
  14:SPI_Master.c  **** 
  15:SPI_Master.c  **** void requestStatus(){
  28              		.loc 1 15 0
  29              		.cfi_startproc
  30              		@ args = 0, pretend = 0, frame = 0
  31              		@ frame_needed = 0, uses_anonymous_args = 0
  32 0000 08B5     		push	{r3, lr}
  33              		.cfi_def_cfa_offset 8
  34              		.cfi_offset 3, -8
  35              		.cfi_offset 14, -4
  16:SPI_Master.c  ****     SPIM_1_WriteTxData(send_data);  
  36              		.loc 1 16 0
  37 0002 024B     		ldr	r3, .L3
  38 0004 1878     		ldrb	r0, [r3]	@ zero_extendqisi2
  39 0006 FFF7FEFF 		bl	SPIM_1_WriteTxData
  40              	.LVL0:
  41 000a 08BD     		pop	{r3, pc}
ARM GAS  C:\Users\rgram\AppData\Local\Temp\ccsxC5My.s 			page 2


  42              	.L4:
  43              		.align	2
  44              	.L3:
  45 000c 00000000 		.word	.LANCHOR0
  46              		.cfi_endproc
  47              	.LFE63:
  48              		.size	requestStatus, .-requestStatus
  49              		.section	.text.setData_SPI,"ax",%progbits
  50              		.align	2
  51              		.global	setData_SPI
  52              		.thumb
  53              		.thumb_func
  54              		.type	setData_SPI, %function
  55              	setData_SPI:
  56              	.LFB64:
  17:SPI_Master.c  **** }
  18:SPI_Master.c  **** 
  19:SPI_Master.c  **** void setData_SPI(uint8_t data){
  57              		.loc 1 19 0
  58              		.cfi_startproc
  59              		@ args = 0, pretend = 0, frame = 0
  60              		@ frame_needed = 0, uses_anonymous_args = 0
  61              		@ link register save eliminated.
  62              	.LVL1:
  20:SPI_Master.c  ****     send_data = data;   
  63              		.loc 1 20 0
  64 0000 014B     		ldr	r3, .L6
  65 0002 1870     		strb	r0, [r3]
  66 0004 7047     		bx	lr
  67              	.L7:
  68 0006 00BF     		.align	2
  69              	.L6:
  70 0008 00000000 		.word	.LANCHOR0
  71              		.cfi_endproc
  72              	.LFE64:
  73              		.size	setData_SPI, .-setData_SPI
  74              		.global	send_data
  75              		.bss
  76              		.set	.LANCHOR0,. + 0
  77              		.type	send_data, %object
  78              		.size	send_data, 1
  79              	send_data:
  80 0000 00       		.space	1
  81              		.text
  82              	.Letext0:
  83              		.file 2 "c:\\program files (x86)\\cypress\\psoc creator\\4.4\\psoc creator\\import\\gnu\\arm\\5.4.
  84              		.file 3 "c:\\program files (x86)\\cypress\\psoc creator\\4.4\\psoc creator\\import\\gnu\\arm\\5.4.
  85              		.file 4 "Generated_Source\\PSoC5/core_cm3.h"
  86              		.file 5 "Generated_Source\\PSoC5/SPIM_1.h"
  87              		.section	.debug_info,"",%progbits
  88              	.Ldebug_info0:
  89 0000 26010000 		.4byte	0x126
  90 0004 0400     		.2byte	0x4
  91 0006 00000000 		.4byte	.Ldebug_abbrev0
  92 000a 04       		.byte	0x4
  93 000b 01       		.uleb128 0x1
  94 000c 4E000000 		.4byte	.LASF20
ARM GAS  C:\Users\rgram\AppData\Local\Temp\ccsxC5My.s 			page 3


  95 0010 0C       		.byte	0xc
  96 0011 2E000000 		.4byte	.LASF21
  97 0015 88010000 		.4byte	.LASF22
  98 0019 00000000 		.4byte	.Ldebug_ranges0+0
  99 001d 00000000 		.4byte	0
 100 0021 00000000 		.4byte	.Ldebug_line0
 101 0025 02       		.uleb128 0x2
 102 0026 01       		.byte	0x1
 103 0027 06       		.byte	0x6
 104 0028 66010000 		.4byte	.LASF0
 105 002c 03       		.uleb128 0x3
 106 002d 2E010000 		.4byte	.LASF4
 107 0031 02       		.byte	0x2
 108 0032 1D       		.byte	0x1d
 109 0033 37000000 		.4byte	0x37
 110 0037 02       		.uleb128 0x2
 111 0038 01       		.byte	0x1
 112 0039 08       		.byte	0x8
 113 003a 20010000 		.4byte	.LASF1
 114 003e 02       		.uleb128 0x2
 115 003f 02       		.byte	0x2
 116 0040 05       		.byte	0x5
 117 0041 D8010000 		.4byte	.LASF2
 118 0045 02       		.uleb128 0x2
 119 0046 02       		.byte	0x2
 120 0047 07       		.byte	0x7
 121 0048 0E000000 		.4byte	.LASF3
 122 004c 03       		.uleb128 0x3
 123 004d 7E010000 		.4byte	.LASF5
 124 0051 02       		.byte	0x2
 125 0052 3F       		.byte	0x3f
 126 0053 57000000 		.4byte	0x57
 127 0057 02       		.uleb128 0x2
 128 0058 04       		.byte	0x4
 129 0059 05       		.byte	0x5
 130 005a 3D010000 		.4byte	.LASF6
 131 005e 02       		.uleb128 0x2
 132 005f 04       		.byte	0x4
 133 0060 07       		.byte	0x7
 134 0061 DC000000 		.4byte	.LASF7
 135 0065 02       		.uleb128 0x2
 136 0066 08       		.byte	0x8
 137 0067 05       		.byte	0x5
 138 0068 00000000 		.4byte	.LASF8
 139 006c 02       		.uleb128 0x2
 140 006d 08       		.byte	0x8
 141 006e 07       		.byte	0x7
 142 006f EE000000 		.4byte	.LASF9
 143 0073 04       		.uleb128 0x4
 144 0074 04       		.byte	0x4
 145 0075 05       		.byte	0x5
 146 0076 696E7400 		.ascii	"int\000"
 147 007a 02       		.uleb128 0x2
 148 007b 04       		.byte	0x4
 149 007c 07       		.byte	0x7
 150 007d 21000000 		.4byte	.LASF10
 151 0081 03       		.uleb128 0x3
ARM GAS  C:\Users\rgram\AppData\Local\Temp\ccsxC5My.s 			page 4


 152 0082 18010000 		.4byte	.LASF11
 153 0086 03       		.byte	0x3
 154 0087 18       		.byte	0x18
 155 0088 2C000000 		.4byte	0x2c
 156 008c 03       		.uleb128 0x3
 157 008d E2010000 		.4byte	.LASF12
 158 0091 03       		.byte	0x3
 159 0092 2C       		.byte	0x2c
 160 0093 4C000000 		.4byte	0x4c
 161 0097 02       		.uleb128 0x2
 162 0098 04       		.byte	0x4
 163 0099 04       		.byte	0x4
 164 009a D2010000 		.4byte	.LASF13
 165 009e 02       		.uleb128 0x2
 166 009f 08       		.byte	0x8
 167 00a0 04       		.byte	0x4
 168 00a1 46010000 		.4byte	.LASF14
 169 00a5 02       		.uleb128 0x2
 170 00a6 01       		.byte	0x1
 171 00a7 08       		.byte	0x8
 172 00a8 38010000 		.4byte	.LASF15
 173 00ac 02       		.uleb128 0x2
 174 00ad 08       		.byte	0x8
 175 00ae 04       		.byte	0x4
 176 00af 4D010000 		.4byte	.LASF16
 177 00b3 02       		.uleb128 0x2
 178 00b4 04       		.byte	0x4
 179 00b5 07       		.byte	0x7
 180 00b6 F4010000 		.4byte	.LASF17
 181 00ba 05       		.uleb128 0x5
 182 00bb 0A010000 		.4byte	.LASF23
 183 00bf 01       		.byte	0x1
 184 00c0 0F       		.byte	0xf
 185 00c1 00000000 		.4byte	.LFB63
 186 00c5 10000000 		.4byte	.LFE63-.LFB63
 187 00c9 01       		.uleb128 0x1
 188 00ca 9C       		.byte	0x9c
 189 00cb D9000000 		.4byte	0xd9
 190 00cf 06       		.uleb128 0x6
 191 00d0 0A000000 		.4byte	.LVL0
 192 00d4 1E010000 		.4byte	0x11e
 193 00d8 00       		.byte	0
 194 00d9 07       		.uleb128 0x7
 195 00da 72010000 		.4byte	.LASF24
 196 00de 01       		.byte	0x1
 197 00df 13       		.byte	0x13
 198 00e0 00000000 		.4byte	.LFB64
 199 00e4 0C000000 		.4byte	.LFE64-.LFB64
 200 00e8 01       		.uleb128 0x1
 201 00e9 9C       		.byte	0x9c
 202 00ea FC000000 		.4byte	0xfc
 203 00ee 08       		.uleb128 0x8
 204 00ef 05010000 		.4byte	.LASF25
 205 00f3 01       		.byte	0x1
 206 00f4 13       		.byte	0x13
 207 00f5 81000000 		.4byte	0x81
 208 00f9 01       		.uleb128 0x1
ARM GAS  C:\Users\rgram\AppData\Local\Temp\ccsxC5My.s 			page 5


 209 00fa 50       		.byte	0x50
 210 00fb 00       		.byte	0
 211 00fc 09       		.uleb128 0x9
 212 00fd 59010000 		.4byte	.LASF18
 213 0101 04       		.byte	0x4
 214 0102 1207     		.2byte	0x712
 215 0104 08010000 		.4byte	0x108
 216 0108 0A       		.uleb128 0xa
 217 0109 8C000000 		.4byte	0x8c
 218 010d 0B       		.uleb128 0xb
 219 010e EA010000 		.4byte	.LASF19
 220 0112 01       		.byte	0x1
 221 0113 0D       		.byte	0xd
 222 0114 81000000 		.4byte	0x81
 223 0118 05       		.uleb128 0x5
 224 0119 03       		.byte	0x3
 225 011a 00000000 		.4byte	send_data
 226 011e 0C       		.uleb128 0xc
 227 011f 3B000000 		.4byte	.LASF26
 228 0123 3B000000 		.4byte	.LASF26
 229 0127 05       		.byte	0x5
 230 0128 5E       		.byte	0x5e
 231 0129 00       		.byte	0
 232              		.section	.debug_abbrev,"",%progbits
 233              	.Ldebug_abbrev0:
 234 0000 01       		.uleb128 0x1
 235 0001 11       		.uleb128 0x11
 236 0002 01       		.byte	0x1
 237 0003 25       		.uleb128 0x25
 238 0004 0E       		.uleb128 0xe
 239 0005 13       		.uleb128 0x13
 240 0006 0B       		.uleb128 0xb
 241 0007 03       		.uleb128 0x3
 242 0008 0E       		.uleb128 0xe
 243 0009 1B       		.uleb128 0x1b
 244 000a 0E       		.uleb128 0xe
 245 000b 55       		.uleb128 0x55
 246 000c 17       		.uleb128 0x17
 247 000d 11       		.uleb128 0x11
 248 000e 01       		.uleb128 0x1
 249 000f 10       		.uleb128 0x10
 250 0010 17       		.uleb128 0x17
 251 0011 00       		.byte	0
 252 0012 00       		.byte	0
 253 0013 02       		.uleb128 0x2
 254 0014 24       		.uleb128 0x24
 255 0015 00       		.byte	0
 256 0016 0B       		.uleb128 0xb
 257 0017 0B       		.uleb128 0xb
 258 0018 3E       		.uleb128 0x3e
 259 0019 0B       		.uleb128 0xb
 260 001a 03       		.uleb128 0x3
 261 001b 0E       		.uleb128 0xe
 262 001c 00       		.byte	0
 263 001d 00       		.byte	0
 264 001e 03       		.uleb128 0x3
 265 001f 16       		.uleb128 0x16
ARM GAS  C:\Users\rgram\AppData\Local\Temp\ccsxC5My.s 			page 6


 266 0020 00       		.byte	0
 267 0021 03       		.uleb128 0x3
 268 0022 0E       		.uleb128 0xe
 269 0023 3A       		.uleb128 0x3a
 270 0024 0B       		.uleb128 0xb
 271 0025 3B       		.uleb128 0x3b
 272 0026 0B       		.uleb128 0xb
 273 0027 49       		.uleb128 0x49
 274 0028 13       		.uleb128 0x13
 275 0029 00       		.byte	0
 276 002a 00       		.byte	0
 277 002b 04       		.uleb128 0x4
 278 002c 24       		.uleb128 0x24
 279 002d 00       		.byte	0
 280 002e 0B       		.uleb128 0xb
 281 002f 0B       		.uleb128 0xb
 282 0030 3E       		.uleb128 0x3e
 283 0031 0B       		.uleb128 0xb
 284 0032 03       		.uleb128 0x3
 285 0033 08       		.uleb128 0x8
 286 0034 00       		.byte	0
 287 0035 00       		.byte	0
 288 0036 05       		.uleb128 0x5
 289 0037 2E       		.uleb128 0x2e
 290 0038 01       		.byte	0x1
 291 0039 3F       		.uleb128 0x3f
 292 003a 19       		.uleb128 0x19
 293 003b 03       		.uleb128 0x3
 294 003c 0E       		.uleb128 0xe
 295 003d 3A       		.uleb128 0x3a
 296 003e 0B       		.uleb128 0xb
 297 003f 3B       		.uleb128 0x3b
 298 0040 0B       		.uleb128 0xb
 299 0041 11       		.uleb128 0x11
 300 0042 01       		.uleb128 0x1
 301 0043 12       		.uleb128 0x12
 302 0044 06       		.uleb128 0x6
 303 0045 40       		.uleb128 0x40
 304 0046 18       		.uleb128 0x18
 305 0047 9742     		.uleb128 0x2117
 306 0049 19       		.uleb128 0x19
 307 004a 01       		.uleb128 0x1
 308 004b 13       		.uleb128 0x13
 309 004c 00       		.byte	0
 310 004d 00       		.byte	0
 311 004e 06       		.uleb128 0x6
 312 004f 898201   		.uleb128 0x4109
 313 0052 00       		.byte	0
 314 0053 11       		.uleb128 0x11
 315 0054 01       		.uleb128 0x1
 316 0055 31       		.uleb128 0x31
 317 0056 13       		.uleb128 0x13
 318 0057 00       		.byte	0
 319 0058 00       		.byte	0
 320 0059 07       		.uleb128 0x7
 321 005a 2E       		.uleb128 0x2e
 322 005b 01       		.byte	0x1
ARM GAS  C:\Users\rgram\AppData\Local\Temp\ccsxC5My.s 			page 7


 323 005c 3F       		.uleb128 0x3f
 324 005d 19       		.uleb128 0x19
 325 005e 03       		.uleb128 0x3
 326 005f 0E       		.uleb128 0xe
 327 0060 3A       		.uleb128 0x3a
 328 0061 0B       		.uleb128 0xb
 329 0062 3B       		.uleb128 0x3b
 330 0063 0B       		.uleb128 0xb
 331 0064 27       		.uleb128 0x27
 332 0065 19       		.uleb128 0x19
 333 0066 11       		.uleb128 0x11
 334 0067 01       		.uleb128 0x1
 335 0068 12       		.uleb128 0x12
 336 0069 06       		.uleb128 0x6
 337 006a 40       		.uleb128 0x40
 338 006b 18       		.uleb128 0x18
 339 006c 9742     		.uleb128 0x2117
 340 006e 19       		.uleb128 0x19
 341 006f 01       		.uleb128 0x1
 342 0070 13       		.uleb128 0x13
 343 0071 00       		.byte	0
 344 0072 00       		.byte	0
 345 0073 08       		.uleb128 0x8
 346 0074 05       		.uleb128 0x5
 347 0075 00       		.byte	0
 348 0076 03       		.uleb128 0x3
 349 0077 0E       		.uleb128 0xe
 350 0078 3A       		.uleb128 0x3a
 351 0079 0B       		.uleb128 0xb
 352 007a 3B       		.uleb128 0x3b
 353 007b 0B       		.uleb128 0xb
 354 007c 49       		.uleb128 0x49
 355 007d 13       		.uleb128 0x13
 356 007e 02       		.uleb128 0x2
 357 007f 18       		.uleb128 0x18
 358 0080 00       		.byte	0
 359 0081 00       		.byte	0
 360 0082 09       		.uleb128 0x9
 361 0083 34       		.uleb128 0x34
 362 0084 00       		.byte	0
 363 0085 03       		.uleb128 0x3
 364 0086 0E       		.uleb128 0xe
 365 0087 3A       		.uleb128 0x3a
 366 0088 0B       		.uleb128 0xb
 367 0089 3B       		.uleb128 0x3b
 368 008a 05       		.uleb128 0x5
 369 008b 49       		.uleb128 0x49
 370 008c 13       		.uleb128 0x13
 371 008d 3F       		.uleb128 0x3f
 372 008e 19       		.uleb128 0x19
 373 008f 3C       		.uleb128 0x3c
 374 0090 19       		.uleb128 0x19
 375 0091 00       		.byte	0
 376 0092 00       		.byte	0
 377 0093 0A       		.uleb128 0xa
 378 0094 35       		.uleb128 0x35
 379 0095 00       		.byte	0
ARM GAS  C:\Users\rgram\AppData\Local\Temp\ccsxC5My.s 			page 8


 380 0096 49       		.uleb128 0x49
 381 0097 13       		.uleb128 0x13
 382 0098 00       		.byte	0
 383 0099 00       		.byte	0
 384 009a 0B       		.uleb128 0xb
 385 009b 34       		.uleb128 0x34
 386 009c 00       		.byte	0
 387 009d 03       		.uleb128 0x3
 388 009e 0E       		.uleb128 0xe
 389 009f 3A       		.uleb128 0x3a
 390 00a0 0B       		.uleb128 0xb
 391 00a1 3B       		.uleb128 0x3b
 392 00a2 0B       		.uleb128 0xb
 393 00a3 49       		.uleb128 0x49
 394 00a4 13       		.uleb128 0x13
 395 00a5 3F       		.uleb128 0x3f
 396 00a6 19       		.uleb128 0x19
 397 00a7 02       		.uleb128 0x2
 398 00a8 18       		.uleb128 0x18
 399 00a9 00       		.byte	0
 400 00aa 00       		.byte	0
 401 00ab 0C       		.uleb128 0xc
 402 00ac 2E       		.uleb128 0x2e
 403 00ad 00       		.byte	0
 404 00ae 3F       		.uleb128 0x3f
 405 00af 19       		.uleb128 0x19
 406 00b0 3C       		.uleb128 0x3c
 407 00b1 19       		.uleb128 0x19
 408 00b2 6E       		.uleb128 0x6e
 409 00b3 0E       		.uleb128 0xe
 410 00b4 03       		.uleb128 0x3
 411 00b5 0E       		.uleb128 0xe
 412 00b6 3A       		.uleb128 0x3a
 413 00b7 0B       		.uleb128 0xb
 414 00b8 3B       		.uleb128 0x3b
 415 00b9 0B       		.uleb128 0xb
 416 00ba 00       		.byte	0
 417 00bb 00       		.byte	0
 418 00bc 00       		.byte	0
 419              		.section	.debug_aranges,"",%progbits
 420 0000 24000000 		.4byte	0x24
 421 0004 0200     		.2byte	0x2
 422 0006 00000000 		.4byte	.Ldebug_info0
 423 000a 04       		.byte	0x4
 424 000b 00       		.byte	0
 425 000c 0000     		.2byte	0
 426 000e 0000     		.2byte	0
 427 0010 00000000 		.4byte	.LFB63
 428 0014 10000000 		.4byte	.LFE63-.LFB63
 429 0018 00000000 		.4byte	.LFB64
 430 001c 0C000000 		.4byte	.LFE64-.LFB64
 431 0020 00000000 		.4byte	0
 432 0024 00000000 		.4byte	0
 433              		.section	.debug_ranges,"",%progbits
 434              	.Ldebug_ranges0:
 435 0000 00000000 		.4byte	.LFB63
 436 0004 10000000 		.4byte	.LFE63
ARM GAS  C:\Users\rgram\AppData\Local\Temp\ccsxC5My.s 			page 9


 437 0008 00000000 		.4byte	.LFB64
 438 000c 0C000000 		.4byte	.LFE64
 439 0010 00000000 		.4byte	0
 440 0014 00000000 		.4byte	0
 441              		.section	.debug_line,"",%progbits
 442              	.Ldebug_line0:
 443 0000 77010000 		.section	.debug_str,"MS",%progbits,1
 443      02005101 
 443      00000201 
 443      FB0E0D00 
 443      01010101 
 444              	.LASF8:
 445 0000 6C6F6E67 		.ascii	"long long int\000"
 445      206C6F6E 
 445      6720696E 
 445      7400
 446              	.LASF3:
 447 000e 73686F72 		.ascii	"short unsigned int\000"
 447      7420756E 
 447      7369676E 
 447      65642069 
 447      6E7400
 448              	.LASF10:
 449 0021 756E7369 		.ascii	"unsigned int\000"
 449      676E6564 
 449      20696E74 
 449      00
 450              	.LASF21:
 451 002e 5350495F 		.ascii	"SPI_Master.c\000"
 451      4D617374 
 451      65722E63 
 451      00
 452              	.LASF26:
 453 003b 5350494D 		.ascii	"SPIM_1_WriteTxData\000"
 453      5F315F57 
 453      72697465 
 453      54784461 
 453      746100
 454              	.LASF20:
 455 004e 474E5520 		.ascii	"GNU C11 5.4.1 20160609 (release) [ARM/embedded-5-br"
 455      43313120 
 455      352E342E 
 455      31203230 
 455      31363036 
 456 0081 616E6368 		.ascii	"anch revision 237715] -mcpu=cortex-m3 -mthumb -g -O"
 456      20726576 
 456      6973696F 
 456      6E203233 
 456      37373135 
 457 00b4 67202D66 		.ascii	"g -ffunction-sections -ffat-lto-objects\000"
 457      66756E63 
 457      74696F6E 
 457      2D736563 
 457      74696F6E 
 458              	.LASF7:
 459 00dc 6C6F6E67 		.ascii	"long unsigned int\000"
 459      20756E73 
ARM GAS  C:\Users\rgram\AppData\Local\Temp\ccsxC5My.s 			page 10


 459      69676E65 
 459      6420696E 
 459      7400
 460              	.LASF9:
 461 00ee 6C6F6E67 		.ascii	"long long unsigned int\000"
 461      206C6F6E 
 461      6720756E 
 461      7369676E 
 461      65642069 
 462              	.LASF25:
 463 0105 64617461 		.ascii	"data\000"
 463      00
 464              	.LASF23:
 465 010a 72657175 		.ascii	"requestStatus\000"
 465      65737453 
 465      74617475 
 465      7300
 466              	.LASF11:
 467 0118 75696E74 		.ascii	"uint8_t\000"
 467      385F7400 
 468              	.LASF1:
 469 0120 756E7369 		.ascii	"unsigned char\000"
 469      676E6564 
 469      20636861 
 469      7200
 470              	.LASF4:
 471 012e 5F5F7569 		.ascii	"__uint8_t\000"
 471      6E74385F 
 471      7400
 472              	.LASF15:
 473 0138 63686172 		.ascii	"char\000"
 473      00
 474              	.LASF6:
 475 013d 6C6F6E67 		.ascii	"long int\000"
 475      20696E74 
 475      00
 476              	.LASF14:
 477 0146 646F7562 		.ascii	"double\000"
 477      6C6500
 478              	.LASF16:
 479 014d 6C6F6E67 		.ascii	"long double\000"
 479      20646F75 
 479      626C6500 
 480              	.LASF18:
 481 0159 49544D5F 		.ascii	"ITM_RxBuffer\000"
 481      52784275 
 481      66666572 
 481      00
 482              	.LASF0:
 483 0166 7369676E 		.ascii	"signed char\000"
 483      65642063 
 483      68617200 
 484              	.LASF24:
 485 0172 73657444 		.ascii	"setData_SPI\000"
 485      6174615F 
 485      53504900 
 486              	.LASF5:
ARM GAS  C:\Users\rgram\AppData\Local\Temp\ccsxC5My.s 			page 11


 487 017e 5F5F696E 		.ascii	"__int32_t\000"
 487      7433325F 
 487      7400
 488              	.LASF22:
 489 0188 433A5C55 		.ascii	"C:\\Users\\rgram\\Documents\\GitHub\\GFV_Oevelse2\\"
 489      73657273 
 489      5C726772 
 489      616D5C44 
 489      6F63756D 
 490 01b5 576F726B 		.ascii	"Workspace01\\SPI_Master.cydsn\000"
 490      73706163 
 490      6530315C 
 490      5350495F 
 490      4D617374 
 491              	.LASF13:
 492 01d2 666C6F61 		.ascii	"float\000"
 492      7400
 493              	.LASF2:
 494 01d8 73686F72 		.ascii	"short int\000"
 494      7420696E 
 494      7400
 495              	.LASF12:
 496 01e2 696E7433 		.ascii	"int32_t\000"
 496      325F7400 
 497              	.LASF19:
 498 01ea 73656E64 		.ascii	"send_data\000"
 498      5F646174 
 498      6100
 499              	.LASF17:
 500 01f4 73697A65 		.ascii	"sizetype\000"
 500      74797065 
 500      00
 501              		.ident	"GCC: (GNU Tools for ARM Embedded Processors) 5.4.1 20160609 (release) [ARM/embedded-5-bran
