ARM GAS  C:\Users\raduf\AppData\Local\Temp\ccCyGjlO.s 			page 1


   1              		.syntax unified
   2              		.cpu cortex-m3
   3              		.fpu softvfp
   4              		.eabi_attribute 20, 1
   5              		.eabi_attribute 21, 1
   6              		.eabi_attribute 23, 3
   7              		.eabi_attribute 24, 1
   8              		.eabi_attribute 25, 1
   9              		.eabi_attribute 26, 1
  10              		.eabi_attribute 30, 1
  11              		.eabi_attribute 34, 1
  12              		.eabi_attribute 18, 4
  13              		.thumb
  14              		.syntax unified
  15              		.file	"Terminal.c"
  16              		.text
  17              	.Ltext0:
  18              		.cfi_sections	.debug_frame
  19              		.section	.text.print,"ax",%progbits
  20              		.align	2
  21              		.global	print
  22              		.thumb
  23              		.thumb_func
  24              		.type	print, %function
  25              	print:
  26              	.LFB64:
  27              		.file 1 "Terminal.c"
   1:Terminal.c    **** /* ========================================
   2:Terminal.c    ****  *
   3:Terminal.c    ****  * Copyright YOUR COMPANY, THE YEAR
   4:Terminal.c    ****  * All Rights Reserved
   5:Terminal.c    ****  * UNPUBLISHED, LICENSED SOFTWARE.
   6:Terminal.c    ****  *
   7:Terminal.c    ****  * CONFIDENTIAL AND PROPRIETARY INFORMATION
   8:Terminal.c    ****  * WHICH IS THE PROPERTY OF your company.
   9:Terminal.c    ****  *
  10:Terminal.c    ****  * ========================================
  11:Terminal.c    **** */
  12:Terminal.c    **** #include "Terminal.h"
  13:Terminal.c    **** uint8_t rx_data;
  14:Terminal.c    **** 
  15:Terminal.c    **** void print(){
  28              		.loc 1 15 0
  29              		.cfi_startproc
  30              		@ args = 0, pretend = 0, frame = 0
  31              		@ frame_needed = 0, uses_anonymous_args = 0
  32 0000 08B5     		push	{r3, lr}
  33              		.cfi_def_cfa_offset 8
  34              		.cfi_offset 3, -8
  35              		.cfi_offset 14, -4
  16:Terminal.c    ****         
  17:Terminal.c    ****     UART_1_PutString("\033[2J");
  36              		.loc 1 17 0
  37 0002 0F48     		ldr	r0, .L7
  38 0004 FFF7FEFF 		bl	UART_1_PutString
  39              	.LVL0:
  18:Terminal.c    ****     
ARM GAS  C:\Users\raduf\AppData\Local\Temp\ccCyGjlO.s 			page 2


  19:Terminal.c    ****     if(rx_data & 0x80)
  40              		.loc 1 19 0
  41 0008 0E4B     		ldr	r3, .L7+4
  42 000a 93F90030 		ldrsb	r3, [r3]
  43 000e 002B     		cmp	r3, #0
  44 0010 03DA     		bge	.L2
  20:Terminal.c    ****         UART_1_PutString("LED er taendt\r\n");
  45              		.loc 1 20 0
  46 0012 0D48     		ldr	r0, .L7+8
  47 0014 FFF7FEFF 		bl	UART_1_PutString
  48              	.LVL1:
  49 0018 02E0     		b	.L3
  50              	.L2:
  21:Terminal.c    ****     else
  22:Terminal.c    ****         UART_1_PutString("LED er slukket\r\n");
  51              		.loc 1 22 0
  52 001a 0C48     		ldr	r0, .L7+12
  53 001c FFF7FEFF 		bl	UART_1_PutString
  54              	.LVL2:
  55              	.L3:
  23:Terminal.c    ****     
  24:Terminal.c    ****     if(rx_data & 0x01)
  56              		.loc 1 24 0
  57 0020 084B     		ldr	r3, .L7+4
  58 0022 1B78     		ldrb	r3, [r3]	@ zero_extendqisi2
  59 0024 13F0010F 		tst	r3, #1
  60 0028 03D0     		beq	.L4
  25:Terminal.c    ****         UART_1_PutString("Knap er trykket\r\n");
  61              		.loc 1 25 0
  62 002a 0948     		ldr	r0, .L7+16
  63 002c FFF7FEFF 		bl	UART_1_PutString
  64              	.LVL3:
  65 0030 02E0     		b	.L5
  66              	.L4:
  26:Terminal.c    ****     else
  27:Terminal.c    ****         UART_1_PutString("Knap er ikke trykket\r\n");
  67              		.loc 1 27 0
  68 0032 0848     		ldr	r0, .L7+20
  69 0034 FFF7FEFF 		bl	UART_1_PutString
  70              	.LVL4:
  71              	.L5:
  28:Terminal.c    ****     UART_1_PutString("Tryk s for update, 0 for slukke LED, og 1 for taend LED\n\r");   
  72              		.loc 1 28 0
  73 0038 0748     		ldr	r0, .L7+24
  74 003a FFF7FEFF 		bl	UART_1_PutString
  75              	.LVL5:
  76 003e 08BD     		pop	{r3, pc}
  77              	.L8:
  78              		.align	2
  79              	.L7:
  80 0040 00000000 		.word	.LC0
  81 0044 00000000 		.word	rx_data
  82 0048 08000000 		.word	.LC1
  83 004c 18000000 		.word	.LC2
  84 0050 2C000000 		.word	.LC3
  85 0054 40000000 		.word	.LC4
  86 0058 58000000 		.word	.LC5
ARM GAS  C:\Users\raduf\AppData\Local\Temp\ccCyGjlO.s 			page 3


  87              		.cfi_endproc
  88              	.LFE64:
  89              		.size	print, .-print
  90              		.section	.text.setData_UART,"ax",%progbits
  91              		.align	2
  92              		.global	setData_UART
  93              		.thumb
  94              		.thumb_func
  95              		.type	setData_UART, %function
  96              	setData_UART:
  97              	.LFB65:
  29:Terminal.c    ****         
  30:Terminal.c    **** 
  31:Terminal.c    **** }
  32:Terminal.c    **** 
  33:Terminal.c    **** void setData_UART(uint8_t data){
  98              		.loc 1 33 0
  99              		.cfi_startproc
 100              		@ args = 0, pretend = 0, frame = 0
 101              		@ frame_needed = 0, uses_anonymous_args = 0
 102              		@ link register save eliminated.
 103              	.LVL6:
  34:Terminal.c    ****     rx_data = data;
 104              		.loc 1 34 0
 105 0000 014B     		ldr	r3, .L10
 106 0002 1870     		strb	r0, [r3]
 107 0004 7047     		bx	lr
 108              	.L11:
 109 0006 00BF     		.align	2
 110              	.L10:
 111 0008 00000000 		.word	rx_data
 112              		.cfi_endproc
 113              	.LFE65:
 114              		.size	setData_UART, .-setData_UART
 115              		.comm	rx_data,1,1
 116              		.section	.rodata.str1.4,"aMS",%progbits,1
 117              		.align	2
 118              	.LC0:
 119 0000 1B5B324A 		.ascii	"\033[2J\000"
 119      00
 120 0005 000000   		.space	3
 121              	.LC1:
 122 0008 4C454420 		.ascii	"LED er taendt\015\012\000"
 122      65722074 
 122      61656E64 
 122      740D0A00 
 123              	.LC2:
 124 0018 4C454420 		.ascii	"LED er slukket\015\012\000"
 124      65722073 
 124      6C756B6B 
 124      65740D0A 
 124      00
 125 0029 000000   		.space	3
 126              	.LC3:
 127 002c 4B6E6170 		.ascii	"Knap er trykket\015\012\000"
 127      20657220 
 127      7472796B 
ARM GAS  C:\Users\raduf\AppData\Local\Temp\ccCyGjlO.s 			page 4


 127      6B65740D 
 127      0A00
 128 003e 0000     		.space	2
 129              	.LC4:
 130 0040 4B6E6170 		.ascii	"Knap er ikke trykket\015\012\000"
 130      20657220 
 130      696B6B65 
 130      20747279 
 130      6B6B6574 
 131 0057 00       		.space	1
 132              	.LC5:
 133 0058 5472796B 		.ascii	"Tryk s for update, 0 for slukke LED, og 1 for taend"
 133      20732066 
 133      6F722075 
 133      70646174 
 133      652C2030 
 134 008b 204C4544 		.ascii	" LED\012\015\000"
 134      0A0D00
 135              		.text
 136              	.Letext0:
 137              		.file 2 "c:\\program files (x86)\\cypress\\psoc creator\\4.4\\psoc creator\\import\\gnu\\arm\\5.4.
 138              		.file 3 "c:\\program files (x86)\\cypress\\psoc creator\\4.4\\psoc creator\\import\\gnu\\arm\\5.4.
 139              		.file 4 "Generated_Source\\PSoC5/core_cm3.h"
 140              		.file 5 "Generated_Source\\PSoC5/UART_1.h"
 141              		.section	.debug_info,"",%progbits
 142              	.Ldebug_info0:
 143 0000 A3010000 		.4byte	0x1a3
 144 0004 0400     		.2byte	0x4
 145 0006 00000000 		.4byte	.Ldebug_abbrev0
 146 000a 04       		.byte	0x4
 147 000b 01       		.uleb128 0x1
 148 000c 36000000 		.4byte	.LASF20
 149 0010 0C       		.byte	0xc
 150 0011 25010000 		.4byte	.LASF21
 151 0015 8B010000 		.4byte	.LASF22
 152 0019 00000000 		.4byte	.Ldebug_ranges0+0
 153 001d 00000000 		.4byte	0
 154 0021 00000000 		.4byte	.Ldebug_line0
 155 0025 02       		.uleb128 0x2
 156 0026 01       		.byte	0x1
 157 0027 06       		.byte	0x6
 158 0028 63010000 		.4byte	.LASF0
 159 002c 03       		.uleb128 0x3
 160 002d 0D010000 		.4byte	.LASF4
 161 0031 02       		.byte	0x2
 162 0032 1D       		.byte	0x1d
 163 0033 37000000 		.4byte	0x37
 164 0037 02       		.uleb128 0x2
 165 0038 01       		.byte	0x1
 166 0039 08       		.byte	0x8
 167 003a FF000000 		.4byte	.LASF1
 168 003e 02       		.uleb128 0x2
 169 003f 02       		.byte	0x2
 170 0040 05       		.byte	0x5
 171 0041 DE010000 		.4byte	.LASF2
 172 0045 02       		.uleb128 0x2
 173 0046 02       		.byte	0x2
ARM GAS  C:\Users\raduf\AppData\Local\Temp\ccCyGjlO.s 			page 5


 174 0047 07       		.byte	0x7
 175 0048 0E000000 		.4byte	.LASF3
 176 004c 03       		.uleb128 0x3
 177 004d 7B010000 		.4byte	.LASF5
 178 0051 02       		.byte	0x2
 179 0052 3F       		.byte	0x3f
 180 0053 57000000 		.4byte	0x57
 181 0057 02       		.uleb128 0x2
 182 0058 04       		.byte	0x4
 183 0059 05       		.byte	0x5
 184 005a 1C010000 		.4byte	.LASF6
 185 005e 02       		.uleb128 0x2
 186 005f 04       		.byte	0x4
 187 0060 07       		.byte	0x7
 188 0061 37010000 		.4byte	.LASF7
 189 0065 02       		.uleb128 0x2
 190 0066 08       		.byte	0x8
 191 0067 05       		.byte	0x5
 192 0068 00000000 		.4byte	.LASF8
 193 006c 02       		.uleb128 0x2
 194 006d 08       		.byte	0x8
 195 006e 07       		.byte	0x7
 196 006f CA000000 		.4byte	.LASF9
 197 0073 04       		.uleb128 0x4
 198 0074 04       		.byte	0x4
 199 0075 05       		.byte	0x5
 200 0076 696E7400 		.ascii	"int\000"
 201 007a 02       		.uleb128 0x2
 202 007b 04       		.byte	0x4
 203 007c 07       		.byte	0x7
 204 007d 21000000 		.4byte	.LASF10
 205 0081 03       		.uleb128 0x3
 206 0082 F7000000 		.4byte	.LASF11
 207 0086 03       		.byte	0x3
 208 0087 18       		.byte	0x18
 209 0088 2C000000 		.4byte	0x2c
 210 008c 03       		.uleb128 0x3
 211 008d E8010000 		.4byte	.LASF12
 212 0091 03       		.byte	0x3
 213 0092 2C       		.byte	0x2c
 214 0093 4C000000 		.4byte	0x4c
 215 0097 02       		.uleb128 0x2
 216 0098 04       		.byte	0x4
 217 0099 04       		.byte	0x4
 218 009a 85010000 		.4byte	.LASF13
 219 009e 02       		.uleb128 0x2
 220 009f 08       		.byte	0x8
 221 00a0 04       		.byte	0x4
 222 00a1 30010000 		.4byte	.LASF14
 223 00a5 02       		.uleb128 0x2
 224 00a6 01       		.byte	0x1
 225 00a7 08       		.byte	0x8
 226 00a8 17010000 		.4byte	.LASF15
 227 00ac 02       		.uleb128 0x2
 228 00ad 08       		.byte	0x8
 229 00ae 04       		.byte	0x4
 230 00af 6F010000 		.4byte	.LASF16
ARM GAS  C:\Users\raduf\AppData\Local\Temp\ccCyGjlO.s 			page 6


 231 00b3 02       		.uleb128 0x2
 232 00b4 04       		.byte	0x4
 233 00b5 07       		.byte	0x7
 234 00b6 F0010000 		.4byte	.LASF17
 235 00ba 05       		.uleb128 0x5
 236 00bb C4000000 		.4byte	.LASF23
 237 00bf 01       		.byte	0x1
 238 00c0 0F       		.byte	0xf
 239 00c1 00000000 		.4byte	.LFB64
 240 00c5 5C000000 		.4byte	.LFE64-.LFB64
 241 00c9 01       		.uleb128 0x1
 242 00ca 9C       		.byte	0x9c
 243 00cb 56010000 		.4byte	0x156
 244 00cf 06       		.uleb128 0x6
 245 00d0 08000000 		.4byte	.LVL0
 246 00d4 9B010000 		.4byte	0x19b
 247 00d8 E6000000 		.4byte	0xe6
 248 00dc 07       		.uleb128 0x7
 249 00dd 01       		.uleb128 0x1
 250 00de 50       		.byte	0x50
 251 00df 05       		.uleb128 0x5
 252 00e0 03       		.byte	0x3
 253 00e1 00000000 		.4byte	.LC0
 254 00e5 00       		.byte	0
 255 00e6 06       		.uleb128 0x6
 256 00e7 18000000 		.4byte	.LVL1
 257 00eb 9B010000 		.4byte	0x19b
 258 00ef FD000000 		.4byte	0xfd
 259 00f3 07       		.uleb128 0x7
 260 00f4 01       		.uleb128 0x1
 261 00f5 50       		.byte	0x50
 262 00f6 05       		.uleb128 0x5
 263 00f7 03       		.byte	0x3
 264 00f8 08000000 		.4byte	.LC1
 265 00fc 00       		.byte	0
 266 00fd 06       		.uleb128 0x6
 267 00fe 20000000 		.4byte	.LVL2
 268 0102 9B010000 		.4byte	0x19b
 269 0106 14010000 		.4byte	0x114
 270 010a 07       		.uleb128 0x7
 271 010b 01       		.uleb128 0x1
 272 010c 50       		.byte	0x50
 273 010d 05       		.uleb128 0x5
 274 010e 03       		.byte	0x3
 275 010f 18000000 		.4byte	.LC2
 276 0113 00       		.byte	0
 277 0114 06       		.uleb128 0x6
 278 0115 30000000 		.4byte	.LVL3
 279 0119 9B010000 		.4byte	0x19b
 280 011d 2B010000 		.4byte	0x12b
 281 0121 07       		.uleb128 0x7
 282 0122 01       		.uleb128 0x1
 283 0123 50       		.byte	0x50
 284 0124 05       		.uleb128 0x5
 285 0125 03       		.byte	0x3
 286 0126 2C000000 		.4byte	.LC3
 287 012a 00       		.byte	0
ARM GAS  C:\Users\raduf\AppData\Local\Temp\ccCyGjlO.s 			page 7


 288 012b 06       		.uleb128 0x6
 289 012c 38000000 		.4byte	.LVL4
 290 0130 9B010000 		.4byte	0x19b
 291 0134 42010000 		.4byte	0x142
 292 0138 07       		.uleb128 0x7
 293 0139 01       		.uleb128 0x1
 294 013a 50       		.byte	0x50
 295 013b 05       		.uleb128 0x5
 296 013c 03       		.byte	0x3
 297 013d 40000000 		.4byte	.LC4
 298 0141 00       		.byte	0
 299 0142 08       		.uleb128 0x8
 300 0143 3E000000 		.4byte	.LVL5
 301 0147 9B010000 		.4byte	0x19b
 302 014b 07       		.uleb128 0x7
 303 014c 01       		.uleb128 0x1
 304 014d 50       		.byte	0x50
 305 014e 05       		.uleb128 0x5
 306 014f 03       		.byte	0x3
 307 0150 58000000 		.4byte	.LC5
 308 0154 00       		.byte	0
 309 0155 00       		.byte	0
 310 0156 09       		.uleb128 0x9
 311 0157 49010000 		.4byte	.LASF24
 312 015b 01       		.byte	0x1
 313 015c 21       		.byte	0x21
 314 015d 00000000 		.4byte	.LFB65
 315 0161 0C000000 		.4byte	.LFE65-.LFB65
 316 0165 01       		.uleb128 0x1
 317 0166 9C       		.byte	0x9c
 318 0167 79010000 		.4byte	0x179
 319 016b 0A       		.uleb128 0xa
 320 016c E1000000 		.4byte	.LASF25
 321 0170 01       		.byte	0x1
 322 0171 21       		.byte	0x21
 323 0172 81000000 		.4byte	0x81
 324 0176 01       		.uleb128 0x1
 325 0177 50       		.byte	0x50
 326 0178 00       		.byte	0
 327 0179 0B       		.uleb128 0xb
 328 017a 56010000 		.4byte	.LASF18
 329 017e 04       		.byte	0x4
 330 017f 1207     		.2byte	0x712
 331 0181 85010000 		.4byte	0x185
 332 0185 0C       		.uleb128 0xc
 333 0186 8C000000 		.4byte	0x8c
 334 018a 0D       		.uleb128 0xd
 335 018b 2E000000 		.4byte	.LASF19
 336 018f 01       		.byte	0x1
 337 0190 0D       		.byte	0xd
 338 0191 81000000 		.4byte	0x81
 339 0195 05       		.uleb128 0x5
 340 0196 03       		.byte	0x3
 341 0197 00000000 		.4byte	rx_data
 342 019b 0E       		.uleb128 0xe
 343 019c E6000000 		.4byte	.LASF26
 344 01a0 E6000000 		.4byte	.LASF26
ARM GAS  C:\Users\raduf\AppData\Local\Temp\ccCyGjlO.s 			page 8


 345 01a4 05       		.byte	0x5
 346 01a5 8B       		.byte	0x8b
 347 01a6 00       		.byte	0
 348              		.section	.debug_abbrev,"",%progbits
 349              	.Ldebug_abbrev0:
 350 0000 01       		.uleb128 0x1
 351 0001 11       		.uleb128 0x11
 352 0002 01       		.byte	0x1
 353 0003 25       		.uleb128 0x25
 354 0004 0E       		.uleb128 0xe
 355 0005 13       		.uleb128 0x13
 356 0006 0B       		.uleb128 0xb
 357 0007 03       		.uleb128 0x3
 358 0008 0E       		.uleb128 0xe
 359 0009 1B       		.uleb128 0x1b
 360 000a 0E       		.uleb128 0xe
 361 000b 55       		.uleb128 0x55
 362 000c 17       		.uleb128 0x17
 363 000d 11       		.uleb128 0x11
 364 000e 01       		.uleb128 0x1
 365 000f 10       		.uleb128 0x10
 366 0010 17       		.uleb128 0x17
 367 0011 00       		.byte	0
 368 0012 00       		.byte	0
 369 0013 02       		.uleb128 0x2
 370 0014 24       		.uleb128 0x24
 371 0015 00       		.byte	0
 372 0016 0B       		.uleb128 0xb
 373 0017 0B       		.uleb128 0xb
 374 0018 3E       		.uleb128 0x3e
 375 0019 0B       		.uleb128 0xb
 376 001a 03       		.uleb128 0x3
 377 001b 0E       		.uleb128 0xe
 378 001c 00       		.byte	0
 379 001d 00       		.byte	0
 380 001e 03       		.uleb128 0x3
 381 001f 16       		.uleb128 0x16
 382 0020 00       		.byte	0
 383 0021 03       		.uleb128 0x3
 384 0022 0E       		.uleb128 0xe
 385 0023 3A       		.uleb128 0x3a
 386 0024 0B       		.uleb128 0xb
 387 0025 3B       		.uleb128 0x3b
 388 0026 0B       		.uleb128 0xb
 389 0027 49       		.uleb128 0x49
 390 0028 13       		.uleb128 0x13
 391 0029 00       		.byte	0
 392 002a 00       		.byte	0
 393 002b 04       		.uleb128 0x4
 394 002c 24       		.uleb128 0x24
 395 002d 00       		.byte	0
 396 002e 0B       		.uleb128 0xb
 397 002f 0B       		.uleb128 0xb
 398 0030 3E       		.uleb128 0x3e
 399 0031 0B       		.uleb128 0xb
 400 0032 03       		.uleb128 0x3
 401 0033 08       		.uleb128 0x8
ARM GAS  C:\Users\raduf\AppData\Local\Temp\ccCyGjlO.s 			page 9


 402 0034 00       		.byte	0
 403 0035 00       		.byte	0
 404 0036 05       		.uleb128 0x5
 405 0037 2E       		.uleb128 0x2e
 406 0038 01       		.byte	0x1
 407 0039 3F       		.uleb128 0x3f
 408 003a 19       		.uleb128 0x19
 409 003b 03       		.uleb128 0x3
 410 003c 0E       		.uleb128 0xe
 411 003d 3A       		.uleb128 0x3a
 412 003e 0B       		.uleb128 0xb
 413 003f 3B       		.uleb128 0x3b
 414 0040 0B       		.uleb128 0xb
 415 0041 11       		.uleb128 0x11
 416 0042 01       		.uleb128 0x1
 417 0043 12       		.uleb128 0x12
 418 0044 06       		.uleb128 0x6
 419 0045 40       		.uleb128 0x40
 420 0046 18       		.uleb128 0x18
 421 0047 9742     		.uleb128 0x2117
 422 0049 19       		.uleb128 0x19
 423 004a 01       		.uleb128 0x1
 424 004b 13       		.uleb128 0x13
 425 004c 00       		.byte	0
 426 004d 00       		.byte	0
 427 004e 06       		.uleb128 0x6
 428 004f 898201   		.uleb128 0x4109
 429 0052 01       		.byte	0x1
 430 0053 11       		.uleb128 0x11
 431 0054 01       		.uleb128 0x1
 432 0055 31       		.uleb128 0x31
 433 0056 13       		.uleb128 0x13
 434 0057 01       		.uleb128 0x1
 435 0058 13       		.uleb128 0x13
 436 0059 00       		.byte	0
 437 005a 00       		.byte	0
 438 005b 07       		.uleb128 0x7
 439 005c 8A8201   		.uleb128 0x410a
 440 005f 00       		.byte	0
 441 0060 02       		.uleb128 0x2
 442 0061 18       		.uleb128 0x18
 443 0062 9142     		.uleb128 0x2111
 444 0064 18       		.uleb128 0x18
 445 0065 00       		.byte	0
 446 0066 00       		.byte	0
 447 0067 08       		.uleb128 0x8
 448 0068 898201   		.uleb128 0x4109
 449 006b 01       		.byte	0x1
 450 006c 11       		.uleb128 0x11
 451 006d 01       		.uleb128 0x1
 452 006e 31       		.uleb128 0x31
 453 006f 13       		.uleb128 0x13
 454 0070 00       		.byte	0
 455 0071 00       		.byte	0
 456 0072 09       		.uleb128 0x9
 457 0073 2E       		.uleb128 0x2e
 458 0074 01       		.byte	0x1
ARM GAS  C:\Users\raduf\AppData\Local\Temp\ccCyGjlO.s 			page 10


 459 0075 3F       		.uleb128 0x3f
 460 0076 19       		.uleb128 0x19
 461 0077 03       		.uleb128 0x3
 462 0078 0E       		.uleb128 0xe
 463 0079 3A       		.uleb128 0x3a
 464 007a 0B       		.uleb128 0xb
 465 007b 3B       		.uleb128 0x3b
 466 007c 0B       		.uleb128 0xb
 467 007d 27       		.uleb128 0x27
 468 007e 19       		.uleb128 0x19
 469 007f 11       		.uleb128 0x11
 470 0080 01       		.uleb128 0x1
 471 0081 12       		.uleb128 0x12
 472 0082 06       		.uleb128 0x6
 473 0083 40       		.uleb128 0x40
 474 0084 18       		.uleb128 0x18
 475 0085 9742     		.uleb128 0x2117
 476 0087 19       		.uleb128 0x19
 477 0088 01       		.uleb128 0x1
 478 0089 13       		.uleb128 0x13
 479 008a 00       		.byte	0
 480 008b 00       		.byte	0
 481 008c 0A       		.uleb128 0xa
 482 008d 05       		.uleb128 0x5
 483 008e 00       		.byte	0
 484 008f 03       		.uleb128 0x3
 485 0090 0E       		.uleb128 0xe
 486 0091 3A       		.uleb128 0x3a
 487 0092 0B       		.uleb128 0xb
 488 0093 3B       		.uleb128 0x3b
 489 0094 0B       		.uleb128 0xb
 490 0095 49       		.uleb128 0x49
 491 0096 13       		.uleb128 0x13
 492 0097 02       		.uleb128 0x2
 493 0098 18       		.uleb128 0x18
 494 0099 00       		.byte	0
 495 009a 00       		.byte	0
 496 009b 0B       		.uleb128 0xb
 497 009c 34       		.uleb128 0x34
 498 009d 00       		.byte	0
 499 009e 03       		.uleb128 0x3
 500 009f 0E       		.uleb128 0xe
 501 00a0 3A       		.uleb128 0x3a
 502 00a1 0B       		.uleb128 0xb
 503 00a2 3B       		.uleb128 0x3b
 504 00a3 05       		.uleb128 0x5
 505 00a4 49       		.uleb128 0x49
 506 00a5 13       		.uleb128 0x13
 507 00a6 3F       		.uleb128 0x3f
 508 00a7 19       		.uleb128 0x19
 509 00a8 3C       		.uleb128 0x3c
 510 00a9 19       		.uleb128 0x19
 511 00aa 00       		.byte	0
 512 00ab 00       		.byte	0
 513 00ac 0C       		.uleb128 0xc
 514 00ad 35       		.uleb128 0x35
 515 00ae 00       		.byte	0
ARM GAS  C:\Users\raduf\AppData\Local\Temp\ccCyGjlO.s 			page 11


 516 00af 49       		.uleb128 0x49
 517 00b0 13       		.uleb128 0x13
 518 00b1 00       		.byte	0
 519 00b2 00       		.byte	0
 520 00b3 0D       		.uleb128 0xd
 521 00b4 34       		.uleb128 0x34
 522 00b5 00       		.byte	0
 523 00b6 03       		.uleb128 0x3
 524 00b7 0E       		.uleb128 0xe
 525 00b8 3A       		.uleb128 0x3a
 526 00b9 0B       		.uleb128 0xb
 527 00ba 3B       		.uleb128 0x3b
 528 00bb 0B       		.uleb128 0xb
 529 00bc 49       		.uleb128 0x49
 530 00bd 13       		.uleb128 0x13
 531 00be 3F       		.uleb128 0x3f
 532 00bf 19       		.uleb128 0x19
 533 00c0 02       		.uleb128 0x2
 534 00c1 18       		.uleb128 0x18
 535 00c2 00       		.byte	0
 536 00c3 00       		.byte	0
 537 00c4 0E       		.uleb128 0xe
 538 00c5 2E       		.uleb128 0x2e
 539 00c6 00       		.byte	0
 540 00c7 3F       		.uleb128 0x3f
 541 00c8 19       		.uleb128 0x19
 542 00c9 3C       		.uleb128 0x3c
 543 00ca 19       		.uleb128 0x19
 544 00cb 6E       		.uleb128 0x6e
 545 00cc 0E       		.uleb128 0xe
 546 00cd 03       		.uleb128 0x3
 547 00ce 0E       		.uleb128 0xe
 548 00cf 3A       		.uleb128 0x3a
 549 00d0 0B       		.uleb128 0xb
 550 00d1 3B       		.uleb128 0x3b
 551 00d2 0B       		.uleb128 0xb
 552 00d3 00       		.byte	0
 553 00d4 00       		.byte	0
 554 00d5 00       		.byte	0
 555              		.section	.debug_aranges,"",%progbits
 556 0000 24000000 		.4byte	0x24
 557 0004 0200     		.2byte	0x2
 558 0006 00000000 		.4byte	.Ldebug_info0
 559 000a 04       		.byte	0x4
 560 000b 00       		.byte	0
 561 000c 0000     		.2byte	0
 562 000e 0000     		.2byte	0
 563 0010 00000000 		.4byte	.LFB64
 564 0014 5C000000 		.4byte	.LFE64-.LFB64
 565 0018 00000000 		.4byte	.LFB65
 566 001c 0C000000 		.4byte	.LFE65-.LFB65
 567 0020 00000000 		.4byte	0
 568 0024 00000000 		.4byte	0
 569              		.section	.debug_ranges,"",%progbits
 570              	.Ldebug_ranges0:
 571 0000 00000000 		.4byte	.LFB64
 572 0004 5C000000 		.4byte	.LFE64
ARM GAS  C:\Users\raduf\AppData\Local\Temp\ccCyGjlO.s 			page 12


 573 0008 00000000 		.4byte	.LFB65
 574 000c 0C000000 		.4byte	.LFE65
 575 0010 00000000 		.4byte	0
 576 0014 00000000 		.4byte	0
 577              		.section	.debug_line,"",%progbits
 578              	.Ldebug_line0:
 579 0000 7C010000 		.section	.debug_str,"MS",%progbits,1
 579      02004F01 
 579      00000201 
 579      FB0E0D00 
 579      01010101 
 580              	.LASF8:
 581 0000 6C6F6E67 		.ascii	"long long int\000"
 581      206C6F6E 
 581      6720696E 
 581      7400
 582              	.LASF3:
 583 000e 73686F72 		.ascii	"short unsigned int\000"
 583      7420756E 
 583      7369676E 
 583      65642069 
 583      6E7400
 584              	.LASF10:
 585 0021 756E7369 		.ascii	"unsigned int\000"
 585      676E6564 
 585      20696E74 
 585      00
 586              	.LASF19:
 587 002e 72785F64 		.ascii	"rx_data\000"
 587      61746100 
 588              	.LASF20:
 589 0036 474E5520 		.ascii	"GNU C11 5.4.1 20160609 (release) [ARM/embedded-5-br"
 589      43313120 
 589      352E342E 
 589      31203230 
 589      31363036 
 590 0069 616E6368 		.ascii	"anch revision 237715] -mcpu=cortex-m3 -mthumb -g -O"
 590      20726576 
 590      6973696F 
 590      6E203233 
 590      37373135 
 591 009c 67202D66 		.ascii	"g -ffunction-sections -ffat-lto-objects\000"
 591      66756E63 
 591      74696F6E 
 591      2D736563 
 591      74696F6E 
 592              	.LASF23:
 593 00c4 7072696E 		.ascii	"print\000"
 593      7400
 594              	.LASF9:
 595 00ca 6C6F6E67 		.ascii	"long long unsigned int\000"
 595      206C6F6E 
 595      6720756E 
 595      7369676E 
 595      65642069 
 596              	.LASF25:
 597 00e1 64617461 		.ascii	"data\000"
ARM GAS  C:\Users\raduf\AppData\Local\Temp\ccCyGjlO.s 			page 13


 597      00
 598              	.LASF26:
 599 00e6 55415254 		.ascii	"UART_1_PutString\000"
 599      5F315F50 
 599      75745374 
 599      72696E67 
 599      00
 600              	.LASF11:
 601 00f7 75696E74 		.ascii	"uint8_t\000"
 601      385F7400 
 602              	.LASF1:
 603 00ff 756E7369 		.ascii	"unsigned char\000"
 603      676E6564 
 603      20636861 
 603      7200
 604              	.LASF4:
 605 010d 5F5F7569 		.ascii	"__uint8_t\000"
 605      6E74385F 
 605      7400
 606              	.LASF15:
 607 0117 63686172 		.ascii	"char\000"
 607      00
 608              	.LASF6:
 609 011c 6C6F6E67 		.ascii	"long int\000"
 609      20696E74 
 609      00
 610              	.LASF21:
 611 0125 5465726D 		.ascii	"Terminal.c\000"
 611      696E616C 
 611      2E6300
 612              	.LASF14:
 613 0130 646F7562 		.ascii	"double\000"
 613      6C6500
 614              	.LASF7:
 615 0137 6C6F6E67 		.ascii	"long unsigned int\000"
 615      20756E73 
 615      69676E65 
 615      6420696E 
 615      7400
 616              	.LASF24:
 617 0149 73657444 		.ascii	"setData_UART\000"
 617      6174615F 
 617      55415254 
 617      00
 618              	.LASF18:
 619 0156 49544D5F 		.ascii	"ITM_RxBuffer\000"
 619      52784275 
 619      66666572 
 619      00
 620              	.LASF0:
 621 0163 7369676E 		.ascii	"signed char\000"
 621      65642063 
 621      68617200 
 622              	.LASF16:
 623 016f 6C6F6E67 		.ascii	"long double\000"
 623      20646F75 
 623      626C6500 
ARM GAS  C:\Users\raduf\AppData\Local\Temp\ccCyGjlO.s 			page 14


 624              	.LASF5:
 625 017b 5F5F696E 		.ascii	"__int32_t\000"
 625      7433325F 
 625      7400
 626              	.LASF13:
 627 0185 666C6F61 		.ascii	"float\000"
 627      7400
 628              	.LASF22:
 629 018b 433A5C55 		.ascii	"C:\\Users\\raduf\\OneDrive\\Desktop\\SemesterProjek"
 629      73657273 
 629      5C726164 
 629      75665C4F 
 629      6E654472 
 630 01b9 745C422D 		.ascii	"t\\B-CAC\\Workspace01\\SPI_Master.cydsn\000"
 630      4341435C 
 630      576F726B 
 630      73706163 
 630      6530315C 
 631              	.LASF2:
 632 01de 73686F72 		.ascii	"short int\000"
 632      7420696E 
 632      7400
 633              	.LASF12:
 634 01e8 696E7433 		.ascii	"int32_t\000"
 634      325F7400 
 635              	.LASF17:
 636 01f0 73697A65 		.ascii	"sizetype\000"
 636      74797065 
 636      00
 637              		.ident	"GCC: (GNU Tools for ARM Embedded Processors) 5.4.1 20160609 (release) [ARM/embedded-5-bran
