ARM GAS  C:\Users\jespe\AppData\Local\Temp\ccFo9Eni.s 			page 1


   1              		.syntax unified
   2              		.cpu cortex-m3
   3              		.fpu softvfp
   4              		.eabi_attribute 20, 1
   5              		.eabi_attribute 21, 1
   6              		.eabi_attribute 23, 3
   7              		.eabi_attribute 24, 1
   8              		.eabi_attribute 25, 1
   9              		.eabi_attribute 26, 1
  10              		.eabi_attribute 30, 1
  11              		.eabi_attribute 34, 1
  12              		.eabi_attribute 18, 4
  13              		.thumb
  14              		.syntax unified
  15              		.file	"cymetadata.c"
  16              		.text
  17              	.Ltext0:
  18              		.cfi_sections	.debug_frame
  19              		.global	cy_metadata
  20              		.global	cy_meta_flashprotect
  21              		.global	cy_meta_wonvl
  22              		.global	cy_meta_custnvl
  23              		.global	cy_meta_configecc
  24              		.section	.cyconfigecc,"a",%progbits
  25              		.align	2
  26              		.type	cy_meta_configecc, %object
  27              		.size	cy_meta_configecc, 988
  28              	cy_meta_configecc:
  29 0000 02       		.byte	2
  30 0001 52       		.byte	82
  31 0002 00       		.byte	0
  32 0003 40       		.byte	64
  33 0004 04       		.byte	4
  34 0005 64       		.byte	100
  35 0006 00       		.byte	0
  36 0007 40       		.byte	64
  37 0008 55       		.byte	85
  38 0009 00       		.byte	0
  39 000a 01       		.byte	1
  40 000b 40       		.byte	64
  41 000c 37       		.byte	55
  42 000d 01       		.byte	1
  43 000e 01       		.byte	1
  44 000f 40       		.byte	64
  45 0010 57       		.byte	87
  46 0011 02       		.byte	2
  47 0012 01       		.byte	1
  48 0013 40       		.byte	64
  49 0014 39       		.byte	57
  50 0015 03       		.byte	3
  51 0016 01       		.byte	1
  52 0017 40       		.byte	64
  53 0018 08       		.byte	8
  54 0019 04       		.byte	4
  55 001a 01       		.byte	1
  56 001b 40       		.byte	64
  57 001c 43       		.byte	67
ARM GAS  C:\Users\jespe\AppData\Local\Temp\ccFo9Eni.s 			page 2


  58 001d 05       		.byte	5
  59 001e 01       		.byte	1
  60 001f 40       		.byte	64
  61 0020 02       		.byte	2
  62 0021 07       		.byte	7
  63 0022 01       		.byte	1
  64 0023 40       		.byte	64
  65 0024 04       		.byte	4
  66 0025 40       		.byte	64
  67 0026 01       		.byte	1
  68 0027 40       		.byte	64
  69 0028 0A       		.byte	10
  70 0029 41       		.byte	65
  71 002a 01       		.byte	1
  72 002b 40       		.byte	64
  73 002c 02       		.byte	2
  74 002d 42       		.byte	66
  75 002e 01       		.byte	1
  76 002f 40       		.byte	64
  77 0030 03       		.byte	3
  78 0031 50       		.byte	80
  79 0032 01       		.byte	1
  80 0033 40       		.byte	64
  81 0034 01       		.byte	1
  82 0035 51       		.byte	81
  83 0036 01       		.byte	1
  84 0037 40       		.byte	64
  85 0038 00       		.byte	0
  86 0039 02       		.byte	2
  87 003a 04       		.byte	4
  88 003b 01       		.byte	1
  89 003c 80       		.byte	-128
  90 003d 0F       		.byte	15
  91 003e 82       		.byte	-126
  92 003f 38       		.byte	56
  93 0040 83       		.byte	-125
  94 0041 0D       		.byte	13
  95 0042 85       		.byte	-123
  96 0043 72       		.byte	114
  97 0044 02       		.byte	2
  98 0045 01       		.byte	1
  99 0046 06       		.byte	6
 100 0047 01       		.byte	1
 101 0048 09       		.byte	9
 102 0049 10       		.byte	16
 103 004a 0D       		.byte	13
 104 004b 03       		.byte	3
 105 004c 0F       		.byte	15
 106 004d 0C       		.byte	12
 107 004e 12       		.byte	18
 108 004f 02       		.byte	2
 109 0050 13       		.byte	19
 110 0051 08       		.byte	8
 111 0052 15       		.byte	21
 112 0053 03       		.byte	3
 113 0054 17       		.byte	23
 114 0055 04       		.byte	4
ARM GAS  C:\Users\jespe\AppData\Local\Temp\ccFo9Eni.s 			page 3


 115 0056 1D       		.byte	29
 116 0057 0A       		.byte	10
 117 0058 1F       		.byte	31
 118 0059 04       		.byte	4
 119 005a 20       		.byte	32
 120 005b 01       		.byte	1
 121 005c 25       		.byte	37
 122 005d 03       		.byte	3
 123 005e 26       		.byte	38
 124 005f 01       		.byte	1
 125 0060 27       		.byte	39
 126 0061 04       		.byte	4
 127 0062 28       		.byte	40
 128 0063 01       		.byte	1
 129 0064 2B       		.byte	43
 130 0065 05       		.byte	5
 131 0066 2E       		.byte	46
 132 0067 02       		.byte	2
 133 0068 30       		.byte	48
 134 0069 02       		.byte	2
 135 006a 33       		.byte	51
 136 006b 10       		.byte	16
 137 006c 36       		.byte	54
 138 006d 01       		.byte	1
 139 006e 37       		.byte	55
 140 006f 0F       		.byte	15
 141 0070 3B       		.byte	59
 142 0071 80       		.byte	-128
 143 0072 3E       		.byte	62
 144 0073 40       		.byte	64
 145 0074 3F       		.byte	63
 146 0075 04       		.byte	4
 147 0076 40       		.byte	64
 148 0077 52       		.byte	82
 149 0078 41       		.byte	65
 150 0079 03       		.byte	3
 151 007a 45       		.byte	69
 152 007b 0C       		.byte	12
 153 007c 46       		.byte	70
 154 007d EB       		.byte	-21
 155 007e 48       		.byte	72
 156 007f 0D       		.byte	13
 157 0080 49       		.byte	73
 158 0081 FF       		.byte	-1
 159 0082 4A       		.byte	74
 160 0083 FF       		.byte	-1
 161 0084 4B       		.byte	75
 162 0085 FF       		.byte	-1
 163 0086 4E       		.byte	78
 164 0087 F0       		.byte	-16
 165 0088 4F       		.byte	79
 166 0089 44       		.byte	68
 167 008a 50       		.byte	80
 168 008b 0C       		.byte	12
 169 008c 54       		.byte	84
 170 008d 01       		.byte	1
 171 008e 58       		.byte	88
ARM GAS  C:\Users\jespe\AppData\Local\Temp\ccFo9Eni.s 			page 4


 172 008f 04       		.byte	4
 173 0090 59       		.byte	89
 174 0091 04       		.byte	4
 175 0092 5A       		.byte	90
 176 0093 04       		.byte	4
 177 0094 5B       		.byte	91
 178 0095 04       		.byte	4
 179 0096 5C       		.byte	92
 180 0097 01       		.byte	1
 181 0098 5F       		.byte	95
 182 0099 01       		.byte	1
 183 009a 66       		.byte	102
 184 009b C0       		.byte	-64
 185 009c 6A       		.byte	106
 186 009d 40       		.byte	64
 187 009e 6B       		.byte	107
 188 009f 02       		.byte	2
 189 00a0 80       		.byte	-128
 190 00a1 5C       		.byte	92
 191 00a2 81       		.byte	-127
 192 00a3 21       		.byte	33
 193 00a4 82       		.byte	-126
 194 00a5 02       		.byte	2
 195 00a6 83       		.byte	-125
 196 00a7 54       		.byte	84
 197 00a8 85       		.byte	-123
 198 00a9 02       		.byte	2
 199 00aa 86       		.byte	-122
 200 00ab 20       		.byte	32
 201 00ac 87       		.byte	-121
 202 00ad 24       		.byte	36
 203 00ae 8C       		.byte	-116
 204 00af 09       		.byte	9
 205 00b0 8E       		.byte	-114
 206 00b1 10       		.byte	16
 207 00b2 93       		.byte	-109
 208 00b3 58       		.byte	88
 209 00b4 94       		.byte	-108
 210 00b5 6C       		.byte	108
 211 00b6 95       		.byte	-107
 212 00b7 21       		.byte	33
 213 00b8 96       		.byte	-106
 214 00b9 11       		.byte	17
 215 00ba 97       		.byte	-105
 216 00bb 4C       		.byte	76
 217 00bc 98       		.byte	-104
 218 00bd 80       		.byte	-128
 219 00be 9A       		.byte	-102
 220 00bf 03       		.byte	3
 221 00c0 9C       		.byte	-100
 222 00c1 14       		.byte	20
 223 00c2 9D       		.byte	-99
 224 00c3 58       		.byte	88
 225 00c4 9F       		.byte	-97
 226 00c5 25       		.byte	37
 227 00c6 A0       		.byte	-96
 228 00c7 10       		.byte	16
ARM GAS  C:\Users\jespe\AppData\Local\Temp\ccFo9Eni.s 			page 5


 229 00c8 A3       		.byte	-93
 230 00c9 08       		.byte	8
 231 00ca AC       		.byte	-84
 232 00cb 70       		.byte	112
 233 00cc AE       		.byte	-82
 234 00cd 0C       		.byte	12
 235 00ce B0       		.byte	-80
 236 00cf 80       		.byte	-128
 237 00d0 B1       		.byte	-79
 238 00d1 6C       		.byte	108
 239 00d2 B2       		.byte	-78
 240 00d3 60       		.byte	96
 241 00d4 B4       		.byte	-76
 242 00d5 1F       		.byte	31
 243 00d6 B5       		.byte	-75
 244 00d7 1C       		.byte	28
 245 00d8 B7       		.byte	-73
 246 00d9 03       		.byte	3
 247 00da B8       		.byte	-72
 248 00db 08       		.byte	8
 249 00dc B9       		.byte	-71
 250 00dd 80       		.byte	-128
 251 00de BB       		.byte	-69
 252 00df 22       		.byte	34
 253 00e0 BE       		.byte	-66
 254 00e1 05       		.byte	5
 255 00e2 D2       		.byte	-46
 256 00e3 80       		.byte	-128
 257 00e4 D8       		.byte	-40
 258 00e5 04       		.byte	4
 259 00e6 D9       		.byte	-39
 260 00e7 04       		.byte	4
 261 00e8 DB       		.byte	-37
 262 00e9 04       		.byte	4
 263 00ea DD       		.byte	-35
 264 00eb 10       		.byte	16
 265 00ec DF       		.byte	-33
 266 00ed 01       		.byte	1
 267 00ee 01       		.byte	1
 268 00ef 08       		.byte	8
 269 00f0 03       		.byte	3
 270 00f1 40       		.byte	64
 271 00f2 04       		.byte	4
 272 00f3 04       		.byte	4
 273 00f4 06       		.byte	6
 274 00f5 10       		.byte	16
 275 00f6 07       		.byte	7
 276 00f7 41       		.byte	65
 277 00f8 08       		.byte	8
 278 00f9 02       		.byte	2
 279 00fa 0C       		.byte	12
 280 00fb 80       		.byte	-128
 281 00fc 0E       		.byte	14
 282 00fd 24       		.byte	36
 283 00fe 10       		.byte	16
 284 00ff 02       		.byte	2
 285 0100 11       		.byte	17
ARM GAS  C:\Users\jespe\AppData\Local\Temp\ccFo9Eni.s 			page 6


 286 0101 20       		.byte	32
 287 0102 12       		.byte	18
 288 0103 90       		.byte	-112
 289 0104 14       		.byte	20
 290 0105 40       		.byte	64
 291 0106 15       		.byte	21
 292 0107 80       		.byte	-128
 293 0108 19       		.byte	25
 294 0109 40       		.byte	64
 295 010a 1A       		.byte	26
 296 010b 80       		.byte	-128
 297 010c 1D       		.byte	29
 298 010d 08       		.byte	8
 299 010e 1E       		.byte	30
 300 010f 84       		.byte	-124
 301 0110 20       		.byte	32
 302 0111 02       		.byte	2
 303 0112 21       		.byte	33
 304 0113 40       		.byte	64
 305 0114 22       		.byte	34
 306 0115 84       		.byte	-124
 307 0116 25       		.byte	37
 308 0117 10       		.byte	16
 309 0118 26       		.byte	38
 310 0119 10       		.byte	16
 311 011a 27       		.byte	39
 312 011b 45       		.byte	69
 313 011c 28       		.byte	40
 314 011d 10       		.byte	16
 315 011e 29       		.byte	41
 316 011f 08       		.byte	8
 317 0120 2A       		.byte	42
 318 0121 10       		.byte	16
 319 0122 2C       		.byte	44
 320 0123 40       		.byte	64
 321 0124 2E       		.byte	46
 322 0125 02       		.byte	2
 323 0126 33       		.byte	51
 324 0127 45       		.byte	69
 325 0128 37       		.byte	55
 326 0129 45       		.byte	69
 327 012a 39       		.byte	57
 328 012b 80       		.byte	-128
 329 012c 3B       		.byte	59
 330 012d 20       		.byte	32
 331 012e 3C       		.byte	60
 332 012f 06       		.byte	6
 333 0130 40       		.byte	64
 334 0131 04       		.byte	4
 335 0132 43       		.byte	67
 336 0133 04       		.byte	4
 337 0134 48       		.byte	72
 338 0135 01       		.byte	1
 339 0136 49       		.byte	73
 340 0137 08       		.byte	8
 341 0138 50       		.byte	80
 342 0139 80       		.byte	-128
ARM GAS  C:\Users\jespe\AppData\Local\Temp\ccFo9Eni.s 			page 7


 343 013a 53       		.byte	83
 344 013b 10       		.byte	16
 345 013c 58       		.byte	88
 346 013d 10       		.byte	16
 347 013e 59       		.byte	89
 348 013f 40       		.byte	64
 349 0140 5A       		.byte	90
 350 0141 08       		.byte	8
 351 0142 5B       		.byte	91
 352 0143 02       		.byte	2
 353 0144 74       		.byte	116
 354 0145 02       		.byte	2
 355 0146 8A       		.byte	-118
 356 0147 40       		.byte	64
 357 0148 C0       		.byte	-64
 358 0149 BC       		.byte	-68
 359 014a C2       		.byte	-62
 360 014b E8       		.byte	-24
 361 014c C4       		.byte	-60
 362 014d 9F       		.byte	-97
 363 014e CA       		.byte	-54
 364 014f 86       		.byte	-122
 365 0150 CC       		.byte	-52
 366 0151 DB       		.byte	-37
 367 0152 CE       		.byte	-50
 368 0153 CC       		.byte	-52
 369 0154 D0       		.byte	-48
 370 0155 06       		.byte	6
 371 0156 D2       		.byte	-46
 372 0157 08       		.byte	8
 373 0158 D6       		.byte	-42
 374 0159 0F       		.byte	15
 375 015a E2       		.byte	-30
 376 015b 20       		.byte	32
 377 015c 01       		.byte	1
 378 015d 0A       		.byte	10
 379 015e 03       		.byte	3
 380 015f 01       		.byte	1
 381 0160 04       		.byte	4
 382 0161 0C       		.byte	12
 383 0162 05       		.byte	5
 384 0163 19       		.byte	25
 385 0164 07       		.byte	7
 386 0165 06       		.byte	6
 387 0166 08       		.byte	8
 388 0167 0C       		.byte	12
 389 0168 09       		.byte	9
 390 0169 18       		.byte	24
 391 016a 0F       		.byte	15
 392 016b 18       		.byte	24
 393 016c 13       		.byte	19
 394 016d 18       		.byte	24
 395 016e 15       		.byte	21
 396 016f 18       		.byte	24
 397 0170 16       		.byte	22
 398 0171 02       		.byte	2
 399 0172 19       		.byte	25
ARM GAS  C:\Users\jespe\AppData\Local\Temp\ccFo9Eni.s 			page 8


 400 0173 14       		.byte	20
 401 0174 1B       		.byte	27
 402 0175 01       		.byte	1
 403 0176 1C       		.byte	28
 404 0177 04       		.byte	4
 405 0178 1E       		.byte	30
 406 0179 09       		.byte	9
 407 017a 23       		.byte	35
 408 017b 18       		.byte	24
 409 017c 25       		.byte	37
 410 017d 27       		.byte	39
 411 017e 26       		.byte	38
 412 017f 02       		.byte	2
 413 0180 28       		.byte	40
 414 0181 08       		.byte	8
 415 0182 29       		.byte	41
 416 0183 27       		.byte	39
 417 0184 2A       		.byte	42
 418 0185 04       		.byte	4
 419 0186 2D       		.byte	45
 420 0187 20       		.byte	32
 421 0188 30       		.byte	48
 422 0189 02       		.byte	2
 423 018a 31       		.byte	49
 424 018b 20       		.byte	32
 425 018c 32       		.byte	50
 426 018d 0C       		.byte	12
 427 018e 33       		.byte	51
 428 018f 07       		.byte	7
 429 0190 36       		.byte	54
 430 0191 01       		.byte	1
 431 0192 37       		.byte	55
 432 0193 18       		.byte	24
 433 0194 3E       		.byte	62
 434 0195 01       		.byte	1
 435 0196 40       		.byte	64
 436 0197 03       		.byte	3
 437 0198 47       		.byte	71
 438 0199 40       		.byte	64
 439 019a 49       		.byte	73
 440 019b FF       		.byte	-1
 441 019c 4A       		.byte	74
 442 019d 07       		.byte	7
 443 019e 4B       		.byte	75
 444 019f FF       		.byte	-1
 445 01a0 4C       		.byte	76
 446 01a1 40       		.byte	64
 447 01a2 4D       		.byte	77
 448 01a3 20       		.byte	32
 449 01a4 4E       		.byte	78
 450 01a5 F0       		.byte	-16
 451 01a6 4F       		.byte	79
 452 01a7 05       		.byte	5
 453 01a8 50       		.byte	80
 454 01a9 08       		.byte	8
 455 01aa 54       		.byte	84
 456 01ab 18       		.byte	24
ARM GAS  C:\Users\jespe\AppData\Local\Temp\ccFo9Eni.s 			page 9


 457 01ac 56       		.byte	86
 458 01ad 04       		.byte	4
 459 01ae 58       		.byte	88
 460 01af 04       		.byte	4
 461 01b0 59       		.byte	89
 462 01b1 04       		.byte	4
 463 01b2 5A       		.byte	90
 464 01b3 04       		.byte	4
 465 01b4 5B       		.byte	91
 466 01b5 04       		.byte	4
 467 01b6 5F       		.byte	95
 468 01b7 01       		.byte	1
 469 01b8 60       		.byte	96
 470 01b9 40       		.byte	64
 471 01ba 61       		.byte	97
 472 01bb A8       		.byte	-88
 473 01bc 62       		.byte	98
 474 01bd 40       		.byte	64
 475 01be 63       		.byte	99
 476 01bf 20       		.byte	32
 477 01c0 86       		.byte	-122
 478 01c1 02       		.byte	2
 479 01c2 8A       		.byte	-118
 480 01c3 02       		.byte	2
 481 01c4 92       		.byte	-110
 482 01c5 01       		.byte	1
 483 01c6 98       		.byte	-104
 484 01c7 01       		.byte	1
 485 01c8 9E       		.byte	-98
 486 01c9 01       		.byte	1
 487 01ca A2       		.byte	-94
 488 01cb 04       		.byte	4
 489 01cc A8       		.byte	-88
 490 01cd 01       		.byte	1
 491 01ce AE       		.byte	-82
 492 01cf 04       		.byte	4
 493 01d0 B2       		.byte	-78
 494 01d1 01       		.byte	1
 495 01d2 B4       		.byte	-76
 496 01d3 02       		.byte	2
 497 01d4 B6       		.byte	-74
 498 01d5 04       		.byte	4
 499 01d6 B8       		.byte	-72
 500 01d7 08       		.byte	8
 501 01d8 BE       		.byte	-66
 502 01d9 50       		.byte	80
 503 01da C0       		.byte	-64
 504 01db 51       		.byte	81
 505 01dc C5       		.byte	-59
 506 01dd EC       		.byte	-20
 507 01de C6       		.byte	-58
 508 01df 02       		.byte	2
 509 01e0 C8       		.byte	-56
 510 01e1 07       		.byte	7
 511 01e2 C9       		.byte	-55
 512 01e3 FF       		.byte	-1
 513 01e4 CA       		.byte	-54
ARM GAS  C:\Users\jespe\AppData\Local\Temp\ccFo9Eni.s 			page 10


 514 01e5 FF       		.byte	-1
 515 01e6 CB       		.byte	-53
 516 01e7 FF       		.byte	-1
 517 01e8 CF       		.byte	-49
 518 01e9 01       		.byte	1
 519 01ea D0       		.byte	-48
 520 01eb 18       		.byte	24
 521 01ec D4       		.byte	-44
 522 01ed 01       		.byte	1
 523 01ee D8       		.byte	-40
 524 01ef 04       		.byte	4
 525 01f0 DA       		.byte	-38
 526 01f1 04       		.byte	4
 527 01f2 DB       		.byte	-37
 528 01f3 04       		.byte	4
 529 01f4 DD       		.byte	-35
 530 01f5 11       		.byte	17
 531 01f6 DF       		.byte	-33
 532 01f7 01       		.byte	1
 533 01f8 E0       		.byte	-32
 534 01f9 40       		.byte	64
 535 01fa E2       		.byte	-30
 536 01fb 40       		.byte	64
 537 01fc E4       		.byte	-28
 538 01fd 40       		.byte	64
 539 01fe E5       		.byte	-27
 540 01ff 40       		.byte	64
 541 0200 E6       		.byte	-26
 542 0201 80       		.byte	-128
 543 0202 E8       		.byte	-24
 544 0203 80       		.byte	-128
 545 0204 EA       		.byte	-22
 546 0205 80       		.byte	-128
 547 0206 EC       		.byte	-20
 548 0207 80       		.byte	-128
 549 0208 EE       		.byte	-18
 550 0209 80       		.byte	-128
 551 020a 00       		.byte	0
 552 020b 18       		.byte	24
 553 020c 04       		.byte	4
 554 020d 28       		.byte	40
 555 020e 06       		.byte	6
 556 020f 28       		.byte	40
 557 0210 08       		.byte	8
 558 0211 40       		.byte	64
 559 0212 09       		.byte	9
 560 0213 20       		.byte	32
 561 0214 0A       		.byte	10
 562 0215 40       		.byte	64
 563 0216 0F       		.byte	15
 564 0217 22       		.byte	34
 565 0218 10       		.byte	16
 566 0219 82       		.byte	-126
 567 021a 13       		.byte	19
 568 021b 10       		.byte	16
 569 021c 17       		.byte	23
 570 021d 14       		.byte	20
ARM GAS  C:\Users\jespe\AppData\Local\Temp\ccFo9Eni.s 			page 11


 571 021e 18       		.byte	24
 572 021f 10       		.byte	16
 573 0220 19       		.byte	25
 574 0221 60       		.byte	96
 575 0222 1C       		.byte	28
 576 0223 20       		.byte	32
 577 0224 1E       		.byte	30
 578 0225 20       		.byte	32
 579 0226 1F       		.byte	31
 580 0227 41       		.byte	65
 581 0228 25       		.byte	37
 582 0229 04       		.byte	4
 583 022a 26       		.byte	38
 584 022b 02       		.byte	2
 585 022c 27       		.byte	39
 586 022d 02       		.byte	2
 587 022e 2C       		.byte	44
 588 022f 40       		.byte	64
 589 0230 2D       		.byte	45
 590 0231 01       		.byte	1
 591 0232 2E       		.byte	46
 592 0233 28       		.byte	40
 593 0234 2F       		.byte	47
 594 0235 02       		.byte	2
 595 0236 36       		.byte	54
 596 0237 16       		.byte	22
 597 0238 37       		.byte	55
 598 0239 10       		.byte	16
 599 023a 3D       		.byte	61
 600 023b 08       		.byte	8
 601 023c 3E       		.byte	62
 602 023d 40       		.byte	64
 603 023e 3F       		.byte	63
 604 023f 12       		.byte	18
 605 0240 40       		.byte	64
 606 0241 02       		.byte	2
 607 0242 41       		.byte	65
 608 0243 40       		.byte	64
 609 0244 45       		.byte	69
 610 0245 08       		.byte	8
 611 0246 48       		.byte	72
 612 0247 02       		.byte	2
 613 0248 49       		.byte	73
 614 0249 05       		.byte	5
 615 024a 50       		.byte	80
 616 024b 80       		.byte	-128
 617 024c 51       		.byte	81
 618 024d 40       		.byte	64
 619 024e 56       		.byte	86
 620 024f 12       		.byte	18
 621 0250 59       		.byte	89
 622 0251 45       		.byte	69
 623 0252 5F       		.byte	95
 624 0253 02       		.byte	2
 625 0254 65       		.byte	101
 626 0255 20       		.byte	32
 627 0256 66       		.byte	102
ARM GAS  C:\Users\jespe\AppData\Local\Temp\ccFo9Eni.s 			page 12


 628 0257 01       		.byte	1
 629 0258 67       		.byte	103
 630 0259 02       		.byte	2
 631 025a 82       		.byte	-126
 632 025b 01       		.byte	1
 633 025c 9C       		.byte	-100
 634 025d 02       		.byte	2
 635 025e 9E       		.byte	-98
 636 025f 12       		.byte	18
 637 0260 A0       		.byte	-96
 638 0261 02       		.byte	2
 639 0262 A1       		.byte	-95
 640 0263 08       		.byte	8
 641 0264 AA       		.byte	-86
 642 0265 40       		.byte	64
 643 0266 AF       		.byte	-81
 644 0267 12       		.byte	18
 645 0268 C0       		.byte	-64
 646 0269 66       		.byte	102
 647 026a C2       		.byte	-62
 648 026b AB       		.byte	-85
 649 026c C4       		.byte	-60
 650 026d 6B       		.byte	107
 651 026e CA       		.byte	-54
 652 026f F0       		.byte	-16
 653 0270 CC       		.byte	-52
 654 0271 E0       		.byte	-32
 655 0272 CE       		.byte	-50
 656 0273 F0       		.byte	-16
 657 0274 D0       		.byte	-48
 658 0275 48       		.byte	72
 659 0276 D2       		.byte	-46
 660 0277 08       		.byte	8
 661 0278 D6       		.byte	-42
 662 0279 8B       		.byte	-117
 663 027a D8       		.byte	-40
 664 027b B0       		.byte	-80
 665 027c 10       		.byte	16
 666 027d 01       		.byte	1
 667 027e 14       		.byte	20
 668 027f 01       		.byte	1
 669 0280 18       		.byte	24
 670 0281 01       		.byte	1
 671 0282 28       		.byte	40
 672 0283 01       		.byte	1
 673 0284 30       		.byte	48
 674 0285 01       		.byte	1
 675 0286 3E       		.byte	62
 676 0287 01       		.byte	1
 677 0288 58       		.byte	88
 678 0289 04       		.byte	4
 679 028a 5F       		.byte	95
 680 028b 01       		.byte	1
 681 028c 05       		.byte	5
 682 028d 81       		.byte	-127
 683 028e 06       		.byte	6
 684 028f 04       		.byte	4
ARM GAS  C:\Users\jespe\AppData\Local\Temp\ccFo9Eni.s 			page 13


 685 0290 07       		.byte	7
 686 0291 20       		.byte	32
 687 0292 09       		.byte	9
 688 0293 2A       		.byte	42
 689 0294 0B       		.byte	11
 690 0295 10       		.byte	16
 691 0296 0C       		.byte	12
 692 0297 04       		.byte	4
 693 0298 0E       		.byte	14
 694 0299 08       		.byte	8
 695 029a 0F       		.byte	15
 696 029b 02       		.byte	2
 697 029c 10       		.byte	16
 698 029d 04       		.byte	4
 699 029e 12       		.byte	18
 700 029f 08       		.byte	8
 701 02a0 14       		.byte	20
 702 02a1 01       		.byte	1
 703 02a2 15       		.byte	21
 704 02a3 14       		.byte	20
 705 02a4 16       		.byte	22
 706 02a5 C1       		.byte	-63
 707 02a6 18       		.byte	24
 708 02a7 40       		.byte	64
 709 02a8 1D       		.byte	29
 710 02a9 2B       		.byte	43
 711 02aa 1E       		.byte	30
 712 02ab 48       		.byte	72
 713 02ac 26       		.byte	38
 714 02ad 08       		.byte	8
 715 02ae 27       		.byte	39
 716 02af 44       		.byte	68
 717 02b0 2C       		.byte	44
 718 02b1 04       		.byte	4
 719 02b2 2E       		.byte	46
 720 02b3 48       		.byte	72
 721 02b4 2F       		.byte	47
 722 02b5 40       		.byte	64
 723 02b6 34       		.byte	52
 724 02b7 01       		.byte	1
 725 02b8 35       		.byte	53
 726 02b9 80       		.byte	-128
 727 02ba 36       		.byte	54
 728 02bb 04       		.byte	4
 729 02bc 37       		.byte	55
 730 02bd 20       		.byte	32
 731 02be 3C       		.byte	60
 732 02bf 20       		.byte	32
 733 02c0 3D       		.byte	61
 734 02c1 1C       		.byte	28
 735 02c2 3E       		.byte	62
 736 02c3 80       		.byte	-128
 737 02c4 3F       		.byte	63
 738 02c5 02       		.byte	2
 739 02c6 45       		.byte	69
 740 02c7 20       		.byte	32
 741 02c8 47       		.byte	71
ARM GAS  C:\Users\jespe\AppData\Local\Temp\ccFo9Eni.s 			page 14


 742 02c9 44       		.byte	68
 743 02ca 4D       		.byte	77
 744 02cb 80       		.byte	-128
 745 02cc 4E       		.byte	78
 746 02cd 02       		.byte	2
 747 02ce 4F       		.byte	79
 748 02cf 10       		.byte	16
 749 02d0 54       		.byte	84
 750 02d1 04       		.byte	4
 751 02d2 57       		.byte	87
 752 02d3 10       		.byte	16
 753 02d4 5C       		.byte	92
 754 02d5 40       		.byte	64
 755 02d6 6C       		.byte	108
 756 02d7 14       		.byte	20
 757 02d8 6F       		.byte	111
 758 02d9 02       		.byte	2
 759 02da 76       		.byte	118
 760 02db 0D       		.byte	13
 761 02dc 77       		.byte	119
 762 02dd 20       		.byte	32
 763 02de 86       		.byte	-122
 764 02df 40       		.byte	64
 765 02e0 87       		.byte	-121
 766 02e1 10       		.byte	16
 767 02e2 93       		.byte	-109
 768 02e3 80       		.byte	-128
 769 02e4 94       		.byte	-108
 770 02e5 28       		.byte	40
 771 02e6 95       		.byte	-107
 772 02e7 01       		.byte	1
 773 02e8 96       		.byte	-106
 774 02e9 40       		.byte	64
 775 02ea 97       		.byte	-105
 776 02eb 10       		.byte	16
 777 02ec 9F       		.byte	-97
 778 02ed 04       		.byte	4
 779 02ee A0       		.byte	-96
 780 02ef 10       		.byte	16
 781 02f0 A1       		.byte	-95
 782 02f1 04       		.byte	4
 783 02f2 A2       		.byte	-94
 784 02f3 02       		.byte	2
 785 02f4 A3       		.byte	-93
 786 02f5 01       		.byte	1
 787 02f6 A4       		.byte	-92
 788 02f7 04       		.byte	4
 789 02f8 A5       		.byte	-91
 790 02f9 20       		.byte	32
 791 02fa A6       		.byte	-90
 792 02fb 04       		.byte	4
 793 02fc A7       		.byte	-89
 794 02fd 12       		.byte	18
 795 02fe AF       		.byte	-81
 796 02ff 01       		.byte	1
 797 0300 C0       		.byte	-64
 798 0301 F0       		.byte	-16
ARM GAS  C:\Users\jespe\AppData\Local\Temp\ccFo9Eni.s 			page 15


 799 0302 C2       		.byte	-62
 800 0303 EE       		.byte	-18
 801 0304 C4       		.byte	-60
 802 0305 F2       		.byte	-14
 803 0306 CA       		.byte	-54
 804 0307 F0       		.byte	-16
 805 0308 CC       		.byte	-52
 806 0309 F0       		.byte	-16
 807 030a CE       		.byte	-50
 808 030b F0       		.byte	-16
 809 030c D0       		.byte	-48
 810 030d 70       		.byte	112
 811 030e D2       		.byte	-46
 812 030f 30       		.byte	48
 813 0310 D6       		.byte	-42
 814 0311 10       		.byte	16
 815 0312 B1       		.byte	-79
 816 0313 01       		.byte	1
 817 0314 B2       		.byte	-78
 818 0315 08       		.byte	8
 819 0316 33       		.byte	51
 820 0317 40       		.byte	64
 821 0318 37       		.byte	55
 822 0319 10       		.byte	16
 823 031a 8B       		.byte	-117
 824 031b 08       		.byte	8
 825 031c CC       		.byte	-52
 826 031d 30       		.byte	48
 827 031e 03       		.byte	3
 828 031f 80       		.byte	-128
 829 0320 57       		.byte	87
 830 0321 08       		.byte	8
 831 0322 83       		.byte	-125
 832 0323 10       		.byte	16
 833 0324 9F       		.byte	-97
 834 0325 10       		.byte	16
 835 0326 A3       		.byte	-93
 836 0327 08       		.byte	8
 837 0328 AB       		.byte	-85
 838 0329 40       		.byte	64
 839 032a C0       		.byte	-64
 840 032b 10       		.byte	16
 841 032c D4       		.byte	-44
 842 032d 40       		.byte	64
 843 032e E2       		.byte	-30
 844 032f 20       		.byte	32
 845 0330 EE       		.byte	-18
 846 0331 80       		.byte	-128
 847 0332 AF       		.byte	-81
 848 0333 80       		.byte	-128
 849 0334 EC       		.byte	-20
 850 0335 10       		.byte	16
 851 0336 00       		.byte	0
 852 0337 03       		.byte	3
 853 0338 08       		.byte	8
 854 0339 03       		.byte	3
 855 033a 0A       		.byte	10
ARM GAS  C:\Users\jespe\AppData\Local\Temp\ccFo9Eni.s 			page 16


 856 033b 01       		.byte	1
 857 033c 00       		.byte	0
 858 033d 0F       		.byte	15
 859 033e 00       		.byte	0
 860 033f 00       		.byte	0
 861 0340 0F       		.byte	15
 862 0341 04       		.byte	4
 863 0342 10       		.byte	16
 864 0343 80       		.byte	-128
 865 0344 0C       		.byte	12
 866 0345 00       		.byte	0
 867 0346 00       		.byte	0
 868 0347 40       		.byte	64
 869 0348 04       		.byte	4
 870 0349 00       		.byte	0
 871 034a 00       		.byte	0
 872 034b 80       		.byte	-128
 873 034c 00       		.byte	0
 874 034d 3F       		.byte	63
 875 034e 13       		.byte	19
 876 034f 00       		.byte	0
 877 0350 00       		.byte	0
 878 0351 10       		.byte	16
 879 0352 00       		.byte	0
 880 0353 00       		.byte	0
 881 0354 0C       		.byte	12
 882 0355 27       		.byte	39
 883 0356 13       		.byte	19
 884 0357 18       		.byte	24
 885 0358 13       		.byte	19
 886 0359 18       		.byte	24
 887 035a 0C       		.byte	12
 888 035b 00       		.byte	0
 889 035c 01       		.byte	1
 890 035d 00       		.byte	0
 891 035e 00       		.byte	0
 892 035f 23       		.byte	35
 893 0360 1F       		.byte	31
 894 0361 00       		.byte	0
 895 0362 00       		.byte	0
 896 0363 04       		.byte	4
 897 0364 03       		.byte	3
 898 0365 08       		.byte	8
 899 0366 00       		.byte	0
 900 0367 00       		.byte	0
 901 0368 02       		.byte	2
 902 0369 3C       		.byte	60
 903 036a 00       		.byte	0
 904 036b 02       		.byte	2
 905 036c 08       		.byte	8
 906 036d 1C       		.byte	28
 907 036e 00       		.byte	0
 908 036f 21       		.byte	33
 909 0370 1C       		.byte	28
 910 0371 C0       		.byte	-64
 911 0372 00       		.byte	0
 912 0373 1F       		.byte	31
ARM GAS  C:\Users\jespe\AppData\Local\Temp\ccFo9Eni.s 			page 17


 913 0374 0F       		.byte	15
 914 0375 38       		.byte	56
 915 0376 00       		.byte	0
 916 0377 00       		.byte	0
 917 0378 00       		.byte	0
 918 0379 00       		.byte	0
 919 037a 2A       		.byte	42
 920 037b 08       		.byte	8
 921 037c 00       		.byte	0
 922 037d 00       		.byte	0
 923 037e 00       		.byte	0
 924 037f 01       		.byte	1
 925 0380 25       		.byte	37
 926 0381 06       		.byte	6
 927 0382 03       		.byte	3
 928 0383 00       		.byte	0
 929 0384 01       		.byte	1
 930 0385 00       		.byte	0
 931 0386 C0       		.byte	-64
 932 0387 0E       		.byte	14
 933 0388 18       		.byte	24
 934 0389 FF       		.byte	-1
 935 038a FF       		.byte	-1
 936 038b FF       		.byte	-1
 937 038c 62       		.byte	98
 938 038d A0       		.byte	-96
 939 038e F0       		.byte	-16
 940 038f 41       		.byte	65
 941 0390 0C       		.byte	12
 942 0391 00       		.byte	0
 943 0392 00       		.byte	0
 944 0393 00       		.byte	0
 945 0394 00       		.byte	0
 946 0395 00       		.byte	0
 947 0396 02       		.byte	2
 948 0397 10       		.byte	16
 949 0398 04       		.byte	4
 950 0399 04       		.byte	4
 951 039a 04       		.byte	4
 952 039b 04       		.byte	4
 953 039c 00       		.byte	0
 954 039d 00       		.byte	0
 955 039e 00       		.byte	0
 956 039f 01       		.byte	1
 957 03a0 00       		.byte	0
 958 03a1 00       		.byte	0
 959 03a2 00       		.byte	0
 960 03a3 00       		.byte	0
 961 03a4 00       		.byte	0
 962 03a5 00       		.byte	0
 963 03a6 40       		.byte	64
 964 03a7 02       		.byte	2
 965 03a8 00       		.byte	0
 966 03a9 10       		.byte	16
 967 03aa 30       		.byte	48
 968 03ab 10       		.byte	16
 969 03ac 00       		.byte	0
ARM GAS  C:\Users\jespe\AppData\Local\Temp\ccFo9Eni.s 			page 18


 970 03ad 10       		.byte	16
 971 03ae 10       		.byte	16
 972 03af 12       		.byte	18
 973 03b0 00       		.byte	0
 974 03b1 00       		.byte	0
 975 03b2 00       		.byte	0
 976 03b3 00       		.byte	0
 977 03b4 00       		.byte	0
 978 03b5 00       		.byte	0
 979 03b6 00       		.byte	0
 980 03b7 00       		.byte	0
 981 03b8 00       		.byte	0
 982 03b9 00       		.byte	0
 983 03ba 00       		.byte	0
 984 03bb 00       		.byte	0
 985 03bc 00       		.byte	0
 986 03bd 00       		.byte	0
 987 03be 00       		.byte	0
 988 03bf 00       		.byte	0
 989 03c0 02       		.byte	2
 990 03c1 00       		.byte	0
 991 03c2 01       		.byte	1
 992 03c3 02       		.byte	2
 993 03c4 02       		.byte	2
 994 03c5 00       		.byte	0
 995 03c6 02       		.byte	2
 996 03c7 00       		.byte	0
 997 03c8 00       		.byte	0
 998 03c9 00       		.byte	0
 999 03ca 00       		.byte	0
 1000 03cb 00       		.byte	0
 1001 03cc 00       		.byte	0
 1002 03cd CB       		.byte	-53
 1003 03ce CB       		.byte	-53
 1004 03cf 00       		.byte	0
 1005 03d0 00       		.byte	0
 1006 03d1 00       		.byte	0
 1007 03d2 00       		.byte	0
 1008 03d3 00       		.byte	0
 1009 03d4 00       		.byte	0
 1010 03d5 03       		.byte	3
 1011 03d6 03       		.byte	3
 1012 03d7 00       		.byte	0
 1013 03d8 00       		.byte	0
 1014 03d9 00       		.byte	0
 1015 03da 00       		.byte	0
 1016 03db 00       		.byte	0
 1017              		.section	.cywolatch,"a",%progbits
 1018              		.align	2
 1019              		.type	cy_meta_wonvl, %object
 1020              		.size	cy_meta_wonvl, 4
 1021              	cy_meta_wonvl:
 1022 0000 BC       		.byte	-68
 1023 0001 90       		.byte	-112
 1024 0002 AC       		.byte	-84
 1025 0003 AF       		.byte	-81
 1026              		.section	.cycustnvl,"a",%progbits
ARM GAS  C:\Users\jespe\AppData\Local\Temp\ccFo9Eni.s 			page 19


 1027              		.align	2
 1028              		.type	cy_meta_custnvl, %object
 1029              		.size	cy_meta_custnvl, 4
 1030              	cy_meta_custnvl:
 1031 0000 00       		.byte	0
 1032 0001 00       		.byte	0
 1033 0002 40       		.byte	64
 1034 0003 05       		.byte	5
 1035              		.section	.cymeta,"a",%progbits
 1036              		.align	2
 1037              		.type	cy_metadata, %object
 1038              		.size	cy_metadata, 12
 1039              	cy_metadata:
 1040 0000 00       		.byte	0
 1041 0001 01       		.byte	1
 1042 0002 2E       		.byte	46
 1043 0003 16       		.byte	22
 1044 0004 10       		.byte	16
 1045 0005 69       		.byte	105
 1046 0006 00       		.byte	0
 1047 0007 01       		.byte	1
 1048 0008 00       		.byte	0
 1049 0009 00       		.byte	0
 1050 000a 00       		.byte	0
 1051 000b 00       		.byte	0
 1052              		.section	.cyflashprotect,"a",%progbits
 1053              		.align	2
 1054              		.type	cy_meta_flashprotect, %object
 1055              		.size	cy_meta_flashprotect, 256
 1056              	cy_meta_flashprotect:
 1057 0000 00000000 		.space	256
 1057      00000000 
 1057      00000000 
 1057      00000000 
 1057      00000000 
 1058              		.text
 1059              	.Letext0:
 1060              		.file 1 "c:\\program files (x86)\\cypress\\psoc creator\\4.2\\psoc creator\\import\\gnu\\arm\\5.4.
 1061              		.file 2 "c:\\program files (x86)\\cypress\\psoc creator\\4.2\\psoc creator\\import\\gnu\\arm\\5.4.
 1062              		.file 3 "Generated_Source\\PSoC5\\cymetadata.c"
 1063              		.section	.debug_info,"",%progbits
 1064              	.Ldebug_info0:
 1065 0000 31010000 		.4byte	0x131
 1066 0004 0400     		.2byte	0x4
 1067 0006 00000000 		.4byte	.Ldebug_abbrev0
 1068 000a 04       		.byte	0x4
 1069 000b 01       		.uleb128 0x1
 1070 000c 24000000 		.4byte	.LASF17
 1071 0010 0C       		.byte	0xc
 1072 0011 E2010000 		.4byte	.LASF18
 1073 0015 51010000 		.4byte	.LASF19
 1074 0019 00000000 		.4byte	.Ldebug_line0
 1075 001d 02       		.uleb128 0x2
 1076 001e 01       		.byte	0x1
 1077 001f 06       		.byte	0x6
 1078 0020 D6010000 		.4byte	.LASF0
 1079 0024 03       		.uleb128 0x3
ARM GAS  C:\Users\jespe\AppData\Local\Temp\ccFo9Eni.s 			page 20


 1080 0025 00000000 		.4byte	.LASF9
 1081 0029 01       		.byte	0x1
 1082 002a 1D       		.byte	0x1d
 1083 002b 2F000000 		.4byte	0x2f
 1084 002f 02       		.uleb128 0x2
 1085 0030 01       		.byte	0x1
 1086 0031 08       		.byte	0x8
 1087 0032 16000000 		.4byte	.LASF1
 1088 0036 02       		.uleb128 0x2
 1089 0037 02       		.byte	0x2
 1090 0038 05       		.byte	0x5
 1091 0039 C3010000 		.4byte	.LASF2
 1092 003d 02       		.uleb128 0x2
 1093 003e 02       		.byte	0x2
 1094 003f 07       		.byte	0x7
 1095 0040 C4000000 		.4byte	.LASF3
 1096 0044 02       		.uleb128 0x2
 1097 0045 04       		.byte	0x4
 1098 0046 05       		.byte	0x5
 1099 0047 CD010000 		.4byte	.LASF4
 1100 004b 02       		.uleb128 0x2
 1101 004c 04       		.byte	0x4
 1102 004d 07       		.byte	0x7
 1103 004e B2000000 		.4byte	.LASF5
 1104 0052 02       		.uleb128 0x2
 1105 0053 08       		.byte	0x8
 1106 0054 05       		.byte	0x5
 1107 0055 B5010000 		.4byte	.LASF6
 1108 0059 02       		.uleb128 0x2
 1109 005a 08       		.byte	0x8
 1110 005b 07       		.byte	0x7
 1111 005c 06010000 		.4byte	.LASF7
 1112 0060 04       		.uleb128 0x4
 1113 0061 04       		.byte	0x4
 1114 0062 05       		.byte	0x5
 1115 0063 696E7400 		.ascii	"int\000"
 1116 0067 02       		.uleb128 0x2
 1117 0068 04       		.byte	0x4
 1118 0069 07       		.byte	0x7
 1119 006a F9000000 		.4byte	.LASF8
 1120 006e 03       		.uleb128 0x3
 1121 006f 1D010000 		.4byte	.LASF10
 1122 0073 02       		.byte	0x2
 1123 0074 18       		.byte	0x18
 1124 0075 24000000 		.4byte	0x24
 1125 0079 05       		.uleb128 0x5
 1126 007a 91000000 		.4byte	0x91
 1127 007e 8A000000 		.4byte	0x8a
 1128 0082 06       		.uleb128 0x6
 1129 0083 8A000000 		.4byte	0x8a
 1130 0087 DB03     		.2byte	0x3db
 1131 0089 00       		.byte	0
 1132 008a 02       		.uleb128 0x2
 1133 008b 04       		.byte	0x4
 1134 008c 07       		.byte	0x7
 1135 008d 48010000 		.4byte	.LASF11
 1136 0091 07       		.uleb128 0x7
ARM GAS  C:\Users\jespe\AppData\Local\Temp\ccFo9Eni.s 			page 21


 1137 0092 6E000000 		.4byte	0x6e
 1138 0096 08       		.uleb128 0x8
 1139 0097 E7000000 		.4byte	.LASF12
 1140 009b 03       		.byte	0x3
 1141 009c 1F       		.byte	0x1f
 1142 009d A7000000 		.4byte	0xa7
 1143 00a1 05       		.uleb128 0x5
 1144 00a2 03       		.byte	0x3
 1145 00a3 00000000 		.4byte	cy_meta_configecc
 1146 00a7 07       		.uleb128 0x7
 1147 00a8 79000000 		.4byte	0x79
 1148 00ac 05       		.uleb128 0x5
 1149 00ad 91000000 		.4byte	0x91
 1150 00b1 BC000000 		.4byte	0xbc
 1151 00b5 09       		.uleb128 0x9
 1152 00b6 8A000000 		.4byte	0x8a
 1153 00ba 03       		.byte	0x3
 1154 00bb 00       		.byte	0
 1155 00bc 08       		.uleb128 0x8
 1156 00bd D7000000 		.4byte	.LASF13
 1157 00c1 03       		.byte	0x3
 1158 00c2 A8       		.byte	0xa8
 1159 00c3 CD000000 		.4byte	0xcd
 1160 00c7 05       		.uleb128 0x5
 1161 00c8 03       		.byte	0x3
 1162 00c9 00000000 		.4byte	cy_meta_custnvl
 1163 00cd 07       		.uleb128 0x7
 1164 00ce AC000000 		.4byte	0xac
 1165 00d2 08       		.uleb128 0x8
 1166 00d3 3A010000 		.4byte	.LASF14
 1167 00d7 03       		.byte	0x3
 1168 00d8 B6       		.byte	0xb6
 1169 00d9 E3000000 		.4byte	0xe3
 1170 00dd 05       		.uleb128 0x5
 1171 00de 03       		.byte	0x3
 1172 00df 00000000 		.4byte	cy_meta_wonvl
 1173 00e3 07       		.uleb128 0x7
 1174 00e4 AC000000 		.4byte	0xac
 1175 00e8 05       		.uleb128 0x5
 1176 00e9 91000000 		.4byte	0x91
 1177 00ed F8000000 		.4byte	0xf8
 1178 00f1 09       		.uleb128 0x9
 1179 00f2 8A000000 		.4byte	0x8a
 1180 00f6 FF       		.byte	0xff
 1181 00f7 00       		.byte	0
 1182 00f8 08       		.uleb128 0x8
 1183 00f9 25010000 		.4byte	.LASF15
 1184 00fd 03       		.byte	0x3
 1185 00fe C4       		.byte	0xc4
 1186 00ff 09010000 		.4byte	0x109
 1187 0103 05       		.uleb128 0x5
 1188 0104 03       		.byte	0x3
 1189 0105 00000000 		.4byte	cy_meta_flashprotect
 1190 0109 07       		.uleb128 0x7
 1191 010a E8000000 		.4byte	0xe8
 1192 010e 05       		.uleb128 0x5
 1193 010f 91000000 		.4byte	0x91
ARM GAS  C:\Users\jespe\AppData\Local\Temp\ccFo9Eni.s 			page 22


 1194 0113 1E010000 		.4byte	0x11e
 1195 0117 09       		.uleb128 0x9
 1196 0118 8A000000 		.4byte	0x8a
 1197 011c 0B       		.byte	0xb
 1198 011d 00       		.byte	0
 1199 011e 08       		.uleb128 0x8
 1200 011f 0A000000 		.4byte	.LASF16
 1201 0123 03       		.byte	0x3
 1202 0124 F1       		.byte	0xf1
 1203 0125 2F010000 		.4byte	0x12f
 1204 0129 05       		.uleb128 0x5
 1205 012a 03       		.byte	0x3
 1206 012b 00000000 		.4byte	cy_metadata
 1207 012f 07       		.uleb128 0x7
 1208 0130 0E010000 		.4byte	0x10e
 1209 0134 00       		.byte	0
 1210              		.section	.debug_abbrev,"",%progbits
 1211              	.Ldebug_abbrev0:
 1212 0000 01       		.uleb128 0x1
 1213 0001 11       		.uleb128 0x11
 1214 0002 01       		.byte	0x1
 1215 0003 25       		.uleb128 0x25
 1216 0004 0E       		.uleb128 0xe
 1217 0005 13       		.uleb128 0x13
 1218 0006 0B       		.uleb128 0xb
 1219 0007 03       		.uleb128 0x3
 1220 0008 0E       		.uleb128 0xe
 1221 0009 1B       		.uleb128 0x1b
 1222 000a 0E       		.uleb128 0xe
 1223 000b 10       		.uleb128 0x10
 1224 000c 17       		.uleb128 0x17
 1225 000d 00       		.byte	0
 1226 000e 00       		.byte	0
 1227 000f 02       		.uleb128 0x2
 1228 0010 24       		.uleb128 0x24
 1229 0011 00       		.byte	0
 1230 0012 0B       		.uleb128 0xb
 1231 0013 0B       		.uleb128 0xb
 1232 0014 3E       		.uleb128 0x3e
 1233 0015 0B       		.uleb128 0xb
 1234 0016 03       		.uleb128 0x3
 1235 0017 0E       		.uleb128 0xe
 1236 0018 00       		.byte	0
 1237 0019 00       		.byte	0
 1238 001a 03       		.uleb128 0x3
 1239 001b 16       		.uleb128 0x16
 1240 001c 00       		.byte	0
 1241 001d 03       		.uleb128 0x3
 1242 001e 0E       		.uleb128 0xe
 1243 001f 3A       		.uleb128 0x3a
 1244 0020 0B       		.uleb128 0xb
 1245 0021 3B       		.uleb128 0x3b
 1246 0022 0B       		.uleb128 0xb
 1247 0023 49       		.uleb128 0x49
 1248 0024 13       		.uleb128 0x13
 1249 0025 00       		.byte	0
 1250 0026 00       		.byte	0
ARM GAS  C:\Users\jespe\AppData\Local\Temp\ccFo9Eni.s 			page 23


 1251 0027 04       		.uleb128 0x4
 1252 0028 24       		.uleb128 0x24
 1253 0029 00       		.byte	0
 1254 002a 0B       		.uleb128 0xb
 1255 002b 0B       		.uleb128 0xb
 1256 002c 3E       		.uleb128 0x3e
 1257 002d 0B       		.uleb128 0xb
 1258 002e 03       		.uleb128 0x3
 1259 002f 08       		.uleb128 0x8
 1260 0030 00       		.byte	0
 1261 0031 00       		.byte	0
 1262 0032 05       		.uleb128 0x5
 1263 0033 01       		.uleb128 0x1
 1264 0034 01       		.byte	0x1
 1265 0035 49       		.uleb128 0x49
 1266 0036 13       		.uleb128 0x13
 1267 0037 01       		.uleb128 0x1
 1268 0038 13       		.uleb128 0x13
 1269 0039 00       		.byte	0
 1270 003a 00       		.byte	0
 1271 003b 06       		.uleb128 0x6
 1272 003c 21       		.uleb128 0x21
 1273 003d 00       		.byte	0
 1274 003e 49       		.uleb128 0x49
 1275 003f 13       		.uleb128 0x13
 1276 0040 2F       		.uleb128 0x2f
 1277 0041 05       		.uleb128 0x5
 1278 0042 00       		.byte	0
 1279 0043 00       		.byte	0
 1280 0044 07       		.uleb128 0x7
 1281 0045 26       		.uleb128 0x26
 1282 0046 00       		.byte	0
 1283 0047 49       		.uleb128 0x49
 1284 0048 13       		.uleb128 0x13
 1285 0049 00       		.byte	0
 1286 004a 00       		.byte	0
 1287 004b 08       		.uleb128 0x8
 1288 004c 34       		.uleb128 0x34
 1289 004d 00       		.byte	0
 1290 004e 03       		.uleb128 0x3
 1291 004f 0E       		.uleb128 0xe
 1292 0050 3A       		.uleb128 0x3a
 1293 0051 0B       		.uleb128 0xb
 1294 0052 3B       		.uleb128 0x3b
 1295 0053 0B       		.uleb128 0xb
 1296 0054 49       		.uleb128 0x49
 1297 0055 13       		.uleb128 0x13
 1298 0056 3F       		.uleb128 0x3f
 1299 0057 19       		.uleb128 0x19
 1300 0058 02       		.uleb128 0x2
 1301 0059 18       		.uleb128 0x18
 1302 005a 00       		.byte	0
 1303 005b 00       		.byte	0
 1304 005c 09       		.uleb128 0x9
 1305 005d 21       		.uleb128 0x21
 1306 005e 00       		.byte	0
 1307 005f 49       		.uleb128 0x49
ARM GAS  C:\Users\jespe\AppData\Local\Temp\ccFo9Eni.s 			page 24


 1308 0060 13       		.uleb128 0x13
 1309 0061 2F       		.uleb128 0x2f
 1310 0062 0B       		.uleb128 0xb
 1311 0063 00       		.byte	0
 1312 0064 00       		.byte	0
 1313 0065 00       		.byte	0
 1314              		.section	.debug_aranges,"",%progbits
 1315 0000 14000000 		.4byte	0x14
 1316 0004 0200     		.2byte	0x2
 1317 0006 00000000 		.4byte	.Ldebug_info0
 1318 000a 04       		.byte	0x4
 1319 000b 00       		.byte	0
 1320 000c 0000     		.2byte	0
 1321 000e 0000     		.2byte	0
 1322 0010 00000000 		.4byte	0
 1323 0014 00000000 		.4byte	0
 1324              		.section	.debug_line,"",%progbits
 1325              	.Ldebug_line0:
 1326 0000 3D010000 		.section	.debug_str,"MS",%progbits,1
 1326      02003701 
 1326      00000201 
 1326      FB0E0D00 
 1326      01010101 
 1327              	.LASF9:
 1328 0000 5F5F7569 		.ascii	"__uint8_t\000"
 1328      6E74385F 
 1328      7400
 1329              	.LASF16:
 1330 000a 63795F6D 		.ascii	"cy_metadata\000"
 1330      65746164 
 1330      61746100 
 1331              	.LASF1:
 1332 0016 756E7369 		.ascii	"unsigned char\000"
 1332      676E6564 
 1332      20636861 
 1332      7200
 1333              	.LASF17:
 1334 0024 474E5520 		.ascii	"GNU C11 5.4.1 20160609 (release) [ARM/embedded-5-br"
 1334      43313120 
 1334      352E342E 
 1334      31203230 
 1334      31363036 
 1335 0057 616E6368 		.ascii	"anch revision 237715] -mcpu=cortex-m3 -mthumb -g -O"
 1335      20726576 
 1335      6973696F 
 1335      6E203233 
 1335      37373135 
 1336 008a 67202D66 		.ascii	"g -ffunction-sections -ffat-lto-objects\000"
 1336      66756E63 
 1336      74696F6E 
 1336      2D736563 
 1336      74696F6E 
 1337              	.LASF5:
 1338 00b2 6C6F6E67 		.ascii	"long unsigned int\000"
 1338      20756E73 
 1338      69676E65 
 1338      6420696E 
ARM GAS  C:\Users\jespe\AppData\Local\Temp\ccFo9Eni.s 			page 25


 1338      7400
 1339              	.LASF3:
 1340 00c4 73686F72 		.ascii	"short unsigned int\000"
 1340      7420756E 
 1340      7369676E 
 1340      65642069 
 1340      6E7400
 1341              	.LASF13:
 1342 00d7 63795F6D 		.ascii	"cy_meta_custnvl\000"
 1342      6574615F 
 1342      63757374 
 1342      6E766C00 
 1343              	.LASF12:
 1344 00e7 63795F6D 		.ascii	"cy_meta_configecc\000"
 1344      6574615F 
 1344      636F6E66 
 1344      69676563 
 1344      6300
 1345              	.LASF8:
 1346 00f9 756E7369 		.ascii	"unsigned int\000"
 1346      676E6564 
 1346      20696E74 
 1346      00
 1347              	.LASF7:
 1348 0106 6C6F6E67 		.ascii	"long long unsigned int\000"
 1348      206C6F6E 
 1348      6720756E 
 1348      7369676E 
 1348      65642069 
 1349              	.LASF10:
 1350 011d 75696E74 		.ascii	"uint8_t\000"
 1350      385F7400 
 1351              	.LASF15:
 1352 0125 63795F6D 		.ascii	"cy_meta_flashprotect\000"
 1352      6574615F 
 1352      666C6173 
 1352      6870726F 
 1352      74656374 
 1353              	.LASF14:
 1354 013a 63795F6D 		.ascii	"cy_meta_wonvl\000"
 1354      6574615F 
 1354      776F6E76 
 1354      6C00
 1355              	.LASF11:
 1356 0148 73697A65 		.ascii	"sizetype\000"
 1356      74797065 
 1356      00
 1357              	.LASF19:
 1358 0151 433A5C55 		.ascii	"C:\\Users\\jespe\\OneDrive\\Dokumenter\\3semester\\"
 1358      73657273 
 1358      5C6A6573 
 1358      70655C4F 
 1358      6E654472 
 1359 017e 4746565C 		.ascii	"GFV\\1st opgave\\blinking led\\Workspace01\\Design0"
 1359      31737420 
 1359      6F706761 
 1359      76655C62 
ARM GAS  C:\Users\jespe\AppData\Local\Temp\ccFo9Eni.s 			page 26


 1359      6C696E6B 
 1360 01ad 312E6379 		.ascii	"1.cydsn\000"
 1360      64736E00 
 1361              	.LASF6:
 1362 01b5 6C6F6E67 		.ascii	"long long int\000"
 1362      206C6F6E 
 1362      6720696E 
 1362      7400
 1363              	.LASF2:
 1364 01c3 73686F72 		.ascii	"short int\000"
 1364      7420696E 
 1364      7400
 1365              	.LASF4:
 1366 01cd 6C6F6E67 		.ascii	"long int\000"
 1366      20696E74 
 1366      00
 1367              	.LASF0:
 1368 01d6 7369676E 		.ascii	"signed char\000"
 1368      65642063 
 1368      68617200 
 1369              	.LASF18:
 1370 01e2 47656E65 		.ascii	"Generated_Source\\PSoC5\\cymetadata.c\000"
 1370      72617465 
 1370      645F536F 
 1370      75726365 
 1370      5C50536F 
 1371              		.ident	"GCC: (GNU Tools for ARM Embedded Processors) 5.4.1 20160609 (release) [ARM/embedded-5-bran
