ARM GAS  C:\Users\jespe\AppData\Local\Temp\ccXQwkzp.s 			page 1


   1              		.syntax unified
   2              		.cpu cortex-m3
   3              		.fpu softvfp
   4              		.eabi_attribute 20, 1
   5              		.eabi_attribute 21, 1
   6              		.eabi_attribute 23, 3
   7              		.eabi_attribute 24, 1
   8              		.eabi_attribute 25, 1
   9              		.eabi_attribute 26, 1
  10              		.eabi_attribute 30, 1
  11              		.eabi_attribute 34, 1
  12              		.eabi_attribute 18, 4
  13              		.thumb
  14              		.syntax unified
  15              		.file	"main.c"
  16              		.text
  17              	.Ltext0:
  18              		.cfi_sections	.debug_frame
  19              		.section	.text.main,"ax",%progbits
  20              		.align	2
  21              		.global	main
  22              		.thumb
  23              		.thumb_func
  24              		.type	main, %function
  25              	main:
  26              	.LFB63:
  27              		.file 1 "main.c"
   1:main.c        **** /* ========================================
   2:main.c        ****  *
   3:main.c        ****  * Copyright YOUR COMPANY, THE YEAR
   4:main.c        ****  * All Rights Reserved
   5:main.c        ****  * UNPUBLISHED, LICENSED SOFTWARE.
   6:main.c        ****  *
   7:main.c        ****  * CONFIDENTIAL AND PROPRIETARY INFORMATION
   8:main.c        ****  * WHICH IS THE PROPERTY OF your company.
   9:main.c        ****  *
  10:main.c        ****  * ========================================
  11:main.c        **** */
  12:main.c        **** #include "project.h"
  13:main.c        **** #include "stepper.h"
  14:main.c        **** 
  15:main.c        **** int main(void)
  16:main.c        **** {
  28              		.loc 1 16 0
  29              		.cfi_startproc
  30              		@ Volatile: function does not return.
  31              		@ args = 0, pretend = 0, frame = 0
  32              		@ frame_needed = 0, uses_anonymous_args = 0
  33 0000 08B5     		push	{r3, lr}
  34              		.cfi_def_cfa_offset 8
  35              		.cfi_offset 3, -8
  36              		.cfi_offset 14, -4
  17:main.c        ****     CyGlobalIntEnable; /* Enable global interrupts. */
  37              		.loc 1 17 0
  38              		.syntax unified
  39              	@ 17 "main.c" 1
  40 0002 62B6     		CPSIE   i
ARM GAS  C:\Users\jespe\AppData\Local\Temp\ccXQwkzp.s 			page 2


  41              	@ 0 "" 2
  18:main.c        **** 
  19:main.c        ****     /* Place your initialization/startup code here (e.g. MyInst_Start()) */
  20:main.c        **** 
  21:main.c        ****     stepperdriver_init();
  42              		.loc 1 21 0
  43              		.thumb
  44              		.syntax unified
  45 0004 FFF7FEFF 		bl	stepperdriver_init
  46              	.LVL0:
  47              	.L2:
  22:main.c        ****     /* Replace with your application code */
  23:main.c        ****     for(;;) 
  24:main.c        ****     {
  25:main.c        **** 				
  26:main.c        **** 		
  27:main.c        ****         stepperdriver_rotateTo(0,'h');
  48              		.loc 1 27 0 discriminator 1
  49 0008 6821     		movs	r1, #104
  50 000a 0020     		movs	r0, #0
  51 000c FFF7FEFF 		bl	stepperdriver_rotateTo
  52              	.LVL1:
  28:main.c        **** 		CyDelay(2000);
  53              		.loc 1 28 0 discriminator 1
  54 0010 4FF4FA60 		mov	r0, #2000
  55 0014 FFF7FEFF 		bl	CyDelay
  56              	.LVL2:
  29:main.c        **** 		stepperdriver_rotateTo(180,'h');
  57              		.loc 1 29 0 discriminator 1
  58 0018 6821     		movs	r1, #104
  59 001a B420     		movs	r0, #180
  60 001c FFF7FEFF 		bl	stepperdriver_rotateTo
  61              	.LVL3:
  30:main.c        ****         stop();
  62              		.loc 1 30 0 discriminator 1
  63 0020 FFF7FEFF 		bl	stop
  64              	.LVL4:
  31:main.c        **** 		CyDelay(2000);
  65              		.loc 1 31 0 discriminator 1
  66 0024 4FF4FA60 		mov	r0, #2000
  67 0028 FFF7FEFF 		bl	CyDelay
  68              	.LVL5:
  32:main.c        **** 		stepperdriver_rotateTo(0,'h');
  69              		.loc 1 32 0 discriminator 1
  70 002c 6821     		movs	r1, #104
  71 002e 0020     		movs	r0, #0
  72 0030 FFF7FEFF 		bl	stepperdriver_rotateTo
  73              	.LVL6:
  33:main.c        ****         stop();
  74              		.loc 1 33 0 discriminator 1
  75 0034 FFF7FEFF 		bl	stop
  76              	.LVL7:
  34:main.c        **** 		CyDelay(2000);
  77              		.loc 1 34 0 discriminator 1
  78 0038 4FF4FA60 		mov	r0, #2000
  79 003c FFF7FEFF 		bl	CyDelay
  80              	.LVL8:
ARM GAS  C:\Users\jespe\AppData\Local\Temp\ccXQwkzp.s 			page 3


  35:main.c        **** 		stepperdriver_rotateTo(180,'h');
  81              		.loc 1 35 0 discriminator 1
  82 0040 6821     		movs	r1, #104
  83 0042 B420     		movs	r0, #180
  84 0044 FFF7FEFF 		bl	stepperdriver_rotateTo
  85              	.LVL9:
  36:main.c        ****         stop();
  86              		.loc 1 36 0 discriminator 1
  87 0048 FFF7FEFF 		bl	stop
  88              	.LVL10:
  37:main.c        **** 		CyDelay(2000);
  89              		.loc 1 37 0 discriminator 1
  90 004c 4FF4FA60 		mov	r0, #2000
  91 0050 FFF7FEFF 		bl	CyDelay
  92              	.LVL11:
  38:main.c        **** 		stepperdriver_rotateTo(0,'h');
  93              		.loc 1 38 0 discriminator 1
  94 0054 6821     		movs	r1, #104
  95 0056 0020     		movs	r0, #0
  96 0058 FFF7FEFF 		bl	stepperdriver_rotateTo
  97              	.LVL12:
  39:main.c        ****         stop();
  98              		.loc 1 39 0 discriminator 1
  99 005c FFF7FEFF 		bl	stop
 100              	.LVL13:
  40:main.c        **** 		CyDelay(2000);
 101              		.loc 1 40 0 discriminator 1
 102 0060 4FF4FA60 		mov	r0, #2000
 103 0064 FFF7FEFF 		bl	CyDelay
 104              	.LVL14:
  41:main.c        **** 		stepperdriver_rotateTo(180,'h');
 105              		.loc 1 41 0 discriminator 1
 106 0068 6821     		movs	r1, #104
 107 006a B420     		movs	r0, #180
 108 006c FFF7FEFF 		bl	stepperdriver_rotateTo
 109              	.LVL15:
  42:main.c        ****         stop();
 110              		.loc 1 42 0 discriminator 1
 111 0070 FFF7FEFF 		bl	stop
 112              	.LVL16:
  43:main.c        **** 		CyDelay(2000);
 113              		.loc 1 43 0 discriminator 1
 114 0074 4FF4FA60 		mov	r0, #2000
 115 0078 FFF7FEFF 		bl	CyDelay
 116              	.LVL17:
 117 007c C4E7     		b	.L2
 118              		.cfi_endproc
 119              	.LFE63:
 120              		.size	main, .-main
 121 007e 00BF     		.text
 122              	.Letext0:
 123              		.file 2 "c:\\program files (x86)\\cypress\\psoc creator\\4.2\\psoc creator\\import\\gnu\\arm\\5.4.
 124              		.file 3 "c:\\program files (x86)\\cypress\\psoc creator\\4.2\\psoc creator\\import\\gnu\\arm\\5.4.
 125              		.file 4 "stepper.h"
 126              		.file 5 "Generated_Source\\PSoC5/CyLib.h"
 127              		.file 6 "Generated_Source\\PSoC5/core_cm3.h"
 128              		.section	.debug_info,"",%progbits
ARM GAS  C:\Users\jespe\AppData\Local\Temp\ccXQwkzp.s 			page 4


 129              	.Ldebug_info0:
 130 0000 41020000 		.4byte	0x241
 131 0004 0400     		.2byte	0x4
 132 0006 00000000 		.4byte	.Ldebug_abbrev0
 133 000a 04       		.byte	0x4
 134 000b 01       		.uleb128 0x1
 135 000c 4D000000 		.4byte	.LASF20
 136 0010 0C       		.byte	0xc
 137 0011 41000000 		.4byte	.LASF21
 138 0015 0C010000 		.4byte	.LASF22
 139 0019 00000000 		.4byte	.Ldebug_ranges0+0
 140 001d 00000000 		.4byte	0
 141 0021 00000000 		.4byte	.Ldebug_line0
 142 0025 02       		.uleb128 0x2
 143 0026 01       		.byte	0x1
 144 0027 06       		.byte	0x6
 145 0028 9F010000 		.4byte	.LASF0
 146 002c 02       		.uleb128 0x2
 147 002d 01       		.byte	0x1
 148 002e 08       		.byte	0x8
 149 002f 53010000 		.4byte	.LASF1
 150 0033 02       		.uleb128 0x2
 151 0034 02       		.byte	0x2
 152 0035 05       		.byte	0x5
 153 0036 C7010000 		.4byte	.LASF2
 154 003a 02       		.uleb128 0x2
 155 003b 02       		.byte	0x2
 156 003c 07       		.byte	0x7
 157 003d 0E000000 		.4byte	.LASF3
 158 0041 03       		.uleb128 0x3
 159 0042 B7010000 		.4byte	.LASF9
 160 0046 02       		.byte	0x2
 161 0047 3F       		.byte	0x3f
 162 0048 4C000000 		.4byte	0x4c
 163 004c 02       		.uleb128 0x2
 164 004d 04       		.byte	0x4
 165 004e 05       		.byte	0x5
 166 004f 66010000 		.4byte	.LASF4
 167 0053 02       		.uleb128 0x2
 168 0054 04       		.byte	0x4
 169 0055 07       		.byte	0x7
 170 0056 E3000000 		.4byte	.LASF5
 171 005a 02       		.uleb128 0x2
 172 005b 08       		.byte	0x8
 173 005c 05       		.byte	0x5
 174 005d 00000000 		.4byte	.LASF6
 175 0061 02       		.uleb128 0x2
 176 0062 08       		.byte	0x8
 177 0063 07       		.byte	0x7
 178 0064 F5000000 		.4byte	.LASF7
 179 0068 04       		.uleb128 0x4
 180 0069 04       		.byte	0x4
 181 006a 05       		.byte	0x5
 182 006b 696E7400 		.ascii	"int\000"
 183 006f 02       		.uleb128 0x2
 184 0070 04       		.byte	0x4
 185 0071 07       		.byte	0x7
ARM GAS  C:\Users\jespe\AppData\Local\Temp\ccXQwkzp.s 			page 5


 186 0072 21000000 		.4byte	.LASF8
 187 0076 03       		.uleb128 0x3
 188 0077 D1010000 		.4byte	.LASF10
 189 007b 03       		.byte	0x3
 190 007c 2C       		.byte	0x2c
 191 007d 41000000 		.4byte	0x41
 192 0081 02       		.uleb128 0x2
 193 0082 04       		.byte	0x4
 194 0083 04       		.byte	0x4
 195 0084 C1010000 		.4byte	.LASF11
 196 0088 02       		.uleb128 0x2
 197 0089 08       		.byte	0x8
 198 008a 04       		.byte	0x4
 199 008b 6F010000 		.4byte	.LASF12
 200 008f 02       		.uleb128 0x2
 201 0090 01       		.byte	0x1
 202 0091 08       		.byte	0x8
 203 0092 61010000 		.4byte	.LASF13
 204 0096 02       		.uleb128 0x2
 205 0097 08       		.byte	0x8
 206 0098 04       		.byte	0x4
 207 0099 AB010000 		.4byte	.LASF14
 208 009d 02       		.uleb128 0x2
 209 009e 04       		.byte	0x4
 210 009f 07       		.byte	0x7
 211 00a0 D9010000 		.4byte	.LASF15
 212 00a4 05       		.uleb128 0x5
 213 00a5 48000000 		.4byte	.LASF23
 214 00a9 01       		.byte	0x1
 215 00aa 0F       		.byte	0xf
 216 00ab 68000000 		.4byte	0x68
 217 00af 00000000 		.4byte	.LFB63
 218 00b3 7E000000 		.4byte	.LFE63-.LFB63
 219 00b7 01       		.uleb128 0x1
 220 00b8 9C       		.byte	0x9c
 221 00b9 07020000 		.4byte	0x207
 222 00bd 06       		.uleb128 0x6
 223 00be 08000000 		.4byte	.LVL0
 224 00c2 18020000 		.4byte	0x218
 225 00c6 07       		.uleb128 0x7
 226 00c7 10000000 		.4byte	.LVL1
 227 00cb 23020000 		.4byte	0x223
 228 00cf DF000000 		.4byte	0xdf
 229 00d3 08       		.uleb128 0x8
 230 00d4 01       		.uleb128 0x1
 231 00d5 50       		.byte	0x50
 232 00d6 01       		.uleb128 0x1
 233 00d7 30       		.byte	0x30
 234 00d8 08       		.uleb128 0x8
 235 00d9 01       		.uleb128 0x1
 236 00da 51       		.byte	0x51
 237 00db 02       		.uleb128 0x2
 238 00dc 08       		.byte	0x8
 239 00dd 68       		.byte	0x68
 240 00de 00       		.byte	0
 241 00df 07       		.uleb128 0x7
 242 00e0 18000000 		.4byte	.LVL2
ARM GAS  C:\Users\jespe\AppData\Local\Temp\ccXQwkzp.s 			page 6


 243 00e4 2E020000 		.4byte	0x22e
 244 00e8 F4000000 		.4byte	0xf4
 245 00ec 08       		.uleb128 0x8
 246 00ed 01       		.uleb128 0x1
 247 00ee 50       		.byte	0x50
 248 00ef 03       		.uleb128 0x3
 249 00f0 0A       		.byte	0xa
 250 00f1 D007     		.2byte	0x7d0
 251 00f3 00       		.byte	0
 252 00f4 07       		.uleb128 0x7
 253 00f5 20000000 		.4byte	.LVL3
 254 00f9 23020000 		.4byte	0x223
 255 00fd 0E010000 		.4byte	0x10e
 256 0101 08       		.uleb128 0x8
 257 0102 01       		.uleb128 0x1
 258 0103 50       		.byte	0x50
 259 0104 02       		.uleb128 0x2
 260 0105 08       		.byte	0x8
 261 0106 B4       		.byte	0xb4
 262 0107 08       		.uleb128 0x8
 263 0108 01       		.uleb128 0x1
 264 0109 51       		.byte	0x51
 265 010a 02       		.uleb128 0x2
 266 010b 08       		.byte	0x8
 267 010c 68       		.byte	0x68
 268 010d 00       		.byte	0
 269 010e 06       		.uleb128 0x6
 270 010f 24000000 		.4byte	.LVL4
 271 0113 39020000 		.4byte	0x239
 272 0117 07       		.uleb128 0x7
 273 0118 2C000000 		.4byte	.LVL5
 274 011c 2E020000 		.4byte	0x22e
 275 0120 2C010000 		.4byte	0x12c
 276 0124 08       		.uleb128 0x8
 277 0125 01       		.uleb128 0x1
 278 0126 50       		.byte	0x50
 279 0127 03       		.uleb128 0x3
 280 0128 0A       		.byte	0xa
 281 0129 D007     		.2byte	0x7d0
 282 012b 00       		.byte	0
 283 012c 07       		.uleb128 0x7
 284 012d 34000000 		.4byte	.LVL6
 285 0131 23020000 		.4byte	0x223
 286 0135 45010000 		.4byte	0x145
 287 0139 08       		.uleb128 0x8
 288 013a 01       		.uleb128 0x1
 289 013b 50       		.byte	0x50
 290 013c 01       		.uleb128 0x1
 291 013d 30       		.byte	0x30
 292 013e 08       		.uleb128 0x8
 293 013f 01       		.uleb128 0x1
 294 0140 51       		.byte	0x51
 295 0141 02       		.uleb128 0x2
 296 0142 08       		.byte	0x8
 297 0143 68       		.byte	0x68
 298 0144 00       		.byte	0
 299 0145 06       		.uleb128 0x6
ARM GAS  C:\Users\jespe\AppData\Local\Temp\ccXQwkzp.s 			page 7


 300 0146 38000000 		.4byte	.LVL7
 301 014a 39020000 		.4byte	0x239
 302 014e 07       		.uleb128 0x7
 303 014f 40000000 		.4byte	.LVL8
 304 0153 2E020000 		.4byte	0x22e
 305 0157 63010000 		.4byte	0x163
 306 015b 08       		.uleb128 0x8
 307 015c 01       		.uleb128 0x1
 308 015d 50       		.byte	0x50
 309 015e 03       		.uleb128 0x3
 310 015f 0A       		.byte	0xa
 311 0160 D007     		.2byte	0x7d0
 312 0162 00       		.byte	0
 313 0163 07       		.uleb128 0x7
 314 0164 48000000 		.4byte	.LVL9
 315 0168 23020000 		.4byte	0x223
 316 016c 7D010000 		.4byte	0x17d
 317 0170 08       		.uleb128 0x8
 318 0171 01       		.uleb128 0x1
 319 0172 50       		.byte	0x50
 320 0173 02       		.uleb128 0x2
 321 0174 08       		.byte	0x8
 322 0175 B4       		.byte	0xb4
 323 0176 08       		.uleb128 0x8
 324 0177 01       		.uleb128 0x1
 325 0178 51       		.byte	0x51
 326 0179 02       		.uleb128 0x2
 327 017a 08       		.byte	0x8
 328 017b 68       		.byte	0x68
 329 017c 00       		.byte	0
 330 017d 06       		.uleb128 0x6
 331 017e 4C000000 		.4byte	.LVL10
 332 0182 39020000 		.4byte	0x239
 333 0186 07       		.uleb128 0x7
 334 0187 54000000 		.4byte	.LVL11
 335 018b 2E020000 		.4byte	0x22e
 336 018f 9B010000 		.4byte	0x19b
 337 0193 08       		.uleb128 0x8
 338 0194 01       		.uleb128 0x1
 339 0195 50       		.byte	0x50
 340 0196 03       		.uleb128 0x3
 341 0197 0A       		.byte	0xa
 342 0198 D007     		.2byte	0x7d0
 343 019a 00       		.byte	0
 344 019b 07       		.uleb128 0x7
 345 019c 5C000000 		.4byte	.LVL12
 346 01a0 23020000 		.4byte	0x223
 347 01a4 B4010000 		.4byte	0x1b4
 348 01a8 08       		.uleb128 0x8
 349 01a9 01       		.uleb128 0x1
 350 01aa 50       		.byte	0x50
 351 01ab 01       		.uleb128 0x1
 352 01ac 30       		.byte	0x30
 353 01ad 08       		.uleb128 0x8
 354 01ae 01       		.uleb128 0x1
 355 01af 51       		.byte	0x51
 356 01b0 02       		.uleb128 0x2
ARM GAS  C:\Users\jespe\AppData\Local\Temp\ccXQwkzp.s 			page 8


 357 01b1 08       		.byte	0x8
 358 01b2 68       		.byte	0x68
 359 01b3 00       		.byte	0
 360 01b4 06       		.uleb128 0x6
 361 01b5 60000000 		.4byte	.LVL13
 362 01b9 39020000 		.4byte	0x239
 363 01bd 07       		.uleb128 0x7
 364 01be 68000000 		.4byte	.LVL14
 365 01c2 2E020000 		.4byte	0x22e
 366 01c6 D2010000 		.4byte	0x1d2
 367 01ca 08       		.uleb128 0x8
 368 01cb 01       		.uleb128 0x1
 369 01cc 50       		.byte	0x50
 370 01cd 03       		.uleb128 0x3
 371 01ce 0A       		.byte	0xa
 372 01cf D007     		.2byte	0x7d0
 373 01d1 00       		.byte	0
 374 01d2 07       		.uleb128 0x7
 375 01d3 70000000 		.4byte	.LVL15
 376 01d7 23020000 		.4byte	0x223
 377 01db EC010000 		.4byte	0x1ec
 378 01df 08       		.uleb128 0x8
 379 01e0 01       		.uleb128 0x1
 380 01e1 50       		.byte	0x50
 381 01e2 02       		.uleb128 0x2
 382 01e3 08       		.byte	0x8
 383 01e4 B4       		.byte	0xb4
 384 01e5 08       		.uleb128 0x8
 385 01e6 01       		.uleb128 0x1
 386 01e7 51       		.byte	0x51
 387 01e8 02       		.uleb128 0x2
 388 01e9 08       		.byte	0x8
 389 01ea 68       		.byte	0x68
 390 01eb 00       		.byte	0
 391 01ec 06       		.uleb128 0x6
 392 01ed 74000000 		.4byte	.LVL16
 393 01f1 39020000 		.4byte	0x239
 394 01f5 09       		.uleb128 0x9
 395 01f6 7C000000 		.4byte	.LVL17
 396 01fa 2E020000 		.4byte	0x22e
 397 01fe 08       		.uleb128 0x8
 398 01ff 01       		.uleb128 0x1
 399 0200 50       		.byte	0x50
 400 0201 03       		.uleb128 0x3
 401 0202 0A       		.byte	0xa
 402 0203 D007     		.2byte	0x7d0
 403 0205 00       		.byte	0
 404 0206 00       		.byte	0
 405 0207 0A       		.uleb128 0xa
 406 0208 92010000 		.4byte	.LASF24
 407 020c 06       		.byte	0x6
 408 020d 1207     		.2byte	0x712
 409 020f 13020000 		.4byte	0x213
 410 0213 0B       		.uleb128 0xb
 411 0214 76000000 		.4byte	0x76
 412 0218 0C       		.uleb128 0xc
 413 0219 2E000000 		.4byte	.LASF16
ARM GAS  C:\Users\jespe\AppData\Local\Temp\ccXQwkzp.s 			page 9


 414 021d 2E000000 		.4byte	.LASF16
 415 0221 04       		.byte	0x4
 416 0222 23       		.byte	0x23
 417 0223 0C       		.uleb128 0xc
 418 0224 7B010000 		.4byte	.LASF17
 419 0228 7B010000 		.4byte	.LASF17
 420 022c 04       		.byte	0x4
 421 022d 2D       		.byte	0x2d
 422 022e 0C       		.uleb128 0xc
 423 022f DB000000 		.4byte	.LASF18
 424 0233 DB000000 		.4byte	.LASF18
 425 0237 05       		.byte	0x5
 426 0238 76       		.byte	0x76
 427 0239 0C       		.uleb128 0xc
 428 023a 76010000 		.4byte	.LASF19
 429 023e 76010000 		.4byte	.LASF19
 430 0242 04       		.byte	0x4
 431 0243 20       		.byte	0x20
 432 0244 00       		.byte	0
 433              		.section	.debug_abbrev,"",%progbits
 434              	.Ldebug_abbrev0:
 435 0000 01       		.uleb128 0x1
 436 0001 11       		.uleb128 0x11
 437 0002 01       		.byte	0x1
 438 0003 25       		.uleb128 0x25
 439 0004 0E       		.uleb128 0xe
 440 0005 13       		.uleb128 0x13
 441 0006 0B       		.uleb128 0xb
 442 0007 03       		.uleb128 0x3
 443 0008 0E       		.uleb128 0xe
 444 0009 1B       		.uleb128 0x1b
 445 000a 0E       		.uleb128 0xe
 446 000b 55       		.uleb128 0x55
 447 000c 17       		.uleb128 0x17
 448 000d 11       		.uleb128 0x11
 449 000e 01       		.uleb128 0x1
 450 000f 10       		.uleb128 0x10
 451 0010 17       		.uleb128 0x17
 452 0011 00       		.byte	0
 453 0012 00       		.byte	0
 454 0013 02       		.uleb128 0x2
 455 0014 24       		.uleb128 0x24
 456 0015 00       		.byte	0
 457 0016 0B       		.uleb128 0xb
 458 0017 0B       		.uleb128 0xb
 459 0018 3E       		.uleb128 0x3e
 460 0019 0B       		.uleb128 0xb
 461 001a 03       		.uleb128 0x3
 462 001b 0E       		.uleb128 0xe
 463 001c 00       		.byte	0
 464 001d 00       		.byte	0
 465 001e 03       		.uleb128 0x3
 466 001f 16       		.uleb128 0x16
 467 0020 00       		.byte	0
 468 0021 03       		.uleb128 0x3
 469 0022 0E       		.uleb128 0xe
 470 0023 3A       		.uleb128 0x3a
ARM GAS  C:\Users\jespe\AppData\Local\Temp\ccXQwkzp.s 			page 10


 471 0024 0B       		.uleb128 0xb
 472 0025 3B       		.uleb128 0x3b
 473 0026 0B       		.uleb128 0xb
 474 0027 49       		.uleb128 0x49
 475 0028 13       		.uleb128 0x13
 476 0029 00       		.byte	0
 477 002a 00       		.byte	0
 478 002b 04       		.uleb128 0x4
 479 002c 24       		.uleb128 0x24
 480 002d 00       		.byte	0
 481 002e 0B       		.uleb128 0xb
 482 002f 0B       		.uleb128 0xb
 483 0030 3E       		.uleb128 0x3e
 484 0031 0B       		.uleb128 0xb
 485 0032 03       		.uleb128 0x3
 486 0033 08       		.uleb128 0x8
 487 0034 00       		.byte	0
 488 0035 00       		.byte	0
 489 0036 05       		.uleb128 0x5
 490 0037 2E       		.uleb128 0x2e
 491 0038 01       		.byte	0x1
 492 0039 3F       		.uleb128 0x3f
 493 003a 19       		.uleb128 0x19
 494 003b 03       		.uleb128 0x3
 495 003c 0E       		.uleb128 0xe
 496 003d 3A       		.uleb128 0x3a
 497 003e 0B       		.uleb128 0xb
 498 003f 3B       		.uleb128 0x3b
 499 0040 0B       		.uleb128 0xb
 500 0041 27       		.uleb128 0x27
 501 0042 19       		.uleb128 0x19
 502 0043 49       		.uleb128 0x49
 503 0044 13       		.uleb128 0x13
 504 0045 8701     		.uleb128 0x87
 505 0047 19       		.uleb128 0x19
 506 0048 11       		.uleb128 0x11
 507 0049 01       		.uleb128 0x1
 508 004a 12       		.uleb128 0x12
 509 004b 06       		.uleb128 0x6
 510 004c 40       		.uleb128 0x40
 511 004d 18       		.uleb128 0x18
 512 004e 9742     		.uleb128 0x2117
 513 0050 19       		.uleb128 0x19
 514 0051 01       		.uleb128 0x1
 515 0052 13       		.uleb128 0x13
 516 0053 00       		.byte	0
 517 0054 00       		.byte	0
 518 0055 06       		.uleb128 0x6
 519 0056 898201   		.uleb128 0x4109
 520 0059 00       		.byte	0
 521 005a 11       		.uleb128 0x11
 522 005b 01       		.uleb128 0x1
 523 005c 31       		.uleb128 0x31
 524 005d 13       		.uleb128 0x13
 525 005e 00       		.byte	0
 526 005f 00       		.byte	0
 527 0060 07       		.uleb128 0x7
ARM GAS  C:\Users\jespe\AppData\Local\Temp\ccXQwkzp.s 			page 11


 528 0061 898201   		.uleb128 0x4109
 529 0064 01       		.byte	0x1
 530 0065 11       		.uleb128 0x11
 531 0066 01       		.uleb128 0x1
 532 0067 31       		.uleb128 0x31
 533 0068 13       		.uleb128 0x13
 534 0069 01       		.uleb128 0x1
 535 006a 13       		.uleb128 0x13
 536 006b 00       		.byte	0
 537 006c 00       		.byte	0
 538 006d 08       		.uleb128 0x8
 539 006e 8A8201   		.uleb128 0x410a
 540 0071 00       		.byte	0
 541 0072 02       		.uleb128 0x2
 542 0073 18       		.uleb128 0x18
 543 0074 9142     		.uleb128 0x2111
 544 0076 18       		.uleb128 0x18
 545 0077 00       		.byte	0
 546 0078 00       		.byte	0
 547 0079 09       		.uleb128 0x9
 548 007a 898201   		.uleb128 0x4109
 549 007d 01       		.byte	0x1
 550 007e 11       		.uleb128 0x11
 551 007f 01       		.uleb128 0x1
 552 0080 31       		.uleb128 0x31
 553 0081 13       		.uleb128 0x13
 554 0082 00       		.byte	0
 555 0083 00       		.byte	0
 556 0084 0A       		.uleb128 0xa
 557 0085 34       		.uleb128 0x34
 558 0086 00       		.byte	0
 559 0087 03       		.uleb128 0x3
 560 0088 0E       		.uleb128 0xe
 561 0089 3A       		.uleb128 0x3a
 562 008a 0B       		.uleb128 0xb
 563 008b 3B       		.uleb128 0x3b
 564 008c 05       		.uleb128 0x5
 565 008d 49       		.uleb128 0x49
 566 008e 13       		.uleb128 0x13
 567 008f 3F       		.uleb128 0x3f
 568 0090 19       		.uleb128 0x19
 569 0091 3C       		.uleb128 0x3c
 570 0092 19       		.uleb128 0x19
 571 0093 00       		.byte	0
 572 0094 00       		.byte	0
 573 0095 0B       		.uleb128 0xb
 574 0096 35       		.uleb128 0x35
 575 0097 00       		.byte	0
 576 0098 49       		.uleb128 0x49
 577 0099 13       		.uleb128 0x13
 578 009a 00       		.byte	0
 579 009b 00       		.byte	0
 580 009c 0C       		.uleb128 0xc
 581 009d 2E       		.uleb128 0x2e
 582 009e 00       		.byte	0
 583 009f 3F       		.uleb128 0x3f
 584 00a0 19       		.uleb128 0x19
ARM GAS  C:\Users\jespe\AppData\Local\Temp\ccXQwkzp.s 			page 12


 585 00a1 3C       		.uleb128 0x3c
 586 00a2 19       		.uleb128 0x19
 587 00a3 6E       		.uleb128 0x6e
 588 00a4 0E       		.uleb128 0xe
 589 00a5 03       		.uleb128 0x3
 590 00a6 0E       		.uleb128 0xe
 591 00a7 3A       		.uleb128 0x3a
 592 00a8 0B       		.uleb128 0xb
 593 00a9 3B       		.uleb128 0x3b
 594 00aa 0B       		.uleb128 0xb
 595 00ab 00       		.byte	0
 596 00ac 00       		.byte	0
 597 00ad 00       		.byte	0
 598              		.section	.debug_aranges,"",%progbits
 599 0000 1C000000 		.4byte	0x1c
 600 0004 0200     		.2byte	0x2
 601 0006 00000000 		.4byte	.Ldebug_info0
 602 000a 04       		.byte	0x4
 603 000b 00       		.byte	0
 604 000c 0000     		.2byte	0
 605 000e 0000     		.2byte	0
 606 0010 00000000 		.4byte	.LFB63
 607 0014 7E000000 		.4byte	.LFE63-.LFB63
 608 0018 00000000 		.4byte	0
 609 001c 00000000 		.4byte	0
 610              		.section	.debug_ranges,"",%progbits
 611              	.Ldebug_ranges0:
 612 0000 00000000 		.4byte	.LFB63
 613 0004 7E000000 		.4byte	.LFE63
 614 0008 00000000 		.4byte	0
 615 000c 00000000 		.4byte	0
 616              		.section	.debug_line,"",%progbits
 617              	.Ldebug_line0:
 618 0000 C3010000 		.section	.debug_str,"MS",%progbits,1
 618      02005701 
 618      00000201 
 618      FB0E0D00 
 618      01010101 
 619              	.LASF6:
 620 0000 6C6F6E67 		.ascii	"long long int\000"
 620      206C6F6E 
 620      6720696E 
 620      7400
 621              	.LASF3:
 622 000e 73686F72 		.ascii	"short unsigned int\000"
 622      7420756E 
 622      7369676E 
 622      65642069 
 622      6E7400
 623              	.LASF8:
 624 0021 756E7369 		.ascii	"unsigned int\000"
 624      676E6564 
 624      20696E74 
 624      00
 625              	.LASF16:
 626 002e 73746570 		.ascii	"stepperdriver_init\000"
 626      70657264 
ARM GAS  C:\Users\jespe\AppData\Local\Temp\ccXQwkzp.s 			page 13


 626      72697665 
 626      725F696E 
 626      697400
 627              	.LASF21:
 628 0041 6D61696E 		.ascii	"main.c\000"
 628      2E6300
 629              	.LASF23:
 630 0048 6D61696E 		.ascii	"main\000"
 630      00
 631              	.LASF20:
 632 004d 474E5520 		.ascii	"GNU C11 5.4.1 20160609 (release) [ARM/embedded-5-br"
 632      43313120 
 632      352E342E 
 632      31203230 
 632      31363036 
 633 0080 616E6368 		.ascii	"anch revision 237715] -mcpu=cortex-m3 -mthumb -g -O"
 633      20726576 
 633      6973696F 
 633      6E203233 
 633      37373135 
 634 00b3 67202D66 		.ascii	"g -ffunction-sections -ffat-lto-objects\000"
 634      66756E63 
 634      74696F6E 
 634      2D736563 
 634      74696F6E 
 635              	.LASF18:
 636 00db 43794465 		.ascii	"CyDelay\000"
 636      6C617900 
 637              	.LASF5:
 638 00e3 6C6F6E67 		.ascii	"long unsigned int\000"
 638      20756E73 
 638      69676E65 
 638      6420696E 
 638      7400
 639              	.LASF7:
 640 00f5 6C6F6E67 		.ascii	"long long unsigned int\000"
 640      206C6F6E 
 640      6720756E 
 640      7369676E 
 640      65642069 
 641              	.LASF22:
 642 010c 433A5C55 		.ascii	"C:\\Users\\jespe\\OneDrive\\Dokumenter\\GitHub\\B-C"
 642      73657273 
 642      5C6A6573 
 642      70655C4F 
 642      6E654472 
 643 0139 41435C73 		.ascii	"AC\\stepper\\Design01.cydsn\000"
 643      74657070 
 643      65725C44 
 643      65736967 
 643      6E30312E 
 644              	.LASF1:
 645 0153 756E7369 		.ascii	"unsigned char\000"
 645      676E6564 
 645      20636861 
 645      7200
 646              	.LASF13:
ARM GAS  C:\Users\jespe\AppData\Local\Temp\ccXQwkzp.s 			page 14


 647 0161 63686172 		.ascii	"char\000"
 647      00
 648              	.LASF4:
 649 0166 6C6F6E67 		.ascii	"long int\000"
 649      20696E74 
 649      00
 650              	.LASF12:
 651 016f 646F7562 		.ascii	"double\000"
 651      6C6500
 652              	.LASF19:
 653 0176 73746F70 		.ascii	"stop\000"
 653      00
 654              	.LASF17:
 655 017b 73746570 		.ascii	"stepperdriver_rotateTo\000"
 655      70657264 
 655      72697665 
 655      725F726F 
 655      74617465 
 656              	.LASF24:
 657 0192 49544D5F 		.ascii	"ITM_RxBuffer\000"
 657      52784275 
 657      66666572 
 657      00
 658              	.LASF0:
 659 019f 7369676E 		.ascii	"signed char\000"
 659      65642063 
 659      68617200 
 660              	.LASF14:
 661 01ab 6C6F6E67 		.ascii	"long double\000"
 661      20646F75 
 661      626C6500 
 662              	.LASF9:
 663 01b7 5F5F696E 		.ascii	"__int32_t\000"
 663      7433325F 
 663      7400
 664              	.LASF11:
 665 01c1 666C6F61 		.ascii	"float\000"
 665      7400
 666              	.LASF2:
 667 01c7 73686F72 		.ascii	"short int\000"
 667      7420696E 
 667      7400
 668              	.LASF10:
 669 01d1 696E7433 		.ascii	"int32_t\000"
 669      325F7400 
 670              	.LASF15:
 671 01d9 73697A65 		.ascii	"sizetype\000"
 671      74797065 
 671      00
 672              		.ident	"GCC: (GNU Tools for ARM Embedded Processors) 5.4.1 20160609 (release) [ARM/embedded-5-bran
